[2024-02-21T12:10:14.373+0000] {processor.py:161} INFO - Started process (PID=45) to work on /opt/airflow/dags/DAGCOMPLEXA.py
[2024-02-21T12:10:14.374+0000] {processor.py:830} INFO - Processing file /opt/airflow/dags/DAGCOMPLEXA.py for tasks to queue
[2024-02-21T12:10:14.376+0000] {logging_mixin.py:188} INFO - [2024-02-21T12:10:14.376+0000] {dagbag.py:538} INFO - Filling up the DagBag from /opt/airflow/dags/DAGCOMPLEXA.py
[2024-02-21T12:10:14.395+0000] {processor.py:840} INFO - DAG(s) 'DAGCOMPLEXA' retrieved from /opt/airflow/dags/DAGCOMPLEXA.py
[2024-02-21T12:10:14.448+0000] {logging_mixin.py:188} INFO - [2024-02-21T12:10:14.448+0000] {dag.py:3036} INFO - Sync 1 DAGs
[2024-02-21T12:10:14.460+0000] {logging_mixin.py:188} INFO - [2024-02-21T12:10:14.459+0000] {dag.py:3823} INFO - Setting next_dagrun for DAGCOMPLEXA to None, run_after=None
[2024-02-21T12:10:14.479+0000] {processor.py:183} INFO - Processing /opt/airflow/dags/DAGCOMPLEXA.py took 0.110 seconds
[2024-02-21T12:10:19.933+0000] {processor.py:161} INFO - Started process (PID=53) to work on /opt/airflow/dags/DAGCOMPLEXA.py
[2024-02-21T12:10:19.934+0000] {processor.py:830} INFO - Processing file /opt/airflow/dags/DAGCOMPLEXA.py for tasks to queue
[2024-02-21T12:10:19.936+0000] {logging_mixin.py:188} INFO - [2024-02-21T12:10:19.935+0000] {dagbag.py:538} INFO - Filling up the DagBag from /opt/airflow/dags/DAGCOMPLEXA.py
[2024-02-21T12:10:19.947+0000] {processor.py:840} INFO - DAG(s) 'DAGCOMPLEXA' retrieved from /opt/airflow/dags/DAGCOMPLEXA.py
[2024-02-21T12:10:19.986+0000] {logging_mixin.py:188} INFO - [2024-02-21T12:10:19.986+0000] {dag.py:3036} INFO - Sync 1 DAGs
[2024-02-21T12:10:20.001+0000] {logging_mixin.py:188} INFO - [2024-02-21T12:10:20.001+0000] {dag.py:3823} INFO - Setting next_dagrun for DAGCOMPLEXA to None, run_after=None
[2024-02-21T12:10:20.022+0000] {processor.py:183} INFO - Processing /opt/airflow/dags/DAGCOMPLEXA.py took 0.092 seconds
[2024-02-21T12:10:25.154+0000] {processor.py:161} INFO - Started process (PID=68) to work on /opt/airflow/dags/DAGCOMPLEXA.py
[2024-02-21T12:10:25.154+0000] {processor.py:830} INFO - Processing file /opt/airflow/dags/DAGCOMPLEXA.py for tasks to queue
[2024-02-21T12:10:25.156+0000] {logging_mixin.py:188} INFO - [2024-02-21T12:10:25.155+0000] {dagbag.py:538} INFO - Filling up the DagBag from /opt/airflow/dags/DAGCOMPLEXA.py
[2024-02-21T12:10:25.166+0000] {processor.py:840} INFO - DAG(s) 'DAGCOMPLEXA' retrieved from /opt/airflow/dags/DAGCOMPLEXA.py
[2024-02-21T12:10:25.197+0000] {logging_mixin.py:188} INFO - [2024-02-21T12:10:25.196+0000] {dag.py:3036} INFO - Sync 1 DAGs
[2024-02-21T12:10:25.211+0000] {logging_mixin.py:188} INFO - [2024-02-21T12:10:25.211+0000] {dag.py:3823} INFO - Setting next_dagrun for DAGCOMPLEXA to None, run_after=None
[2024-02-21T12:10:25.229+0000] {processor.py:183} INFO - Processing /opt/airflow/dags/DAGCOMPLEXA.py took 0.078 seconds
[2024-02-21T12:10:30.619+0000] {processor.py:161} INFO - Started process (PID=77) to work on /opt/airflow/dags/DAGCOMPLEXA.py
[2024-02-21T12:10:30.620+0000] {processor.py:830} INFO - Processing file /opt/airflow/dags/DAGCOMPLEXA.py for tasks to queue
[2024-02-21T12:10:30.621+0000] {logging_mixin.py:188} INFO - [2024-02-21T12:10:30.621+0000] {dagbag.py:538} INFO - Filling up the DagBag from /opt/airflow/dags/DAGCOMPLEXA.py
[2024-02-21T12:10:30.638+0000] {processor.py:840} INFO - DAG(s) 'DAGCOMPLEXA' retrieved from /opt/airflow/dags/DAGCOMPLEXA.py
[2024-02-21T12:10:30.670+0000] {logging_mixin.py:188} INFO - [2024-02-21T12:10:30.670+0000] {dag.py:3036} INFO - Sync 1 DAGs
[2024-02-21T12:10:30.686+0000] {logging_mixin.py:188} INFO - [2024-02-21T12:10:30.685+0000] {dag.py:3823} INFO - Setting next_dagrun for DAGCOMPLEXA to None, run_after=None
[2024-02-21T12:10:30.707+0000] {processor.py:183} INFO - Processing /opt/airflow/dags/DAGCOMPLEXA.py took 0.091 seconds
[2024-02-21T12:10:36.073+0000] {processor.py:161} INFO - Started process (PID=85) to work on /opt/airflow/dags/DAGCOMPLEXA.py
[2024-02-21T12:10:36.074+0000] {processor.py:830} INFO - Processing file /opt/airflow/dags/DAGCOMPLEXA.py for tasks to queue
[2024-02-21T12:10:36.078+0000] {logging_mixin.py:188} INFO - [2024-02-21T12:10:36.076+0000] {dagbag.py:538} INFO - Filling up the DagBag from /opt/airflow/dags/DAGCOMPLEXA.py
[2024-02-21T12:10:36.113+0000] {processor.py:840} INFO - DAG(s) 'DAGCOMPLEXA' retrieved from /opt/airflow/dags/DAGCOMPLEXA.py
[2024-02-21T12:10:36.156+0000] {logging_mixin.py:188} INFO - [2024-02-21T12:10:36.156+0000] {dag.py:3036} INFO - Sync 1 DAGs
[2024-02-21T12:10:36.166+0000] {logging_mixin.py:188} INFO - [2024-02-21T12:10:36.166+0000] {dag.py:3823} INFO - Setting next_dagrun for DAGCOMPLEXA to None, run_after=None
[2024-02-21T12:10:36.184+0000] {processor.py:183} INFO - Processing /opt/airflow/dags/DAGCOMPLEXA.py took 0.119 seconds
[2024-02-21T12:10:41.639+0000] {processor.py:161} INFO - Started process (PID=101) to work on /opt/airflow/dags/DAGCOMPLEXA.py
[2024-02-21T12:10:41.640+0000] {processor.py:830} INFO - Processing file /opt/airflow/dags/DAGCOMPLEXA.py for tasks to queue
[2024-02-21T12:10:41.642+0000] {logging_mixin.py:188} INFO - [2024-02-21T12:10:41.642+0000] {dagbag.py:538} INFO - Filling up the DagBag from /opt/airflow/dags/DAGCOMPLEXA.py
[2024-02-21T12:10:41.660+0000] {processor.py:840} INFO - DAG(s) 'DAGCOMPLEXA' retrieved from /opt/airflow/dags/DAGCOMPLEXA.py
[2024-02-21T12:10:41.706+0000] {logging_mixin.py:188} INFO - [2024-02-21T12:10:41.706+0000] {dag.py:3036} INFO - Sync 1 DAGs
[2024-02-21T12:10:41.721+0000] {logging_mixin.py:188} INFO - [2024-02-21T12:10:41.721+0000] {dag.py:3823} INFO - Setting next_dagrun for DAGCOMPLEXA to None, run_after=None
[2024-02-21T12:10:41.745+0000] {processor.py:183} INFO - Processing /opt/airflow/dags/DAGCOMPLEXA.py took 0.109 seconds
[2024-02-21T12:10:47.117+0000] {processor.py:161} INFO - Started process (PID=109) to work on /opt/airflow/dags/DAGCOMPLEXA.py
[2024-02-21T12:10:47.118+0000] {processor.py:830} INFO - Processing file /opt/airflow/dags/DAGCOMPLEXA.py for tasks to queue
[2024-02-21T12:10:47.120+0000] {logging_mixin.py:188} INFO - [2024-02-21T12:10:47.119+0000] {dagbag.py:538} INFO - Filling up the DagBag from /opt/airflow/dags/DAGCOMPLEXA.py
[2024-02-21T12:10:47.130+0000] {processor.py:840} INFO - DAG(s) 'DAGCOMPLEXA' retrieved from /opt/airflow/dags/DAGCOMPLEXA.py
[2024-02-21T12:10:47.158+0000] {logging_mixin.py:188} INFO - [2024-02-21T12:10:47.157+0000] {dag.py:3036} INFO - Sync 1 DAGs
[2024-02-21T12:10:47.169+0000] {logging_mixin.py:188} INFO - [2024-02-21T12:10:47.169+0000] {dag.py:3823} INFO - Setting next_dagrun for DAGCOMPLEXA to None, run_after=None
[2024-02-21T12:10:47.186+0000] {processor.py:183} INFO - Processing /opt/airflow/dags/DAGCOMPLEXA.py took 0.072 seconds
[2024-02-21T12:10:52.614+0000] {processor.py:161} INFO - Started process (PID=125) to work on /opt/airflow/dags/DAGCOMPLEXA.py
[2024-02-21T12:10:52.615+0000] {processor.py:830} INFO - Processing file /opt/airflow/dags/DAGCOMPLEXA.py for tasks to queue
[2024-02-21T12:10:52.617+0000] {logging_mixin.py:188} INFO - [2024-02-21T12:10:52.616+0000] {dagbag.py:538} INFO - Filling up the DagBag from /opt/airflow/dags/DAGCOMPLEXA.py
[2024-02-21T12:10:52.630+0000] {processor.py:840} INFO - DAG(s) 'DAGCOMPLEXA' retrieved from /opt/airflow/dags/DAGCOMPLEXA.py
[2024-02-21T12:10:52.663+0000] {logging_mixin.py:188} INFO - [2024-02-21T12:10:52.663+0000] {dag.py:3036} INFO - Sync 1 DAGs
[2024-02-21T12:10:52.678+0000] {logging_mixin.py:188} INFO - [2024-02-21T12:10:52.678+0000] {dag.py:3823} INFO - Setting next_dagrun for DAGCOMPLEXA to None, run_after=None
[2024-02-21T12:10:52.702+0000] {processor.py:183} INFO - Processing /opt/airflow/dags/DAGCOMPLEXA.py took 0.090 seconds
[2024-02-21T12:10:58.027+0000] {processor.py:161} INFO - Started process (PID=133) to work on /opt/airflow/dags/DAGCOMPLEXA.py
[2024-02-21T12:10:58.028+0000] {processor.py:830} INFO - Processing file /opt/airflow/dags/DAGCOMPLEXA.py for tasks to queue
[2024-02-21T12:10:58.030+0000] {logging_mixin.py:188} INFO - [2024-02-21T12:10:58.029+0000] {dagbag.py:538} INFO - Filling up the DagBag from /opt/airflow/dags/DAGCOMPLEXA.py
[2024-02-21T12:10:58.039+0000] {processor.py:840} INFO - DAG(s) 'DAGCOMPLEXA' retrieved from /opt/airflow/dags/DAGCOMPLEXA.py
[2024-02-21T12:10:58.065+0000] {logging_mixin.py:188} INFO - [2024-02-21T12:10:58.064+0000] {dag.py:3036} INFO - Sync 1 DAGs
[2024-02-21T12:10:58.074+0000] {logging_mixin.py:188} INFO - [2024-02-21T12:10:58.074+0000] {dag.py:3823} INFO - Setting next_dagrun for DAGCOMPLEXA to None, run_after=None
[2024-02-21T12:10:58.090+0000] {processor.py:183} INFO - Processing /opt/airflow/dags/DAGCOMPLEXA.py took 0.067 seconds
[2024-02-21T12:11:03.465+0000] {processor.py:161} INFO - Started process (PID=141) to work on /opt/airflow/dags/DAGCOMPLEXA.py
[2024-02-21T12:11:03.468+0000] {processor.py:830} INFO - Processing file /opt/airflow/dags/DAGCOMPLEXA.py for tasks to queue
[2024-02-21T12:11:03.471+0000] {logging_mixin.py:188} INFO - [2024-02-21T12:11:03.471+0000] {dagbag.py:538} INFO - Filling up the DagBag from /opt/airflow/dags/DAGCOMPLEXA.py
[2024-02-21T12:11:03.480+0000] {processor.py:840} INFO - DAG(s) 'DAGCOMPLEXA' retrieved from /opt/airflow/dags/DAGCOMPLEXA.py
[2024-02-21T12:11:03.506+0000] {logging_mixin.py:188} INFO - [2024-02-21T12:11:03.506+0000] {dag.py:3036} INFO - Sync 1 DAGs
[2024-02-21T12:11:03.516+0000] {logging_mixin.py:188} INFO - [2024-02-21T12:11:03.516+0000] {dag.py:3823} INFO - Setting next_dagrun for DAGCOMPLEXA to None, run_after=None
[2024-02-21T12:11:03.536+0000] {processor.py:183} INFO - Processing /opt/airflow/dags/DAGCOMPLEXA.py took 0.074 seconds
[2024-02-21T12:11:08.928+0000] {processor.py:161} INFO - Started process (PID=157) to work on /opt/airflow/dags/DAGCOMPLEXA.py
[2024-02-21T12:11:08.929+0000] {processor.py:830} INFO - Processing file /opt/airflow/dags/DAGCOMPLEXA.py for tasks to queue
[2024-02-21T12:11:08.930+0000] {logging_mixin.py:188} INFO - [2024-02-21T12:11:08.930+0000] {dagbag.py:538} INFO - Filling up the DagBag from /opt/airflow/dags/DAGCOMPLEXA.py
[2024-02-21T12:11:08.940+0000] {processor.py:840} INFO - DAG(s) 'DAGCOMPLEXA' retrieved from /opt/airflow/dags/DAGCOMPLEXA.py
[2024-02-21T12:11:08.965+0000] {logging_mixin.py:188} INFO - [2024-02-21T12:11:08.964+0000] {dag.py:3036} INFO - Sync 1 DAGs
[2024-02-21T12:11:08.975+0000] {logging_mixin.py:188} INFO - [2024-02-21T12:11:08.975+0000] {dag.py:3823} INFO - Setting next_dagrun for DAGCOMPLEXA to None, run_after=None
[2024-02-21T12:11:08.992+0000] {processor.py:183} INFO - Processing /opt/airflow/dags/DAGCOMPLEXA.py took 0.068 seconds
[2024-02-21T12:11:14.377+0000] {processor.py:161} INFO - Started process (PID=165) to work on /opt/airflow/dags/DAGCOMPLEXA.py
[2024-02-21T12:11:14.380+0000] {processor.py:830} INFO - Processing file /opt/airflow/dags/DAGCOMPLEXA.py for tasks to queue
[2024-02-21T12:11:14.382+0000] {logging_mixin.py:188} INFO - [2024-02-21T12:11:14.382+0000] {dagbag.py:538} INFO - Filling up the DagBag from /opt/airflow/dags/DAGCOMPLEXA.py
[2024-02-21T12:11:14.392+0000] {processor.py:840} INFO - DAG(s) 'DAGCOMPLEXA' retrieved from /opt/airflow/dags/DAGCOMPLEXA.py
[2024-02-21T12:11:14.418+0000] {logging_mixin.py:188} INFO - [2024-02-21T12:11:14.417+0000] {dag.py:3036} INFO - Sync 1 DAGs
[2024-02-21T12:11:14.428+0000] {logging_mixin.py:188} INFO - [2024-02-21T12:11:14.428+0000] {dag.py:3823} INFO - Setting next_dagrun for DAGCOMPLEXA to None, run_after=None
[2024-02-21T12:11:14.446+0000] {processor.py:183} INFO - Processing /opt/airflow/dags/DAGCOMPLEXA.py took 0.072 seconds
[2024-02-21T12:11:19.844+0000] {processor.py:161} INFO - Started process (PID=181) to work on /opt/airflow/dags/DAGCOMPLEXA.py
[2024-02-21T12:11:19.848+0000] {processor.py:830} INFO - Processing file /opt/airflow/dags/DAGCOMPLEXA.py for tasks to queue
[2024-02-21T12:11:19.850+0000] {logging_mixin.py:188} INFO - [2024-02-21T12:11:19.849+0000] {dagbag.py:538} INFO - Filling up the DagBag from /opt/airflow/dags/DAGCOMPLEXA.py
[2024-02-21T12:11:19.859+0000] {processor.py:840} INFO - DAG(s) 'DAGCOMPLEXA' retrieved from /opt/airflow/dags/DAGCOMPLEXA.py
[2024-02-21T12:11:19.883+0000] {logging_mixin.py:188} INFO - [2024-02-21T12:11:19.883+0000] {dag.py:3036} INFO - Sync 1 DAGs
[2024-02-21T12:11:19.893+0000] {logging_mixin.py:188} INFO - [2024-02-21T12:11:19.893+0000] {dag.py:3823} INFO - Setting next_dagrun for DAGCOMPLEXA to None, run_after=None
[2024-02-21T12:11:19.908+0000] {processor.py:183} INFO - Processing /opt/airflow/dags/DAGCOMPLEXA.py took 0.067 seconds
[2024-02-21T12:11:25.290+0000] {processor.py:161} INFO - Started process (PID=189) to work on /opt/airflow/dags/DAGCOMPLEXA.py
[2024-02-21T12:11:25.293+0000] {processor.py:830} INFO - Processing file /opt/airflow/dags/DAGCOMPLEXA.py for tasks to queue
[2024-02-21T12:11:25.295+0000] {logging_mixin.py:188} INFO - [2024-02-21T12:11:25.295+0000] {dagbag.py:538} INFO - Filling up the DagBag from /opt/airflow/dags/DAGCOMPLEXA.py
[2024-02-21T12:11:25.306+0000] {processor.py:840} INFO - DAG(s) 'DAGCOMPLEXA' retrieved from /opt/airflow/dags/DAGCOMPLEXA.py
[2024-02-21T12:11:25.332+0000] {logging_mixin.py:188} INFO - [2024-02-21T12:11:25.332+0000] {dag.py:3036} INFO - Sync 1 DAGs
[2024-02-21T12:11:25.343+0000] {logging_mixin.py:188} INFO - [2024-02-21T12:11:25.343+0000] {dag.py:3823} INFO - Setting next_dagrun for DAGCOMPLEXA to None, run_after=None
[2024-02-21T12:11:25.359+0000] {processor.py:183} INFO - Processing /opt/airflow/dags/DAGCOMPLEXA.py took 0.073 seconds
[2024-02-21T12:11:30.657+0000] {processor.py:161} INFO - Started process (PID=205) to work on /opt/airflow/dags/DAGCOMPLEXA.py
[2024-02-21T12:11:30.661+0000] {processor.py:830} INFO - Processing file /opt/airflow/dags/DAGCOMPLEXA.py for tasks to queue
[2024-02-21T12:11:30.663+0000] {logging_mixin.py:188} INFO - [2024-02-21T12:11:30.663+0000] {dagbag.py:538} INFO - Filling up the DagBag from /opt/airflow/dags/DAGCOMPLEXA.py
[2024-02-21T12:11:30.674+0000] {processor.py:840} INFO - DAG(s) 'DAGCOMPLEXA' retrieved from /opt/airflow/dags/DAGCOMPLEXA.py
[2024-02-21T12:11:30.704+0000] {logging_mixin.py:188} INFO - [2024-02-21T12:11:30.704+0000] {dag.py:3036} INFO - Sync 1 DAGs
[2024-02-21T12:11:30.717+0000] {logging_mixin.py:188} INFO - [2024-02-21T12:11:30.717+0000] {dag.py:3823} INFO - Setting next_dagrun for DAGCOMPLEXA to None, run_after=None
[2024-02-21T12:11:30.740+0000] {processor.py:183} INFO - Processing /opt/airflow/dags/DAGCOMPLEXA.py took 0.085 seconds
[2024-02-21T12:11:36.200+0000] {processor.py:161} INFO - Started process (PID=213) to work on /opt/airflow/dags/DAGCOMPLEXA.py
[2024-02-21T12:11:36.201+0000] {processor.py:830} INFO - Processing file /opt/airflow/dags/DAGCOMPLEXA.py for tasks to queue
[2024-02-21T12:11:36.203+0000] {logging_mixin.py:188} INFO - [2024-02-21T12:11:36.203+0000] {dagbag.py:538} INFO - Filling up the DagBag from /opt/airflow/dags/DAGCOMPLEXA.py
[2024-02-21T12:11:36.216+0000] {processor.py:840} INFO - DAG(s) 'DAGCOMPLEXA' retrieved from /opt/airflow/dags/DAGCOMPLEXA.py
[2024-02-21T12:11:36.241+0000] {logging_mixin.py:188} INFO - [2024-02-21T12:11:36.240+0000] {dag.py:3036} INFO - Sync 1 DAGs
[2024-02-21T12:11:36.251+0000] {logging_mixin.py:188} INFO - [2024-02-21T12:11:36.251+0000] {dag.py:3823} INFO - Setting next_dagrun for DAGCOMPLEXA to None, run_after=None
[2024-02-21T12:11:36.268+0000] {processor.py:183} INFO - Processing /opt/airflow/dags/DAGCOMPLEXA.py took 0.071 seconds
[2024-02-21T12:11:41.655+0000] {processor.py:161} INFO - Started process (PID=221) to work on /opt/airflow/dags/DAGCOMPLEXA.py
[2024-02-21T12:11:41.657+0000] {processor.py:830} INFO - Processing file /opt/airflow/dags/DAGCOMPLEXA.py for tasks to queue
[2024-02-21T12:11:41.659+0000] {logging_mixin.py:188} INFO - [2024-02-21T12:11:41.658+0000] {dagbag.py:538} INFO - Filling up the DagBag from /opt/airflow/dags/DAGCOMPLEXA.py
[2024-02-21T12:11:41.673+0000] {processor.py:840} INFO - DAG(s) 'DAGCOMPLEXA' retrieved from /opt/airflow/dags/DAGCOMPLEXA.py
[2024-02-21T12:11:41.708+0000] {logging_mixin.py:188} INFO - [2024-02-21T12:11:41.708+0000] {dag.py:3036} INFO - Sync 1 DAGs
[2024-02-21T12:11:41.722+0000] {logging_mixin.py:188} INFO - [2024-02-21T12:11:41.722+0000] {dag.py:3823} INFO - Setting next_dagrun for DAGCOMPLEXA to None, run_after=None
[2024-02-21T12:11:41.747+0000] {processor.py:183} INFO - Processing /opt/airflow/dags/DAGCOMPLEXA.py took 0.095 seconds
[2024-02-21T12:11:47.194+0000] {processor.py:161} INFO - Started process (PID=237) to work on /opt/airflow/dags/DAGCOMPLEXA.py
[2024-02-21T12:11:47.195+0000] {processor.py:830} INFO - Processing file /opt/airflow/dags/DAGCOMPLEXA.py for tasks to queue
[2024-02-21T12:11:47.197+0000] {logging_mixin.py:188} INFO - [2024-02-21T12:11:47.197+0000] {dagbag.py:538} INFO - Filling up the DagBag from /opt/airflow/dags/DAGCOMPLEXA.py
[2024-02-21T12:11:47.206+0000] {processor.py:840} INFO - DAG(s) 'DAGCOMPLEXA' retrieved from /opt/airflow/dags/DAGCOMPLEXA.py
[2024-02-21T12:11:47.232+0000] {logging_mixin.py:188} INFO - [2024-02-21T12:11:47.232+0000] {dag.py:3036} INFO - Sync 1 DAGs
[2024-02-21T12:11:47.243+0000] {logging_mixin.py:188} INFO - [2024-02-21T12:11:47.243+0000] {dag.py:3823} INFO - Setting next_dagrun for DAGCOMPLEXA to None, run_after=None
[2024-02-21T12:11:47.260+0000] {processor.py:183} INFO - Processing /opt/airflow/dags/DAGCOMPLEXA.py took 0.069 seconds
[2024-02-21T12:11:52.649+0000] {processor.py:161} INFO - Started process (PID=245) to work on /opt/airflow/dags/DAGCOMPLEXA.py
[2024-02-21T12:11:52.653+0000] {processor.py:830} INFO - Processing file /opt/airflow/dags/DAGCOMPLEXA.py for tasks to queue
[2024-02-21T12:11:52.655+0000] {logging_mixin.py:188} INFO - [2024-02-21T12:11:52.654+0000] {dagbag.py:538} INFO - Filling up the DagBag from /opt/airflow/dags/DAGCOMPLEXA.py
[2024-02-21T12:11:52.665+0000] {processor.py:840} INFO - DAG(s) 'DAGCOMPLEXA' retrieved from /opt/airflow/dags/DAGCOMPLEXA.py
[2024-02-21T12:11:52.690+0000] {logging_mixin.py:188} INFO - [2024-02-21T12:11:52.690+0000] {dag.py:3036} INFO - Sync 1 DAGs
[2024-02-21T12:11:52.699+0000] {logging_mixin.py:188} INFO - [2024-02-21T12:11:52.699+0000] {dag.py:3823} INFO - Setting next_dagrun for DAGCOMPLEXA to None, run_after=None
[2024-02-21T12:11:52.715+0000] {processor.py:183} INFO - Processing /opt/airflow/dags/DAGCOMPLEXA.py took 0.069 seconds
[2024-02-21T12:11:58.073+0000] {processor.py:161} INFO - Started process (PID=261) to work on /opt/airflow/dags/DAGCOMPLEXA.py
[2024-02-21T12:11:58.074+0000] {processor.py:830} INFO - Processing file /opt/airflow/dags/DAGCOMPLEXA.py for tasks to queue
[2024-02-21T12:11:58.080+0000] {logging_mixin.py:188} INFO - [2024-02-21T12:11:58.079+0000] {dagbag.py:538} INFO - Filling up the DagBag from /opt/airflow/dags/DAGCOMPLEXA.py
[2024-02-21T12:11:58.096+0000] {processor.py:840} INFO - DAG(s) 'DAGCOMPLEXA' retrieved from /opt/airflow/dags/DAGCOMPLEXA.py
[2024-02-21T12:11:58.137+0000] {logging_mixin.py:188} INFO - [2024-02-21T12:11:58.137+0000] {dag.py:3036} INFO - Sync 1 DAGs
[2024-02-21T12:11:58.161+0000] {logging_mixin.py:188} INFO - [2024-02-21T12:11:58.160+0000] {dag.py:3823} INFO - Setting next_dagrun for DAGCOMPLEXA to None, run_after=None
[2024-02-21T12:11:58.178+0000] {processor.py:183} INFO - Processing /opt/airflow/dags/DAGCOMPLEXA.py took 0.110 seconds
[2024-02-21T12:12:03.469+0000] {processor.py:161} INFO - Started process (PID=269) to work on /opt/airflow/dags/DAGCOMPLEXA.py
[2024-02-21T12:12:03.473+0000] {processor.py:830} INFO - Processing file /opt/airflow/dags/DAGCOMPLEXA.py for tasks to queue
[2024-02-21T12:12:03.474+0000] {logging_mixin.py:188} INFO - [2024-02-21T12:12:03.474+0000] {dagbag.py:538} INFO - Filling up the DagBag from /opt/airflow/dags/DAGCOMPLEXA.py
[2024-02-21T12:12:03.484+0000] {processor.py:840} INFO - DAG(s) 'DAGCOMPLEXA' retrieved from /opt/airflow/dags/DAGCOMPLEXA.py
[2024-02-21T12:12:03.510+0000] {logging_mixin.py:188} INFO - [2024-02-21T12:12:03.510+0000] {dag.py:3036} INFO - Sync 1 DAGs
[2024-02-21T12:12:03.521+0000] {logging_mixin.py:188} INFO - [2024-02-21T12:12:03.521+0000] {dag.py:3823} INFO - Setting next_dagrun for DAGCOMPLEXA to None, run_after=None
[2024-02-21T12:12:03.539+0000] {processor.py:183} INFO - Processing /opt/airflow/dags/DAGCOMPLEXA.py took 0.073 seconds
[2024-02-21T12:12:08.915+0000] {processor.py:161} INFO - Started process (PID=285) to work on /opt/airflow/dags/DAGCOMPLEXA.py
[2024-02-21T12:12:08.919+0000] {processor.py:830} INFO - Processing file /opt/airflow/dags/DAGCOMPLEXA.py for tasks to queue
[2024-02-21T12:12:08.921+0000] {logging_mixin.py:188} INFO - [2024-02-21T12:12:08.920+0000] {dagbag.py:538} INFO - Filling up the DagBag from /opt/airflow/dags/DAGCOMPLEXA.py
[2024-02-21T12:12:08.931+0000] {processor.py:840} INFO - DAG(s) 'DAGCOMPLEXA' retrieved from /opt/airflow/dags/DAGCOMPLEXA.py
[2024-02-21T12:12:08.957+0000] {logging_mixin.py:188} INFO - [2024-02-21T12:12:08.956+0000] {dag.py:3036} INFO - Sync 1 DAGs
[2024-02-21T12:12:08.967+0000] {logging_mixin.py:188} INFO - [2024-02-21T12:12:08.967+0000] {dag.py:3823} INFO - Setting next_dagrun for DAGCOMPLEXA to None, run_after=None
[2024-02-21T12:12:08.985+0000] {processor.py:183} INFO - Processing /opt/airflow/dags/DAGCOMPLEXA.py took 0.072 seconds
[2024-02-21T12:12:14.363+0000] {processor.py:161} INFO - Started process (PID=293) to work on /opt/airflow/dags/DAGCOMPLEXA.py
[2024-02-21T12:12:14.367+0000] {processor.py:830} INFO - Processing file /opt/airflow/dags/DAGCOMPLEXA.py for tasks to queue
[2024-02-21T12:12:14.369+0000] {logging_mixin.py:188} INFO - [2024-02-21T12:12:14.369+0000] {dagbag.py:538} INFO - Filling up the DagBag from /opt/airflow/dags/DAGCOMPLEXA.py
[2024-02-21T12:12:14.378+0000] {processor.py:840} INFO - DAG(s) 'DAGCOMPLEXA' retrieved from /opt/airflow/dags/DAGCOMPLEXA.py
[2024-02-21T12:12:14.403+0000] {logging_mixin.py:188} INFO - [2024-02-21T12:12:14.403+0000] {dag.py:3036} INFO - Sync 1 DAGs
[2024-02-21T12:12:14.414+0000] {logging_mixin.py:188} INFO - [2024-02-21T12:12:14.414+0000] {dag.py:3823} INFO - Setting next_dagrun for DAGCOMPLEXA to None, run_after=None
[2024-02-21T12:12:14.430+0000] {processor.py:183} INFO - Processing /opt/airflow/dags/DAGCOMPLEXA.py took 0.070 seconds
[2024-02-21T12:12:19.832+0000] {processor.py:161} INFO - Started process (PID=308) to work on /opt/airflow/dags/DAGCOMPLEXA.py
[2024-02-21T12:12:19.836+0000] {processor.py:830} INFO - Processing file /opt/airflow/dags/DAGCOMPLEXA.py for tasks to queue
[2024-02-21T12:12:19.838+0000] {logging_mixin.py:188} INFO - [2024-02-21T12:12:19.837+0000] {dagbag.py:538} INFO - Filling up the DagBag from /opt/airflow/dags/DAGCOMPLEXA.py
[2024-02-21T12:12:19.851+0000] {processor.py:840} INFO - DAG(s) 'DAGCOMPLEXA' retrieved from /opt/airflow/dags/DAGCOMPLEXA.py
[2024-02-21T12:12:19.886+0000] {logging_mixin.py:188} INFO - [2024-02-21T12:12:19.886+0000] {dag.py:3036} INFO - Sync 1 DAGs
[2024-02-21T12:12:19.904+0000] {logging_mixin.py:188} INFO - [2024-02-21T12:12:19.903+0000] {dag.py:3823} INFO - Setting next_dagrun for DAGCOMPLEXA to None, run_after=None
[2024-02-21T12:12:19.932+0000] {processor.py:183} INFO - Processing /opt/airflow/dags/DAGCOMPLEXA.py took 0.103 seconds
[2024-02-21T12:12:25.302+0000] {processor.py:161} INFO - Started process (PID=317) to work on /opt/airflow/dags/DAGCOMPLEXA.py
[2024-02-21T12:12:25.303+0000] {processor.py:830} INFO - Processing file /opt/airflow/dags/DAGCOMPLEXA.py for tasks to queue
[2024-02-21T12:12:25.304+0000] {logging_mixin.py:188} INFO - [2024-02-21T12:12:25.304+0000] {dagbag.py:538} INFO - Filling up the DagBag from /opt/airflow/dags/DAGCOMPLEXA.py
[2024-02-21T12:12:25.314+0000] {processor.py:840} INFO - DAG(s) 'DAGCOMPLEXA' retrieved from /opt/airflow/dags/DAGCOMPLEXA.py
[2024-02-21T12:12:25.339+0000] {logging_mixin.py:188} INFO - [2024-02-21T12:12:25.339+0000] {dag.py:3036} INFO - Sync 1 DAGs
[2024-02-21T12:12:25.349+0000] {logging_mixin.py:188} INFO - [2024-02-21T12:12:25.349+0000] {dag.py:3823} INFO - Setting next_dagrun for DAGCOMPLEXA to None, run_after=None
[2024-02-21T12:12:25.365+0000] {processor.py:183} INFO - Processing /opt/airflow/dags/DAGCOMPLEXA.py took 0.066 seconds
[2024-02-21T12:12:30.736+0000] {processor.py:161} INFO - Started process (PID=325) to work on /opt/airflow/dags/DAGCOMPLEXA.py
[2024-02-21T12:12:30.740+0000] {processor.py:830} INFO - Processing file /opt/airflow/dags/DAGCOMPLEXA.py for tasks to queue
[2024-02-21T12:12:30.741+0000] {logging_mixin.py:188} INFO - [2024-02-21T12:12:30.741+0000] {dagbag.py:538} INFO - Filling up the DagBag from /opt/airflow/dags/DAGCOMPLEXA.py
[2024-02-21T12:12:30.751+0000] {processor.py:840} INFO - DAG(s) 'DAGCOMPLEXA' retrieved from /opt/airflow/dags/DAGCOMPLEXA.py
[2024-02-21T12:12:30.774+0000] {logging_mixin.py:188} INFO - [2024-02-21T12:12:30.774+0000] {dag.py:3036} INFO - Sync 1 DAGs
[2024-02-21T12:12:30.784+0000] {logging_mixin.py:188} INFO - [2024-02-21T12:12:30.784+0000] {dag.py:3823} INFO - Setting next_dagrun for DAGCOMPLEXA to None, run_after=None
[2024-02-21T12:12:30.798+0000] {processor.py:183} INFO - Processing /opt/airflow/dags/DAGCOMPLEXA.py took 0.066 seconds
[2024-02-21T12:12:36.178+0000] {processor.py:161} INFO - Started process (PID=341) to work on /opt/airflow/dags/DAGCOMPLEXA.py
[2024-02-21T12:12:36.182+0000] {processor.py:830} INFO - Processing file /opt/airflow/dags/DAGCOMPLEXA.py for tasks to queue
[2024-02-21T12:12:36.184+0000] {logging_mixin.py:188} INFO - [2024-02-21T12:12:36.184+0000] {dagbag.py:538} INFO - Filling up the DagBag from /opt/airflow/dags/DAGCOMPLEXA.py
[2024-02-21T12:12:36.194+0000] {processor.py:840} INFO - DAG(s) 'DAGCOMPLEXA' retrieved from /opt/airflow/dags/DAGCOMPLEXA.py
[2024-02-21T12:12:36.217+0000] {logging_mixin.py:188} INFO - [2024-02-21T12:12:36.217+0000] {dag.py:3036} INFO - Sync 1 DAGs
[2024-02-21T12:12:36.227+0000] {logging_mixin.py:188} INFO - [2024-02-21T12:12:36.227+0000] {dag.py:3823} INFO - Setting next_dagrun for DAGCOMPLEXA to None, run_after=None
[2024-02-21T12:12:36.244+0000] {processor.py:183} INFO - Processing /opt/airflow/dags/DAGCOMPLEXA.py took 0.069 seconds
[2024-02-21T12:12:41.629+0000] {processor.py:161} INFO - Started process (PID=349) to work on /opt/airflow/dags/DAGCOMPLEXA.py
[2024-02-21T12:12:41.633+0000] {processor.py:830} INFO - Processing file /opt/airflow/dags/DAGCOMPLEXA.py for tasks to queue
[2024-02-21T12:12:41.634+0000] {logging_mixin.py:188} INFO - [2024-02-21T12:12:41.634+0000] {dagbag.py:538} INFO - Filling up the DagBag from /opt/airflow/dags/DAGCOMPLEXA.py
[2024-02-21T12:12:41.644+0000] {processor.py:840} INFO - DAG(s) 'DAGCOMPLEXA' retrieved from /opt/airflow/dags/DAGCOMPLEXA.py
[2024-02-21T12:12:41.668+0000] {logging_mixin.py:188} INFO - [2024-02-21T12:12:41.668+0000] {dag.py:3036} INFO - Sync 1 DAGs
[2024-02-21T12:12:41.679+0000] {logging_mixin.py:188} INFO - [2024-02-21T12:12:41.679+0000] {dag.py:3823} INFO - Setting next_dagrun for DAGCOMPLEXA to None, run_after=None
[2024-02-21T12:12:41.697+0000] {processor.py:183} INFO - Processing /opt/airflow/dags/DAGCOMPLEXA.py took 0.071 seconds
[2024-02-21T12:12:47.070+0000] {processor.py:161} INFO - Started process (PID=365) to work on /opt/airflow/dags/DAGCOMPLEXA.py
[2024-02-21T12:12:47.074+0000] {processor.py:830} INFO - Processing file /opt/airflow/dags/DAGCOMPLEXA.py for tasks to queue
[2024-02-21T12:12:47.076+0000] {logging_mixin.py:188} INFO - [2024-02-21T12:12:47.076+0000] {dagbag.py:538} INFO - Filling up the DagBag from /opt/airflow/dags/DAGCOMPLEXA.py
[2024-02-21T12:12:47.085+0000] {processor.py:840} INFO - DAG(s) 'DAGCOMPLEXA' retrieved from /opt/airflow/dags/DAGCOMPLEXA.py
[2024-02-21T12:12:47.110+0000] {logging_mixin.py:188} INFO - [2024-02-21T12:12:47.109+0000] {dag.py:3036} INFO - Sync 1 DAGs
[2024-02-21T12:12:47.120+0000] {logging_mixin.py:188} INFO - [2024-02-21T12:12:47.120+0000] {dag.py:3823} INFO - Setting next_dagrun for DAGCOMPLEXA to None, run_after=None
[2024-02-21T12:12:47.136+0000] {processor.py:183} INFO - Processing /opt/airflow/dags/DAGCOMPLEXA.py took 0.069 seconds
[2024-02-21T12:12:52.446+0000] {processor.py:161} INFO - Started process (PID=373) to work on /opt/airflow/dags/DAGCOMPLEXA.py
[2024-02-21T12:12:52.447+0000] {processor.py:830} INFO - Processing file /opt/airflow/dags/DAGCOMPLEXA.py for tasks to queue
[2024-02-21T12:12:52.449+0000] {logging_mixin.py:188} INFO - [2024-02-21T12:12:52.449+0000] {dagbag.py:538} INFO - Filling up the DagBag from /opt/airflow/dags/DAGCOMPLEXA.py
[2024-02-21T12:12:52.460+0000] {processor.py:840} INFO - DAG(s) 'DAGCOMPLEXA' retrieved from /opt/airflow/dags/DAGCOMPLEXA.py
[2024-02-21T12:12:52.488+0000] {logging_mixin.py:188} INFO - [2024-02-21T12:12:52.487+0000] {dag.py:3036} INFO - Sync 1 DAGs
[2024-02-21T12:12:52.498+0000] {logging_mixin.py:188} INFO - [2024-02-21T12:12:52.498+0000] {dag.py:3823} INFO - Setting next_dagrun for DAGCOMPLEXA to None, run_after=None
[2024-02-21T12:12:52.514+0000] {processor.py:183} INFO - Processing /opt/airflow/dags/DAGCOMPLEXA.py took 0.070 seconds
[2024-02-21T12:12:57.895+0000] {processor.py:161} INFO - Started process (PID=389) to work on /opt/airflow/dags/DAGCOMPLEXA.py
[2024-02-21T12:12:57.899+0000] {processor.py:830} INFO - Processing file /opt/airflow/dags/DAGCOMPLEXA.py for tasks to queue
[2024-02-21T12:12:57.901+0000] {logging_mixin.py:188} INFO - [2024-02-21T12:12:57.901+0000] {dagbag.py:538} INFO - Filling up the DagBag from /opt/airflow/dags/DAGCOMPLEXA.py
[2024-02-21T12:12:57.915+0000] {processor.py:840} INFO - DAG(s) 'DAGCOMPLEXA' retrieved from /opt/airflow/dags/DAGCOMPLEXA.py
[2024-02-21T12:12:57.948+0000] {logging_mixin.py:188} INFO - [2024-02-21T12:12:57.947+0000] {dag.py:3036} INFO - Sync 1 DAGs
[2024-02-21T12:12:57.961+0000] {logging_mixin.py:188} INFO - [2024-02-21T12:12:57.961+0000] {dag.py:3823} INFO - Setting next_dagrun for DAGCOMPLEXA to None, run_after=None
[2024-02-21T12:12:57.978+0000] {processor.py:183} INFO - Processing /opt/airflow/dags/DAGCOMPLEXA.py took 0.086 seconds
[2024-02-21T12:13:03.403+0000] {processor.py:161} INFO - Started process (PID=397) to work on /opt/airflow/dags/DAGCOMPLEXA.py
[2024-02-21T12:13:03.407+0000] {processor.py:830} INFO - Processing file /opt/airflow/dags/DAGCOMPLEXA.py for tasks to queue
[2024-02-21T12:13:03.409+0000] {logging_mixin.py:188} INFO - [2024-02-21T12:13:03.408+0000] {dagbag.py:538} INFO - Filling up the DagBag from /opt/airflow/dags/DAGCOMPLEXA.py
[2024-02-21T12:13:03.418+0000] {processor.py:840} INFO - DAG(s) 'DAGCOMPLEXA' retrieved from /opt/airflow/dags/DAGCOMPLEXA.py
[2024-02-21T12:13:03.443+0000] {logging_mixin.py:188} INFO - [2024-02-21T12:13:03.443+0000] {dag.py:3036} INFO - Sync 1 DAGs
[2024-02-21T12:13:03.454+0000] {logging_mixin.py:188} INFO - [2024-02-21T12:13:03.454+0000] {dag.py:3823} INFO - Setting next_dagrun for DAGCOMPLEXA to None, run_after=None
[2024-02-21T12:13:03.470+0000] {processor.py:183} INFO - Processing /opt/airflow/dags/DAGCOMPLEXA.py took 0.070 seconds
[2024-02-21T12:13:08.863+0000] {processor.py:161} INFO - Started process (PID=416) to work on /opt/airflow/dags/DAGCOMPLEXA.py
[2024-02-21T12:13:08.866+0000] {processor.py:830} INFO - Processing file /opt/airflow/dags/DAGCOMPLEXA.py for tasks to queue
[2024-02-21T12:13:08.868+0000] {logging_mixin.py:188} INFO - [2024-02-21T12:13:08.868+0000] {dagbag.py:538} INFO - Filling up the DagBag from /opt/airflow/dags/DAGCOMPLEXA.py
[2024-02-21T12:13:08.880+0000] {processor.py:840} INFO - DAG(s) 'DAGCOMPLEXA' retrieved from /opt/airflow/dags/DAGCOMPLEXA.py
[2024-02-21T12:13:08.907+0000] {logging_mixin.py:188} INFO - [2024-02-21T12:13:08.907+0000] {dag.py:3036} INFO - Sync 1 DAGs
[2024-02-21T12:13:08.918+0000] {logging_mixin.py:188} INFO - [2024-02-21T12:13:08.918+0000] {dag.py:3823} INFO - Setting next_dagrun for DAGCOMPLEXA to None, run_after=None
[2024-02-21T12:13:08.942+0000] {processor.py:183} INFO - Processing /opt/airflow/dags/DAGCOMPLEXA.py took 0.083 seconds
[2024-02-21T12:13:14.381+0000] {processor.py:161} INFO - Started process (PID=429) to work on /opt/airflow/dags/DAGCOMPLEXA.py
[2024-02-21T12:13:14.384+0000] {processor.py:830} INFO - Processing file /opt/airflow/dags/DAGCOMPLEXA.py for tasks to queue
[2024-02-21T12:13:14.386+0000] {logging_mixin.py:188} INFO - [2024-02-21T12:13:14.386+0000] {dagbag.py:538} INFO - Filling up the DagBag from /opt/airflow/dags/DAGCOMPLEXA.py
[2024-02-21T12:13:14.395+0000] {processor.py:840} INFO - DAG(s) 'DAGCOMPLEXA' retrieved from /opt/airflow/dags/DAGCOMPLEXA.py
[2024-02-21T12:13:14.420+0000] {logging_mixin.py:188} INFO - [2024-02-21T12:13:14.420+0000] {dag.py:3036} INFO - Sync 1 DAGs
[2024-02-21T12:13:14.430+0000] {logging_mixin.py:188} INFO - [2024-02-21T12:13:14.430+0000] {dag.py:3823} INFO - Setting next_dagrun for DAGCOMPLEXA to None, run_after=None
[2024-02-21T12:13:14.446+0000] {processor.py:183} INFO - Processing /opt/airflow/dags/DAGCOMPLEXA.py took 0.068 seconds
[2024-02-21T12:13:19.847+0000] {processor.py:161} INFO - Started process (PID=437) to work on /opt/airflow/dags/DAGCOMPLEXA.py
[2024-02-21T12:13:19.850+0000] {processor.py:830} INFO - Processing file /opt/airflow/dags/DAGCOMPLEXA.py for tasks to queue
[2024-02-21T12:13:19.852+0000] {logging_mixin.py:188} INFO - [2024-02-21T12:13:19.852+0000] {dagbag.py:538} INFO - Filling up the DagBag from /opt/airflow/dags/DAGCOMPLEXA.py
[2024-02-21T12:13:19.862+0000] {processor.py:840} INFO - DAG(s) 'DAGCOMPLEXA' retrieved from /opt/airflow/dags/DAGCOMPLEXA.py
[2024-02-21T12:13:19.890+0000] {logging_mixin.py:188} INFO - [2024-02-21T12:13:19.889+0000] {dag.py:3036} INFO - Sync 1 DAGs
[2024-02-21T12:13:19.900+0000] {logging_mixin.py:188} INFO - [2024-02-21T12:13:19.900+0000] {dag.py:3823} INFO - Setting next_dagrun for DAGCOMPLEXA to None, run_after=None
[2024-02-21T12:13:19.917+0000] {processor.py:183} INFO - Processing /opt/airflow/dags/DAGCOMPLEXA.py took 0.073 seconds
[2024-02-21T12:13:25.237+0000] {processor.py:161} INFO - Started process (PID=453) to work on /opt/airflow/dags/DAGCOMPLEXA.py
[2024-02-21T12:13:25.238+0000] {processor.py:830} INFO - Processing file /opt/airflow/dags/DAGCOMPLEXA.py for tasks to queue
[2024-02-21T12:13:25.241+0000] {logging_mixin.py:188} INFO - [2024-02-21T12:13:25.240+0000] {dagbag.py:538} INFO - Filling up the DagBag from /opt/airflow/dags/DAGCOMPLEXA.py
[2024-02-21T12:13:25.252+0000] {processor.py:840} INFO - DAG(s) 'DAGCOMPLEXA' retrieved from /opt/airflow/dags/DAGCOMPLEXA.py
[2024-02-21T12:13:25.287+0000] {logging_mixin.py:188} INFO - [2024-02-21T12:13:25.287+0000] {dag.py:3036} INFO - Sync 1 DAGs
[2024-02-21T12:13:25.299+0000] {logging_mixin.py:188} INFO - [2024-02-21T12:13:25.299+0000] {dag.py:3823} INFO - Setting next_dagrun for DAGCOMPLEXA to None, run_after=None
[2024-02-21T12:13:25.317+0000] {processor.py:183} INFO - Processing /opt/airflow/dags/DAGCOMPLEXA.py took 0.083 seconds
[2024-02-21T12:13:30.651+0000] {processor.py:161} INFO - Started process (PID=461) to work on /opt/airflow/dags/DAGCOMPLEXA.py
[2024-02-21T12:13:30.652+0000] {processor.py:830} INFO - Processing file /opt/airflow/dags/DAGCOMPLEXA.py for tasks to queue
[2024-02-21T12:13:30.654+0000] {logging_mixin.py:188} INFO - [2024-02-21T12:13:30.653+0000] {dagbag.py:538} INFO - Filling up the DagBag from /opt/airflow/dags/DAGCOMPLEXA.py
[2024-02-21T12:13:30.670+0000] {processor.py:840} INFO - DAG(s) 'DAGCOMPLEXA' retrieved from /opt/airflow/dags/DAGCOMPLEXA.py
[2024-02-21T12:13:30.700+0000] {logging_mixin.py:188} INFO - [2024-02-21T12:13:30.699+0000] {dag.py:3036} INFO - Sync 1 DAGs
[2024-02-21T12:13:30.712+0000] {logging_mixin.py:188} INFO - [2024-02-21T12:13:30.712+0000] {dag.py:3823} INFO - Setting next_dagrun for DAGCOMPLEXA to None, run_after=None
[2024-02-21T12:13:30.731+0000] {processor.py:183} INFO - Processing /opt/airflow/dags/DAGCOMPLEXA.py took 0.084 seconds
[2024-02-21T12:13:36.044+0000] {processor.py:161} INFO - Started process (PID=481) to work on /opt/airflow/dags/DAGCOMPLEXA.py
[2024-02-21T12:13:36.045+0000] {processor.py:830} INFO - Processing file /opt/airflow/dags/DAGCOMPLEXA.py for tasks to queue
[2024-02-21T12:13:36.047+0000] {logging_mixin.py:188} INFO - [2024-02-21T12:13:36.046+0000] {dagbag.py:538} INFO - Filling up the DagBag from /opt/airflow/dags/DAGCOMPLEXA.py
[2024-02-21T12:13:36.056+0000] {processor.py:840} INFO - DAG(s) 'DAGCOMPLEXA' retrieved from /opt/airflow/dags/DAGCOMPLEXA.py
[2024-02-21T12:13:36.082+0000] {logging_mixin.py:188} INFO - [2024-02-21T12:13:36.082+0000] {dag.py:3036} INFO - Sync 1 DAGs
[2024-02-21T12:13:36.092+0000] {logging_mixin.py:188} INFO - [2024-02-21T12:13:36.092+0000] {dag.py:3823} INFO - Setting next_dagrun for DAGCOMPLEXA to None, run_after=None
[2024-02-21T12:13:36.109+0000] {processor.py:183} INFO - Processing /opt/airflow/dags/DAGCOMPLEXA.py took 0.068 seconds
[2024-02-21T12:13:41.517+0000] {processor.py:161} INFO - Started process (PID=489) to work on /opt/airflow/dags/DAGCOMPLEXA.py
[2024-02-21T12:13:41.520+0000] {processor.py:830} INFO - Processing file /opt/airflow/dags/DAGCOMPLEXA.py for tasks to queue
[2024-02-21T12:13:41.522+0000] {logging_mixin.py:188} INFO - [2024-02-21T12:13:41.522+0000] {dagbag.py:538} INFO - Filling up the DagBag from /opt/airflow/dags/DAGCOMPLEXA.py
[2024-02-21T12:13:41.532+0000] {processor.py:840} INFO - DAG(s) 'DAGCOMPLEXA' retrieved from /opt/airflow/dags/DAGCOMPLEXA.py
[2024-02-21T12:13:41.557+0000] {logging_mixin.py:188} INFO - [2024-02-21T12:13:41.557+0000] {dag.py:3036} INFO - Sync 1 DAGs
[2024-02-21T12:13:41.567+0000] {logging_mixin.py:188} INFO - [2024-02-21T12:13:41.567+0000] {dag.py:3823} INFO - Setting next_dagrun for DAGCOMPLEXA to None, run_after=None
[2024-02-21T12:13:41.583+0000] {processor.py:183} INFO - Processing /opt/airflow/dags/DAGCOMPLEXA.py took 0.070 seconds
[2024-02-21T12:13:46.963+0000] {processor.py:161} INFO - Started process (PID=505) to work on /opt/airflow/dags/DAGCOMPLEXA.py
[2024-02-21T12:13:46.963+0000] {processor.py:830} INFO - Processing file /opt/airflow/dags/DAGCOMPLEXA.py for tasks to queue
[2024-02-21T12:13:46.965+0000] {logging_mixin.py:188} INFO - [2024-02-21T12:13:46.965+0000] {dagbag.py:538} INFO - Filling up the DagBag from /opt/airflow/dags/DAGCOMPLEXA.py
[2024-02-21T12:13:46.976+0000] {processor.py:840} INFO - DAG(s) 'DAGCOMPLEXA' retrieved from /opt/airflow/dags/DAGCOMPLEXA.py
[2024-02-21T12:13:47.003+0000] {logging_mixin.py:188} INFO - [2024-02-21T12:13:47.002+0000] {dag.py:3036} INFO - Sync 1 DAGs
[2024-02-21T12:13:47.015+0000] {logging_mixin.py:188} INFO - [2024-02-21T12:13:47.014+0000] {dag.py:3823} INFO - Setting next_dagrun for DAGCOMPLEXA to None, run_after=None
[2024-02-21T12:13:47.033+0000] {processor.py:183} INFO - Processing /opt/airflow/dags/DAGCOMPLEXA.py took 0.073 seconds
[2024-02-21T12:13:52.374+0000] {processor.py:161} INFO - Started process (PID=513) to work on /opt/airflow/dags/DAGCOMPLEXA.py
[2024-02-21T12:13:52.374+0000] {processor.py:830} INFO - Processing file /opt/airflow/dags/DAGCOMPLEXA.py for tasks to queue
[2024-02-21T12:13:52.376+0000] {logging_mixin.py:188} INFO - [2024-02-21T12:13:52.376+0000] {dagbag.py:538} INFO - Filling up the DagBag from /opt/airflow/dags/DAGCOMPLEXA.py
[2024-02-21T12:13:52.386+0000] {processor.py:840} INFO - DAG(s) 'DAGCOMPLEXA' retrieved from /opt/airflow/dags/DAGCOMPLEXA.py
[2024-02-21T12:13:52.412+0000] {logging_mixin.py:188} INFO - [2024-02-21T12:13:52.412+0000] {dag.py:3036} INFO - Sync 1 DAGs
[2024-02-21T12:13:52.422+0000] {logging_mixin.py:188} INFO - [2024-02-21T12:13:52.422+0000] {dag.py:3823} INFO - Setting next_dagrun for DAGCOMPLEXA to None, run_after=None
[2024-02-21T12:13:52.438+0000] {processor.py:183} INFO - Processing /opt/airflow/dags/DAGCOMPLEXA.py took 0.068 seconds
[2024-02-21T12:13:57.742+0000] {processor.py:161} INFO - Started process (PID=521) to work on /opt/airflow/dags/DAGCOMPLEXA.py
[2024-02-21T12:13:57.742+0000] {processor.py:830} INFO - Processing file /opt/airflow/dags/DAGCOMPLEXA.py for tasks to queue
[2024-02-21T12:13:57.744+0000] {logging_mixin.py:188} INFO - [2024-02-21T12:13:57.744+0000] {dagbag.py:538} INFO - Filling up the DagBag from /opt/airflow/dags/DAGCOMPLEXA.py
[2024-02-21T12:13:57.754+0000] {processor.py:840} INFO - DAG(s) 'DAGCOMPLEXA' retrieved from /opt/airflow/dags/DAGCOMPLEXA.py
[2024-02-21T12:13:57.781+0000] {logging_mixin.py:188} INFO - [2024-02-21T12:13:57.781+0000] {dag.py:3036} INFO - Sync 1 DAGs
[2024-02-21T12:13:57.792+0000] {logging_mixin.py:188} INFO - [2024-02-21T12:13:57.792+0000] {dag.py:3823} INFO - Setting next_dagrun for DAGCOMPLEXA to None, run_after=None
[2024-02-21T12:13:57.809+0000] {processor.py:183} INFO - Processing /opt/airflow/dags/DAGCOMPLEXA.py took 0.070 seconds
[2024-02-21T12:14:03.112+0000] {processor.py:161} INFO - Started process (PID=537) to work on /opt/airflow/dags/DAGCOMPLEXA.py
[2024-02-21T12:14:03.113+0000] {processor.py:830} INFO - Processing file /opt/airflow/dags/DAGCOMPLEXA.py for tasks to queue
[2024-02-21T12:14:03.115+0000] {logging_mixin.py:188} INFO - [2024-02-21T12:14:03.115+0000] {dagbag.py:538} INFO - Filling up the DagBag from /opt/airflow/dags/DAGCOMPLEXA.py
[2024-02-21T12:14:03.125+0000] {processor.py:840} INFO - DAG(s) 'DAGCOMPLEXA' retrieved from /opt/airflow/dags/DAGCOMPLEXA.py
[2024-02-21T12:14:03.151+0000] {logging_mixin.py:188} INFO - [2024-02-21T12:14:03.150+0000] {dag.py:3036} INFO - Sync 1 DAGs
[2024-02-21T12:14:03.161+0000] {logging_mixin.py:188} INFO - [2024-02-21T12:14:03.160+0000] {dag.py:3823} INFO - Setting next_dagrun for DAGCOMPLEXA to None, run_after=None
[2024-02-21T12:14:03.177+0000] {processor.py:183} INFO - Processing /opt/airflow/dags/DAGCOMPLEXA.py took 0.068 seconds
[2024-02-21T12:14:08.570+0000] {processor.py:161} INFO - Started process (PID=545) to work on /opt/airflow/dags/DAGCOMPLEXA.py
[2024-02-21T12:14:08.571+0000] {processor.py:830} INFO - Processing file /opt/airflow/dags/DAGCOMPLEXA.py for tasks to queue
[2024-02-21T12:14:08.573+0000] {logging_mixin.py:188} INFO - [2024-02-21T12:14:08.572+0000] {dagbag.py:538} INFO - Filling up the DagBag from /opt/airflow/dags/DAGCOMPLEXA.py
[2024-02-21T12:14:08.583+0000] {processor.py:840} INFO - DAG(s) 'DAGCOMPLEXA' retrieved from /opt/airflow/dags/DAGCOMPLEXA.py
[2024-02-21T12:14:08.609+0000] {logging_mixin.py:188} INFO - [2024-02-21T12:14:08.609+0000] {dag.py:3036} INFO - Sync 1 DAGs
[2024-02-21T12:14:08.620+0000] {logging_mixin.py:188} INFO - [2024-02-21T12:14:08.620+0000] {dag.py:3823} INFO - Setting next_dagrun for DAGCOMPLEXA to None, run_after=None
[2024-02-21T12:14:08.639+0000] {processor.py:183} INFO - Processing /opt/airflow/dags/DAGCOMPLEXA.py took 0.071 seconds
[2024-02-21T12:14:13.954+0000] {processor.py:161} INFO - Started process (PID=561) to work on /opt/airflow/dags/DAGCOMPLEXA.py
[2024-02-21T12:14:13.957+0000] {processor.py:830} INFO - Processing file /opt/airflow/dags/DAGCOMPLEXA.py for tasks to queue
[2024-02-21T12:14:13.966+0000] {logging_mixin.py:188} INFO - [2024-02-21T12:14:13.966+0000] {dagbag.py:538} INFO - Filling up the DagBag from /opt/airflow/dags/DAGCOMPLEXA.py
[2024-02-21T12:14:14.009+0000] {processor.py:840} INFO - DAG(s) 'DAGCOMPLEXA' retrieved from /opt/airflow/dags/DAGCOMPLEXA.py
[2024-02-21T12:14:14.138+0000] {logging_mixin.py:188} INFO - [2024-02-21T12:14:14.138+0000] {dag.py:3036} INFO - Sync 1 DAGs
[2024-02-21T12:14:15.476+0000] {logging_mixin.py:188} INFO - [2024-02-21T12:14:15.476+0000] {dag.py:3823} INFO - Setting next_dagrun for DAGCOMPLEXA to None, run_after=None
[2024-02-21T12:14:15.508+0000] {processor.py:183} INFO - Processing /opt/airflow/dags/DAGCOMPLEXA.py took 1.563 seconds
[2024-02-21T12:14:20.991+0000] {processor.py:161} INFO - Started process (PID=569) to work on /opt/airflow/dags/DAGCOMPLEXA.py
[2024-02-21T12:14:20.992+0000] {processor.py:830} INFO - Processing file /opt/airflow/dags/DAGCOMPLEXA.py for tasks to queue
[2024-02-21T12:14:20.995+0000] {logging_mixin.py:188} INFO - [2024-02-21T12:14:20.995+0000] {dagbag.py:538} INFO - Filling up the DagBag from /opt/airflow/dags/DAGCOMPLEXA.py
[2024-02-21T12:14:21.035+0000] {processor.py:840} INFO - DAG(s) 'DAGCOMPLEXA' retrieved from /opt/airflow/dags/DAGCOMPLEXA.py
[2024-02-21T12:14:21.084+0000] {logging_mixin.py:188} INFO - [2024-02-21T12:14:21.083+0000] {dag.py:3036} INFO - Sync 1 DAGs
[2024-02-21T12:14:21.102+0000] {logging_mixin.py:188} INFO - [2024-02-21T12:14:21.101+0000] {dag.py:3823} INFO - Setting next_dagrun for DAGCOMPLEXA to None, run_after=None
[2024-02-21T12:14:21.137+0000] {processor.py:183} INFO - Processing /opt/airflow/dags/DAGCOMPLEXA.py took 0.150 seconds
[2024-02-21T12:14:26.591+0000] {processor.py:161} INFO - Started process (PID=585) to work on /opt/airflow/dags/DAGCOMPLEXA.py
[2024-02-21T12:14:26.592+0000] {processor.py:830} INFO - Processing file /opt/airflow/dags/DAGCOMPLEXA.py for tasks to queue
[2024-02-21T12:14:26.594+0000] {logging_mixin.py:188} INFO - [2024-02-21T12:14:26.593+0000] {dagbag.py:538} INFO - Filling up the DagBag from /opt/airflow/dags/DAGCOMPLEXA.py
[2024-02-21T12:14:26.607+0000] {processor.py:840} INFO - DAG(s) 'DAGCOMPLEXA' retrieved from /opt/airflow/dags/DAGCOMPLEXA.py
[2024-02-21T12:14:26.640+0000] {logging_mixin.py:188} INFO - [2024-02-21T12:14:26.640+0000] {dag.py:3036} INFO - Sync 1 DAGs
[2024-02-21T12:14:26.664+0000] {logging_mixin.py:188} INFO - [2024-02-21T12:14:26.664+0000] {dag.py:3823} INFO - Setting next_dagrun for DAGCOMPLEXA to None, run_after=None
[2024-02-21T12:14:26.682+0000] {processor.py:183} INFO - Processing /opt/airflow/dags/DAGCOMPLEXA.py took 0.095 seconds
[2024-02-21T12:14:32.101+0000] {processor.py:161} INFO - Started process (PID=593) to work on /opt/airflow/dags/DAGCOMPLEXA.py
[2024-02-21T12:14:32.101+0000] {processor.py:830} INFO - Processing file /opt/airflow/dags/DAGCOMPLEXA.py for tasks to queue
[2024-02-21T12:14:32.103+0000] {logging_mixin.py:188} INFO - [2024-02-21T12:14:32.103+0000] {dagbag.py:538} INFO - Filling up the DagBag from /opt/airflow/dags/DAGCOMPLEXA.py
[2024-02-21T12:14:32.114+0000] {processor.py:840} INFO - DAG(s) 'DAGCOMPLEXA' retrieved from /opt/airflow/dags/DAGCOMPLEXA.py
[2024-02-21T12:14:32.142+0000] {logging_mixin.py:188} INFO - [2024-02-21T12:14:32.141+0000] {dag.py:3036} INFO - Sync 1 DAGs
[2024-02-21T12:14:32.154+0000] {logging_mixin.py:188} INFO - [2024-02-21T12:14:32.154+0000] {dag.py:3823} INFO - Setting next_dagrun for DAGCOMPLEXA to None, run_after=None
[2024-02-21T12:14:32.174+0000] {processor.py:183} INFO - Processing /opt/airflow/dags/DAGCOMPLEXA.py took 0.076 seconds
[2024-02-21T12:14:37.573+0000] {processor.py:161} INFO - Started process (PID=609) to work on /opt/airflow/dags/DAGCOMPLEXA.py
[2024-02-21T12:14:37.574+0000] {processor.py:830} INFO - Processing file /opt/airflow/dags/DAGCOMPLEXA.py for tasks to queue
[2024-02-21T12:14:37.576+0000] {logging_mixin.py:188} INFO - [2024-02-21T12:14:37.575+0000] {dagbag.py:538} INFO - Filling up the DagBag from /opt/airflow/dags/DAGCOMPLEXA.py
[2024-02-21T12:14:37.587+0000] {processor.py:840} INFO - DAG(s) 'DAGCOMPLEXA' retrieved from /opt/airflow/dags/DAGCOMPLEXA.py
[2024-02-21T12:14:37.616+0000] {logging_mixin.py:188} INFO - [2024-02-21T12:14:37.615+0000] {dag.py:3036} INFO - Sync 1 DAGs
[2024-02-21T12:14:37.628+0000] {logging_mixin.py:188} INFO - [2024-02-21T12:14:37.627+0000] {dag.py:3823} INFO - Setting next_dagrun for DAGCOMPLEXA to None, run_after=None
[2024-02-21T12:14:37.649+0000] {processor.py:183} INFO - Processing /opt/airflow/dags/DAGCOMPLEXA.py took 0.079 seconds
[2024-02-21T12:14:43.107+0000] {processor.py:161} INFO - Started process (PID=617) to work on /opt/airflow/dags/DAGCOMPLEXA.py
[2024-02-21T12:14:43.108+0000] {processor.py:830} INFO - Processing file /opt/airflow/dags/DAGCOMPLEXA.py for tasks to queue
[2024-02-21T12:14:43.110+0000] {logging_mixin.py:188} INFO - [2024-02-21T12:14:43.109+0000] {dagbag.py:538} INFO - Filling up the DagBag from /opt/airflow/dags/DAGCOMPLEXA.py
[2024-02-21T12:14:43.121+0000] {processor.py:840} INFO - DAG(s) 'DAGCOMPLEXA' retrieved from /opt/airflow/dags/DAGCOMPLEXA.py
[2024-02-21T12:14:43.148+0000] {logging_mixin.py:188} INFO - [2024-02-21T12:14:43.148+0000] {dag.py:3036} INFO - Sync 1 DAGs
[2024-02-21T12:14:43.159+0000] {logging_mixin.py:188} INFO - [2024-02-21T12:14:43.159+0000] {dag.py:3823} INFO - Setting next_dagrun for DAGCOMPLEXA to None, run_after=None
[2024-02-21T12:14:43.174+0000] {processor.py:183} INFO - Processing /opt/airflow/dags/DAGCOMPLEXA.py took 0.070 seconds
[2024-02-21T12:14:48.563+0000] {processor.py:161} INFO - Started process (PID=632) to work on /opt/airflow/dags/DAGCOMPLEXA.py
[2024-02-21T12:14:48.564+0000] {processor.py:830} INFO - Processing file /opt/airflow/dags/DAGCOMPLEXA.py for tasks to queue
[2024-02-21T12:14:48.566+0000] {logging_mixin.py:188} INFO - [2024-02-21T12:14:48.566+0000] {dagbag.py:538} INFO - Filling up the DagBag from /opt/airflow/dags/DAGCOMPLEXA.py
[2024-02-21T12:14:48.578+0000] {processor.py:840} INFO - DAG(s) 'DAGCOMPLEXA' retrieved from /opt/airflow/dags/DAGCOMPLEXA.py
[2024-02-21T12:14:48.609+0000] {logging_mixin.py:188} INFO - [2024-02-21T12:14:48.609+0000] {dag.py:3036} INFO - Sync 1 DAGs
[2024-02-21T12:14:48.624+0000] {logging_mixin.py:188} INFO - [2024-02-21T12:14:48.624+0000] {dag.py:3823} INFO - Setting next_dagrun for DAGCOMPLEXA to None, run_after=None
[2024-02-21T12:14:48.647+0000] {processor.py:183} INFO - Processing /opt/airflow/dags/DAGCOMPLEXA.py took 0.086 seconds
[2024-02-21T12:14:54.089+0000] {processor.py:161} INFO - Started process (PID=641) to work on /opt/airflow/dags/DAGCOMPLEXA.py
[2024-02-21T12:14:54.090+0000] {processor.py:830} INFO - Processing file /opt/airflow/dags/DAGCOMPLEXA.py for tasks to queue
[2024-02-21T12:14:54.093+0000] {logging_mixin.py:188} INFO - [2024-02-21T12:14:54.092+0000] {dagbag.py:538} INFO - Filling up the DagBag from /opt/airflow/dags/DAGCOMPLEXA.py
[2024-02-21T12:14:54.107+0000] {processor.py:840} INFO - DAG(s) 'DAGCOMPLEXA' retrieved from /opt/airflow/dags/DAGCOMPLEXA.py
[2024-02-21T12:14:54.136+0000] {logging_mixin.py:188} INFO - [2024-02-21T12:14:54.136+0000] {dag.py:3036} INFO - Sync 1 DAGs
[2024-02-21T12:14:54.148+0000] {logging_mixin.py:188} INFO - [2024-02-21T12:14:54.148+0000] {dag.py:3823} INFO - Setting next_dagrun for DAGCOMPLEXA to None, run_after=None
[2024-02-21T12:14:54.168+0000] {processor.py:183} INFO - Processing /opt/airflow/dags/DAGCOMPLEXA.py took 0.083 seconds
[2024-02-21T12:14:59.561+0000] {processor.py:161} INFO - Started process (PID=649) to work on /opt/airflow/dags/DAGCOMPLEXA.py
[2024-02-21T12:14:59.562+0000] {processor.py:830} INFO - Processing file /opt/airflow/dags/DAGCOMPLEXA.py for tasks to queue
[2024-02-21T12:14:59.563+0000] {logging_mixin.py:188} INFO - [2024-02-21T12:14:59.563+0000] {dagbag.py:538} INFO - Filling up the DagBag from /opt/airflow/dags/DAGCOMPLEXA.py
[2024-02-21T12:14:59.575+0000] {processor.py:840} INFO - DAG(s) 'DAGCOMPLEXA' retrieved from /opt/airflow/dags/DAGCOMPLEXA.py
[2024-02-21T12:14:59.602+0000] {logging_mixin.py:188} INFO - [2024-02-21T12:14:59.602+0000] {dag.py:3036} INFO - Sync 1 DAGs
[2024-02-21T12:14:59.613+0000] {logging_mixin.py:188} INFO - [2024-02-21T12:14:59.613+0000] {dag.py:3823} INFO - Setting next_dagrun for DAGCOMPLEXA to None, run_after=None
[2024-02-21T12:14:59.631+0000] {processor.py:183} INFO - Processing /opt/airflow/dags/DAGCOMPLEXA.py took 0.073 seconds
[2024-02-21T12:15:05.069+0000] {processor.py:161} INFO - Started process (PID=665) to work on /opt/airflow/dags/DAGCOMPLEXA.py
[2024-02-21T12:15:05.070+0000] {processor.py:830} INFO - Processing file /opt/airflow/dags/DAGCOMPLEXA.py for tasks to queue
[2024-02-21T12:15:05.071+0000] {logging_mixin.py:188} INFO - [2024-02-21T12:15:05.071+0000] {dagbag.py:538} INFO - Filling up the DagBag from /opt/airflow/dags/DAGCOMPLEXA.py
[2024-02-21T12:15:05.083+0000] {processor.py:840} INFO - DAG(s) 'DAGCOMPLEXA' retrieved from /opt/airflow/dags/DAGCOMPLEXA.py
[2024-02-21T12:15:05.115+0000] {logging_mixin.py:188} INFO - [2024-02-21T12:15:05.115+0000] {dag.py:3036} INFO - Sync 1 DAGs
[2024-02-21T12:15:05.126+0000] {logging_mixin.py:188} INFO - [2024-02-21T12:15:05.126+0000] {dag.py:3823} INFO - Setting next_dagrun for DAGCOMPLEXA to None, run_after=None
[2024-02-21T12:15:05.143+0000] {processor.py:183} INFO - Processing /opt/airflow/dags/DAGCOMPLEXA.py took 0.077 seconds
[2024-02-21T12:15:10.569+0000] {processor.py:161} INFO - Started process (PID=673) to work on /opt/airflow/dags/DAGCOMPLEXA.py
[2024-02-21T12:15:10.570+0000] {processor.py:830} INFO - Processing file /opt/airflow/dags/DAGCOMPLEXA.py for tasks to queue
[2024-02-21T12:15:10.572+0000] {logging_mixin.py:188} INFO - [2024-02-21T12:15:10.572+0000] {dagbag.py:538} INFO - Filling up the DagBag from /opt/airflow/dags/DAGCOMPLEXA.py
[2024-02-21T12:15:10.584+0000] {processor.py:840} INFO - DAG(s) 'DAGCOMPLEXA' retrieved from /opt/airflow/dags/DAGCOMPLEXA.py
[2024-02-21T12:15:10.615+0000] {logging_mixin.py:188} INFO - [2024-02-21T12:15:10.615+0000] {dag.py:3036} INFO - Sync 1 DAGs
[2024-02-21T12:15:10.627+0000] {logging_mixin.py:188} INFO - [2024-02-21T12:15:10.627+0000] {dag.py:3823} INFO - Setting next_dagrun for DAGCOMPLEXA to None, run_after=None
[2024-02-21T12:15:10.648+0000] {processor.py:183} INFO - Processing /opt/airflow/dags/DAGCOMPLEXA.py took 0.082 seconds
[2024-02-21T12:15:16.005+0000] {processor.py:161} INFO - Started process (PID=689) to work on /opt/airflow/dags/DAGCOMPLEXA.py
[2024-02-21T12:15:16.006+0000] {processor.py:830} INFO - Processing file /opt/airflow/dags/DAGCOMPLEXA.py for tasks to queue
[2024-02-21T12:15:16.008+0000] {logging_mixin.py:188} INFO - [2024-02-21T12:15:16.008+0000] {dagbag.py:538} INFO - Filling up the DagBag from /opt/airflow/dags/DAGCOMPLEXA.py
[2024-02-21T12:15:16.022+0000] {processor.py:840} INFO - DAG(s) 'DAGCOMPLEXA' retrieved from /opt/airflow/dags/DAGCOMPLEXA.py
[2024-02-21T12:15:16.047+0000] {logging_mixin.py:188} INFO - [2024-02-21T12:15:16.047+0000] {dag.py:3036} INFO - Sync 1 DAGs
[2024-02-21T12:15:16.057+0000] {logging_mixin.py:188} INFO - [2024-02-21T12:15:16.057+0000] {dag.py:3823} INFO - Setting next_dagrun for DAGCOMPLEXA to None, run_after=None
[2024-02-21T12:15:16.074+0000] {processor.py:183} INFO - Processing /opt/airflow/dags/DAGCOMPLEXA.py took 0.072 seconds
[2024-02-21T12:15:21.485+0000] {processor.py:161} INFO - Started process (PID=697) to work on /opt/airflow/dags/DAGCOMPLEXA.py
[2024-02-21T12:15:21.489+0000] {processor.py:830} INFO - Processing file /opt/airflow/dags/DAGCOMPLEXA.py for tasks to queue
[2024-02-21T12:15:21.491+0000] {logging_mixin.py:188} INFO - [2024-02-21T12:15:21.490+0000] {dagbag.py:538} INFO - Filling up the DagBag from /opt/airflow/dags/DAGCOMPLEXA.py
[2024-02-21T12:15:21.506+0000] {processor.py:840} INFO - DAG(s) 'DAGCOMPLEXA' retrieved from /opt/airflow/dags/DAGCOMPLEXA.py
[2024-02-21T12:15:21.532+0000] {logging_mixin.py:188} INFO - [2024-02-21T12:15:21.531+0000] {dag.py:3036} INFO - Sync 1 DAGs
[2024-02-21T12:15:21.542+0000] {logging_mixin.py:188} INFO - [2024-02-21T12:15:21.542+0000] {dag.py:3823} INFO - Setting next_dagrun for DAGCOMPLEXA to None, run_after=None
[2024-02-21T12:15:21.561+0000] {processor.py:183} INFO - Processing /opt/airflow/dags/DAGCOMPLEXA.py took 0.079 seconds
[2024-02-21T12:15:26.892+0000] {processor.py:161} INFO - Started process (PID=713) to work on /opt/airflow/dags/DAGCOMPLEXA.py
[2024-02-21T12:15:26.893+0000] {processor.py:830} INFO - Processing file /opt/airflow/dags/DAGCOMPLEXA.py for tasks to queue
[2024-02-21T12:15:26.894+0000] {logging_mixin.py:188} INFO - [2024-02-21T12:15:26.894+0000] {dagbag.py:538} INFO - Filling up the DagBag from /opt/airflow/dags/DAGCOMPLEXA.py
[2024-02-21T12:15:26.907+0000] {processor.py:840} INFO - DAG(s) 'DAGCOMPLEXA' retrieved from /opt/airflow/dags/DAGCOMPLEXA.py
[2024-02-21T12:15:26.937+0000] {logging_mixin.py:188} INFO - [2024-02-21T12:15:26.937+0000] {dag.py:3036} INFO - Sync 1 DAGs
[2024-02-21T12:15:26.951+0000] {logging_mixin.py:188} INFO - [2024-02-21T12:15:26.951+0000] {dag.py:3823} INFO - Setting next_dagrun for DAGCOMPLEXA to None, run_after=None
[2024-02-21T12:15:26.972+0000] {processor.py:183} INFO - Processing /opt/airflow/dags/DAGCOMPLEXA.py took 0.083 seconds
[2024-02-21T12:15:32.396+0000] {processor.py:161} INFO - Started process (PID=721) to work on /opt/airflow/dags/DAGCOMPLEXA.py
[2024-02-21T12:15:32.397+0000] {processor.py:830} INFO - Processing file /opt/airflow/dags/DAGCOMPLEXA.py for tasks to queue
[2024-02-21T12:15:32.398+0000] {logging_mixin.py:188} INFO - [2024-02-21T12:15:32.398+0000] {dagbag.py:538} INFO - Filling up the DagBag from /opt/airflow/dags/DAGCOMPLEXA.py
[2024-02-21T12:15:32.408+0000] {processor.py:840} INFO - DAG(s) 'DAGCOMPLEXA' retrieved from /opt/airflow/dags/DAGCOMPLEXA.py
[2024-02-21T12:15:32.435+0000] {logging_mixin.py:188} INFO - [2024-02-21T12:15:32.434+0000] {dag.py:3036} INFO - Sync 1 DAGs
[2024-02-21T12:15:32.445+0000] {logging_mixin.py:188} INFO - [2024-02-21T12:15:32.445+0000] {dag.py:3823} INFO - Setting next_dagrun for DAGCOMPLEXA to None, run_after=None
[2024-02-21T12:15:32.462+0000] {processor.py:183} INFO - Processing /opt/airflow/dags/DAGCOMPLEXA.py took 0.069 seconds
[2024-02-21T12:15:37.856+0000] {processor.py:161} INFO - Started process (PID=736) to work on /opt/airflow/dags/DAGCOMPLEXA.py
[2024-02-21T12:15:37.857+0000] {processor.py:830} INFO - Processing file /opt/airflow/dags/DAGCOMPLEXA.py for tasks to queue
[2024-02-21T12:15:37.858+0000] {logging_mixin.py:188} INFO - [2024-02-21T12:15:37.858+0000] {dagbag.py:538} INFO - Filling up the DagBag from /opt/airflow/dags/DAGCOMPLEXA.py
[2024-02-21T12:15:37.869+0000] {processor.py:840} INFO - DAG(s) 'DAGCOMPLEXA' retrieved from /opt/airflow/dags/DAGCOMPLEXA.py
[2024-02-21T12:15:37.895+0000] {logging_mixin.py:188} INFO - [2024-02-21T12:15:37.895+0000] {dag.py:3036} INFO - Sync 1 DAGs
[2024-02-21T12:15:37.906+0000] {logging_mixin.py:188} INFO - [2024-02-21T12:15:37.906+0000] {dag.py:3823} INFO - Setting next_dagrun for DAGCOMPLEXA to None, run_after=None
[2024-02-21T12:15:37.924+0000] {processor.py:183} INFO - Processing /opt/airflow/dags/DAGCOMPLEXA.py took 0.071 seconds
[2024-02-21T12:15:43.269+0000] {processor.py:161} INFO - Started process (PID=745) to work on /opt/airflow/dags/DAGCOMPLEXA.py
[2024-02-21T12:15:43.270+0000] {processor.py:830} INFO - Processing file /opt/airflow/dags/DAGCOMPLEXA.py for tasks to queue
[2024-02-21T12:15:43.272+0000] {logging_mixin.py:188} INFO - [2024-02-21T12:15:43.272+0000] {dagbag.py:538} INFO - Filling up the DagBag from /opt/airflow/dags/DAGCOMPLEXA.py
[2024-02-21T12:15:43.284+0000] {processor.py:840} INFO - DAG(s) 'DAGCOMPLEXA' retrieved from /opt/airflow/dags/DAGCOMPLEXA.py
[2024-02-21T12:15:43.317+0000] {logging_mixin.py:188} INFO - [2024-02-21T12:15:43.317+0000] {dag.py:3036} INFO - Sync 1 DAGs
[2024-02-21T12:15:43.331+0000] {logging_mixin.py:188} INFO - [2024-02-21T12:15:43.330+0000] {dag.py:3823} INFO - Setting next_dagrun for DAGCOMPLEXA to None, run_after=None
[2024-02-21T12:15:43.350+0000] {processor.py:183} INFO - Processing /opt/airflow/dags/DAGCOMPLEXA.py took 0.084 seconds
[2024-02-21T12:15:48.687+0000] {processor.py:161} INFO - Started process (PID=753) to work on /opt/airflow/dags/DAGCOMPLEXA.py
[2024-02-21T12:15:48.688+0000] {processor.py:830} INFO - Processing file /opt/airflow/dags/DAGCOMPLEXA.py for tasks to queue
[2024-02-21T12:15:48.690+0000] {logging_mixin.py:188} INFO - [2024-02-21T12:15:48.689+0000] {dagbag.py:538} INFO - Filling up the DagBag from /opt/airflow/dags/DAGCOMPLEXA.py
[2024-02-21T12:15:48.701+0000] {processor.py:840} INFO - DAG(s) 'DAGCOMPLEXA' retrieved from /opt/airflow/dags/DAGCOMPLEXA.py
[2024-02-21T12:15:48.728+0000] {logging_mixin.py:188} INFO - [2024-02-21T12:15:48.728+0000] {dag.py:3036} INFO - Sync 1 DAGs
[2024-02-21T12:15:48.739+0000] {logging_mixin.py:188} INFO - [2024-02-21T12:15:48.739+0000] {dag.py:3823} INFO - Setting next_dagrun for DAGCOMPLEXA to None, run_after=None
[2024-02-21T12:15:48.757+0000] {processor.py:183} INFO - Processing /opt/airflow/dags/DAGCOMPLEXA.py took 0.074 seconds
[2024-02-21T12:15:54.082+0000] {processor.py:161} INFO - Started process (PID=769) to work on /opt/airflow/dags/DAGCOMPLEXA.py
[2024-02-21T12:15:54.083+0000] {processor.py:830} INFO - Processing file /opt/airflow/dags/DAGCOMPLEXA.py for tasks to queue
[2024-02-21T12:15:54.085+0000] {logging_mixin.py:188} INFO - [2024-02-21T12:15:54.085+0000] {dagbag.py:538} INFO - Filling up the DagBag from /opt/airflow/dags/DAGCOMPLEXA.py
[2024-02-21T12:15:54.096+0000] {processor.py:840} INFO - DAG(s) 'DAGCOMPLEXA' retrieved from /opt/airflow/dags/DAGCOMPLEXA.py
[2024-02-21T12:15:54.122+0000] {logging_mixin.py:188} INFO - [2024-02-21T12:15:54.122+0000] {dag.py:3036} INFO - Sync 1 DAGs
[2024-02-21T12:15:54.133+0000] {logging_mixin.py:188} INFO - [2024-02-21T12:15:54.133+0000] {dag.py:3823} INFO - Setting next_dagrun for DAGCOMPLEXA to None, run_after=None
[2024-02-21T12:15:54.151+0000] {processor.py:183} INFO - Processing /opt/airflow/dags/DAGCOMPLEXA.py took 0.072 seconds
[2024-02-21T12:15:59.555+0000] {processor.py:161} INFO - Started process (PID=777) to work on /opt/airflow/dags/DAGCOMPLEXA.py
[2024-02-21T12:15:59.557+0000] {processor.py:830} INFO - Processing file /opt/airflow/dags/DAGCOMPLEXA.py for tasks to queue
[2024-02-21T12:15:59.558+0000] {logging_mixin.py:188} INFO - [2024-02-21T12:15:59.558+0000] {dagbag.py:538} INFO - Filling up the DagBag from /opt/airflow/dags/DAGCOMPLEXA.py
[2024-02-21T12:15:59.571+0000] {processor.py:840} INFO - DAG(s) 'DAGCOMPLEXA' retrieved from /opt/airflow/dags/DAGCOMPLEXA.py
[2024-02-21T12:15:59.602+0000] {logging_mixin.py:188} INFO - [2024-02-21T12:15:59.602+0000] {dag.py:3036} INFO - Sync 1 DAGs
[2024-02-21T12:15:59.618+0000] {logging_mixin.py:188} INFO - [2024-02-21T12:15:59.618+0000] {dag.py:3823} INFO - Setting next_dagrun for DAGCOMPLEXA to None, run_after=None
[2024-02-21T12:15:59.639+0000] {processor.py:183} INFO - Processing /opt/airflow/dags/DAGCOMPLEXA.py took 0.087 seconds
[2024-02-21T12:16:05.060+0000] {processor.py:161} INFO - Started process (PID=793) to work on /opt/airflow/dags/DAGCOMPLEXA.py
[2024-02-21T12:16:05.061+0000] {processor.py:830} INFO - Processing file /opt/airflow/dags/DAGCOMPLEXA.py for tasks to queue
[2024-02-21T12:16:05.063+0000] {logging_mixin.py:188} INFO - [2024-02-21T12:16:05.063+0000] {dagbag.py:538} INFO - Filling up the DagBag from /opt/airflow/dags/DAGCOMPLEXA.py
[2024-02-21T12:16:05.074+0000] {processor.py:840} INFO - DAG(s) 'DAGCOMPLEXA' retrieved from /opt/airflow/dags/DAGCOMPLEXA.py
[2024-02-21T12:16:05.102+0000] {logging_mixin.py:188} INFO - [2024-02-21T12:16:05.101+0000] {dag.py:3036} INFO - Sync 1 DAGs
[2024-02-21T12:16:05.113+0000] {logging_mixin.py:188} INFO - [2024-02-21T12:16:05.113+0000] {dag.py:3823} INFO - Setting next_dagrun for DAGCOMPLEXA to None, run_after=None
[2024-02-21T12:16:05.128+0000] {processor.py:183} INFO - Processing /opt/airflow/dags/DAGCOMPLEXA.py took 0.070 seconds
[2024-02-21T12:16:10.575+0000] {processor.py:161} INFO - Started process (PID=801) to work on /opt/airflow/dags/DAGCOMPLEXA.py
[2024-02-21T12:16:10.576+0000] {processor.py:830} INFO - Processing file /opt/airflow/dags/DAGCOMPLEXA.py for tasks to queue
[2024-02-21T12:16:10.578+0000] {logging_mixin.py:188} INFO - [2024-02-21T12:16:10.578+0000] {dagbag.py:538} INFO - Filling up the DagBag from /opt/airflow/dags/DAGCOMPLEXA.py
[2024-02-21T12:16:10.588+0000] {processor.py:840} INFO - DAG(s) 'DAGCOMPLEXA' retrieved from /opt/airflow/dags/DAGCOMPLEXA.py
[2024-02-21T12:16:10.616+0000] {logging_mixin.py:188} INFO - [2024-02-21T12:16:10.616+0000] {dag.py:3036} INFO - Sync 1 DAGs
[2024-02-21T12:16:10.627+0000] {logging_mixin.py:188} INFO - [2024-02-21T12:16:10.626+0000] {dag.py:3823} INFO - Setting next_dagrun for DAGCOMPLEXA to None, run_after=None
[2024-02-21T12:16:10.649+0000] {processor.py:183} INFO - Processing /opt/airflow/dags/DAGCOMPLEXA.py took 0.077 seconds
[2024-02-21T12:16:16.101+0000] {processor.py:161} INFO - Started process (PID=817) to work on /opt/airflow/dags/DAGCOMPLEXA.py
[2024-02-21T12:16:16.102+0000] {processor.py:830} INFO - Processing file /opt/airflow/dags/DAGCOMPLEXA.py for tasks to queue
[2024-02-21T12:16:16.104+0000] {logging_mixin.py:188} INFO - [2024-02-21T12:16:16.104+0000] {dagbag.py:538} INFO - Filling up the DagBag from /opt/airflow/dags/DAGCOMPLEXA.py
[2024-02-21T12:16:16.117+0000] {processor.py:840} INFO - DAG(s) 'DAGCOMPLEXA' retrieved from /opt/airflow/dags/DAGCOMPLEXA.py
[2024-02-21T12:16:16.151+0000] {logging_mixin.py:188} INFO - [2024-02-21T12:16:16.151+0000] {dag.py:3036} INFO - Sync 1 DAGs
[2024-02-21T12:16:16.164+0000] {logging_mixin.py:188} INFO - [2024-02-21T12:16:16.164+0000] {dag.py:3823} INFO - Setting next_dagrun for DAGCOMPLEXA to None, run_after=None
[2024-02-21T12:16:16.182+0000] {processor.py:183} INFO - Processing /opt/airflow/dags/DAGCOMPLEXA.py took 0.084 seconds
[2024-02-21T12:16:21.542+0000] {processor.py:161} INFO - Started process (PID=825) to work on /opt/airflow/dags/DAGCOMPLEXA.py
[2024-02-21T12:16:21.543+0000] {processor.py:830} INFO - Processing file /opt/airflow/dags/DAGCOMPLEXA.py for tasks to queue
[2024-02-21T12:16:21.546+0000] {logging_mixin.py:188} INFO - [2024-02-21T12:16:21.545+0000] {dagbag.py:538} INFO - Filling up the DagBag from /opt/airflow/dags/DAGCOMPLEXA.py
[2024-02-21T12:16:21.558+0000] {processor.py:840} INFO - DAG(s) 'DAGCOMPLEXA' retrieved from /opt/airflow/dags/DAGCOMPLEXA.py
[2024-02-21T12:16:21.585+0000] {logging_mixin.py:188} INFO - [2024-02-21T12:16:21.584+0000] {dag.py:3036} INFO - Sync 1 DAGs
[2024-02-21T12:16:21.596+0000] {logging_mixin.py:188} INFO - [2024-02-21T12:16:21.596+0000] {dag.py:3823} INFO - Setting next_dagrun for DAGCOMPLEXA to None, run_after=None
[2024-02-21T12:16:21.614+0000] {processor.py:183} INFO - Processing /opt/airflow/dags/DAGCOMPLEXA.py took 0.074 seconds
[2024-02-21T12:16:27.020+0000] {processor.py:161} INFO - Started process (PID=833) to work on /opt/airflow/dags/DAGCOMPLEXA.py
[2024-02-21T12:16:27.021+0000] {processor.py:830} INFO - Processing file /opt/airflow/dags/DAGCOMPLEXA.py for tasks to queue
[2024-02-21T12:16:27.023+0000] {logging_mixin.py:188} INFO - [2024-02-21T12:16:27.022+0000] {dagbag.py:538} INFO - Filling up the DagBag from /opt/airflow/dags/DAGCOMPLEXA.py
[2024-02-21T12:16:27.033+0000] {processor.py:840} INFO - DAG(s) 'DAGCOMPLEXA' retrieved from /opt/airflow/dags/DAGCOMPLEXA.py
[2024-02-21T12:16:27.059+0000] {logging_mixin.py:188} INFO - [2024-02-21T12:16:27.058+0000] {dag.py:3036} INFO - Sync 1 DAGs
[2024-02-21T12:16:27.070+0000] {logging_mixin.py:188} INFO - [2024-02-21T12:16:27.070+0000] {dag.py:3823} INFO - Setting next_dagrun for DAGCOMPLEXA to None, run_after=None
[2024-02-21T12:16:27.086+0000] {processor.py:183} INFO - Processing /opt/airflow/dags/DAGCOMPLEXA.py took 0.069 seconds
[2024-02-21T12:16:32.482+0000] {processor.py:161} INFO - Started process (PID=849) to work on /opt/airflow/dags/DAGCOMPLEXA.py
[2024-02-21T12:16:32.483+0000] {processor.py:830} INFO - Processing file /opt/airflow/dags/DAGCOMPLEXA.py for tasks to queue
[2024-02-21T12:16:32.485+0000] {logging_mixin.py:188} INFO - [2024-02-21T12:16:32.484+0000] {dagbag.py:538} INFO - Filling up the DagBag from /opt/airflow/dags/DAGCOMPLEXA.py
[2024-02-21T12:16:32.498+0000] {processor.py:840} INFO - DAG(s) 'DAGCOMPLEXA' retrieved from /opt/airflow/dags/DAGCOMPLEXA.py
[2024-02-21T12:16:32.530+0000] {logging_mixin.py:188} INFO - [2024-02-21T12:16:32.530+0000] {dag.py:3036} INFO - Sync 1 DAGs
[2024-02-21T12:16:32.540+0000] {logging_mixin.py:188} INFO - [2024-02-21T12:16:32.540+0000] {dag.py:3823} INFO - Setting next_dagrun for DAGCOMPLEXA to None, run_after=None
[2024-02-21T12:16:32.556+0000] {processor.py:183} INFO - Processing /opt/airflow/dags/DAGCOMPLEXA.py took 0.077 seconds
[2024-02-21T12:16:37.958+0000] {processor.py:161} INFO - Started process (PID=857) to work on /opt/airflow/dags/DAGCOMPLEXA.py
[2024-02-21T12:16:37.958+0000] {processor.py:830} INFO - Processing file /opt/airflow/dags/DAGCOMPLEXA.py for tasks to queue
[2024-02-21T12:16:37.960+0000] {logging_mixin.py:188} INFO - [2024-02-21T12:16:37.960+0000] {dagbag.py:538} INFO - Filling up the DagBag from /opt/airflow/dags/DAGCOMPLEXA.py
[2024-02-21T12:16:37.971+0000] {processor.py:840} INFO - DAG(s) 'DAGCOMPLEXA' retrieved from /opt/airflow/dags/DAGCOMPLEXA.py
[2024-02-21T12:16:37.997+0000] {logging_mixin.py:188} INFO - [2024-02-21T12:16:37.997+0000] {dag.py:3036} INFO - Sync 1 DAGs
[2024-02-21T12:16:38.009+0000] {logging_mixin.py:188} INFO - [2024-02-21T12:16:38.008+0000] {dag.py:3823} INFO - Setting next_dagrun for DAGCOMPLEXA to None, run_after=None
[2024-02-21T12:16:38.025+0000] {processor.py:183} INFO - Processing /opt/airflow/dags/DAGCOMPLEXA.py took 0.070 seconds
[2024-02-21T12:16:43.433+0000] {processor.py:161} INFO - Started process (PID=873) to work on /opt/airflow/dags/DAGCOMPLEXA.py
[2024-02-21T12:16:43.434+0000] {processor.py:830} INFO - Processing file /opt/airflow/dags/DAGCOMPLEXA.py for tasks to queue
[2024-02-21T12:16:43.435+0000] {logging_mixin.py:188} INFO - [2024-02-21T12:16:43.435+0000] {dagbag.py:538} INFO - Filling up the DagBag from /opt/airflow/dags/DAGCOMPLEXA.py
[2024-02-21T12:16:43.449+0000] {processor.py:840} INFO - DAG(s) 'DAGCOMPLEXA' retrieved from /opt/airflow/dags/DAGCOMPLEXA.py
[2024-02-21T12:16:43.476+0000] {logging_mixin.py:188} INFO - [2024-02-21T12:16:43.475+0000] {dag.py:3036} INFO - Sync 1 DAGs
[2024-02-21T12:16:43.486+0000] {logging_mixin.py:188} INFO - [2024-02-21T12:16:43.486+0000] {dag.py:3823} INFO - Setting next_dagrun for DAGCOMPLEXA to None, run_after=None
[2024-02-21T12:16:43.503+0000] {processor.py:183} INFO - Processing /opt/airflow/dags/DAGCOMPLEXA.py took 0.073 seconds
[2024-02-21T12:16:48.914+0000] {processor.py:161} INFO - Started process (PID=881) to work on /opt/airflow/dags/DAGCOMPLEXA.py
[2024-02-21T12:16:48.915+0000] {processor.py:830} INFO - Processing file /opt/airflow/dags/DAGCOMPLEXA.py for tasks to queue
[2024-02-21T12:16:48.916+0000] {logging_mixin.py:188} INFO - [2024-02-21T12:16:48.916+0000] {dagbag.py:538} INFO - Filling up the DagBag from /opt/airflow/dags/DAGCOMPLEXA.py
[2024-02-21T12:16:48.928+0000] {processor.py:840} INFO - DAG(s) 'DAGCOMPLEXA' retrieved from /opt/airflow/dags/DAGCOMPLEXA.py
[2024-02-21T12:16:48.954+0000] {logging_mixin.py:188} INFO - [2024-02-21T12:16:48.954+0000] {dag.py:3036} INFO - Sync 1 DAGs
[2024-02-21T12:16:48.966+0000] {logging_mixin.py:188} INFO - [2024-02-21T12:16:48.966+0000] {dag.py:3823} INFO - Setting next_dagrun for DAGCOMPLEXA to None, run_after=None
[2024-02-21T12:16:48.982+0000] {processor.py:183} INFO - Processing /opt/airflow/dags/DAGCOMPLEXA.py took 0.072 seconds
[2024-02-21T12:16:54.383+0000] {processor.py:161} INFO - Started process (PID=897) to work on /opt/airflow/dags/DAGCOMPLEXA.py
[2024-02-21T12:16:54.384+0000] {processor.py:830} INFO - Processing file /opt/airflow/dags/DAGCOMPLEXA.py for tasks to queue
[2024-02-21T12:16:54.386+0000] {logging_mixin.py:188} INFO - [2024-02-21T12:16:54.386+0000] {dagbag.py:538} INFO - Filling up the DagBag from /opt/airflow/dags/DAGCOMPLEXA.py
[2024-02-21T12:16:54.398+0000] {processor.py:840} INFO - DAG(s) 'DAGCOMPLEXA' retrieved from /opt/airflow/dags/DAGCOMPLEXA.py
[2024-02-21T12:16:54.429+0000] {logging_mixin.py:188} INFO - [2024-02-21T12:16:54.429+0000] {dag.py:3036} INFO - Sync 1 DAGs
[2024-02-21T12:16:54.443+0000] {logging_mixin.py:188} INFO - [2024-02-21T12:16:54.443+0000] {dag.py:3823} INFO - Setting next_dagrun for DAGCOMPLEXA to None, run_after=None
[2024-02-21T12:16:54.466+0000] {processor.py:183} INFO - Processing /opt/airflow/dags/DAGCOMPLEXA.py took 0.086 seconds
[2024-02-21T12:16:59.858+0000] {processor.py:161} INFO - Started process (PID=905) to work on /opt/airflow/dags/DAGCOMPLEXA.py
[2024-02-21T12:16:59.859+0000] {processor.py:830} INFO - Processing file /opt/airflow/dags/DAGCOMPLEXA.py for tasks to queue
[2024-02-21T12:16:59.861+0000] {logging_mixin.py:188} INFO - [2024-02-21T12:16:59.860+0000] {dagbag.py:538} INFO - Filling up the DagBag from /opt/airflow/dags/DAGCOMPLEXA.py
[2024-02-21T12:16:59.871+0000] {processor.py:840} INFO - DAG(s) 'DAGCOMPLEXA' retrieved from /opt/airflow/dags/DAGCOMPLEXA.py
[2024-02-21T12:16:59.898+0000] {logging_mixin.py:188} INFO - [2024-02-21T12:16:59.898+0000] {dag.py:3036} INFO - Sync 1 DAGs
[2024-02-21T12:16:59.910+0000] {logging_mixin.py:188} INFO - [2024-02-21T12:16:59.910+0000] {dag.py:3823} INFO - Setting next_dagrun for DAGCOMPLEXA to None, run_after=None
[2024-02-21T12:16:59.930+0000] {processor.py:183} INFO - Processing /opt/airflow/dags/DAGCOMPLEXA.py took 0.075 seconds
[2024-02-21T12:17:05.296+0000] {processor.py:161} INFO - Started process (PID=921) to work on /opt/airflow/dags/DAGCOMPLEXA.py
[2024-02-21T12:17:05.297+0000] {processor.py:830} INFO - Processing file /opt/airflow/dags/DAGCOMPLEXA.py for tasks to queue
[2024-02-21T12:17:05.299+0000] {logging_mixin.py:188} INFO - [2024-02-21T12:17:05.298+0000] {dagbag.py:538} INFO - Filling up the DagBag from /opt/airflow/dags/DAGCOMPLEXA.py
[2024-02-21T12:17:05.309+0000] {processor.py:840} INFO - DAG(s) 'DAGCOMPLEXA' retrieved from /opt/airflow/dags/DAGCOMPLEXA.py
[2024-02-21T12:17:05.337+0000] {logging_mixin.py:188} INFO - [2024-02-21T12:17:05.337+0000] {dag.py:3036} INFO - Sync 1 DAGs
[2024-02-21T12:17:05.348+0000] {logging_mixin.py:188} INFO - [2024-02-21T12:17:05.348+0000] {dag.py:3823} INFO - Setting next_dagrun for DAGCOMPLEXA to None, run_after=None
[2024-02-21T12:17:05.366+0000] {processor.py:183} INFO - Processing /opt/airflow/dags/DAGCOMPLEXA.py took 0.073 seconds
[2024-02-21T12:17:10.783+0000] {processor.py:161} INFO - Started process (PID=929) to work on /opt/airflow/dags/DAGCOMPLEXA.py
[2024-02-21T12:17:10.786+0000] {processor.py:830} INFO - Processing file /opt/airflow/dags/DAGCOMPLEXA.py for tasks to queue
[2024-02-21T12:17:10.789+0000] {logging_mixin.py:188} INFO - [2024-02-21T12:17:10.788+0000] {dagbag.py:538} INFO - Filling up the DagBag from /opt/airflow/dags/DAGCOMPLEXA.py
[2024-02-21T12:17:10.799+0000] {processor.py:840} INFO - DAG(s) 'DAGCOMPLEXA' retrieved from /opt/airflow/dags/DAGCOMPLEXA.py
[2024-02-21T12:17:10.829+0000] {logging_mixin.py:188} INFO - [2024-02-21T12:17:10.828+0000] {dag.py:3036} INFO - Sync 1 DAGs
[2024-02-21T12:17:10.840+0000] {logging_mixin.py:188} INFO - [2024-02-21T12:17:10.840+0000] {dag.py:3823} INFO - Setting next_dagrun for DAGCOMPLEXA to None, run_after=None
[2024-02-21T12:17:10.859+0000] {processor.py:183} INFO - Processing /opt/airflow/dags/DAGCOMPLEXA.py took 0.079 seconds
[2024-02-21T12:17:16.270+0000] {processor.py:161} INFO - Started process (PID=937) to work on /opt/airflow/dags/DAGCOMPLEXA.py
[2024-02-21T12:17:16.271+0000] {processor.py:830} INFO - Processing file /opt/airflow/dags/DAGCOMPLEXA.py for tasks to queue
[2024-02-21T12:17:16.272+0000] {logging_mixin.py:188} INFO - [2024-02-21T12:17:16.272+0000] {dagbag.py:538} INFO - Filling up the DagBag from /opt/airflow/dags/DAGCOMPLEXA.py
[2024-02-21T12:17:16.283+0000] {processor.py:840} INFO - DAG(s) 'DAGCOMPLEXA' retrieved from /opt/airflow/dags/DAGCOMPLEXA.py
[2024-02-21T12:17:16.309+0000] {logging_mixin.py:188} INFO - [2024-02-21T12:17:16.309+0000] {dag.py:3036} INFO - Sync 1 DAGs
[2024-02-21T12:17:16.321+0000] {logging_mixin.py:188} INFO - [2024-02-21T12:17:16.320+0000] {dag.py:3823} INFO - Setting next_dagrun for DAGCOMPLEXA to None, run_after=None
[2024-02-21T12:17:16.337+0000] {processor.py:183} INFO - Processing /opt/airflow/dags/DAGCOMPLEXA.py took 0.070 seconds
[2024-02-21T12:17:21.735+0000] {processor.py:161} INFO - Started process (PID=953) to work on /opt/airflow/dags/DAGCOMPLEXA.py
[2024-02-21T12:17:21.736+0000] {processor.py:830} INFO - Processing file /opt/airflow/dags/DAGCOMPLEXA.py for tasks to queue
[2024-02-21T12:17:21.737+0000] {logging_mixin.py:188} INFO - [2024-02-21T12:17:21.737+0000] {dagbag.py:538} INFO - Filling up the DagBag from /opt/airflow/dags/DAGCOMPLEXA.py
[2024-02-21T12:17:21.748+0000] {processor.py:840} INFO - DAG(s) 'DAGCOMPLEXA' retrieved from /opt/airflow/dags/DAGCOMPLEXA.py
[2024-02-21T12:17:21.775+0000] {logging_mixin.py:188} INFO - [2024-02-21T12:17:21.775+0000] {dag.py:3036} INFO - Sync 1 DAGs
[2024-02-21T12:17:21.787+0000] {logging_mixin.py:188} INFO - [2024-02-21T12:17:21.787+0000] {dag.py:3823} INFO - Setting next_dagrun for DAGCOMPLEXA to None, run_after=None
[2024-02-21T12:17:21.803+0000] {processor.py:183} INFO - Processing /opt/airflow/dags/DAGCOMPLEXA.py took 0.072 seconds
[2024-02-21T12:17:27.210+0000] {processor.py:161} INFO - Started process (PID=961) to work on /opt/airflow/dags/DAGCOMPLEXA.py
[2024-02-21T12:17:27.211+0000] {processor.py:830} INFO - Processing file /opt/airflow/dags/DAGCOMPLEXA.py for tasks to queue
[2024-02-21T12:17:27.213+0000] {logging_mixin.py:188} INFO - [2024-02-21T12:17:27.213+0000] {dagbag.py:538} INFO - Filling up the DagBag from /opt/airflow/dags/DAGCOMPLEXA.py
[2024-02-21T12:17:27.223+0000] {processor.py:840} INFO - DAG(s) 'DAGCOMPLEXA' retrieved from /opt/airflow/dags/DAGCOMPLEXA.py
[2024-02-21T12:17:27.250+0000] {logging_mixin.py:188} INFO - [2024-02-21T12:17:27.250+0000] {dag.py:3036} INFO - Sync 1 DAGs
[2024-02-21T12:17:27.262+0000] {logging_mixin.py:188} INFO - [2024-02-21T12:17:27.261+0000] {dag.py:3823} INFO - Setting next_dagrun for DAGCOMPLEXA to None, run_after=None
[2024-02-21T12:17:27.278+0000] {processor.py:183} INFO - Processing /opt/airflow/dags/DAGCOMPLEXA.py took 0.071 seconds
[2024-02-21T12:17:32.675+0000] {processor.py:161} INFO - Started process (PID=977) to work on /opt/airflow/dags/DAGCOMPLEXA.py
[2024-02-21T12:17:32.676+0000] {processor.py:830} INFO - Processing file /opt/airflow/dags/DAGCOMPLEXA.py for tasks to queue
[2024-02-21T12:17:32.678+0000] {logging_mixin.py:188} INFO - [2024-02-21T12:17:32.677+0000] {dagbag.py:538} INFO - Filling up the DagBag from /opt/airflow/dags/DAGCOMPLEXA.py
[2024-02-21T12:17:32.689+0000] {processor.py:840} INFO - DAG(s) 'DAGCOMPLEXA' retrieved from /opt/airflow/dags/DAGCOMPLEXA.py
[2024-02-21T12:17:32.715+0000] {logging_mixin.py:188} INFO - [2024-02-21T12:17:32.714+0000] {dag.py:3036} INFO - Sync 1 DAGs
[2024-02-21T12:17:32.725+0000] {logging_mixin.py:188} INFO - [2024-02-21T12:17:32.725+0000] {dag.py:3823} INFO - Setting next_dagrun for DAGCOMPLEXA to None, run_after=None
[2024-02-21T12:17:32.742+0000] {processor.py:183} INFO - Processing /opt/airflow/dags/DAGCOMPLEXA.py took 0.070 seconds
[2024-02-21T12:17:38.062+0000] {processor.py:161} INFO - Started process (PID=985) to work on /opt/airflow/dags/DAGCOMPLEXA.py
[2024-02-21T12:17:38.063+0000] {processor.py:830} INFO - Processing file /opt/airflow/dags/DAGCOMPLEXA.py for tasks to queue
[2024-02-21T12:17:38.064+0000] {logging_mixin.py:188} INFO - [2024-02-21T12:17:38.064+0000] {dagbag.py:538} INFO - Filling up the DagBag from /opt/airflow/dags/DAGCOMPLEXA.py
[2024-02-21T12:17:38.075+0000] {processor.py:840} INFO - DAG(s) 'DAGCOMPLEXA' retrieved from /opt/airflow/dags/DAGCOMPLEXA.py
[2024-02-21T12:17:38.100+0000] {logging_mixin.py:188} INFO - [2024-02-21T12:17:38.100+0000] {dag.py:3036} INFO - Sync 1 DAGs
[2024-02-21T12:17:38.111+0000] {logging_mixin.py:188} INFO - [2024-02-21T12:17:38.111+0000] {dag.py:3823} INFO - Setting next_dagrun for DAGCOMPLEXA to None, run_after=None
[2024-02-21T12:17:38.127+0000] {processor.py:183} INFO - Processing /opt/airflow/dags/DAGCOMPLEXA.py took 0.068 seconds
[2024-02-21T12:17:43.515+0000] {processor.py:161} INFO - Started process (PID=1001) to work on /opt/airflow/dags/DAGCOMPLEXA.py
[2024-02-21T12:17:43.519+0000] {processor.py:830} INFO - Processing file /opt/airflow/dags/DAGCOMPLEXA.py for tasks to queue
[2024-02-21T12:17:43.521+0000] {logging_mixin.py:188} INFO - [2024-02-21T12:17:43.521+0000] {dagbag.py:538} INFO - Filling up the DagBag from /opt/airflow/dags/DAGCOMPLEXA.py
[2024-02-21T12:17:43.533+0000] {processor.py:840} INFO - DAG(s) 'DAGCOMPLEXA' retrieved from /opt/airflow/dags/DAGCOMPLEXA.py
[2024-02-21T12:17:43.561+0000] {logging_mixin.py:188} INFO - [2024-02-21T12:17:43.561+0000] {dag.py:3036} INFO - Sync 1 DAGs
[2024-02-21T12:17:43.573+0000] {logging_mixin.py:188} INFO - [2024-02-21T12:17:43.573+0000] {dag.py:3823} INFO - Setting next_dagrun for DAGCOMPLEXA to None, run_after=None
[2024-02-21T12:17:43.597+0000] {processor.py:183} INFO - Processing /opt/airflow/dags/DAGCOMPLEXA.py took 0.085 seconds
[2024-02-21T12:17:48.963+0000] {processor.py:161} INFO - Started process (PID=1009) to work on /opt/airflow/dags/DAGCOMPLEXA.py
[2024-02-21T12:17:48.963+0000] {processor.py:830} INFO - Processing file /opt/airflow/dags/DAGCOMPLEXA.py for tasks to queue
[2024-02-21T12:17:48.965+0000] {logging_mixin.py:188} INFO - [2024-02-21T12:17:48.965+0000] {dagbag.py:538} INFO - Filling up the DagBag from /opt/airflow/dags/DAGCOMPLEXA.py
[2024-02-21T12:17:48.976+0000] {processor.py:840} INFO - DAG(s) 'DAGCOMPLEXA' retrieved from /opt/airflow/dags/DAGCOMPLEXA.py
[2024-02-21T12:17:49.002+0000] {logging_mixin.py:188} INFO - [2024-02-21T12:17:49.002+0000] {dag.py:3036} INFO - Sync 1 DAGs
[2024-02-21T12:17:49.013+0000] {logging_mixin.py:188} INFO - [2024-02-21T12:17:49.013+0000] {dag.py:3823} INFO - Setting next_dagrun for DAGCOMPLEXA to None, run_after=None
[2024-02-21T12:17:49.030+0000] {processor.py:183} INFO - Processing /opt/airflow/dags/DAGCOMPLEXA.py took 0.070 seconds
