[2024-02-21T12:10:14.607+0000] {processor.py:161} INFO - Started process (PID=49) to work on /opt/airflow/dags/quartadag.py
[2024-02-21T12:10:14.608+0000] {processor.py:830} INFO - Processing file /opt/airflow/dags/quartadag.py for tasks to queue
[2024-02-21T12:10:14.610+0000] {logging_mixin.py:188} INFO - [2024-02-21T12:10:14.609+0000] {dagbag.py:538} INFO - Filling up the DagBag from /opt/airflow/dags/quartadag.py
[2024-02-21T12:10:14.620+0000] {processor.py:840} INFO - DAG(s) 'quarta_dag' retrieved from /opt/airflow/dags/quartadag.py
[2024-02-21T12:10:14.648+0000] {logging_mixin.py:188} INFO - [2024-02-21T12:10:14.648+0000] {dag.py:3036} INFO - Sync 1 DAGs
[2024-02-21T12:10:14.659+0000] {logging_mixin.py:188} INFO - [2024-02-21T12:10:14.659+0000] {dag.py:3823} INFO - Setting next_dagrun for quarta_dag to None, run_after=None
[2024-02-21T12:10:14.680+0000] {processor.py:183} INFO - Processing /opt/airflow/dags/quartadag.py took 0.076 seconds
[2024-02-21T12:10:20.135+0000] {processor.py:161} INFO - Started process (PID=57) to work on /opt/airflow/dags/quartadag.py
[2024-02-21T12:10:20.136+0000] {processor.py:830} INFO - Processing file /opt/airflow/dags/quartadag.py for tasks to queue
[2024-02-21T12:10:20.137+0000] {logging_mixin.py:188} INFO - [2024-02-21T12:10:20.137+0000] {dagbag.py:538} INFO - Filling up the DagBag from /opt/airflow/dags/quartadag.py
[2024-02-21T12:10:20.145+0000] {processor.py:840} INFO - DAG(s) 'quarta_dag' retrieved from /opt/airflow/dags/quartadag.py
[2024-02-21T12:10:20.170+0000] {logging_mixin.py:188} INFO - [2024-02-21T12:10:20.170+0000] {dag.py:3036} INFO - Sync 1 DAGs
[2024-02-21T12:10:20.180+0000] {logging_mixin.py:188} INFO - [2024-02-21T12:10:20.180+0000] {dag.py:3823} INFO - Setting next_dagrun for quarta_dag to None, run_after=None
[2024-02-21T12:10:20.195+0000] {processor.py:183} INFO - Processing /opt/airflow/dags/quartadag.py took 0.063 seconds
[2024-02-21T12:10:25.415+0000] {processor.py:161} INFO - Started process (PID=73) to work on /opt/airflow/dags/quartadag.py
[2024-02-21T12:10:25.416+0000] {processor.py:830} INFO - Processing file /opt/airflow/dags/quartadag.py for tasks to queue
[2024-02-21T12:10:25.418+0000] {logging_mixin.py:188} INFO - [2024-02-21T12:10:25.418+0000] {dagbag.py:538} INFO - Filling up the DagBag from /opt/airflow/dags/quartadag.py
[2024-02-21T12:10:25.427+0000] {processor.py:840} INFO - DAG(s) 'quarta_dag' retrieved from /opt/airflow/dags/quartadag.py
[2024-02-21T12:10:25.454+0000] {logging_mixin.py:188} INFO - [2024-02-21T12:10:25.454+0000] {dag.py:3036} INFO - Sync 1 DAGs
[2024-02-21T12:10:25.465+0000] {logging_mixin.py:188} INFO - [2024-02-21T12:10:25.465+0000] {dag.py:3823} INFO - Setting next_dagrun for quarta_dag to None, run_after=None
[2024-02-21T12:10:25.483+0000] {processor.py:183} INFO - Processing /opt/airflow/dags/quartadag.py took 0.070 seconds
[2024-02-21T12:10:30.814+0000] {processor.py:161} INFO - Started process (PID=81) to work on /opt/airflow/dags/quartadag.py
[2024-02-21T12:10:30.815+0000] {processor.py:830} INFO - Processing file /opt/airflow/dags/quartadag.py for tasks to queue
[2024-02-21T12:10:30.816+0000] {logging_mixin.py:188} INFO - [2024-02-21T12:10:30.816+0000] {dagbag.py:538} INFO - Filling up the DagBag from /opt/airflow/dags/quartadag.py
[2024-02-21T12:10:30.826+0000] {processor.py:840} INFO - DAG(s) 'quarta_dag' retrieved from /opt/airflow/dags/quartadag.py
[2024-02-21T12:10:30.850+0000] {logging_mixin.py:188} INFO - [2024-02-21T12:10:30.850+0000] {dag.py:3036} INFO - Sync 1 DAGs
[2024-02-21T12:10:30.860+0000] {logging_mixin.py:188} INFO - [2024-02-21T12:10:30.860+0000] {dag.py:3823} INFO - Setting next_dagrun for quarta_dag to None, run_after=None
[2024-02-21T12:10:30.878+0000] {processor.py:183} INFO - Processing /opt/airflow/dags/quartadag.py took 0.067 seconds
[2024-02-21T12:10:36.309+0000] {processor.py:161} INFO - Started process (PID=89) to work on /opt/airflow/dags/quartadag.py
[2024-02-21T12:10:36.310+0000] {processor.py:830} INFO - Processing file /opt/airflow/dags/quartadag.py for tasks to queue
[2024-02-21T12:10:36.312+0000] {logging_mixin.py:188} INFO - [2024-02-21T12:10:36.312+0000] {dagbag.py:538} INFO - Filling up the DagBag from /opt/airflow/dags/quartadag.py
[2024-02-21T12:10:36.324+0000] {processor.py:840} INFO - DAG(s) 'quarta_dag' retrieved from /opt/airflow/dags/quartadag.py
[2024-02-21T12:10:36.352+0000] {logging_mixin.py:188} INFO - [2024-02-21T12:10:36.351+0000] {dag.py:3036} INFO - Sync 1 DAGs
[2024-02-21T12:10:36.367+0000] {logging_mixin.py:188} INFO - [2024-02-21T12:10:36.367+0000] {dag.py:3823} INFO - Setting next_dagrun for quarta_dag to None, run_after=None
[2024-02-21T12:10:36.391+0000] {processor.py:183} INFO - Processing /opt/airflow/dags/quartadag.py took 0.084 seconds
[2024-02-21T12:10:41.872+0000] {processor.py:161} INFO - Started process (PID=105) to work on /opt/airflow/dags/quartadag.py
[2024-02-21T12:10:41.873+0000] {processor.py:830} INFO - Processing file /opt/airflow/dags/quartadag.py for tasks to queue
[2024-02-21T12:10:41.875+0000] {logging_mixin.py:188} INFO - [2024-02-21T12:10:41.875+0000] {dagbag.py:538} INFO - Filling up the DagBag from /opt/airflow/dags/quartadag.py
[2024-02-21T12:10:41.886+0000] {processor.py:840} INFO - DAG(s) 'quarta_dag' retrieved from /opt/airflow/dags/quartadag.py
[2024-02-21T12:10:41.913+0000] {logging_mixin.py:188} INFO - [2024-02-21T12:10:41.913+0000] {dag.py:3036} INFO - Sync 1 DAGs
[2024-02-21T12:10:41.927+0000] {logging_mixin.py:188} INFO - [2024-02-21T12:10:41.927+0000] {dag.py:3823} INFO - Setting next_dagrun for quarta_dag to None, run_after=None
[2024-02-21T12:10:41.952+0000] {processor.py:183} INFO - Processing /opt/airflow/dags/quartadag.py took 0.083 seconds
[2024-02-21T12:10:47.296+0000] {processor.py:161} INFO - Started process (PID=113) to work on /opt/airflow/dags/quartadag.py
[2024-02-21T12:10:47.297+0000] {processor.py:830} INFO - Processing file /opt/airflow/dags/quartadag.py for tasks to queue
[2024-02-21T12:10:47.299+0000] {logging_mixin.py:188} INFO - [2024-02-21T12:10:47.299+0000] {dagbag.py:538} INFO - Filling up the DagBag from /opt/airflow/dags/quartadag.py
[2024-02-21T12:10:47.308+0000] {processor.py:840} INFO - DAG(s) 'quarta_dag' retrieved from /opt/airflow/dags/quartadag.py
[2024-02-21T12:10:47.340+0000] {logging_mixin.py:188} INFO - [2024-02-21T12:10:47.339+0000] {dag.py:3036} INFO - Sync 1 DAGs
[2024-02-21T12:10:47.355+0000] {logging_mixin.py:188} INFO - [2024-02-21T12:10:47.355+0000] {dag.py:3823} INFO - Setting next_dagrun for quarta_dag to None, run_after=None
[2024-02-21T12:10:47.381+0000] {processor.py:183} INFO - Processing /opt/airflow/dags/quartadag.py took 0.088 seconds
[2024-02-21T12:10:52.810+0000] {processor.py:161} INFO - Started process (PID=129) to work on /opt/airflow/dags/quartadag.py
[2024-02-21T12:10:52.811+0000] {processor.py:830} INFO - Processing file /opt/airflow/dags/quartadag.py for tasks to queue
[2024-02-21T12:10:52.813+0000] {logging_mixin.py:188} INFO - [2024-02-21T12:10:52.813+0000] {dagbag.py:538} INFO - Filling up the DagBag from /opt/airflow/dags/quartadag.py
[2024-02-21T12:10:52.826+0000] {processor.py:840} INFO - DAG(s) 'quarta_dag' retrieved from /opt/airflow/dags/quartadag.py
[2024-02-21T12:10:52.852+0000] {logging_mixin.py:188} INFO - [2024-02-21T12:10:52.851+0000] {dag.py:3036} INFO - Sync 1 DAGs
[2024-02-21T12:10:52.862+0000] {logging_mixin.py:188} INFO - [2024-02-21T12:10:52.862+0000] {dag.py:3823} INFO - Setting next_dagrun for quarta_dag to None, run_after=None
[2024-02-21T12:10:52.880+0000] {processor.py:183} INFO - Processing /opt/airflow/dags/quartadag.py took 0.073 seconds
[2024-02-21T12:10:58.198+0000] {processor.py:161} INFO - Started process (PID=137) to work on /opt/airflow/dags/quartadag.py
[2024-02-21T12:10:58.199+0000] {processor.py:830} INFO - Processing file /opt/airflow/dags/quartadag.py for tasks to queue
[2024-02-21T12:10:58.201+0000] {logging_mixin.py:188} INFO - [2024-02-21T12:10:58.200+0000] {dagbag.py:538} INFO - Filling up the DagBag from /opt/airflow/dags/quartadag.py
[2024-02-21T12:10:58.210+0000] {processor.py:840} INFO - DAG(s) 'quarta_dag' retrieved from /opt/airflow/dags/quartadag.py
[2024-02-21T12:10:58.233+0000] {logging_mixin.py:188} INFO - [2024-02-21T12:10:58.232+0000] {dag.py:3036} INFO - Sync 1 DAGs
[2024-02-21T12:10:58.243+0000] {logging_mixin.py:188} INFO - [2024-02-21T12:10:58.242+0000] {dag.py:3823} INFO - Setting next_dagrun for quarta_dag to None, run_after=None
[2024-02-21T12:10:58.259+0000] {processor.py:183} INFO - Processing /opt/airflow/dags/quartadag.py took 0.063 seconds
[2024-02-21T12:11:03.645+0000] {processor.py:161} INFO - Started process (PID=145) to work on /opt/airflow/dags/quartadag.py
[2024-02-21T12:11:03.646+0000] {processor.py:830} INFO - Processing file /opt/airflow/dags/quartadag.py for tasks to queue
[2024-02-21T12:11:03.647+0000] {logging_mixin.py:188} INFO - [2024-02-21T12:11:03.647+0000] {dagbag.py:538} INFO - Filling up the DagBag from /opt/airflow/dags/quartadag.py
[2024-02-21T12:11:03.657+0000] {processor.py:840} INFO - DAG(s) 'quarta_dag' retrieved from /opt/airflow/dags/quartadag.py
[2024-02-21T12:11:03.687+0000] {logging_mixin.py:188} INFO - [2024-02-21T12:11:03.687+0000] {dag.py:3036} INFO - Sync 1 DAGs
[2024-02-21T12:11:03.700+0000] {logging_mixin.py:188} INFO - [2024-02-21T12:11:03.700+0000] {dag.py:3823} INFO - Setting next_dagrun for quarta_dag to None, run_after=None
[2024-02-21T12:11:03.720+0000] {processor.py:183} INFO - Processing /opt/airflow/dags/quartadag.py took 0.077 seconds
[2024-02-21T12:11:09.104+0000] {processor.py:161} INFO - Started process (PID=161) to work on /opt/airflow/dags/quartadag.py
[2024-02-21T12:11:09.105+0000] {processor.py:830} INFO - Processing file /opt/airflow/dags/quartadag.py for tasks to queue
[2024-02-21T12:11:09.107+0000] {logging_mixin.py:188} INFO - [2024-02-21T12:11:09.107+0000] {dagbag.py:538} INFO - Filling up the DagBag from /opt/airflow/dags/quartadag.py
[2024-02-21T12:11:09.116+0000] {processor.py:840} INFO - DAG(s) 'quarta_dag' retrieved from /opt/airflow/dags/quartadag.py
[2024-02-21T12:11:09.138+0000] {logging_mixin.py:188} INFO - [2024-02-21T12:11:09.138+0000] {dag.py:3036} INFO - Sync 1 DAGs
[2024-02-21T12:11:09.149+0000] {logging_mixin.py:188} INFO - [2024-02-21T12:11:09.149+0000] {dag.py:3823} INFO - Setting next_dagrun for quarta_dag to None, run_after=None
[2024-02-21T12:11:09.165+0000] {processor.py:183} INFO - Processing /opt/airflow/dags/quartadag.py took 0.064 seconds
[2024-02-21T12:11:14.555+0000] {processor.py:161} INFO - Started process (PID=169) to work on /opt/airflow/dags/quartadag.py
[2024-02-21T12:11:14.556+0000] {processor.py:830} INFO - Processing file /opt/airflow/dags/quartadag.py for tasks to queue
[2024-02-21T12:11:14.557+0000] {logging_mixin.py:188} INFO - [2024-02-21T12:11:14.557+0000] {dagbag.py:538} INFO - Filling up the DagBag from /opt/airflow/dags/quartadag.py
[2024-02-21T12:11:14.566+0000] {processor.py:840} INFO - DAG(s) 'quarta_dag' retrieved from /opt/airflow/dags/quartadag.py
[2024-02-21T12:11:14.590+0000] {logging_mixin.py:188} INFO - [2024-02-21T12:11:14.589+0000] {dag.py:3036} INFO - Sync 1 DAGs
[2024-02-21T12:11:14.600+0000] {logging_mixin.py:188} INFO - [2024-02-21T12:11:14.600+0000] {dag.py:3823} INFO - Setting next_dagrun for quarta_dag to None, run_after=None
[2024-02-21T12:11:14.616+0000] {processor.py:183} INFO - Processing /opt/airflow/dags/quartadag.py took 0.064 seconds
[2024-02-21T12:11:20.017+0000] {processor.py:161} INFO - Started process (PID=185) to work on /opt/airflow/dags/quartadag.py
[2024-02-21T12:11:20.018+0000] {processor.py:830} INFO - Processing file /opt/airflow/dags/quartadag.py for tasks to queue
[2024-02-21T12:11:20.019+0000] {logging_mixin.py:188} INFO - [2024-02-21T12:11:20.019+0000] {dagbag.py:538} INFO - Filling up the DagBag from /opt/airflow/dags/quartadag.py
[2024-02-21T12:11:20.028+0000] {processor.py:840} INFO - DAG(s) 'quarta_dag' retrieved from /opt/airflow/dags/quartadag.py
[2024-02-21T12:11:20.051+0000] {logging_mixin.py:188} INFO - [2024-02-21T12:11:20.051+0000] {dag.py:3036} INFO - Sync 1 DAGs
[2024-02-21T12:11:20.062+0000] {logging_mixin.py:188} INFO - [2024-02-21T12:11:20.062+0000] {dag.py:3823} INFO - Setting next_dagrun for quarta_dag to None, run_after=None
[2024-02-21T12:11:20.078+0000] {processor.py:183} INFO - Processing /opt/airflow/dags/quartadag.py took 0.064 seconds
[2024-02-21T12:11:25.466+0000] {processor.py:161} INFO - Started process (PID=193) to work on /opt/airflow/dags/quartadag.py
[2024-02-21T12:11:25.467+0000] {processor.py:830} INFO - Processing file /opt/airflow/dags/quartadag.py for tasks to queue
[2024-02-21T12:11:25.468+0000] {logging_mixin.py:188} INFO - [2024-02-21T12:11:25.468+0000] {dagbag.py:538} INFO - Filling up the DagBag from /opt/airflow/dags/quartadag.py
[2024-02-21T12:11:25.477+0000] {processor.py:840} INFO - DAG(s) 'quarta_dag' retrieved from /opt/airflow/dags/quartadag.py
[2024-02-21T12:11:25.499+0000] {logging_mixin.py:188} INFO - [2024-02-21T12:11:25.498+0000] {dag.py:3036} INFO - Sync 1 DAGs
[2024-02-21T12:11:25.508+0000] {logging_mixin.py:188} INFO - [2024-02-21T12:11:25.508+0000] {dag.py:3823} INFO - Setting next_dagrun for quarta_dag to None, run_after=None
[2024-02-21T12:11:25.524+0000] {processor.py:183} INFO - Processing /opt/airflow/dags/quartadag.py took 0.061 seconds
[2024-02-21T12:11:30.871+0000] {processor.py:161} INFO - Started process (PID=209) to work on /opt/airflow/dags/quartadag.py
[2024-02-21T12:11:30.872+0000] {processor.py:830} INFO - Processing file /opt/airflow/dags/quartadag.py for tasks to queue
[2024-02-21T12:11:30.874+0000] {logging_mixin.py:188} INFO - [2024-02-21T12:11:30.873+0000] {dagbag.py:538} INFO - Filling up the DagBag from /opt/airflow/dags/quartadag.py
[2024-02-21T12:11:30.884+0000] {processor.py:840} INFO - DAG(s) 'quarta_dag' retrieved from /opt/airflow/dags/quartadag.py
[2024-02-21T12:11:30.909+0000] {logging_mixin.py:188} INFO - [2024-02-21T12:11:30.909+0000] {dag.py:3036} INFO - Sync 1 DAGs
[2024-02-21T12:11:30.921+0000] {logging_mixin.py:188} INFO - [2024-02-21T12:11:30.921+0000] {dag.py:3823} INFO - Setting next_dagrun for quarta_dag to None, run_after=None
[2024-02-21T12:11:30.939+0000] {processor.py:183} INFO - Processing /opt/airflow/dags/quartadag.py took 0.071 seconds
[2024-02-21T12:11:36.378+0000] {processor.py:161} INFO - Started process (PID=217) to work on /opt/airflow/dags/quartadag.py
[2024-02-21T12:11:36.379+0000] {processor.py:830} INFO - Processing file /opt/airflow/dags/quartadag.py for tasks to queue
[2024-02-21T12:11:36.381+0000] {logging_mixin.py:188} INFO - [2024-02-21T12:11:36.381+0000] {dagbag.py:538} INFO - Filling up the DagBag from /opt/airflow/dags/quartadag.py
[2024-02-21T12:11:36.390+0000] {processor.py:840} INFO - DAG(s) 'quarta_dag' retrieved from /opt/airflow/dags/quartadag.py
[2024-02-21T12:11:36.414+0000] {logging_mixin.py:188} INFO - [2024-02-21T12:11:36.413+0000] {dag.py:3036} INFO - Sync 1 DAGs
[2024-02-21T12:11:36.425+0000] {logging_mixin.py:188} INFO - [2024-02-21T12:11:36.425+0000] {dag.py:3823} INFO - Setting next_dagrun for quarta_dag to None, run_after=None
[2024-02-21T12:11:36.442+0000] {processor.py:183} INFO - Processing /opt/airflow/dags/quartadag.py took 0.067 seconds
[2024-02-21T12:11:41.898+0000] {processor.py:161} INFO - Started process (PID=232) to work on /opt/airflow/dags/quartadag.py
[2024-02-21T12:11:41.911+0000] {processor.py:830} INFO - Processing file /opt/airflow/dags/quartadag.py for tasks to queue
[2024-02-21T12:11:41.914+0000] {logging_mixin.py:188} INFO - [2024-02-21T12:11:41.914+0000] {dagbag.py:538} INFO - Filling up the DagBag from /opt/airflow/dags/quartadag.py
[2024-02-21T12:11:41.931+0000] {processor.py:840} INFO - DAG(s) 'quarta_dag' retrieved from /opt/airflow/dags/quartadag.py
[2024-02-21T12:11:41.966+0000] {logging_mixin.py:188} INFO - [2024-02-21T12:11:41.965+0000] {dag.py:3036} INFO - Sync 1 DAGs
[2024-02-21T12:11:41.977+0000] {logging_mixin.py:188} INFO - [2024-02-21T12:11:41.977+0000] {dag.py:3823} INFO - Setting next_dagrun for quarta_dag to None, run_after=None
[2024-02-21T12:11:42.005+0000] {processor.py:183} INFO - Processing /opt/airflow/dags/quartadag.py took 0.110 seconds
[2024-02-21T12:11:47.375+0000] {processor.py:161} INFO - Started process (PID=241) to work on /opt/airflow/dags/quartadag.py
[2024-02-21T12:11:47.376+0000] {processor.py:830} INFO - Processing file /opt/airflow/dags/quartadag.py for tasks to queue
[2024-02-21T12:11:47.377+0000] {logging_mixin.py:188} INFO - [2024-02-21T12:11:47.377+0000] {dagbag.py:538} INFO - Filling up the DagBag from /opt/airflow/dags/quartadag.py
[2024-02-21T12:11:47.387+0000] {processor.py:840} INFO - DAG(s) 'quarta_dag' retrieved from /opt/airflow/dags/quartadag.py
[2024-02-21T12:11:47.412+0000] {logging_mixin.py:188} INFO - [2024-02-21T12:11:47.412+0000] {dag.py:3036} INFO - Sync 1 DAGs
[2024-02-21T12:11:47.422+0000] {logging_mixin.py:188} INFO - [2024-02-21T12:11:47.422+0000] {dag.py:3823} INFO - Setting next_dagrun for quarta_dag to None, run_after=None
[2024-02-21T12:11:47.438+0000] {processor.py:183} INFO - Processing /opt/airflow/dags/quartadag.py took 0.066 seconds
[2024-02-21T12:11:52.840+0000] {processor.py:161} INFO - Started process (PID=249) to work on /opt/airflow/dags/quartadag.py
[2024-02-21T12:11:52.841+0000] {processor.py:830} INFO - Processing file /opt/airflow/dags/quartadag.py for tasks to queue
[2024-02-21T12:11:52.843+0000] {logging_mixin.py:188} INFO - [2024-02-21T12:11:52.842+0000] {dagbag.py:538} INFO - Filling up the DagBag from /opt/airflow/dags/quartadag.py
[2024-02-21T12:11:52.852+0000] {processor.py:840} INFO - DAG(s) 'quarta_dag' retrieved from /opt/airflow/dags/quartadag.py
[2024-02-21T12:11:52.876+0000] {logging_mixin.py:188} INFO - [2024-02-21T12:11:52.876+0000] {dag.py:3036} INFO - Sync 1 DAGs
[2024-02-21T12:11:52.890+0000] {logging_mixin.py:188} INFO - [2024-02-21T12:11:52.890+0000] {dag.py:3823} INFO - Setting next_dagrun for quarta_dag to None, run_after=None
[2024-02-21T12:11:52.909+0000] {processor.py:183} INFO - Processing /opt/airflow/dags/quartadag.py took 0.071 seconds
[2024-02-21T12:11:58.273+0000] {processor.py:161} INFO - Started process (PID=265) to work on /opt/airflow/dags/quartadag.py
[2024-02-21T12:11:58.274+0000] {processor.py:830} INFO - Processing file /opt/airflow/dags/quartadag.py for tasks to queue
[2024-02-21T12:11:58.276+0000] {logging_mixin.py:188} INFO - [2024-02-21T12:11:58.275+0000] {dagbag.py:538} INFO - Filling up the DagBag from /opt/airflow/dags/quartadag.py
[2024-02-21T12:11:58.286+0000] {processor.py:840} INFO - DAG(s) 'quarta_dag' retrieved from /opt/airflow/dags/quartadag.py
[2024-02-21T12:11:58.314+0000] {logging_mixin.py:188} INFO - [2024-02-21T12:11:58.313+0000] {dag.py:3036} INFO - Sync 1 DAGs
[2024-02-21T12:11:58.324+0000] {logging_mixin.py:188} INFO - [2024-02-21T12:11:58.324+0000] {dag.py:3823} INFO - Setting next_dagrun for quarta_dag to None, run_after=None
[2024-02-21T12:11:58.340+0000] {processor.py:183} INFO - Processing /opt/airflow/dags/quartadag.py took 0.070 seconds
[2024-02-21T12:12:03.648+0000] {processor.py:161} INFO - Started process (PID=273) to work on /opt/airflow/dags/quartadag.py
[2024-02-21T12:12:03.649+0000] {processor.py:830} INFO - Processing file /opt/airflow/dags/quartadag.py for tasks to queue
[2024-02-21T12:12:03.650+0000] {logging_mixin.py:188} INFO - [2024-02-21T12:12:03.650+0000] {dagbag.py:538} INFO - Filling up the DagBag from /opt/airflow/dags/quartadag.py
[2024-02-21T12:12:03.660+0000] {processor.py:840} INFO - DAG(s) 'quarta_dag' retrieved from /opt/airflow/dags/quartadag.py
[2024-02-21T12:12:03.683+0000] {logging_mixin.py:188} INFO - [2024-02-21T12:12:03.683+0000] {dag.py:3036} INFO - Sync 1 DAGs
[2024-02-21T12:12:03.694+0000] {logging_mixin.py:188} INFO - [2024-02-21T12:12:03.694+0000] {dag.py:3823} INFO - Setting next_dagrun for quarta_dag to None, run_after=None
[2024-02-21T12:12:03.709+0000] {processor.py:183} INFO - Processing /opt/airflow/dags/quartadag.py took 0.064 seconds
[2024-02-21T12:12:09.114+0000] {processor.py:161} INFO - Started process (PID=289) to work on /opt/airflow/dags/quartadag.py
[2024-02-21T12:12:09.116+0000] {processor.py:830} INFO - Processing file /opt/airflow/dags/quartadag.py for tasks to queue
[2024-02-21T12:12:09.118+0000] {logging_mixin.py:188} INFO - [2024-02-21T12:12:09.118+0000] {dagbag.py:538} INFO - Filling up the DagBag from /opt/airflow/dags/quartadag.py
[2024-02-21T12:12:09.132+0000] {processor.py:840} INFO - DAG(s) 'quarta_dag' retrieved from /opt/airflow/dags/quartadag.py
[2024-02-21T12:12:09.161+0000] {logging_mixin.py:188} INFO - [2024-02-21T12:12:09.161+0000] {dag.py:3036} INFO - Sync 1 DAGs
[2024-02-21T12:12:09.177+0000] {logging_mixin.py:188} INFO - [2024-02-21T12:12:09.177+0000] {dag.py:3823} INFO - Setting next_dagrun for quarta_dag to None, run_after=None
[2024-02-21T12:12:09.205+0000] {processor.py:183} INFO - Processing /opt/airflow/dags/quartadag.py took 0.094 seconds
[2024-02-21T12:12:14.542+0000] {processor.py:161} INFO - Started process (PID=297) to work on /opt/airflow/dags/quartadag.py
[2024-02-21T12:12:14.543+0000] {processor.py:830} INFO - Processing file /opt/airflow/dags/quartadag.py for tasks to queue
[2024-02-21T12:12:14.545+0000] {logging_mixin.py:188} INFO - [2024-02-21T12:12:14.545+0000] {dagbag.py:538} INFO - Filling up the DagBag from /opt/airflow/dags/quartadag.py
[2024-02-21T12:12:14.555+0000] {processor.py:840} INFO - DAG(s) 'quarta_dag' retrieved from /opt/airflow/dags/quartadag.py
[2024-02-21T12:12:14.579+0000] {logging_mixin.py:188} INFO - [2024-02-21T12:12:14.579+0000] {dag.py:3036} INFO - Sync 1 DAGs
[2024-02-21T12:12:14.589+0000] {logging_mixin.py:188} INFO - [2024-02-21T12:12:14.589+0000] {dag.py:3823} INFO - Setting next_dagrun for quarta_dag to None, run_after=None
[2024-02-21T12:12:14.605+0000] {processor.py:183} INFO - Processing /opt/airflow/dags/quartadag.py took 0.066 seconds
[2024-02-21T12:12:20.070+0000] {processor.py:161} INFO - Started process (PID=313) to work on /opt/airflow/dags/quartadag.py
[2024-02-21T12:12:20.072+0000] {processor.py:830} INFO - Processing file /opt/airflow/dags/quartadag.py for tasks to queue
[2024-02-21T12:12:20.075+0000] {logging_mixin.py:188} INFO - [2024-02-21T12:12:20.074+0000] {dagbag.py:538} INFO - Filling up the DagBag from /opt/airflow/dags/quartadag.py
[2024-02-21T12:12:20.086+0000] {processor.py:840} INFO - DAG(s) 'quarta_dag' retrieved from /opt/airflow/dags/quartadag.py
[2024-02-21T12:12:20.113+0000] {logging_mixin.py:188} INFO - [2024-02-21T12:12:20.113+0000] {dag.py:3036} INFO - Sync 1 DAGs
[2024-02-21T12:12:20.124+0000] {logging_mixin.py:188} INFO - [2024-02-21T12:12:20.124+0000] {dag.py:3823} INFO - Setting next_dagrun for quarta_dag to None, run_after=None
[2024-02-21T12:12:20.144+0000] {processor.py:183} INFO - Processing /opt/airflow/dags/quartadag.py took 0.077 seconds
[2024-02-21T12:12:25.469+0000] {processor.py:161} INFO - Started process (PID=321) to work on /opt/airflow/dags/quartadag.py
[2024-02-21T12:12:25.470+0000] {processor.py:830} INFO - Processing file /opt/airflow/dags/quartadag.py for tasks to queue
[2024-02-21T12:12:25.472+0000] {logging_mixin.py:188} INFO - [2024-02-21T12:12:25.471+0000] {dagbag.py:538} INFO - Filling up the DagBag from /opt/airflow/dags/quartadag.py
[2024-02-21T12:12:25.481+0000] {processor.py:840} INFO - DAG(s) 'quarta_dag' retrieved from /opt/airflow/dags/quartadag.py
[2024-02-21T12:12:25.505+0000] {logging_mixin.py:188} INFO - [2024-02-21T12:12:25.505+0000] {dag.py:3036} INFO - Sync 1 DAGs
[2024-02-21T12:12:25.516+0000] {logging_mixin.py:188} INFO - [2024-02-21T12:12:25.516+0000] {dag.py:3823} INFO - Setting next_dagrun for quarta_dag to None, run_after=None
[2024-02-21T12:12:25.532+0000] {processor.py:183} INFO - Processing /opt/airflow/dags/quartadag.py took 0.066 seconds
[2024-02-21T12:12:30.910+0000] {processor.py:161} INFO - Started process (PID=329) to work on /opt/airflow/dags/quartadag.py
[2024-02-21T12:12:30.911+0000] {processor.py:830} INFO - Processing file /opt/airflow/dags/quartadag.py for tasks to queue
[2024-02-21T12:12:30.912+0000] {logging_mixin.py:188} INFO - [2024-02-21T12:12:30.912+0000] {dagbag.py:538} INFO - Filling up the DagBag from /opt/airflow/dags/quartadag.py
[2024-02-21T12:12:30.921+0000] {processor.py:840} INFO - DAG(s) 'quarta_dag' retrieved from /opt/airflow/dags/quartadag.py
[2024-02-21T12:12:30.946+0000] {logging_mixin.py:188} INFO - [2024-02-21T12:12:30.946+0000] {dag.py:3036} INFO - Sync 1 DAGs
[2024-02-21T12:12:30.956+0000] {logging_mixin.py:188} INFO - [2024-02-21T12:12:30.956+0000] {dag.py:3823} INFO - Setting next_dagrun for quarta_dag to None, run_after=None
[2024-02-21T12:12:30.973+0000] {processor.py:183} INFO - Processing /opt/airflow/dags/quartadag.py took 0.066 seconds
[2024-02-21T12:12:36.351+0000] {processor.py:161} INFO - Started process (PID=345) to work on /opt/airflow/dags/quartadag.py
[2024-02-21T12:12:36.352+0000] {processor.py:830} INFO - Processing file /opt/airflow/dags/quartadag.py for tasks to queue
[2024-02-21T12:12:36.353+0000] {logging_mixin.py:188} INFO - [2024-02-21T12:12:36.353+0000] {dagbag.py:538} INFO - Filling up the DagBag from /opt/airflow/dags/quartadag.py
[2024-02-21T12:12:36.362+0000] {processor.py:840} INFO - DAG(s) 'quarta_dag' retrieved from /opt/airflow/dags/quartadag.py
[2024-02-21T12:12:36.386+0000] {logging_mixin.py:188} INFO - [2024-02-21T12:12:36.385+0000] {dag.py:3036} INFO - Sync 1 DAGs
[2024-02-21T12:12:36.396+0000] {logging_mixin.py:188} INFO - [2024-02-21T12:12:36.395+0000] {dag.py:3823} INFO - Setting next_dagrun for quarta_dag to None, run_after=None
[2024-02-21T12:12:36.412+0000] {processor.py:183} INFO - Processing /opt/airflow/dags/quartadag.py took 0.064 seconds
[2024-02-21T12:12:41.803+0000] {processor.py:161} INFO - Started process (PID=353) to work on /opt/airflow/dags/quartadag.py
[2024-02-21T12:12:41.804+0000] {processor.py:830} INFO - Processing file /opt/airflow/dags/quartadag.py for tasks to queue
[2024-02-21T12:12:41.806+0000] {logging_mixin.py:188} INFO - [2024-02-21T12:12:41.806+0000] {dagbag.py:538} INFO - Filling up the DagBag from /opt/airflow/dags/quartadag.py
[2024-02-21T12:12:41.814+0000] {processor.py:840} INFO - DAG(s) 'quarta_dag' retrieved from /opt/airflow/dags/quartadag.py
[2024-02-21T12:12:41.838+0000] {logging_mixin.py:188} INFO - [2024-02-21T12:12:41.838+0000] {dag.py:3036} INFO - Sync 1 DAGs
[2024-02-21T12:12:41.848+0000] {logging_mixin.py:188} INFO - [2024-02-21T12:12:41.847+0000] {dag.py:3823} INFO - Setting next_dagrun for quarta_dag to None, run_after=None
[2024-02-21T12:12:41.865+0000] {processor.py:183} INFO - Processing /opt/airflow/dags/quartadag.py took 0.064 seconds
[2024-02-21T12:12:47.241+0000] {processor.py:161} INFO - Started process (PID=369) to work on /opt/airflow/dags/quartadag.py
[2024-02-21T12:12:47.242+0000] {processor.py:830} INFO - Processing file /opt/airflow/dags/quartadag.py for tasks to queue
[2024-02-21T12:12:47.243+0000] {logging_mixin.py:188} INFO - [2024-02-21T12:12:47.243+0000] {dagbag.py:538} INFO - Filling up the DagBag from /opt/airflow/dags/quartadag.py
[2024-02-21T12:12:47.255+0000] {processor.py:840} INFO - DAG(s) 'quarta_dag' retrieved from /opt/airflow/dags/quartadag.py
[2024-02-21T12:12:47.279+0000] {logging_mixin.py:188} INFO - [2024-02-21T12:12:47.279+0000] {dag.py:3036} INFO - Sync 1 DAGs
[2024-02-21T12:12:47.290+0000] {logging_mixin.py:188} INFO - [2024-02-21T12:12:47.290+0000] {dag.py:3823} INFO - Setting next_dagrun for quarta_dag to None, run_after=None
[2024-02-21T12:12:47.305+0000] {processor.py:183} INFO - Processing /opt/airflow/dags/quartadag.py took 0.068 seconds
[2024-02-21T12:12:52.625+0000] {processor.py:161} INFO - Started process (PID=377) to work on /opt/airflow/dags/quartadag.py
[2024-02-21T12:12:52.626+0000] {processor.py:830} INFO - Processing file /opt/airflow/dags/quartadag.py for tasks to queue
[2024-02-21T12:12:52.627+0000] {logging_mixin.py:188} INFO - [2024-02-21T12:12:52.627+0000] {dagbag.py:538} INFO - Filling up the DagBag from /opt/airflow/dags/quartadag.py
[2024-02-21T12:12:52.636+0000] {processor.py:840} INFO - DAG(s) 'quarta_dag' retrieved from /opt/airflow/dags/quartadag.py
[2024-02-21T12:12:52.659+0000] {logging_mixin.py:188} INFO - [2024-02-21T12:12:52.659+0000] {dag.py:3036} INFO - Sync 1 DAGs
[2024-02-21T12:12:52.670+0000] {logging_mixin.py:188} INFO - [2024-02-21T12:12:52.670+0000] {dag.py:3823} INFO - Setting next_dagrun for quarta_dag to None, run_after=None
[2024-02-21T12:12:52.687+0000] {processor.py:183} INFO - Processing /opt/airflow/dags/quartadag.py took 0.065 seconds
[2024-02-21T12:12:58.095+0000] {processor.py:161} INFO - Started process (PID=393) to work on /opt/airflow/dags/quartadag.py
[2024-02-21T12:12:58.096+0000] {processor.py:830} INFO - Processing file /opt/airflow/dags/quartadag.py for tasks to queue
[2024-02-21T12:12:58.098+0000] {logging_mixin.py:188} INFO - [2024-02-21T12:12:58.098+0000] {dagbag.py:538} INFO - Filling up the DagBag from /opt/airflow/dags/quartadag.py
[2024-02-21T12:12:58.107+0000] {processor.py:840} INFO - DAG(s) 'quarta_dag' retrieved from /opt/airflow/dags/quartadag.py
[2024-02-21T12:12:58.132+0000] {logging_mixin.py:188} INFO - [2024-02-21T12:12:58.131+0000] {dag.py:3036} INFO - Sync 1 DAGs
[2024-02-21T12:12:58.144+0000] {logging_mixin.py:188} INFO - [2024-02-21T12:12:58.143+0000] {dag.py:3823} INFO - Setting next_dagrun for quarta_dag to None, run_after=None
[2024-02-21T12:12:58.161+0000] {processor.py:183} INFO - Processing /opt/airflow/dags/quartadag.py took 0.069 seconds
[2024-02-21T12:13:03.584+0000] {processor.py:161} INFO - Started process (PID=401) to work on /opt/airflow/dags/quartadag.py
[2024-02-21T12:13:03.585+0000] {processor.py:830} INFO - Processing file /opt/airflow/dags/quartadag.py for tasks to queue
[2024-02-21T12:13:03.587+0000] {logging_mixin.py:188} INFO - [2024-02-21T12:13:03.587+0000] {dagbag.py:538} INFO - Filling up the DagBag from /opt/airflow/dags/quartadag.py
[2024-02-21T12:13:03.596+0000] {processor.py:840} INFO - DAG(s) 'quarta_dag' retrieved from /opt/airflow/dags/quartadag.py
[2024-02-21T12:13:03.622+0000] {logging_mixin.py:188} INFO - [2024-02-21T12:13:03.621+0000] {dag.py:3036} INFO - Sync 1 DAGs
[2024-02-21T12:13:03.633+0000] {logging_mixin.py:188} INFO - [2024-02-21T12:13:03.632+0000] {dag.py:3823} INFO - Setting next_dagrun for quarta_dag to None, run_after=None
[2024-02-21T12:13:03.649+0000] {processor.py:183} INFO - Processing /opt/airflow/dags/quartadag.py took 0.068 seconds
[2024-02-21T12:13:09.074+0000] {processor.py:161} INFO - Started process (PID=420) to work on /opt/airflow/dags/quartadag.py
[2024-02-21T12:13:09.075+0000] {processor.py:830} INFO - Processing file /opt/airflow/dags/quartadag.py for tasks to queue
[2024-02-21T12:13:09.077+0000] {logging_mixin.py:188} INFO - [2024-02-21T12:13:09.077+0000] {dagbag.py:538} INFO - Filling up the DagBag from /opt/airflow/dags/quartadag.py
[2024-02-21T12:13:09.089+0000] {processor.py:840} INFO - DAG(s) 'quarta_dag' retrieved from /opt/airflow/dags/quartadag.py
[2024-02-21T12:13:09.118+0000] {logging_mixin.py:188} INFO - [2024-02-21T12:13:09.117+0000] {dag.py:3036} INFO - Sync 1 DAGs
[2024-02-21T12:13:09.132+0000] {logging_mixin.py:188} INFO - [2024-02-21T12:13:09.131+0000] {dag.py:3823} INFO - Setting next_dagrun for quarta_dag to None, run_after=None
[2024-02-21T12:13:09.154+0000] {processor.py:183} INFO - Processing /opt/airflow/dags/quartadag.py took 0.083 seconds
[2024-02-21T12:13:14.560+0000] {processor.py:161} INFO - Started process (PID=433) to work on /opt/airflow/dags/quartadag.py
[2024-02-21T12:13:14.561+0000] {processor.py:830} INFO - Processing file /opt/airflow/dags/quartadag.py for tasks to queue
[2024-02-21T12:13:14.563+0000] {logging_mixin.py:188} INFO - [2024-02-21T12:13:14.562+0000] {dagbag.py:538} INFO - Filling up the DagBag from /opt/airflow/dags/quartadag.py
[2024-02-21T12:13:14.571+0000] {processor.py:840} INFO - DAG(s) 'quarta_dag' retrieved from /opt/airflow/dags/quartadag.py
[2024-02-21T12:13:14.595+0000] {logging_mixin.py:188} INFO - [2024-02-21T12:13:14.594+0000] {dag.py:3036} INFO - Sync 1 DAGs
[2024-02-21T12:13:14.606+0000] {logging_mixin.py:188} INFO - [2024-02-21T12:13:14.605+0000] {dag.py:3823} INFO - Setting next_dagrun for quarta_dag to None, run_after=None
[2024-02-21T12:13:14.621+0000] {processor.py:183} INFO - Processing /opt/airflow/dags/quartadag.py took 0.064 seconds
[2024-02-21T12:13:20.028+0000] {processor.py:161} INFO - Started process (PID=441) to work on /opt/airflow/dags/quartadag.py
[2024-02-21T12:13:20.029+0000] {processor.py:830} INFO - Processing file /opt/airflow/dags/quartadag.py for tasks to queue
[2024-02-21T12:13:20.031+0000] {logging_mixin.py:188} INFO - [2024-02-21T12:13:20.031+0000] {dagbag.py:538} INFO - Filling up the DagBag from /opt/airflow/dags/quartadag.py
[2024-02-21T12:13:20.041+0000] {processor.py:840} INFO - DAG(s) 'quarta_dag' retrieved from /opt/airflow/dags/quartadag.py
[2024-02-21T12:13:20.067+0000] {logging_mixin.py:188} INFO - [2024-02-21T12:13:20.066+0000] {dag.py:3036} INFO - Sync 1 DAGs
[2024-02-21T12:13:20.078+0000] {logging_mixin.py:188} INFO - [2024-02-21T12:13:20.078+0000] {dag.py:3823} INFO - Setting next_dagrun for quarta_dag to None, run_after=None
[2024-02-21T12:13:20.098+0000] {processor.py:183} INFO - Processing /opt/airflow/dags/quartadag.py took 0.073 seconds
[2024-02-21T12:13:25.432+0000] {processor.py:161} INFO - Started process (PID=457) to work on /opt/airflow/dags/quartadag.py
[2024-02-21T12:13:25.433+0000] {processor.py:830} INFO - Processing file /opt/airflow/dags/quartadag.py for tasks to queue
[2024-02-21T12:13:25.435+0000] {logging_mixin.py:188} INFO - [2024-02-21T12:13:25.435+0000] {dagbag.py:538} INFO - Filling up the DagBag from /opt/airflow/dags/quartadag.py
[2024-02-21T12:13:25.445+0000] {processor.py:840} INFO - DAG(s) 'quarta_dag' retrieved from /opt/airflow/dags/quartadag.py
[2024-02-21T12:13:25.471+0000] {logging_mixin.py:188} INFO - [2024-02-21T12:13:25.471+0000] {dag.py:3036} INFO - Sync 1 DAGs
[2024-02-21T12:13:25.483+0000] {logging_mixin.py:188} INFO - [2024-02-21T12:13:25.483+0000] {dag.py:3823} INFO - Setting next_dagrun for quarta_dag to None, run_after=None
[2024-02-21T12:13:25.503+0000] {processor.py:183} INFO - Processing /opt/airflow/dags/quartadag.py took 0.075 seconds
[2024-02-21T12:13:30.845+0000] {processor.py:161} INFO - Started process (PID=465) to work on /opt/airflow/dags/quartadag.py
[2024-02-21T12:13:30.845+0000] {processor.py:830} INFO - Processing file /opt/airflow/dags/quartadag.py for tasks to queue
[2024-02-21T12:13:30.847+0000] {logging_mixin.py:188} INFO - [2024-02-21T12:13:30.847+0000] {dagbag.py:538} INFO - Filling up the DagBag from /opt/airflow/dags/quartadag.py
[2024-02-21T12:13:30.857+0000] {processor.py:840} INFO - DAG(s) 'quarta_dag' retrieved from /opt/airflow/dags/quartadag.py
[2024-02-21T12:13:30.882+0000] {logging_mixin.py:188} INFO - [2024-02-21T12:13:30.882+0000] {dag.py:3036} INFO - Sync 1 DAGs
[2024-02-21T12:13:30.894+0000] {logging_mixin.py:188} INFO - [2024-02-21T12:13:30.894+0000] {dag.py:3823} INFO - Setting next_dagrun for quarta_dag to None, run_after=None
[2024-02-21T12:13:30.911+0000] {processor.py:183} INFO - Processing /opt/airflow/dags/quartadag.py took 0.069 seconds
[2024-02-21T12:13:36.220+0000] {processor.py:161} INFO - Started process (PID=485) to work on /opt/airflow/dags/quartadag.py
[2024-02-21T12:13:36.221+0000] {processor.py:830} INFO - Processing file /opt/airflow/dags/quartadag.py for tasks to queue
[2024-02-21T12:13:36.223+0000] {logging_mixin.py:188} INFO - [2024-02-21T12:13:36.222+0000] {dagbag.py:538} INFO - Filling up the DagBag from /opt/airflow/dags/quartadag.py
[2024-02-21T12:13:36.232+0000] {processor.py:840} INFO - DAG(s) 'quarta_dag' retrieved from /opt/airflow/dags/quartadag.py
[2024-02-21T12:13:36.256+0000] {logging_mixin.py:188} INFO - [2024-02-21T12:13:36.256+0000] {dag.py:3036} INFO - Sync 1 DAGs
[2024-02-21T12:13:36.267+0000] {logging_mixin.py:188} INFO - [2024-02-21T12:13:36.267+0000] {dag.py:3823} INFO - Setting next_dagrun for quarta_dag to None, run_after=None
[2024-02-21T12:13:36.284+0000] {processor.py:183} INFO - Processing /opt/airflow/dags/quartadag.py took 0.067 seconds
[2024-02-21T12:13:41.694+0000] {processor.py:161} INFO - Started process (PID=493) to work on /opt/airflow/dags/quartadag.py
[2024-02-21T12:13:41.695+0000] {processor.py:830} INFO - Processing file /opt/airflow/dags/quartadag.py for tasks to queue
[2024-02-21T12:13:41.697+0000] {logging_mixin.py:188} INFO - [2024-02-21T12:13:41.697+0000] {dagbag.py:538} INFO - Filling up the DagBag from /opt/airflow/dags/quartadag.py
[2024-02-21T12:13:41.706+0000] {processor.py:840} INFO - DAG(s) 'quarta_dag' retrieved from /opt/airflow/dags/quartadag.py
[2024-02-21T12:13:41.729+0000] {logging_mixin.py:188} INFO - [2024-02-21T12:13:41.729+0000] {dag.py:3036} INFO - Sync 1 DAGs
[2024-02-21T12:13:41.739+0000] {logging_mixin.py:188} INFO - [2024-02-21T12:13:41.738+0000] {dag.py:3823} INFO - Setting next_dagrun for quarta_dag to None, run_after=None
[2024-02-21T12:13:41.754+0000] {processor.py:183} INFO - Processing /opt/airflow/dags/quartadag.py took 0.062 seconds
[2024-02-21T12:13:47.153+0000] {processor.py:161} INFO - Started process (PID=509) to work on /opt/airflow/dags/quartadag.py
[2024-02-21T12:13:47.154+0000] {processor.py:830} INFO - Processing file /opt/airflow/dags/quartadag.py for tasks to queue
[2024-02-21T12:13:47.156+0000] {logging_mixin.py:188} INFO - [2024-02-21T12:13:47.155+0000] {dagbag.py:538} INFO - Filling up the DagBag from /opt/airflow/dags/quartadag.py
[2024-02-21T12:13:47.165+0000] {processor.py:840} INFO - DAG(s) 'quarta_dag' retrieved from /opt/airflow/dags/quartadag.py
[2024-02-21T12:13:47.196+0000] {logging_mixin.py:188} INFO - [2024-02-21T12:13:47.196+0000] {dag.py:3036} INFO - Sync 1 DAGs
[2024-02-21T12:13:47.210+0000] {logging_mixin.py:188} INFO - [2024-02-21T12:13:47.210+0000] {dag.py:3823} INFO - Setting next_dagrun for quarta_dag to None, run_after=None
[2024-02-21T12:13:47.227+0000] {processor.py:183} INFO - Processing /opt/airflow/dags/quartadag.py took 0.077 seconds
[2024-02-21T12:13:52.549+0000] {processor.py:161} INFO - Started process (PID=517) to work on /opt/airflow/dags/quartadag.py
[2024-02-21T12:13:52.550+0000] {processor.py:830} INFO - Processing file /opt/airflow/dags/quartadag.py for tasks to queue
[2024-02-21T12:13:52.552+0000] {logging_mixin.py:188} INFO - [2024-02-21T12:13:52.551+0000] {dagbag.py:538} INFO - Filling up the DagBag from /opt/airflow/dags/quartadag.py
[2024-02-21T12:13:52.561+0000] {processor.py:840} INFO - DAG(s) 'quarta_dag' retrieved from /opt/airflow/dags/quartadag.py
[2024-02-21T12:13:52.584+0000] {logging_mixin.py:188} INFO - [2024-02-21T12:13:52.584+0000] {dag.py:3036} INFO - Sync 1 DAGs
[2024-02-21T12:13:52.595+0000] {logging_mixin.py:188} INFO - [2024-02-21T12:13:52.595+0000] {dag.py:3823} INFO - Setting next_dagrun for quarta_dag to None, run_after=None
[2024-02-21T12:13:52.611+0000] {processor.py:183} INFO - Processing /opt/airflow/dags/quartadag.py took 0.064 seconds
[2024-02-21T12:13:57.912+0000] {processor.py:161} INFO - Started process (PID=525) to work on /opt/airflow/dags/quartadag.py
[2024-02-21T12:13:57.913+0000] {processor.py:830} INFO - Processing file /opt/airflow/dags/quartadag.py for tasks to queue
[2024-02-21T12:13:57.914+0000] {logging_mixin.py:188} INFO - [2024-02-21T12:13:57.914+0000] {dagbag.py:538} INFO - Filling up the DagBag from /opt/airflow/dags/quartadag.py
[2024-02-21T12:13:57.923+0000] {processor.py:840} INFO - DAG(s) 'quarta_dag' retrieved from /opt/airflow/dags/quartadag.py
[2024-02-21T12:13:57.946+0000] {logging_mixin.py:188} INFO - [2024-02-21T12:13:57.946+0000] {dag.py:3036} INFO - Sync 1 DAGs
[2024-02-21T12:13:57.957+0000] {logging_mixin.py:188} INFO - [2024-02-21T12:13:57.956+0000] {dag.py:3823} INFO - Setting next_dagrun for quarta_dag to None, run_after=None
[2024-02-21T12:13:57.974+0000] {processor.py:183} INFO - Processing /opt/airflow/dags/quartadag.py took 0.065 seconds
[2024-02-21T12:14:03.291+0000] {processor.py:161} INFO - Started process (PID=541) to work on /opt/airflow/dags/quartadag.py
[2024-02-21T12:14:03.291+0000] {processor.py:830} INFO - Processing file /opt/airflow/dags/quartadag.py for tasks to queue
[2024-02-21T12:14:03.293+0000] {logging_mixin.py:188} INFO - [2024-02-21T12:14:03.292+0000] {dagbag.py:538} INFO - Filling up the DagBag from /opt/airflow/dags/quartadag.py
[2024-02-21T12:14:03.302+0000] {processor.py:840} INFO - DAG(s) 'quarta_dag' retrieved from /opt/airflow/dags/quartadag.py
[2024-02-21T12:14:03.331+0000] {logging_mixin.py:188} INFO - [2024-02-21T12:14:03.331+0000] {dag.py:3036} INFO - Sync 1 DAGs
[2024-02-21T12:14:03.344+0000] {logging_mixin.py:188} INFO - [2024-02-21T12:14:03.344+0000] {dag.py:3823} INFO - Setting next_dagrun for quarta_dag to None, run_after=None
[2024-02-21T12:14:03.366+0000] {processor.py:183} INFO - Processing /opt/airflow/dags/quartadag.py took 0.078 seconds
[2024-02-21T12:14:08.744+0000] {processor.py:161} INFO - Started process (PID=549) to work on /opt/airflow/dags/quartadag.py
[2024-02-21T12:14:08.744+0000] {processor.py:830} INFO - Processing file /opt/airflow/dags/quartadag.py for tasks to queue
[2024-02-21T12:14:08.746+0000] {logging_mixin.py:188} INFO - [2024-02-21T12:14:08.746+0000] {dagbag.py:538} INFO - Filling up the DagBag from /opt/airflow/dags/quartadag.py
[2024-02-21T12:14:08.755+0000] {processor.py:840} INFO - DAG(s) 'quarta_dag' retrieved from /opt/airflow/dags/quartadag.py
[2024-02-21T12:14:08.779+0000] {logging_mixin.py:188} INFO - [2024-02-21T12:14:08.778+0000] {dag.py:3036} INFO - Sync 1 DAGs
[2024-02-21T12:14:08.789+0000] {logging_mixin.py:188} INFO - [2024-02-21T12:14:08.788+0000] {dag.py:3823} INFO - Setting next_dagrun for quarta_dag to None, run_after=None
[2024-02-21T12:14:08.805+0000] {processor.py:183} INFO - Processing /opt/airflow/dags/quartadag.py took 0.064 seconds
[2024-02-21T12:14:15.633+0000] {processor.py:161} INFO - Started process (PID=565) to work on /opt/airflow/dags/quartadag.py
[2024-02-21T12:14:15.634+0000] {processor.py:830} INFO - Processing file /opt/airflow/dags/quartadag.py for tasks to queue
[2024-02-21T12:14:15.636+0000] {logging_mixin.py:188} INFO - [2024-02-21T12:14:15.636+0000] {dagbag.py:538} INFO - Filling up the DagBag from /opt/airflow/dags/quartadag.py
[2024-02-21T12:14:15.650+0000] {processor.py:840} INFO - DAG(s) 'quarta_dag' retrieved from /opt/airflow/dags/quartadag.py
[2024-02-21T12:14:15.685+0000] {logging_mixin.py:188} INFO - [2024-02-21T12:14:15.684+0000] {dag.py:3036} INFO - Sync 1 DAGs
[2024-02-21T12:14:15.701+0000] {logging_mixin.py:188} INFO - [2024-02-21T12:14:15.701+0000] {dag.py:3823} INFO - Setting next_dagrun for quarta_dag to None, run_after=None
[2024-02-21T12:14:15.725+0000] {processor.py:183} INFO - Processing /opt/airflow/dags/quartadag.py took 0.095 seconds
[2024-02-21T12:14:21.275+0000] {processor.py:161} INFO - Started process (PID=573) to work on /opt/airflow/dags/quartadag.py
[2024-02-21T12:14:21.276+0000] {processor.py:830} INFO - Processing file /opt/airflow/dags/quartadag.py for tasks to queue
[2024-02-21T12:14:21.278+0000] {logging_mixin.py:188} INFO - [2024-02-21T12:14:21.277+0000] {dagbag.py:538} INFO - Filling up the DagBag from /opt/airflow/dags/quartadag.py
[2024-02-21T12:14:21.296+0000] {processor.py:840} INFO - DAG(s) 'quarta_dag' retrieved from /opt/airflow/dags/quartadag.py
[2024-02-21T12:14:21.343+0000] {logging_mixin.py:188} INFO - [2024-02-21T12:14:21.342+0000] {dag.py:3036} INFO - Sync 1 DAGs
[2024-02-21T12:14:21.355+0000] {logging_mixin.py:188} INFO - [2024-02-21T12:14:21.354+0000] {dag.py:3823} INFO - Setting next_dagrun for quarta_dag to None, run_after=None
[2024-02-21T12:14:21.371+0000] {processor.py:183} INFO - Processing /opt/airflow/dags/quartadag.py took 0.099 seconds
[2024-02-21T12:14:26.799+0000] {processor.py:161} INFO - Started process (PID=589) to work on /opt/airflow/dags/quartadag.py
[2024-02-21T12:14:26.800+0000] {processor.py:830} INFO - Processing file /opt/airflow/dags/quartadag.py for tasks to queue
[2024-02-21T12:14:26.802+0000] {logging_mixin.py:188} INFO - [2024-02-21T12:14:26.801+0000] {dagbag.py:538} INFO - Filling up the DagBag from /opt/airflow/dags/quartadag.py
[2024-02-21T12:14:26.814+0000] {processor.py:840} INFO - DAG(s) 'quarta_dag' retrieved from /opt/airflow/dags/quartadag.py
[2024-02-21T12:14:26.840+0000] {logging_mixin.py:188} INFO - [2024-02-21T12:14:26.839+0000] {dag.py:3036} INFO - Sync 1 DAGs
[2024-02-21T12:14:26.854+0000] {logging_mixin.py:188} INFO - [2024-02-21T12:14:26.854+0000] {dag.py:3823} INFO - Setting next_dagrun for quarta_dag to None, run_after=None
[2024-02-21T12:14:26.873+0000] {processor.py:183} INFO - Processing /opt/airflow/dags/quartadag.py took 0.077 seconds
[2024-02-21T12:14:32.292+0000] {processor.py:161} INFO - Started process (PID=597) to work on /opt/airflow/dags/quartadag.py
[2024-02-21T12:14:32.293+0000] {processor.py:830} INFO - Processing file /opt/airflow/dags/quartadag.py for tasks to queue
[2024-02-21T12:14:32.295+0000] {logging_mixin.py:188} INFO - [2024-02-21T12:14:32.294+0000] {dagbag.py:538} INFO - Filling up the DagBag from /opt/airflow/dags/quartadag.py
[2024-02-21T12:14:32.304+0000] {processor.py:840} INFO - DAG(s) 'quarta_dag' retrieved from /opt/airflow/dags/quartadag.py
[2024-02-21T12:14:32.328+0000] {logging_mixin.py:188} INFO - [2024-02-21T12:14:32.328+0000] {dag.py:3036} INFO - Sync 1 DAGs
[2024-02-21T12:14:32.339+0000] {logging_mixin.py:188} INFO - [2024-02-21T12:14:32.339+0000] {dag.py:3823} INFO - Setting next_dagrun for quarta_dag to None, run_after=None
[2024-02-21T12:14:32.356+0000] {processor.py:183} INFO - Processing /opt/airflow/dags/quartadag.py took 0.067 seconds
[2024-02-21T12:14:37.771+0000] {processor.py:161} INFO - Started process (PID=613) to work on /opt/airflow/dags/quartadag.py
[2024-02-21T12:14:37.772+0000] {processor.py:830} INFO - Processing file /opt/airflow/dags/quartadag.py for tasks to queue
[2024-02-21T12:14:37.774+0000] {logging_mixin.py:188} INFO - [2024-02-21T12:14:37.774+0000] {dagbag.py:538} INFO - Filling up the DagBag from /opt/airflow/dags/quartadag.py
[2024-02-21T12:14:37.785+0000] {processor.py:840} INFO - DAG(s) 'quarta_dag' retrieved from /opt/airflow/dags/quartadag.py
[2024-02-21T12:14:37.814+0000] {logging_mixin.py:188} INFO - [2024-02-21T12:14:37.814+0000] {dag.py:3036} INFO - Sync 1 DAGs
[2024-02-21T12:14:37.827+0000] {logging_mixin.py:188} INFO - [2024-02-21T12:14:37.827+0000] {dag.py:3823} INFO - Setting next_dagrun for quarta_dag to None, run_after=None
[2024-02-21T12:14:37.848+0000] {processor.py:183} INFO - Processing /opt/airflow/dags/quartadag.py took 0.080 seconds
[2024-02-21T12:14:43.289+0000] {processor.py:161} INFO - Started process (PID=621) to work on /opt/airflow/dags/quartadag.py
[2024-02-21T12:14:43.290+0000] {processor.py:830} INFO - Processing file /opt/airflow/dags/quartadag.py for tasks to queue
[2024-02-21T12:14:43.292+0000] {logging_mixin.py:188} INFO - [2024-02-21T12:14:43.291+0000] {dagbag.py:538} INFO - Filling up the DagBag from /opt/airflow/dags/quartadag.py
[2024-02-21T12:14:43.301+0000] {processor.py:840} INFO - DAG(s) 'quarta_dag' retrieved from /opt/airflow/dags/quartadag.py
[2024-02-21T12:14:43.325+0000] {logging_mixin.py:188} INFO - [2024-02-21T12:14:43.324+0000] {dag.py:3036} INFO - Sync 1 DAGs
[2024-02-21T12:14:43.336+0000] {logging_mixin.py:188} INFO - [2024-02-21T12:14:43.335+0000] {dag.py:3823} INFO - Setting next_dagrun for quarta_dag to None, run_after=None
[2024-02-21T12:14:43.352+0000] {processor.py:183} INFO - Processing /opt/airflow/dags/quartadag.py took 0.065 seconds
