[2024-02-21T12:10:14.812+0000] {processor.py:161} INFO - Started process (PID=51) to work on /opt/airflow/dags/segunda dag.py
[2024-02-21T12:10:14.813+0000] {processor.py:830} INFO - Processing file /opt/airflow/dags/segunda dag.py for tasks to queue
[2024-02-21T12:10:14.815+0000] {logging_mixin.py:188} INFO - [2024-02-21T12:10:14.815+0000] {dagbag.py:538} INFO - Filling up the DagBag from /opt/airflow/dags/segunda dag.py
[2024-02-21T12:10:14.825+0000] {processor.py:840} INFO - DAG(s) 'segundaa_dag' retrieved from /opt/airflow/dags/segunda dag.py
[2024-02-21T12:10:14.856+0000] {logging_mixin.py:188} INFO - [2024-02-21T12:10:14.855+0000] {dag.py:3036} INFO - Sync 1 DAGs
[2024-02-21T12:10:14.868+0000] {logging_mixin.py:188} INFO - [2024-02-21T12:10:14.867+0000] {dag.py:3823} INFO - Setting next_dagrun for segundaa_dag to None, run_after=None
[2024-02-21T12:10:14.887+0000] {processor.py:183} INFO - Processing /opt/airflow/dags/segunda dag.py took 0.078 seconds
[2024-02-21T12:10:20.223+0000] {processor.py:161} INFO - Started process (PID=59) to work on /opt/airflow/dags/segunda dag.py
[2024-02-21T12:10:20.224+0000] {processor.py:830} INFO - Processing file /opt/airflow/dags/segunda dag.py for tasks to queue
[2024-02-21T12:10:20.225+0000] {logging_mixin.py:188} INFO - [2024-02-21T12:10:20.225+0000] {dagbag.py:538} INFO - Filling up the DagBag from /opt/airflow/dags/segunda dag.py
[2024-02-21T12:10:20.233+0000] {processor.py:840} INFO - DAG(s) 'segundaa_dag' retrieved from /opt/airflow/dags/segunda dag.py
[2024-02-21T12:10:20.258+0000] {logging_mixin.py:188} INFO - [2024-02-21T12:10:20.258+0000] {dag.py:3036} INFO - Sync 1 DAGs
[2024-02-21T12:10:20.269+0000] {logging_mixin.py:188} INFO - [2024-02-21T12:10:20.268+0000] {dag.py:3823} INFO - Setting next_dagrun for segundaa_dag to None, run_after=None
[2024-02-21T12:10:20.285+0000] {processor.py:183} INFO - Processing /opt/airflow/dags/segunda dag.py took 0.064 seconds
[2024-02-21T12:10:25.507+0000] {processor.py:161} INFO - Started process (PID=75) to work on /opt/airflow/dags/segunda dag.py
[2024-02-21T12:10:25.507+0000] {processor.py:830} INFO - Processing file /opt/airflow/dags/segunda dag.py for tasks to queue
[2024-02-21T12:10:25.509+0000] {logging_mixin.py:188} INFO - [2024-02-21T12:10:25.508+0000] {dagbag.py:538} INFO - Filling up the DagBag from /opt/airflow/dags/segunda dag.py
[2024-02-21T12:10:25.517+0000] {processor.py:840} INFO - DAG(s) 'segundaa_dag' retrieved from /opt/airflow/dags/segunda dag.py
[2024-02-21T12:10:25.541+0000] {logging_mixin.py:188} INFO - [2024-02-21T12:10:25.541+0000] {dag.py:3036} INFO - Sync 1 DAGs
[2024-02-21T12:10:25.551+0000] {logging_mixin.py:188} INFO - [2024-02-21T12:10:25.551+0000] {dag.py:3823} INFO - Setting next_dagrun for segundaa_dag to None, run_after=None
[2024-02-21T12:10:25.567+0000] {processor.py:183} INFO - Processing /opt/airflow/dags/segunda dag.py took 0.063 seconds
[2024-02-21T12:10:30.908+0000] {processor.py:161} INFO - Started process (PID=83) to work on /opt/airflow/dags/segunda dag.py
[2024-02-21T12:10:30.909+0000] {processor.py:830} INFO - Processing file /opt/airflow/dags/segunda dag.py for tasks to queue
[2024-02-21T12:10:30.910+0000] {logging_mixin.py:188} INFO - [2024-02-21T12:10:30.910+0000] {dagbag.py:538} INFO - Filling up the DagBag from /opt/airflow/dags/segunda dag.py
[2024-02-21T12:10:30.922+0000] {processor.py:840} INFO - DAG(s) 'segundaa_dag' retrieved from /opt/airflow/dags/segunda dag.py
[2024-02-21T12:10:30.946+0000] {logging_mixin.py:188} INFO - [2024-02-21T12:10:30.946+0000] {dag.py:3036} INFO - Sync 1 DAGs
[2024-02-21T12:10:30.956+0000] {logging_mixin.py:188} INFO - [2024-02-21T12:10:30.956+0000] {dag.py:3823} INFO - Setting next_dagrun for segundaa_dag to None, run_after=None
[2024-02-21T12:10:30.977+0000] {processor.py:183} INFO - Processing /opt/airflow/dags/segunda dag.py took 0.072 seconds
[2024-02-21T12:10:36.507+0000] {processor.py:161} INFO - Started process (PID=91) to work on /opt/airflow/dags/segunda dag.py
[2024-02-21T12:10:36.507+0000] {processor.py:830} INFO - Processing file /opt/airflow/dags/segunda dag.py for tasks to queue
[2024-02-21T12:10:36.509+0000] {logging_mixin.py:188} INFO - [2024-02-21T12:10:36.509+0000] {dagbag.py:538} INFO - Filling up the DagBag from /opt/airflow/dags/segunda dag.py
[2024-02-21T12:10:36.522+0000] {processor.py:840} INFO - DAG(s) 'segundaa_dag' retrieved from /opt/airflow/dags/segunda dag.py
[2024-02-21T12:10:36.546+0000] {logging_mixin.py:188} INFO - [2024-02-21T12:10:36.546+0000] {dag.py:3036} INFO - Sync 1 DAGs
[2024-02-21T12:10:36.559+0000] {logging_mixin.py:188} INFO - [2024-02-21T12:10:36.559+0000] {dag.py:3823} INFO - Setting next_dagrun for segundaa_dag to None, run_after=None
[2024-02-21T12:10:36.579+0000] {processor.py:183} INFO - Processing /opt/airflow/dags/segunda dag.py took 0.075 seconds
[2024-02-21T12:10:41.988+0000] {processor.py:161} INFO - Started process (PID=107) to work on /opt/airflow/dags/segunda dag.py
[2024-02-21T12:10:41.989+0000] {processor.py:830} INFO - Processing file /opt/airflow/dags/segunda dag.py for tasks to queue
[2024-02-21T12:10:41.992+0000] {logging_mixin.py:188} INFO - [2024-02-21T12:10:41.991+0000] {dagbag.py:538} INFO - Filling up the DagBag from /opt/airflow/dags/segunda dag.py
[2024-02-21T12:10:42.007+0000] {processor.py:840} INFO - DAG(s) 'segundaa_dag' retrieved from /opt/airflow/dags/segunda dag.py
[2024-02-21T12:10:42.038+0000] {logging_mixin.py:188} INFO - [2024-02-21T12:10:42.038+0000] {dag.py:3036} INFO - Sync 1 DAGs
[2024-02-21T12:10:42.049+0000] {logging_mixin.py:188} INFO - [2024-02-21T12:10:42.049+0000] {dag.py:3823} INFO - Setting next_dagrun for segundaa_dag to None, run_after=None
[2024-02-21T12:10:42.065+0000] {processor.py:183} INFO - Processing /opt/airflow/dags/segunda dag.py took 0.082 seconds
[2024-02-21T12:10:47.498+0000] {processor.py:161} INFO - Started process (PID=115) to work on /opt/airflow/dags/segunda dag.py
[2024-02-21T12:10:47.499+0000] {processor.py:830} INFO - Processing file /opt/airflow/dags/segunda dag.py for tasks to queue
[2024-02-21T12:10:47.500+0000] {logging_mixin.py:188} INFO - [2024-02-21T12:10:47.500+0000] {dagbag.py:538} INFO - Filling up the DagBag from /opt/airflow/dags/segunda dag.py
[2024-02-21T12:10:47.510+0000] {processor.py:840} INFO - DAG(s) 'segundaa_dag' retrieved from /opt/airflow/dags/segunda dag.py
[2024-02-21T12:10:47.535+0000] {logging_mixin.py:188} INFO - [2024-02-21T12:10:47.535+0000] {dag.py:3036} INFO - Sync 1 DAGs
[2024-02-21T12:10:47.546+0000] {logging_mixin.py:188} INFO - [2024-02-21T12:10:47.546+0000] {dag.py:3823} INFO - Setting next_dagrun for segundaa_dag to None, run_after=None
[2024-02-21T12:10:47.565+0000] {processor.py:183} INFO - Processing /opt/airflow/dags/segunda dag.py took 0.070 seconds
[2024-02-21T12:10:52.907+0000] {processor.py:161} INFO - Started process (PID=131) to work on /opt/airflow/dags/segunda dag.py
[2024-02-21T12:10:52.909+0000] {processor.py:830} INFO - Processing file /opt/airflow/dags/segunda dag.py for tasks to queue
[2024-02-21T12:10:52.911+0000] {logging_mixin.py:188} INFO - [2024-02-21T12:10:52.910+0000] {dagbag.py:538} INFO - Filling up the DagBag from /opt/airflow/dags/segunda dag.py
[2024-02-21T12:10:52.923+0000] {processor.py:840} INFO - DAG(s) 'segundaa_dag' retrieved from /opt/airflow/dags/segunda dag.py
[2024-02-21T12:10:52.948+0000] {logging_mixin.py:188} INFO - [2024-02-21T12:10:52.948+0000] {dag.py:3036} INFO - Sync 1 DAGs
[2024-02-21T12:10:52.960+0000] {logging_mixin.py:188} INFO - [2024-02-21T12:10:52.960+0000] {dag.py:3823} INFO - Setting next_dagrun for segundaa_dag to None, run_after=None
[2024-02-21T12:10:52.980+0000] {processor.py:183} INFO - Processing /opt/airflow/dags/segunda dag.py took 0.076 seconds
[2024-02-21T12:10:58.356+0000] {processor.py:161} INFO - Started process (PID=139) to work on /opt/airflow/dags/segunda dag.py
[2024-02-21T12:10:58.357+0000] {processor.py:830} INFO - Processing file /opt/airflow/dags/segunda dag.py for tasks to queue
[2024-02-21T12:10:58.358+0000] {logging_mixin.py:188} INFO - [2024-02-21T12:10:58.358+0000] {dagbag.py:538} INFO - Filling up the DagBag from /opt/airflow/dags/segunda dag.py
[2024-02-21T12:10:58.367+0000] {processor.py:840} INFO - DAG(s) 'segundaa_dag' retrieved from /opt/airflow/dags/segunda dag.py
[2024-02-21T12:10:58.391+0000] {logging_mixin.py:188} INFO - [2024-02-21T12:10:58.390+0000] {dag.py:3036} INFO - Sync 1 DAGs
[2024-02-21T12:10:58.402+0000] {logging_mixin.py:188} INFO - [2024-02-21T12:10:58.402+0000] {dag.py:3823} INFO - Setting next_dagrun for segundaa_dag to None, run_after=None
[2024-02-21T12:10:58.418+0000] {processor.py:183} INFO - Processing /opt/airflow/dags/segunda dag.py took 0.065 seconds
[2024-02-21T12:11:03.814+0000] {processor.py:161} INFO - Started process (PID=147) to work on /opt/airflow/dags/segunda dag.py
[2024-02-21T12:11:03.815+0000] {processor.py:830} INFO - Processing file /opt/airflow/dags/segunda dag.py for tasks to queue
[2024-02-21T12:11:03.816+0000] {logging_mixin.py:188} INFO - [2024-02-21T12:11:03.816+0000] {dagbag.py:538} INFO - Filling up the DagBag from /opt/airflow/dags/segunda dag.py
[2024-02-21T12:11:03.825+0000] {processor.py:840} INFO - DAG(s) 'segundaa_dag' retrieved from /opt/airflow/dags/segunda dag.py
[2024-02-21T12:11:03.849+0000] {logging_mixin.py:188} INFO - [2024-02-21T12:11:03.849+0000] {dag.py:3036} INFO - Sync 1 DAGs
[2024-02-21T12:11:03.860+0000] {logging_mixin.py:188} INFO - [2024-02-21T12:11:03.860+0000] {dag.py:3823} INFO - Setting next_dagrun for segundaa_dag to None, run_after=None
[2024-02-21T12:11:03.875+0000] {processor.py:183} INFO - Processing /opt/airflow/dags/segunda dag.py took 0.064 seconds
[2024-02-21T12:11:09.264+0000] {processor.py:161} INFO - Started process (PID=163) to work on /opt/airflow/dags/segunda dag.py
[2024-02-21T12:11:09.265+0000] {processor.py:830} INFO - Processing file /opt/airflow/dags/segunda dag.py for tasks to queue
[2024-02-21T12:11:09.266+0000] {logging_mixin.py:188} INFO - [2024-02-21T12:11:09.266+0000] {dagbag.py:538} INFO - Filling up the DagBag from /opt/airflow/dags/segunda dag.py
[2024-02-21T12:11:09.275+0000] {processor.py:840} INFO - DAG(s) 'segundaa_dag' retrieved from /opt/airflow/dags/segunda dag.py
[2024-02-21T12:11:09.298+0000] {logging_mixin.py:188} INFO - [2024-02-21T12:11:09.298+0000] {dag.py:3036} INFO - Sync 1 DAGs
[2024-02-21T12:11:09.308+0000] {logging_mixin.py:188} INFO - [2024-02-21T12:11:09.308+0000] {dag.py:3823} INFO - Setting next_dagrun for segundaa_dag to None, run_after=None
[2024-02-21T12:11:09.326+0000] {processor.py:183} INFO - Processing /opt/airflow/dags/segunda dag.py took 0.065 seconds
[2024-02-21T12:11:14.715+0000] {processor.py:161} INFO - Started process (PID=171) to work on /opt/airflow/dags/segunda dag.py
[2024-02-21T12:11:14.716+0000] {processor.py:830} INFO - Processing file /opt/airflow/dags/segunda dag.py for tasks to queue
[2024-02-21T12:11:14.718+0000] {logging_mixin.py:188} INFO - [2024-02-21T12:11:14.717+0000] {dagbag.py:538} INFO - Filling up the DagBag from /opt/airflow/dags/segunda dag.py
[2024-02-21T12:11:14.726+0000] {processor.py:840} INFO - DAG(s) 'segundaa_dag' retrieved from /opt/airflow/dags/segunda dag.py
[2024-02-21T12:11:14.750+0000] {logging_mixin.py:188} INFO - [2024-02-21T12:11:14.750+0000] {dag.py:3036} INFO - Sync 1 DAGs
[2024-02-21T12:11:14.761+0000] {logging_mixin.py:188} INFO - [2024-02-21T12:11:14.761+0000] {dag.py:3823} INFO - Setting next_dagrun for segundaa_dag to None, run_after=None
[2024-02-21T12:11:14.777+0000] {processor.py:183} INFO - Processing /opt/airflow/dags/segunda dag.py took 0.065 seconds
[2024-02-21T12:11:20.174+0000] {processor.py:161} INFO - Started process (PID=187) to work on /opt/airflow/dags/segunda dag.py
[2024-02-21T12:11:20.175+0000] {processor.py:830} INFO - Processing file /opt/airflow/dags/segunda dag.py for tasks to queue
[2024-02-21T12:11:20.176+0000] {logging_mixin.py:188} INFO - [2024-02-21T12:11:20.176+0000] {dagbag.py:538} INFO - Filling up the DagBag from /opt/airflow/dags/segunda dag.py
[2024-02-21T12:11:20.185+0000] {processor.py:840} INFO - DAG(s) 'segundaa_dag' retrieved from /opt/airflow/dags/segunda dag.py
[2024-02-21T12:11:20.209+0000] {logging_mixin.py:188} INFO - [2024-02-21T12:11:20.209+0000] {dag.py:3036} INFO - Sync 1 DAGs
[2024-02-21T12:11:20.220+0000] {logging_mixin.py:188} INFO - [2024-02-21T12:11:20.219+0000] {dag.py:3823} INFO - Setting next_dagrun for segundaa_dag to None, run_after=None
[2024-02-21T12:11:20.236+0000] {processor.py:183} INFO - Processing /opt/airflow/dags/segunda dag.py took 0.064 seconds
[2024-02-21T12:11:25.553+0000] {processor.py:161} INFO - Started process (PID=195) to work on /opt/airflow/dags/segunda dag.py
[2024-02-21T12:11:25.554+0000] {processor.py:830} INFO - Processing file /opt/airflow/dags/segunda dag.py for tasks to queue
[2024-02-21T12:11:25.556+0000] {logging_mixin.py:188} INFO - [2024-02-21T12:11:25.555+0000] {dagbag.py:538} INFO - Filling up the DagBag from /opt/airflow/dags/segunda dag.py
[2024-02-21T12:11:25.564+0000] {processor.py:840} INFO - DAG(s) 'segundaa_dag' retrieved from /opt/airflow/dags/segunda dag.py
[2024-02-21T12:11:25.588+0000] {logging_mixin.py:188} INFO - [2024-02-21T12:11:25.587+0000] {dag.py:3036} INFO - Sync 1 DAGs
[2024-02-21T12:11:25.599+0000] {logging_mixin.py:188} INFO - [2024-02-21T12:11:25.598+0000] {dag.py:3823} INFO - Setting next_dagrun for segundaa_dag to None, run_after=None
[2024-02-21T12:11:25.614+0000] {processor.py:183} INFO - Processing /opt/airflow/dags/segunda dag.py took 0.063 seconds
[2024-02-21T12:11:31.057+0000] {processor.py:161} INFO - Started process (PID=211) to work on /opt/airflow/dags/segunda dag.py
[2024-02-21T12:11:31.058+0000] {processor.py:830} INFO - Processing file /opt/airflow/dags/segunda dag.py for tasks to queue
[2024-02-21T12:11:31.060+0000] {logging_mixin.py:188} INFO - [2024-02-21T12:11:31.060+0000] {dagbag.py:538} INFO - Filling up the DagBag from /opt/airflow/dags/segunda dag.py
[2024-02-21T12:11:31.071+0000] {processor.py:840} INFO - DAG(s) 'segundaa_dag' retrieved from /opt/airflow/dags/segunda dag.py
[2024-02-21T12:11:31.098+0000] {logging_mixin.py:188} INFO - [2024-02-21T12:11:31.097+0000] {dag.py:3036} INFO - Sync 1 DAGs
[2024-02-21T12:11:31.110+0000] {logging_mixin.py:188} INFO - [2024-02-21T12:11:31.110+0000] {dag.py:3823} INFO - Setting next_dagrun for segundaa_dag to None, run_after=None
[2024-02-21T12:11:31.128+0000] {processor.py:183} INFO - Processing /opt/airflow/dags/segunda dag.py took 0.074 seconds
[2024-02-21T12:11:36.546+0000] {processor.py:161} INFO - Started process (PID=219) to work on /opt/airflow/dags/segunda dag.py
[2024-02-21T12:11:36.547+0000] {processor.py:830} INFO - Processing file /opt/airflow/dags/segunda dag.py for tasks to queue
[2024-02-21T12:11:36.549+0000] {logging_mixin.py:188} INFO - [2024-02-21T12:11:36.549+0000] {dagbag.py:538} INFO - Filling up the DagBag from /opt/airflow/dags/segunda dag.py
[2024-02-21T12:11:36.557+0000] {processor.py:840} INFO - DAG(s) 'segundaa_dag' retrieved from /opt/airflow/dags/segunda dag.py
[2024-02-21T12:11:36.580+0000] {logging_mixin.py:188} INFO - [2024-02-21T12:11:36.580+0000] {dag.py:3036} INFO - Sync 1 DAGs
[2024-02-21T12:11:36.590+0000] {logging_mixin.py:188} INFO - [2024-02-21T12:11:36.590+0000] {dag.py:3823} INFO - Setting next_dagrun for segundaa_dag to None, run_after=None
[2024-02-21T12:11:36.606+0000] {processor.py:183} INFO - Processing /opt/airflow/dags/segunda dag.py took 0.063 seconds
[2024-02-21T12:11:42.040+0000] {processor.py:161} INFO - Started process (PID=234) to work on /opt/airflow/dags/segunda dag.py
[2024-02-21T12:11:42.041+0000] {processor.py:830} INFO - Processing file /opt/airflow/dags/segunda dag.py for tasks to queue
[2024-02-21T12:11:42.043+0000] {logging_mixin.py:188} INFO - [2024-02-21T12:11:42.042+0000] {dagbag.py:538} INFO - Filling up the DagBag from /opt/airflow/dags/segunda dag.py
[2024-02-21T12:11:42.056+0000] {processor.py:840} INFO - DAG(s) 'segundaa_dag' retrieved from /opt/airflow/dags/segunda dag.py
[2024-02-21T12:11:42.093+0000] {logging_mixin.py:188} INFO - [2024-02-21T12:11:42.093+0000] {dag.py:3036} INFO - Sync 1 DAGs
[2024-02-21T12:11:42.111+0000] {logging_mixin.py:188} INFO - [2024-02-21T12:11:42.110+0000] {dag.py:3823} INFO - Setting next_dagrun for segundaa_dag to None, run_after=None
[2024-02-21T12:11:42.141+0000] {processor.py:183} INFO - Processing /opt/airflow/dags/segunda dag.py took 0.105 seconds
[2024-02-21T12:11:47.537+0000] {processor.py:161} INFO - Started process (PID=243) to work on /opt/airflow/dags/segunda dag.py
[2024-02-21T12:11:47.538+0000] {processor.py:830} INFO - Processing file /opt/airflow/dags/segunda dag.py for tasks to queue
[2024-02-21T12:11:47.539+0000] {logging_mixin.py:188} INFO - [2024-02-21T12:11:47.539+0000] {dagbag.py:538} INFO - Filling up the DagBag from /opt/airflow/dags/segunda dag.py
[2024-02-21T12:11:47.549+0000] {processor.py:840} INFO - DAG(s) 'segundaa_dag' retrieved from /opt/airflow/dags/segunda dag.py
[2024-02-21T12:11:47.572+0000] {logging_mixin.py:188} INFO - [2024-02-21T12:11:47.572+0000] {dag.py:3036} INFO - Sync 1 DAGs
[2024-02-21T12:11:47.584+0000] {logging_mixin.py:188} INFO - [2024-02-21T12:11:47.584+0000] {dag.py:3823} INFO - Setting next_dagrun for segundaa_dag to None, run_after=None
[2024-02-21T12:11:47.599+0000] {processor.py:183} INFO - Processing /opt/airflow/dags/segunda dag.py took 0.065 seconds
[2024-02-21T12:11:52.940+0000] {processor.py:161} INFO - Started process (PID=251) to work on /opt/airflow/dags/segunda dag.py
[2024-02-21T12:11:52.941+0000] {processor.py:830} INFO - Processing file /opt/airflow/dags/segunda dag.py for tasks to queue
[2024-02-21T12:11:52.942+0000] {logging_mixin.py:188} INFO - [2024-02-21T12:11:52.942+0000] {dagbag.py:538} INFO - Filling up the DagBag from /opt/airflow/dags/segunda dag.py
[2024-02-21T12:11:52.954+0000] {processor.py:840} INFO - DAG(s) 'segundaa_dag' retrieved from /opt/airflow/dags/segunda dag.py
[2024-02-21T12:11:52.981+0000] {logging_mixin.py:188} INFO - [2024-02-21T12:11:52.980+0000] {dag.py:3036} INFO - Sync 1 DAGs
[2024-02-21T12:11:52.994+0000] {logging_mixin.py:188} INFO - [2024-02-21T12:11:52.993+0000] {dag.py:3823} INFO - Setting next_dagrun for segundaa_dag to None, run_after=None
[2024-02-21T12:11:53.011+0000] {processor.py:183} INFO - Processing /opt/airflow/dags/segunda dag.py took 0.075 seconds
[2024-02-21T12:11:58.362+0000] {processor.py:161} INFO - Started process (PID=267) to work on /opt/airflow/dags/segunda dag.py
[2024-02-21T12:11:58.364+0000] {processor.py:830} INFO - Processing file /opt/airflow/dags/segunda dag.py for tasks to queue
[2024-02-21T12:11:58.366+0000] {logging_mixin.py:188} INFO - [2024-02-21T12:11:58.365+0000] {dagbag.py:538} INFO - Filling up the DagBag from /opt/airflow/dags/segunda dag.py
[2024-02-21T12:11:58.375+0000] {processor.py:840} INFO - DAG(s) 'segundaa_dag' retrieved from /opt/airflow/dags/segunda dag.py
[2024-02-21T12:11:58.397+0000] {logging_mixin.py:188} INFO - [2024-02-21T12:11:58.397+0000] {dag.py:3036} INFO - Sync 1 DAGs
[2024-02-21T12:11:58.407+0000] {logging_mixin.py:188} INFO - [2024-02-21T12:11:58.407+0000] {dag.py:3823} INFO - Setting next_dagrun for segundaa_dag to None, run_after=None
[2024-02-21T12:11:58.422+0000] {processor.py:183} INFO - Processing /opt/airflow/dags/segunda dag.py took 0.063 seconds
[2024-02-21T12:12:03.808+0000] {processor.py:161} INFO - Started process (PID=275) to work on /opt/airflow/dags/segunda dag.py
[2024-02-21T12:12:03.809+0000] {processor.py:830} INFO - Processing file /opt/airflow/dags/segunda dag.py for tasks to queue
[2024-02-21T12:12:03.810+0000] {logging_mixin.py:188} INFO - [2024-02-21T12:12:03.810+0000] {dagbag.py:538} INFO - Filling up the DagBag from /opt/airflow/dags/segunda dag.py
[2024-02-21T12:12:03.819+0000] {processor.py:840} INFO - DAG(s) 'segundaa_dag' retrieved from /opt/airflow/dags/segunda dag.py
[2024-02-21T12:12:03.842+0000] {logging_mixin.py:188} INFO - [2024-02-21T12:12:03.842+0000] {dag.py:3036} INFO - Sync 1 DAGs
[2024-02-21T12:12:03.852+0000] {logging_mixin.py:188} INFO - [2024-02-21T12:12:03.852+0000] {dag.py:3823} INFO - Setting next_dagrun for segundaa_dag to None, run_after=None
[2024-02-21T12:12:03.868+0000] {processor.py:183} INFO - Processing /opt/airflow/dags/segunda dag.py took 0.063 seconds
[2024-02-21T12:12:09.233+0000] {processor.py:161} INFO - Started process (PID=291) to work on /opt/airflow/dags/segunda dag.py
[2024-02-21T12:12:09.234+0000] {processor.py:830} INFO - Processing file /opt/airflow/dags/segunda dag.py for tasks to queue
[2024-02-21T12:12:09.236+0000] {logging_mixin.py:188} INFO - [2024-02-21T12:12:09.236+0000] {dagbag.py:538} INFO - Filling up the DagBag from /opt/airflow/dags/segunda dag.py
[2024-02-21T12:12:09.245+0000] {processor.py:840} INFO - DAG(s) 'segundaa_dag' retrieved from /opt/airflow/dags/segunda dag.py
[2024-02-21T12:12:09.273+0000] {logging_mixin.py:188} INFO - [2024-02-21T12:12:09.273+0000] {dag.py:3036} INFO - Sync 1 DAGs
[2024-02-21T12:12:09.285+0000] {logging_mixin.py:188} INFO - [2024-02-21T12:12:09.284+0000] {dag.py:3823} INFO - Setting next_dagrun for segundaa_dag to None, run_after=None
[2024-02-21T12:12:09.306+0000] {processor.py:183} INFO - Processing /opt/airflow/dags/segunda dag.py took 0.076 seconds
[2024-02-21T12:12:14.706+0000] {processor.py:161} INFO - Started process (PID=299) to work on /opt/airflow/dags/segunda dag.py
[2024-02-21T12:12:14.707+0000] {processor.py:830} INFO - Processing file /opt/airflow/dags/segunda dag.py for tasks to queue
[2024-02-21T12:12:14.708+0000] {logging_mixin.py:188} INFO - [2024-02-21T12:12:14.708+0000] {dagbag.py:538} INFO - Filling up the DagBag from /opt/airflow/dags/segunda dag.py
[2024-02-21T12:12:14.716+0000] {processor.py:840} INFO - DAG(s) 'segundaa_dag' retrieved from /opt/airflow/dags/segunda dag.py
[2024-02-21T12:12:14.739+0000] {logging_mixin.py:188} INFO - [2024-02-21T12:12:14.739+0000] {dag.py:3036} INFO - Sync 1 DAGs
[2024-02-21T12:12:14.748+0000] {logging_mixin.py:188} INFO - [2024-02-21T12:12:14.748+0000] {dag.py:3823} INFO - Setting next_dagrun for segundaa_dag to None, run_after=None
[2024-02-21T12:12:14.764+0000] {processor.py:183} INFO - Processing /opt/airflow/dags/segunda dag.py took 0.061 seconds
[2024-02-21T12:12:20.174+0000] {processor.py:161} INFO - Started process (PID=315) to work on /opt/airflow/dags/segunda dag.py
[2024-02-21T12:12:20.175+0000] {processor.py:830} INFO - Processing file /opt/airflow/dags/segunda dag.py for tasks to queue
[2024-02-21T12:12:20.179+0000] {logging_mixin.py:188} INFO - [2024-02-21T12:12:20.179+0000] {dagbag.py:538} INFO - Filling up the DagBag from /opt/airflow/dags/segunda dag.py
[2024-02-21T12:12:20.193+0000] {processor.py:840} INFO - DAG(s) 'segundaa_dag' retrieved from /opt/airflow/dags/segunda dag.py
[2024-02-21T12:12:20.224+0000] {logging_mixin.py:188} INFO - [2024-02-21T12:12:20.223+0000] {dag.py:3036} INFO - Sync 1 DAGs
[2024-02-21T12:12:20.235+0000] {logging_mixin.py:188} INFO - [2024-02-21T12:12:20.235+0000] {dag.py:3823} INFO - Setting next_dagrun for segundaa_dag to None, run_after=None
[2024-02-21T12:12:20.254+0000] {processor.py:183} INFO - Processing /opt/airflow/dags/segunda dag.py took 0.084 seconds
[2024-02-21T12:12:25.625+0000] {processor.py:161} INFO - Started process (PID=323) to work on /opt/airflow/dags/segunda dag.py
[2024-02-21T12:12:25.626+0000] {processor.py:830} INFO - Processing file /opt/airflow/dags/segunda dag.py for tasks to queue
[2024-02-21T12:12:25.628+0000] {logging_mixin.py:188} INFO - [2024-02-21T12:12:25.628+0000] {dagbag.py:538} INFO - Filling up the DagBag from /opt/airflow/dags/segunda dag.py
[2024-02-21T12:12:25.638+0000] {processor.py:840} INFO - DAG(s) 'segundaa_dag' retrieved from /opt/airflow/dags/segunda dag.py
[2024-02-21T12:12:25.660+0000] {logging_mixin.py:188} INFO - [2024-02-21T12:12:25.660+0000] {dag.py:3036} INFO - Sync 1 DAGs
[2024-02-21T12:12:25.671+0000] {logging_mixin.py:188} INFO - [2024-02-21T12:12:25.671+0000] {dag.py:3823} INFO - Setting next_dagrun for segundaa_dag to None, run_after=None
[2024-02-21T12:12:25.687+0000] {processor.py:183} INFO - Processing /opt/airflow/dags/segunda dag.py took 0.065 seconds
[2024-02-21T12:12:31.070+0000] {processor.py:161} INFO - Started process (PID=331) to work on /opt/airflow/dags/segunda dag.py
[2024-02-21T12:12:31.071+0000] {processor.py:830} INFO - Processing file /opt/airflow/dags/segunda dag.py for tasks to queue
[2024-02-21T12:12:31.072+0000] {logging_mixin.py:188} INFO - [2024-02-21T12:12:31.072+0000] {dagbag.py:538} INFO - Filling up the DagBag from /opt/airflow/dags/segunda dag.py
[2024-02-21T12:12:31.081+0000] {processor.py:840} INFO - DAG(s) 'segundaa_dag' retrieved from /opt/airflow/dags/segunda dag.py
[2024-02-21T12:12:31.106+0000] {logging_mixin.py:188} INFO - [2024-02-21T12:12:31.105+0000] {dag.py:3036} INFO - Sync 1 DAGs
[2024-02-21T12:12:31.115+0000] {logging_mixin.py:188} INFO - [2024-02-21T12:12:31.115+0000] {dag.py:3823} INFO - Setting next_dagrun for segundaa_dag to None, run_after=None
[2024-02-21T12:12:31.130+0000] {processor.py:183} INFO - Processing /opt/airflow/dags/segunda dag.py took 0.063 seconds
[2024-02-21T12:12:36.511+0000] {processor.py:161} INFO - Started process (PID=347) to work on /opt/airflow/dags/segunda dag.py
[2024-02-21T12:12:36.512+0000] {processor.py:830} INFO - Processing file /opt/airflow/dags/segunda dag.py for tasks to queue
[2024-02-21T12:12:36.513+0000] {logging_mixin.py:188} INFO - [2024-02-21T12:12:36.513+0000] {dagbag.py:538} INFO - Filling up the DagBag from /opt/airflow/dags/segunda dag.py
[2024-02-21T12:12:36.522+0000] {processor.py:840} INFO - DAG(s) 'segundaa_dag' retrieved from /opt/airflow/dags/segunda dag.py
[2024-02-21T12:12:36.544+0000] {logging_mixin.py:188} INFO - [2024-02-21T12:12:36.544+0000] {dag.py:3036} INFO - Sync 1 DAGs
[2024-02-21T12:12:36.555+0000] {logging_mixin.py:188} INFO - [2024-02-21T12:12:36.554+0000] {dag.py:3823} INFO - Setting next_dagrun for segundaa_dag to None, run_after=None
[2024-02-21T12:12:36.571+0000] {processor.py:183} INFO - Processing /opt/airflow/dags/segunda dag.py took 0.063 seconds
[2024-02-21T12:12:41.963+0000] {processor.py:161} INFO - Started process (PID=355) to work on /opt/airflow/dags/segunda dag.py
[2024-02-21T12:12:41.964+0000] {processor.py:830} INFO - Processing file /opt/airflow/dags/segunda dag.py for tasks to queue
[2024-02-21T12:12:41.966+0000] {logging_mixin.py:188} INFO - [2024-02-21T12:12:41.966+0000] {dagbag.py:538} INFO - Filling up the DagBag from /opt/airflow/dags/segunda dag.py
[2024-02-21T12:12:41.975+0000] {processor.py:840} INFO - DAG(s) 'segundaa_dag' retrieved from /opt/airflow/dags/segunda dag.py
[2024-02-21T12:12:41.998+0000] {logging_mixin.py:188} INFO - [2024-02-21T12:12:41.997+0000] {dag.py:3036} INFO - Sync 1 DAGs
[2024-02-21T12:12:42.009+0000] {logging_mixin.py:188} INFO - [2024-02-21T12:12:42.009+0000] {dag.py:3823} INFO - Setting next_dagrun for segundaa_dag to None, run_after=None
[2024-02-21T12:12:42.025+0000] {processor.py:183} INFO - Processing /opt/airflow/dags/segunda dag.py took 0.064 seconds
[2024-02-21T12:12:47.333+0000] {processor.py:161} INFO - Started process (PID=371) to work on /opt/airflow/dags/segunda dag.py
[2024-02-21T12:12:47.334+0000] {processor.py:830} INFO - Processing file /opt/airflow/dags/segunda dag.py for tasks to queue
[2024-02-21T12:12:47.335+0000] {logging_mixin.py:188} INFO - [2024-02-21T12:12:47.335+0000] {dagbag.py:538} INFO - Filling up the DagBag from /opt/airflow/dags/segunda dag.py
[2024-02-21T12:12:47.344+0000] {processor.py:840} INFO - DAG(s) 'segundaa_dag' retrieved from /opt/airflow/dags/segunda dag.py
[2024-02-21T12:12:47.368+0000] {logging_mixin.py:188} INFO - [2024-02-21T12:12:47.367+0000] {dag.py:3036} INFO - Sync 1 DAGs
[2024-02-21T12:12:47.380+0000] {logging_mixin.py:188} INFO - [2024-02-21T12:12:47.380+0000] {dag.py:3823} INFO - Setting next_dagrun for segundaa_dag to None, run_after=None
[2024-02-21T12:12:47.397+0000] {processor.py:183} INFO - Processing /opt/airflow/dags/segunda dag.py took 0.067 seconds
[2024-02-21T12:12:52.783+0000] {processor.py:161} INFO - Started process (PID=379) to work on /opt/airflow/dags/segunda dag.py
[2024-02-21T12:12:52.784+0000] {processor.py:830} INFO - Processing file /opt/airflow/dags/segunda dag.py for tasks to queue
[2024-02-21T12:12:52.785+0000] {logging_mixin.py:188} INFO - [2024-02-21T12:12:52.785+0000] {dagbag.py:538} INFO - Filling up the DagBag from /opt/airflow/dags/segunda dag.py
[2024-02-21T12:12:52.794+0000] {processor.py:840} INFO - DAG(s) 'segundaa_dag' retrieved from /opt/airflow/dags/segunda dag.py
[2024-02-21T12:12:52.818+0000] {logging_mixin.py:188} INFO - [2024-02-21T12:12:52.818+0000] {dag.py:3036} INFO - Sync 1 DAGs
[2024-02-21T12:12:52.829+0000] {logging_mixin.py:188} INFO - [2024-02-21T12:12:52.829+0000] {dag.py:3823} INFO - Setting next_dagrun for segundaa_dag to None, run_after=None
[2024-02-21T12:12:52.846+0000] {processor.py:183} INFO - Processing /opt/airflow/dags/segunda dag.py took 0.065 seconds
[2024-02-21T12:12:58.263+0000] {processor.py:161} INFO - Started process (PID=395) to work on /opt/airflow/dags/segunda dag.py
[2024-02-21T12:12:58.263+0000] {processor.py:830} INFO - Processing file /opt/airflow/dags/segunda dag.py for tasks to queue
[2024-02-21T12:12:58.265+0000] {logging_mixin.py:188} INFO - [2024-02-21T12:12:58.265+0000] {dagbag.py:538} INFO - Filling up the DagBag from /opt/airflow/dags/segunda dag.py
[2024-02-21T12:12:58.274+0000] {processor.py:840} INFO - DAG(s) 'segundaa_dag' retrieved from /opt/airflow/dags/segunda dag.py
[2024-02-21T12:12:58.304+0000] {logging_mixin.py:188} INFO - [2024-02-21T12:12:58.303+0000] {dag.py:3036} INFO - Sync 1 DAGs
[2024-02-21T12:12:58.318+0000] {logging_mixin.py:188} INFO - [2024-02-21T12:12:58.318+0000] {dag.py:3823} INFO - Setting next_dagrun for segundaa_dag to None, run_after=None
[2024-02-21T12:12:58.336+0000] {processor.py:183} INFO - Processing /opt/airflow/dags/segunda dag.py took 0.077 seconds
[2024-02-21T12:13:03.750+0000] {processor.py:161} INFO - Started process (PID=403) to work on /opt/airflow/dags/segunda dag.py
[2024-02-21T12:13:03.751+0000] {processor.py:830} INFO - Processing file /opt/airflow/dags/segunda dag.py for tasks to queue
[2024-02-21T12:13:03.753+0000] {logging_mixin.py:188} INFO - [2024-02-21T12:13:03.752+0000] {dagbag.py:538} INFO - Filling up the DagBag from /opt/airflow/dags/segunda dag.py
[2024-02-21T12:13:03.761+0000] {processor.py:840} INFO - DAG(s) 'segundaa_dag' retrieved from /opt/airflow/dags/segunda dag.py
[2024-02-21T12:13:03.784+0000] {logging_mixin.py:188} INFO - [2024-02-21T12:13:03.784+0000] {dag.py:3036} INFO - Sync 1 DAGs
[2024-02-21T12:13:03.797+0000] {logging_mixin.py:188} INFO - [2024-02-21T12:13:03.796+0000] {dag.py:3823} INFO - Setting next_dagrun for segundaa_dag to None, run_after=None
[2024-02-21T12:13:03.813+0000] {processor.py:183} INFO - Processing /opt/airflow/dags/segunda dag.py took 0.066 seconds
[2024-02-21T12:13:09.263+0000] {processor.py:161} INFO - Started process (PID=423) to work on /opt/airflow/dags/segunda dag.py
[2024-02-21T12:13:09.264+0000] {processor.py:830} INFO - Processing file /opt/airflow/dags/segunda dag.py for tasks to queue
[2024-02-21T12:13:09.266+0000] {logging_mixin.py:188} INFO - [2024-02-21T12:13:09.266+0000] {dagbag.py:538} INFO - Filling up the DagBag from /opt/airflow/dags/segunda dag.py
[2024-02-21T12:13:09.276+0000] {processor.py:840} INFO - DAG(s) 'segundaa_dag' retrieved from /opt/airflow/dags/segunda dag.py
[2024-02-21T12:13:09.302+0000] {logging_mixin.py:188} INFO - [2024-02-21T12:13:09.301+0000] {dag.py:3036} INFO - Sync 1 DAGs
[2024-02-21T12:13:09.313+0000] {logging_mixin.py:188} INFO - [2024-02-21T12:13:09.313+0000] {dag.py:3823} INFO - Setting next_dagrun for segundaa_dag to None, run_after=None
[2024-02-21T12:13:09.330+0000] {processor.py:183} INFO - Processing /opt/airflow/dags/segunda dag.py took 0.069 seconds
[2024-02-21T12:13:14.727+0000] {processor.py:161} INFO - Started process (PID=435) to work on /opt/airflow/dags/segunda dag.py
[2024-02-21T12:13:14.728+0000] {processor.py:830} INFO - Processing file /opt/airflow/dags/segunda dag.py for tasks to queue
[2024-02-21T12:13:14.730+0000] {logging_mixin.py:188} INFO - [2024-02-21T12:13:14.729+0000] {dagbag.py:538} INFO - Filling up the DagBag from /opt/airflow/dags/segunda dag.py
[2024-02-21T12:13:14.738+0000] {processor.py:840} INFO - DAG(s) 'segundaa_dag' retrieved from /opt/airflow/dags/segunda dag.py
[2024-02-21T12:13:14.762+0000] {logging_mixin.py:188} INFO - [2024-02-21T12:13:14.761+0000] {dag.py:3036} INFO - Sync 1 DAGs
[2024-02-21T12:13:14.771+0000] {logging_mixin.py:188} INFO - [2024-02-21T12:13:14.771+0000] {dag.py:3823} INFO - Setting next_dagrun for segundaa_dag to None, run_after=None
[2024-02-21T12:13:14.788+0000] {processor.py:183} INFO - Processing /opt/airflow/dags/segunda dag.py took 0.064 seconds
[2024-02-21T12:13:20.124+0000] {processor.py:161} INFO - Started process (PID=443) to work on /opt/airflow/dags/segunda dag.py
[2024-02-21T12:13:20.125+0000] {processor.py:830} INFO - Processing file /opt/airflow/dags/segunda dag.py for tasks to queue
[2024-02-21T12:13:20.126+0000] {logging_mixin.py:188} INFO - [2024-02-21T12:13:20.126+0000] {dagbag.py:538} INFO - Filling up the DagBag from /opt/airflow/dags/segunda dag.py
[2024-02-21T12:13:20.135+0000] {processor.py:840} INFO - DAG(s) 'segundaa_dag' retrieved from /opt/airflow/dags/segunda dag.py
[2024-02-21T12:13:20.160+0000] {logging_mixin.py:188} INFO - [2024-02-21T12:13:20.160+0000] {dag.py:3036} INFO - Sync 1 DAGs
[2024-02-21T12:13:20.171+0000] {logging_mixin.py:188} INFO - [2024-02-21T12:13:20.171+0000] {dag.py:3823} INFO - Setting next_dagrun for segundaa_dag to None, run_after=None
[2024-02-21T12:13:20.191+0000] {processor.py:183} INFO - Processing /opt/airflow/dags/segunda dag.py took 0.071 seconds
[2024-02-21T12:13:25.531+0000] {processor.py:161} INFO - Started process (PID=459) to work on /opt/airflow/dags/segunda dag.py
[2024-02-21T12:13:25.532+0000] {processor.py:830} INFO - Processing file /opt/airflow/dags/segunda dag.py for tasks to queue
[2024-02-21T12:13:25.533+0000] {logging_mixin.py:188} INFO - [2024-02-21T12:13:25.533+0000] {dagbag.py:538} INFO - Filling up the DagBag from /opt/airflow/dags/segunda dag.py
[2024-02-21T12:13:25.545+0000] {processor.py:840} INFO - DAG(s) 'segundaa_dag' retrieved from /opt/airflow/dags/segunda dag.py
[2024-02-21T12:13:25.572+0000] {logging_mixin.py:188} INFO - [2024-02-21T12:13:25.572+0000] {dag.py:3036} INFO - Sync 1 DAGs
[2024-02-21T12:13:25.583+0000] {logging_mixin.py:188} INFO - [2024-02-21T12:13:25.583+0000] {dag.py:3823} INFO - Setting next_dagrun for segundaa_dag to None, run_after=None
[2024-02-21T12:13:25.602+0000] {processor.py:183} INFO - Processing /opt/airflow/dags/segunda dag.py took 0.075 seconds
[2024-02-21T12:13:30.936+0000] {processor.py:161} INFO - Started process (PID=467) to work on /opt/airflow/dags/segunda dag.py
[2024-02-21T12:13:30.937+0000] {processor.py:830} INFO - Processing file /opt/airflow/dags/segunda dag.py for tasks to queue
[2024-02-21T12:13:30.939+0000] {logging_mixin.py:188} INFO - [2024-02-21T12:13:30.939+0000] {dagbag.py:538} INFO - Filling up the DagBag from /opt/airflow/dags/segunda dag.py
[2024-02-21T12:13:30.948+0000] {processor.py:840} INFO - DAG(s) 'segundaa_dag' retrieved from /opt/airflow/dags/segunda dag.py
[2024-02-21T12:13:30.972+0000] {logging_mixin.py:188} INFO - [2024-02-21T12:13:30.972+0000] {dag.py:3036} INFO - Sync 1 DAGs
[2024-02-21T12:13:30.982+0000] {logging_mixin.py:188} INFO - [2024-02-21T12:13:30.982+0000] {dag.py:3823} INFO - Setting next_dagrun for segundaa_dag to None, run_after=None
[2024-02-21T12:13:31.000+0000] {processor.py:183} INFO - Processing /opt/airflow/dags/segunda dag.py took 0.066 seconds
[2024-02-21T12:13:36.386+0000] {processor.py:161} INFO - Started process (PID=487) to work on /opt/airflow/dags/segunda dag.py
[2024-02-21T12:13:36.387+0000] {processor.py:830} INFO - Processing file /opt/airflow/dags/segunda dag.py for tasks to queue
[2024-02-21T12:13:36.389+0000] {logging_mixin.py:188} INFO - [2024-02-21T12:13:36.388+0000] {dagbag.py:538} INFO - Filling up the DagBag from /opt/airflow/dags/segunda dag.py
[2024-02-21T12:13:36.398+0000] {processor.py:840} INFO - DAG(s) 'segundaa_dag' retrieved from /opt/airflow/dags/segunda dag.py
[2024-02-21T12:13:36.422+0000] {logging_mixin.py:188} INFO - [2024-02-21T12:13:36.421+0000] {dag.py:3036} INFO - Sync 1 DAGs
[2024-02-21T12:13:36.433+0000] {logging_mixin.py:188} INFO - [2024-02-21T12:13:36.432+0000] {dag.py:3823} INFO - Setting next_dagrun for segundaa_dag to None, run_after=None
[2024-02-21T12:13:36.451+0000] {processor.py:183} INFO - Processing /opt/airflow/dags/segunda dag.py took 0.068 seconds
[2024-02-21T12:13:41.854+0000] {processor.py:161} INFO - Started process (PID=495) to work on /opt/airflow/dags/segunda dag.py
[2024-02-21T12:13:41.855+0000] {processor.py:830} INFO - Processing file /opt/airflow/dags/segunda dag.py for tasks to queue
[2024-02-21T12:13:41.857+0000] {logging_mixin.py:188} INFO - [2024-02-21T12:13:41.856+0000] {dagbag.py:538} INFO - Filling up the DagBag from /opt/airflow/dags/segunda dag.py
[2024-02-21T12:13:41.865+0000] {processor.py:840} INFO - DAG(s) 'segundaa_dag' retrieved from /opt/airflow/dags/segunda dag.py
[2024-02-21T12:13:41.888+0000] {logging_mixin.py:188} INFO - [2024-02-21T12:13:41.888+0000] {dag.py:3036} INFO - Sync 1 DAGs
[2024-02-21T12:13:41.898+0000] {logging_mixin.py:188} INFO - [2024-02-21T12:13:41.898+0000] {dag.py:3823} INFO - Setting next_dagrun for segundaa_dag to None, run_after=None
[2024-02-21T12:13:41.915+0000] {processor.py:183} INFO - Processing /opt/airflow/dags/segunda dag.py took 0.063 seconds
[2024-02-21T12:13:47.254+0000] {processor.py:161} INFO - Started process (PID=511) to work on /opt/airflow/dags/segunda dag.py
[2024-02-21T12:13:47.255+0000] {processor.py:830} INFO - Processing file /opt/airflow/dags/segunda dag.py for tasks to queue
[2024-02-21T12:13:47.257+0000] {logging_mixin.py:188} INFO - [2024-02-21T12:13:47.257+0000] {dagbag.py:538} INFO - Filling up the DagBag from /opt/airflow/dags/segunda dag.py
[2024-02-21T12:13:47.267+0000] {processor.py:840} INFO - DAG(s) 'segundaa_dag' retrieved from /opt/airflow/dags/segunda dag.py
[2024-02-21T12:13:47.292+0000] {logging_mixin.py:188} INFO - [2024-02-21T12:13:47.292+0000] {dag.py:3036} INFO - Sync 1 DAGs
[2024-02-21T12:13:47.306+0000] {logging_mixin.py:188} INFO - [2024-02-21T12:13:47.306+0000] {dag.py:3823} INFO - Setting next_dagrun for segundaa_dag to None, run_after=None
[2024-02-21T12:13:47.327+0000] {processor.py:183} INFO - Processing /opt/airflow/dags/segunda dag.py took 0.076 seconds
[2024-02-21T12:13:52.710+0000] {processor.py:161} INFO - Started process (PID=519) to work on /opt/airflow/dags/segunda dag.py
[2024-02-21T12:13:52.711+0000] {processor.py:830} INFO - Processing file /opt/airflow/dags/segunda dag.py for tasks to queue
[2024-02-21T12:13:52.712+0000] {logging_mixin.py:188} INFO - [2024-02-21T12:13:52.712+0000] {dagbag.py:538} INFO - Filling up the DagBag from /opt/airflow/dags/segunda dag.py
[2024-02-21T12:13:52.722+0000] {processor.py:840} INFO - DAG(s) 'segundaa_dag' retrieved from /opt/airflow/dags/segunda dag.py
[2024-02-21T12:13:52.747+0000] {logging_mixin.py:188} INFO - [2024-02-21T12:13:52.747+0000] {dag.py:3036} INFO - Sync 1 DAGs
[2024-02-21T12:13:52.758+0000] {logging_mixin.py:188} INFO - [2024-02-21T12:13:52.758+0000] {dag.py:3823} INFO - Setting next_dagrun for segundaa_dag to None, run_after=None
[2024-02-21T12:13:52.774+0000] {processor.py:183} INFO - Processing /opt/airflow/dags/segunda dag.py took 0.067 seconds
[2024-02-21T12:13:57.996+0000] {processor.py:161} INFO - Started process (PID=527) to work on /opt/airflow/dags/segunda dag.py
[2024-02-21T12:13:57.997+0000] {processor.py:830} INFO - Processing file /opt/airflow/dags/segunda dag.py for tasks to queue
[2024-02-21T12:13:57.999+0000] {logging_mixin.py:188} INFO - [2024-02-21T12:13:57.998+0000] {dagbag.py:538} INFO - Filling up the DagBag from /opt/airflow/dags/segunda dag.py
[2024-02-21T12:13:58.008+0000] {processor.py:840} INFO - DAG(s) 'segundaa_dag' retrieved from /opt/airflow/dags/segunda dag.py
[2024-02-21T12:13:58.031+0000] {logging_mixin.py:188} INFO - [2024-02-21T12:13:58.031+0000] {dag.py:3036} INFO - Sync 1 DAGs
[2024-02-21T12:13:58.041+0000] {logging_mixin.py:188} INFO - [2024-02-21T12:13:58.040+0000] {dag.py:3823} INFO - Setting next_dagrun for segundaa_dag to None, run_after=None
[2024-02-21T12:13:58.057+0000] {processor.py:183} INFO - Processing /opt/airflow/dags/segunda dag.py took 0.064 seconds
[2024-02-21T12:14:03.467+0000] {processor.py:161} INFO - Started process (PID=543) to work on /opt/airflow/dags/segunda dag.py
[2024-02-21T12:14:03.467+0000] {processor.py:830} INFO - Processing file /opt/airflow/dags/segunda dag.py for tasks to queue
[2024-02-21T12:14:03.469+0000] {logging_mixin.py:188} INFO - [2024-02-21T12:14:03.469+0000] {dagbag.py:538} INFO - Filling up the DagBag from /opt/airflow/dags/segunda dag.py
[2024-02-21T12:14:03.478+0000] {processor.py:840} INFO - DAG(s) 'segundaa_dag' retrieved from /opt/airflow/dags/segunda dag.py
[2024-02-21T12:14:03.501+0000] {logging_mixin.py:188} INFO - [2024-02-21T12:14:03.501+0000] {dag.py:3036} INFO - Sync 1 DAGs
[2024-02-21T12:14:03.512+0000] {logging_mixin.py:188} INFO - [2024-02-21T12:14:03.512+0000] {dag.py:3823} INFO - Setting next_dagrun for segundaa_dag to None, run_after=None
[2024-02-21T12:14:03.529+0000] {processor.py:183} INFO - Processing /opt/airflow/dags/segunda dag.py took 0.065 seconds
[2024-02-21T12:14:08.827+0000] {processor.py:161} INFO - Started process (PID=551) to work on /opt/airflow/dags/segunda dag.py
[2024-02-21T12:14:08.828+0000] {processor.py:830} INFO - Processing file /opt/airflow/dags/segunda dag.py for tasks to queue
[2024-02-21T12:14:08.829+0000] {logging_mixin.py:188} INFO - [2024-02-21T12:14:08.829+0000] {dagbag.py:538} INFO - Filling up the DagBag from /opt/airflow/dags/segunda dag.py
[2024-02-21T12:14:08.839+0000] {processor.py:840} INFO - DAG(s) 'segundaa_dag' retrieved from /opt/airflow/dags/segunda dag.py
[2024-02-21T12:14:08.861+0000] {logging_mixin.py:188} INFO - [2024-02-21T12:14:08.860+0000] {dag.py:3036} INFO - Sync 1 DAGs
[2024-02-21T12:14:08.873+0000] {logging_mixin.py:188} INFO - [2024-02-21T12:14:08.873+0000] {dag.py:3823} INFO - Setting next_dagrun for segundaa_dag to None, run_after=None
[2024-02-21T12:14:08.892+0000] {processor.py:183} INFO - Processing /opt/airflow/dags/segunda dag.py took 0.068 seconds
[2024-02-21T12:14:15.855+0000] {processor.py:161} INFO - Started process (PID=567) to work on /opt/airflow/dags/segunda dag.py
[2024-02-21T12:14:15.856+0000] {processor.py:830} INFO - Processing file /opt/airflow/dags/segunda dag.py for tasks to queue
[2024-02-21T12:14:15.858+0000] {logging_mixin.py:188} INFO - [2024-02-21T12:14:15.857+0000] {dagbag.py:538} INFO - Filling up the DagBag from /opt/airflow/dags/segunda dag.py
[2024-02-21T12:14:15.870+0000] {processor.py:840} INFO - DAG(s) 'segundaa_dag' retrieved from /opt/airflow/dags/segunda dag.py
[2024-02-21T12:14:15.899+0000] {logging_mixin.py:188} INFO - [2024-02-21T12:14:15.898+0000] {dag.py:3036} INFO - Sync 1 DAGs
[2024-02-21T12:14:15.913+0000] {logging_mixin.py:188} INFO - [2024-02-21T12:14:15.913+0000] {dag.py:3823} INFO - Setting next_dagrun for segundaa_dag to None, run_after=None
[2024-02-21T12:14:15.938+0000] {processor.py:183} INFO - Processing /opt/airflow/dags/segunda dag.py took 0.087 seconds
[2024-02-21T12:14:21.477+0000] {processor.py:161} INFO - Started process (PID=575) to work on /opt/airflow/dags/segunda dag.py
[2024-02-21T12:14:21.478+0000] {processor.py:830} INFO - Processing file /opt/airflow/dags/segunda dag.py for tasks to queue
[2024-02-21T12:14:21.479+0000] {logging_mixin.py:188} INFO - [2024-02-21T12:14:21.479+0000] {dagbag.py:538} INFO - Filling up the DagBag from /opt/airflow/dags/segunda dag.py
[2024-02-21T12:14:21.489+0000] {processor.py:840} INFO - DAG(s) 'segundaa_dag' retrieved from /opt/airflow/dags/segunda dag.py
[2024-02-21T12:14:21.512+0000] {logging_mixin.py:188} INFO - [2024-02-21T12:14:21.512+0000] {dag.py:3036} INFO - Sync 1 DAGs
[2024-02-21T12:14:21.523+0000] {logging_mixin.py:188} INFO - [2024-02-21T12:14:21.522+0000] {dag.py:3823} INFO - Setting next_dagrun for segundaa_dag to None, run_after=None
[2024-02-21T12:14:21.538+0000] {processor.py:183} INFO - Processing /opt/airflow/dags/segunda dag.py took 0.065 seconds
[2024-02-21T12:14:26.987+0000] {processor.py:161} INFO - Started process (PID=591) to work on /opt/airflow/dags/segunda dag.py
[2024-02-21T12:14:26.988+0000] {processor.py:830} INFO - Processing file /opt/airflow/dags/segunda dag.py for tasks to queue
[2024-02-21T12:14:26.989+0000] {logging_mixin.py:188} INFO - [2024-02-21T12:14:26.989+0000] {dagbag.py:538} INFO - Filling up the DagBag from /opt/airflow/dags/segunda dag.py
[2024-02-21T12:14:26.999+0000] {processor.py:840} INFO - DAG(s) 'segundaa_dag' retrieved from /opt/airflow/dags/segunda dag.py
[2024-02-21T12:14:27.024+0000] {logging_mixin.py:188} INFO - [2024-02-21T12:14:27.024+0000] {dag.py:3036} INFO - Sync 1 DAGs
[2024-02-21T12:14:27.035+0000] {logging_mixin.py:188} INFO - [2024-02-21T12:14:27.034+0000] {dag.py:3823} INFO - Setting next_dagrun for segundaa_dag to None, run_after=None
[2024-02-21T12:14:27.051+0000] {processor.py:183} INFO - Processing /opt/airflow/dags/segunda dag.py took 0.067 seconds
[2024-02-21T12:14:32.462+0000] {processor.py:161} INFO - Started process (PID=599) to work on /opt/airflow/dags/segunda dag.py
[2024-02-21T12:14:32.463+0000] {processor.py:830} INFO - Processing file /opt/airflow/dags/segunda dag.py for tasks to queue
[2024-02-21T12:14:32.464+0000] {logging_mixin.py:188} INFO - [2024-02-21T12:14:32.464+0000] {dagbag.py:538} INFO - Filling up the DagBag from /opt/airflow/dags/segunda dag.py
[2024-02-21T12:14:32.473+0000] {processor.py:840} INFO - DAG(s) 'segundaa_dag' retrieved from /opt/airflow/dags/segunda dag.py
[2024-02-21T12:14:32.498+0000] {logging_mixin.py:188} INFO - [2024-02-21T12:14:32.498+0000] {dag.py:3036} INFO - Sync 1 DAGs
[2024-02-21T12:14:32.509+0000] {logging_mixin.py:188} INFO - [2024-02-21T12:14:32.509+0000] {dag.py:3823} INFO - Setting next_dagrun for segundaa_dag to None, run_after=None
[2024-02-21T12:14:32.526+0000] {processor.py:183} INFO - Processing /opt/airflow/dags/segunda dag.py took 0.067 seconds
[2024-02-21T12:14:37.972+0000] {processor.py:161} INFO - Started process (PID=615) to work on /opt/airflow/dags/segunda dag.py
[2024-02-21T12:14:37.973+0000] {processor.py:830} INFO - Processing file /opt/airflow/dags/segunda dag.py for tasks to queue
[2024-02-21T12:14:37.975+0000] {logging_mixin.py:188} INFO - [2024-02-21T12:14:37.974+0000] {dagbag.py:538} INFO - Filling up the DagBag from /opt/airflow/dags/segunda dag.py
[2024-02-21T12:14:37.986+0000] {processor.py:840} INFO - DAG(s) 'segundaa_dag' retrieved from /opt/airflow/dags/segunda dag.py
[2024-02-21T12:14:38.017+0000] {logging_mixin.py:188} INFO - [2024-02-21T12:14:38.017+0000] {dag.py:3036} INFO - Sync 1 DAGs
[2024-02-21T12:14:38.031+0000] {logging_mixin.py:188} INFO - [2024-02-21T12:14:38.030+0000] {dag.py:3823} INFO - Setting next_dagrun for segundaa_dag to None, run_after=None
[2024-02-21T12:14:38.054+0000] {processor.py:183} INFO - Processing /opt/airflow/dags/segunda dag.py took 0.085 seconds
[2024-02-21T12:14:43.451+0000] {processor.py:161} INFO - Started process (PID=623) to work on /opt/airflow/dags/segunda dag.py
[2024-02-21T12:14:43.452+0000] {processor.py:830} INFO - Processing file /opt/airflow/dags/segunda dag.py for tasks to queue
[2024-02-21T12:14:43.454+0000] {logging_mixin.py:188} INFO - [2024-02-21T12:14:43.453+0000] {dagbag.py:538} INFO - Filling up the DagBag from /opt/airflow/dags/segunda dag.py
[2024-02-21T12:14:43.463+0000] {processor.py:840} INFO - DAG(s) 'segundaa_dag' retrieved from /opt/airflow/dags/segunda dag.py
[2024-02-21T12:14:43.487+0000] {logging_mixin.py:188} INFO - [2024-02-21T12:14:43.487+0000] {dag.py:3036} INFO - Sync 1 DAGs
[2024-02-21T12:14:43.498+0000] {logging_mixin.py:188} INFO - [2024-02-21T12:14:43.498+0000] {dag.py:3823} INFO - Setting next_dagrun for segundaa_dag to None, run_after=None
[2024-02-21T12:14:43.515+0000] {processor.py:183} INFO - Processing /opt/airflow/dags/segunda dag.py took 0.066 seconds
