[2024-02-21T12:10:14.706+0000] {processor.py:161} INFO - Started process (PID=50) to work on /opt/airflow/dags/terceiradag.py
[2024-02-21T12:10:14.707+0000] {processor.py:830} INFO - Processing file /opt/airflow/dags/terceiradag.py for tasks to queue
[2024-02-21T12:10:14.708+0000] {logging_mixin.py:188} INFO - [2024-02-21T12:10:14.708+0000] {dagbag.py:538} INFO - Filling up the DagBag from /opt/airflow/dags/terceiradag.py
[2024-02-21T12:10:14.717+0000] {processor.py:840} INFO - DAG(s) 'terceira_dag' retrieved from /opt/airflow/dags/terceiradag.py
[2024-02-21T12:10:14.747+0000] {logging_mixin.py:188} INFO - [2024-02-21T12:10:14.747+0000] {dag.py:3036} INFO - Sync 1 DAGs
[2024-02-21T12:10:14.761+0000] {logging_mixin.py:188} INFO - [2024-02-21T12:10:14.760+0000] {dag.py:3823} INFO - Setting next_dagrun for terceira_dag to None, run_after=None
[2024-02-21T12:10:14.785+0000] {processor.py:183} INFO - Processing /opt/airflow/dags/terceiradag.py took 0.082 seconds
[2024-02-21T12:10:20.217+0000] {processor.py:161} INFO - Started process (PID=58) to work on /opt/airflow/dags/terceiradag.py
[2024-02-21T12:10:20.218+0000] {processor.py:830} INFO - Processing file /opt/airflow/dags/terceiradag.py for tasks to queue
[2024-02-21T12:10:20.219+0000] {logging_mixin.py:188} INFO - [2024-02-21T12:10:20.219+0000] {dagbag.py:538} INFO - Filling up the DagBag from /opt/airflow/dags/terceiradag.py
[2024-02-21T12:10:20.227+0000] {processor.py:840} INFO - DAG(s) 'terceira_dag' retrieved from /opt/airflow/dags/terceiradag.py
[2024-02-21T12:10:20.253+0000] {logging_mixin.py:188} INFO - [2024-02-21T12:10:20.253+0000] {dag.py:3036} INFO - Sync 1 DAGs
[2024-02-21T12:10:20.263+0000] {logging_mixin.py:188} INFO - [2024-02-21T12:10:20.263+0000] {dag.py:3823} INFO - Setting next_dagrun for terceira_dag to None, run_after=None
[2024-02-21T12:10:20.279+0000] {processor.py:183} INFO - Processing /opt/airflow/dags/terceiradag.py took 0.065 seconds
[2024-02-21T12:10:25.422+0000] {processor.py:161} INFO - Started process (PID=74) to work on /opt/airflow/dags/terceiradag.py
[2024-02-21T12:10:25.423+0000] {processor.py:830} INFO - Processing file /opt/airflow/dags/terceiradag.py for tasks to queue
[2024-02-21T12:10:25.425+0000] {logging_mixin.py:188} INFO - [2024-02-21T12:10:25.425+0000] {dagbag.py:538} INFO - Filling up the DagBag from /opt/airflow/dags/terceiradag.py
[2024-02-21T12:10:25.434+0000] {processor.py:840} INFO - DAG(s) 'terceira_dag' retrieved from /opt/airflow/dags/terceiradag.py
[2024-02-21T12:10:25.461+0000] {logging_mixin.py:188} INFO - [2024-02-21T12:10:25.460+0000] {dag.py:3036} INFO - Sync 1 DAGs
[2024-02-21T12:10:25.471+0000] {logging_mixin.py:188} INFO - [2024-02-21T12:10:25.471+0000] {dag.py:3823} INFO - Setting next_dagrun for terceira_dag to None, run_after=None
[2024-02-21T12:10:25.488+0000] {processor.py:183} INFO - Processing /opt/airflow/dags/terceiradag.py took 0.069 seconds
[2024-02-21T12:10:30.899+0000] {processor.py:161} INFO - Started process (PID=82) to work on /opt/airflow/dags/terceiradag.py
[2024-02-21T12:10:30.900+0000] {processor.py:830} INFO - Processing file /opt/airflow/dags/terceiradag.py for tasks to queue
[2024-02-21T12:10:30.902+0000] {logging_mixin.py:188} INFO - [2024-02-21T12:10:30.902+0000] {dagbag.py:538} INFO - Filling up the DagBag from /opt/airflow/dags/terceiradag.py
[2024-02-21T12:10:30.914+0000] {processor.py:840} INFO - DAG(s) 'terceira_dag' retrieved from /opt/airflow/dags/terceiradag.py
[2024-02-21T12:10:30.937+0000] {logging_mixin.py:188} INFO - [2024-02-21T12:10:30.936+0000] {dag.py:3036} INFO - Sync 1 DAGs
[2024-02-21T12:10:30.948+0000] {logging_mixin.py:188} INFO - [2024-02-21T12:10:30.948+0000] {dag.py:3823} INFO - Setting next_dagrun for terceira_dag to None, run_after=None
[2024-02-21T12:10:30.966+0000] {processor.py:183} INFO - Processing /opt/airflow/dags/terceiradag.py took 0.069 seconds
[2024-02-21T12:10:36.415+0000] {processor.py:161} INFO - Started process (PID=90) to work on /opt/airflow/dags/terceiradag.py
[2024-02-21T12:10:36.416+0000] {processor.py:830} INFO - Processing file /opt/airflow/dags/terceiradag.py for tasks to queue
[2024-02-21T12:10:36.417+0000] {logging_mixin.py:188} INFO - [2024-02-21T12:10:36.417+0000] {dagbag.py:538} INFO - Filling up the DagBag from /opt/airflow/dags/terceiradag.py
[2024-02-21T12:10:36.431+0000] {processor.py:840} INFO - DAG(s) 'terceira_dag' retrieved from /opt/airflow/dags/terceiradag.py
[2024-02-21T12:10:36.455+0000] {logging_mixin.py:188} INFO - [2024-02-21T12:10:36.455+0000] {dag.py:3036} INFO - Sync 1 DAGs
[2024-02-21T12:10:36.466+0000] {logging_mixin.py:188} INFO - [2024-02-21T12:10:36.466+0000] {dag.py:3823} INFO - Setting next_dagrun for terceira_dag to None, run_after=None
[2024-02-21T12:10:36.484+0000] {processor.py:183} INFO - Processing /opt/airflow/dags/terceiradag.py took 0.073 seconds
[2024-02-21T12:10:41.890+0000] {processor.py:161} INFO - Started process (PID=106) to work on /opt/airflow/dags/terceiradag.py
[2024-02-21T12:10:41.891+0000] {processor.py:830} INFO - Processing file /opt/airflow/dags/terceiradag.py for tasks to queue
[2024-02-21T12:10:41.893+0000] {logging_mixin.py:188} INFO - [2024-02-21T12:10:41.892+0000] {dagbag.py:538} INFO - Filling up the DagBag from /opt/airflow/dags/terceiradag.py
[2024-02-21T12:10:41.904+0000] {processor.py:840} INFO - DAG(s) 'terceira_dag' retrieved from /opt/airflow/dags/terceiradag.py
[2024-02-21T12:10:41.935+0000] {logging_mixin.py:188} INFO - [2024-02-21T12:10:41.935+0000] {dag.py:3036} INFO - Sync 1 DAGs
[2024-02-21T12:10:41.952+0000] {logging_mixin.py:188} INFO - [2024-02-21T12:10:41.951+0000] {dag.py:3823} INFO - Setting next_dagrun for terceira_dag to None, run_after=None
[2024-02-21T12:10:41.983+0000] {processor.py:183} INFO - Processing /opt/airflow/dags/terceiradag.py took 0.097 seconds
[2024-02-21T12:10:47.407+0000] {processor.py:161} INFO - Started process (PID=114) to work on /opt/airflow/dags/terceiradag.py
[2024-02-21T12:10:47.408+0000] {processor.py:830} INFO - Processing file /opt/airflow/dags/terceiradag.py for tasks to queue
[2024-02-21T12:10:47.410+0000] {logging_mixin.py:188} INFO - [2024-02-21T12:10:47.409+0000] {dagbag.py:538} INFO - Filling up the DagBag from /opt/airflow/dags/terceiradag.py
[2024-02-21T12:10:47.421+0000] {processor.py:840} INFO - DAG(s) 'terceira_dag' retrieved from /opt/airflow/dags/terceiradag.py
[2024-02-21T12:10:47.445+0000] {logging_mixin.py:188} INFO - [2024-02-21T12:10:47.445+0000] {dag.py:3036} INFO - Sync 1 DAGs
[2024-02-21T12:10:47.456+0000] {logging_mixin.py:188} INFO - [2024-02-21T12:10:47.455+0000] {dag.py:3823} INFO - Setting next_dagrun for terceira_dag to None, run_after=None
[2024-02-21T12:10:47.475+0000] {processor.py:183} INFO - Processing /opt/airflow/dags/terceiradag.py took 0.073 seconds
[2024-02-21T12:10:52.827+0000] {processor.py:161} INFO - Started process (PID=130) to work on /opt/airflow/dags/terceiradag.py
[2024-02-21T12:10:52.828+0000] {processor.py:830} INFO - Processing file /opt/airflow/dags/terceiradag.py for tasks to queue
[2024-02-21T12:10:52.830+0000] {logging_mixin.py:188} INFO - [2024-02-21T12:10:52.830+0000] {dagbag.py:538} INFO - Filling up the DagBag from /opt/airflow/dags/terceiradag.py
[2024-02-21T12:10:52.840+0000] {processor.py:840} INFO - DAG(s) 'terceira_dag' retrieved from /opt/airflow/dags/terceiradag.py
[2024-02-21T12:10:52.871+0000] {logging_mixin.py:188} INFO - [2024-02-21T12:10:52.870+0000] {dag.py:3036} INFO - Sync 1 DAGs
[2024-02-21T12:10:52.883+0000] {logging_mixin.py:188} INFO - [2024-02-21T12:10:52.882+0000] {dag.py:3823} INFO - Setting next_dagrun for terceira_dag to None, run_after=None
[2024-02-21T12:10:52.905+0000] {processor.py:183} INFO - Processing /opt/airflow/dags/terceiradag.py took 0.081 seconds
[2024-02-21T12:10:58.275+0000] {processor.py:161} INFO - Started process (PID=138) to work on /opt/airflow/dags/terceiradag.py
[2024-02-21T12:10:58.275+0000] {processor.py:830} INFO - Processing file /opt/airflow/dags/terceiradag.py for tasks to queue
[2024-02-21T12:10:58.277+0000] {logging_mixin.py:188} INFO - [2024-02-21T12:10:58.277+0000] {dagbag.py:538} INFO - Filling up the DagBag from /opt/airflow/dags/terceiradag.py
[2024-02-21T12:10:58.286+0000] {processor.py:840} INFO - DAG(s) 'terceira_dag' retrieved from /opt/airflow/dags/terceiradag.py
[2024-02-21T12:10:58.309+0000] {logging_mixin.py:188} INFO - [2024-02-21T12:10:58.309+0000] {dag.py:3036} INFO - Sync 1 DAGs
[2024-02-21T12:10:58.319+0000] {logging_mixin.py:188} INFO - [2024-02-21T12:10:58.319+0000] {dag.py:3823} INFO - Setting next_dagrun for terceira_dag to None, run_after=None
[2024-02-21T12:10:58.335+0000] {processor.py:183} INFO - Processing /opt/airflow/dags/terceiradag.py took 0.063 seconds
[2024-02-21T12:11:03.735+0000] {processor.py:161} INFO - Started process (PID=146) to work on /opt/airflow/dags/terceiradag.py
[2024-02-21T12:11:03.736+0000] {processor.py:830} INFO - Processing file /opt/airflow/dags/terceiradag.py for tasks to queue
[2024-02-21T12:11:03.737+0000] {logging_mixin.py:188} INFO - [2024-02-21T12:11:03.737+0000] {dagbag.py:538} INFO - Filling up the DagBag from /opt/airflow/dags/terceiradag.py
[2024-02-21T12:11:03.746+0000] {processor.py:840} INFO - DAG(s) 'terceira_dag' retrieved from /opt/airflow/dags/terceiradag.py
[2024-02-21T12:11:03.768+0000] {logging_mixin.py:188} INFO - [2024-02-21T12:11:03.768+0000] {dag.py:3036} INFO - Sync 1 DAGs
[2024-02-21T12:11:03.778+0000] {logging_mixin.py:188} INFO - [2024-02-21T12:11:03.778+0000] {dag.py:3823} INFO - Setting next_dagrun for terceira_dag to None, run_after=None
[2024-02-21T12:11:03.794+0000] {processor.py:183} INFO - Processing /opt/airflow/dags/terceiradag.py took 0.062 seconds
[2024-02-21T12:11:09.181+0000] {processor.py:161} INFO - Started process (PID=162) to work on /opt/airflow/dags/terceiradag.py
[2024-02-21T12:11:09.182+0000] {processor.py:830} INFO - Processing file /opt/airflow/dags/terceiradag.py for tasks to queue
[2024-02-21T12:11:09.184+0000] {logging_mixin.py:188} INFO - [2024-02-21T12:11:09.184+0000] {dagbag.py:538} INFO - Filling up the DagBag from /opt/airflow/dags/terceiradag.py
[2024-02-21T12:11:09.192+0000] {processor.py:840} INFO - DAG(s) 'terceira_dag' retrieved from /opt/airflow/dags/terceiradag.py
[2024-02-21T12:11:09.215+0000] {logging_mixin.py:188} INFO - [2024-02-21T12:11:09.215+0000] {dag.py:3036} INFO - Sync 1 DAGs
[2024-02-21T12:11:09.225+0000] {logging_mixin.py:188} INFO - [2024-02-21T12:11:09.225+0000] {dag.py:3823} INFO - Setting next_dagrun for terceira_dag to None, run_after=None
[2024-02-21T12:11:09.242+0000] {processor.py:183} INFO - Processing /opt/airflow/dags/terceiradag.py took 0.064 seconds
[2024-02-21T12:11:14.632+0000] {processor.py:161} INFO - Started process (PID=170) to work on /opt/airflow/dags/terceiradag.py
[2024-02-21T12:11:14.633+0000] {processor.py:830} INFO - Processing file /opt/airflow/dags/terceiradag.py for tasks to queue
[2024-02-21T12:11:14.634+0000] {logging_mixin.py:188} INFO - [2024-02-21T12:11:14.634+0000] {dagbag.py:538} INFO - Filling up the DagBag from /opt/airflow/dags/terceiradag.py
[2024-02-21T12:11:14.643+0000] {processor.py:840} INFO - DAG(s) 'terceira_dag' retrieved from /opt/airflow/dags/terceiradag.py
[2024-02-21T12:11:14.667+0000] {logging_mixin.py:188} INFO - [2024-02-21T12:11:14.667+0000] {dag.py:3036} INFO - Sync 1 DAGs
[2024-02-21T12:11:14.678+0000] {logging_mixin.py:188} INFO - [2024-02-21T12:11:14.677+0000] {dag.py:3823} INFO - Setting next_dagrun for terceira_dag to None, run_after=None
[2024-02-21T12:11:14.693+0000] {processor.py:183} INFO - Processing /opt/airflow/dags/terceiradag.py took 0.064 seconds
[2024-02-21T12:11:20.093+0000] {processor.py:161} INFO - Started process (PID=186) to work on /opt/airflow/dags/terceiradag.py
[2024-02-21T12:11:20.094+0000] {processor.py:830} INFO - Processing file /opt/airflow/dags/terceiradag.py for tasks to queue
[2024-02-21T12:11:20.095+0000] {logging_mixin.py:188} INFO - [2024-02-21T12:11:20.095+0000] {dagbag.py:538} INFO - Filling up the DagBag from /opt/airflow/dags/terceiradag.py
[2024-02-21T12:11:20.104+0000] {processor.py:840} INFO - DAG(s) 'terceira_dag' retrieved from /opt/airflow/dags/terceiradag.py
[2024-02-21T12:11:20.127+0000] {logging_mixin.py:188} INFO - [2024-02-21T12:11:20.126+0000] {dag.py:3036} INFO - Sync 1 DAGs
[2024-02-21T12:11:20.137+0000] {logging_mixin.py:188} INFO - [2024-02-21T12:11:20.137+0000] {dag.py:3823} INFO - Setting next_dagrun for terceira_dag to None, run_after=None
[2024-02-21T12:11:20.151+0000] {processor.py:183} INFO - Processing /opt/airflow/dags/terceiradag.py took 0.061 seconds
[2024-02-21T12:11:25.547+0000] {processor.py:161} INFO - Started process (PID=194) to work on /opt/airflow/dags/terceiradag.py
[2024-02-21T12:11:25.548+0000] {processor.py:830} INFO - Processing file /opt/airflow/dags/terceiradag.py for tasks to queue
[2024-02-21T12:11:25.549+0000] {logging_mixin.py:188} INFO - [2024-02-21T12:11:25.549+0000] {dagbag.py:538} INFO - Filling up the DagBag from /opt/airflow/dags/terceiradag.py
[2024-02-21T12:11:25.558+0000] {processor.py:840} INFO - DAG(s) 'terceira_dag' retrieved from /opt/airflow/dags/terceiradag.py
[2024-02-21T12:11:25.581+0000] {logging_mixin.py:188} INFO - [2024-02-21T12:11:25.581+0000] {dag.py:3036} INFO - Sync 1 DAGs
[2024-02-21T12:11:25.592+0000] {logging_mixin.py:188} INFO - [2024-02-21T12:11:25.592+0000] {dag.py:3823} INFO - Setting next_dagrun for terceira_dag to None, run_after=None
[2024-02-21T12:11:25.608+0000] {processor.py:183} INFO - Processing /opt/airflow/dags/terceiradag.py took 0.064 seconds
[2024-02-21T12:11:30.963+0000] {processor.py:161} INFO - Started process (PID=210) to work on /opt/airflow/dags/terceiradag.py
[2024-02-21T12:11:30.964+0000] {processor.py:830} INFO - Processing file /opt/airflow/dags/terceiradag.py for tasks to queue
[2024-02-21T12:11:30.967+0000] {logging_mixin.py:188} INFO - [2024-02-21T12:11:30.967+0000] {dagbag.py:538} INFO - Filling up the DagBag from /opt/airflow/dags/terceiradag.py
[2024-02-21T12:11:30.977+0000] {processor.py:840} INFO - DAG(s) 'terceira_dag' retrieved from /opt/airflow/dags/terceiradag.py
[2024-02-21T12:11:31.003+0000] {logging_mixin.py:188} INFO - [2024-02-21T12:11:31.002+0000] {dag.py:3036} INFO - Sync 1 DAGs
[2024-02-21T12:11:31.015+0000] {logging_mixin.py:188} INFO - [2024-02-21T12:11:31.014+0000] {dag.py:3823} INFO - Setting next_dagrun for terceira_dag to None, run_after=None
[2024-02-21T12:11:31.034+0000] {processor.py:183} INFO - Processing /opt/airflow/dags/terceiradag.py took 0.073 seconds
[2024-02-21T12:11:36.459+0000] {processor.py:161} INFO - Started process (PID=218) to work on /opt/airflow/dags/terceiradag.py
[2024-02-21T12:11:36.460+0000] {processor.py:830} INFO - Processing file /opt/airflow/dags/terceiradag.py for tasks to queue
[2024-02-21T12:11:36.462+0000] {logging_mixin.py:188} INFO - [2024-02-21T12:11:36.462+0000] {dagbag.py:538} INFO - Filling up the DagBag from /opt/airflow/dags/terceiradag.py
[2024-02-21T12:11:36.471+0000] {processor.py:840} INFO - DAG(s) 'terceira_dag' retrieved from /opt/airflow/dags/terceiradag.py
[2024-02-21T12:11:36.496+0000] {logging_mixin.py:188} INFO - [2024-02-21T12:11:36.495+0000] {dag.py:3036} INFO - Sync 1 DAGs
[2024-02-21T12:11:36.508+0000] {logging_mixin.py:188} INFO - [2024-02-21T12:11:36.508+0000] {dag.py:3823} INFO - Setting next_dagrun for terceira_dag to None, run_after=None
[2024-02-21T12:11:36.524+0000] {processor.py:183} INFO - Processing /opt/airflow/dags/terceiradag.py took 0.067 seconds
[2024-02-21T12:11:42.007+0000] {processor.py:161} INFO - Started process (PID=233) to work on /opt/airflow/dags/terceiradag.py
[2024-02-21T12:11:42.008+0000] {processor.py:830} INFO - Processing file /opt/airflow/dags/terceiradag.py for tasks to queue
[2024-02-21T12:11:42.011+0000] {logging_mixin.py:188} INFO - [2024-02-21T12:11:42.010+0000] {dagbag.py:538} INFO - Filling up the DagBag from /opt/airflow/dags/terceiradag.py
[2024-02-21T12:11:42.025+0000] {processor.py:840} INFO - DAG(s) 'terceira_dag' retrieved from /opt/airflow/dags/terceiradag.py
[2024-02-21T12:11:42.060+0000] {logging_mixin.py:188} INFO - [2024-02-21T12:11:42.060+0000] {dag.py:3036} INFO - Sync 1 DAGs
[2024-02-21T12:11:42.078+0000] {logging_mixin.py:188} INFO - [2024-02-21T12:11:42.077+0000] {dag.py:3823} INFO - Setting next_dagrun for terceira_dag to None, run_after=None
[2024-02-21T12:11:42.109+0000] {processor.py:183} INFO - Processing /opt/airflow/dags/terceiradag.py took 0.105 seconds
[2024-02-21T12:11:47.452+0000] {processor.py:161} INFO - Started process (PID=242) to work on /opt/airflow/dags/terceiradag.py
[2024-02-21T12:11:47.453+0000] {processor.py:830} INFO - Processing file /opt/airflow/dags/terceiradag.py for tasks to queue
[2024-02-21T12:11:47.455+0000] {logging_mixin.py:188} INFO - [2024-02-21T12:11:47.454+0000] {dagbag.py:538} INFO - Filling up the DagBag from /opt/airflow/dags/terceiradag.py
[2024-02-21T12:11:47.465+0000] {processor.py:840} INFO - DAG(s) 'terceira_dag' retrieved from /opt/airflow/dags/terceiradag.py
[2024-02-21T12:11:47.490+0000] {logging_mixin.py:188} INFO - [2024-02-21T12:11:47.489+0000] {dag.py:3036} INFO - Sync 1 DAGs
[2024-02-21T12:11:47.500+0000] {logging_mixin.py:188} INFO - [2024-02-21T12:11:47.500+0000] {dag.py:3823} INFO - Setting next_dagrun for terceira_dag to None, run_after=None
[2024-02-21T12:11:47.516+0000] {processor.py:183} INFO - Processing /opt/airflow/dags/terceiradag.py took 0.066 seconds
[2024-02-21T12:11:52.933+0000] {processor.py:161} INFO - Started process (PID=250) to work on /opt/airflow/dags/terceiradag.py
[2024-02-21T12:11:52.934+0000] {processor.py:830} INFO - Processing file /opt/airflow/dags/terceiradag.py for tasks to queue
[2024-02-21T12:11:52.936+0000] {logging_mixin.py:188} INFO - [2024-02-21T12:11:52.935+0000] {dagbag.py:538} INFO - Filling up the DagBag from /opt/airflow/dags/terceiradag.py
[2024-02-21T12:11:52.944+0000] {processor.py:840} INFO - DAG(s) 'terceira_dag' retrieved from /opt/airflow/dags/terceiradag.py
[2024-02-21T12:11:52.972+0000] {logging_mixin.py:188} INFO - [2024-02-21T12:11:52.972+0000] {dag.py:3036} INFO - Sync 1 DAGs
[2024-02-21T12:11:52.986+0000] {logging_mixin.py:188} INFO - [2024-02-21T12:11:52.986+0000] {dag.py:3823} INFO - Setting next_dagrun for terceira_dag to None, run_after=None
[2024-02-21T12:11:53.006+0000] {processor.py:183} INFO - Processing /opt/airflow/dags/terceiradag.py took 0.077 seconds
[2024-02-21T12:11:58.289+0000] {processor.py:161} INFO - Started process (PID=266) to work on /opt/airflow/dags/terceiradag.py
[2024-02-21T12:11:58.290+0000] {processor.py:830} INFO - Processing file /opt/airflow/dags/terceiradag.py for tasks to queue
[2024-02-21T12:11:58.293+0000] {logging_mixin.py:188} INFO - [2024-02-21T12:11:58.292+0000] {dagbag.py:538} INFO - Filling up the DagBag from /opt/airflow/dags/terceiradag.py
[2024-02-21T12:11:58.305+0000] {processor.py:840} INFO - DAG(s) 'terceira_dag' retrieved from /opt/airflow/dags/terceiradag.py
[2024-02-21T12:11:58.330+0000] {logging_mixin.py:188} INFO - [2024-02-21T12:11:58.330+0000] {dag.py:3036} INFO - Sync 1 DAGs
[2024-02-21T12:11:58.340+0000] {logging_mixin.py:188} INFO - [2024-02-21T12:11:58.340+0000] {dag.py:3823} INFO - Setting next_dagrun for terceira_dag to None, run_after=None
[2024-02-21T12:11:58.360+0000] {processor.py:183} INFO - Processing /opt/airflow/dags/terceiradag.py took 0.074 seconds
[2024-02-21T12:12:03.723+0000] {processor.py:161} INFO - Started process (PID=274) to work on /opt/airflow/dags/terceiradag.py
[2024-02-21T12:12:03.724+0000] {processor.py:830} INFO - Processing file /opt/airflow/dags/terceiradag.py for tasks to queue
[2024-02-21T12:12:03.726+0000] {logging_mixin.py:188} INFO - [2024-02-21T12:12:03.726+0000] {dagbag.py:538} INFO - Filling up the DagBag from /opt/airflow/dags/terceiradag.py
[2024-02-21T12:12:03.736+0000] {processor.py:840} INFO - DAG(s) 'terceira_dag' retrieved from /opt/airflow/dags/terceiradag.py
[2024-02-21T12:12:03.759+0000] {logging_mixin.py:188} INFO - [2024-02-21T12:12:03.759+0000] {dag.py:3036} INFO - Sync 1 DAGs
[2024-02-21T12:12:03.769+0000] {logging_mixin.py:188} INFO - [2024-02-21T12:12:03.769+0000] {dag.py:3823} INFO - Setting next_dagrun for terceira_dag to None, run_after=None
[2024-02-21T12:12:03.786+0000] {processor.py:183} INFO - Processing /opt/airflow/dags/terceiradag.py took 0.065 seconds
[2024-02-21T12:12:09.132+0000] {processor.py:161} INFO - Started process (PID=290) to work on /opt/airflow/dags/terceiradag.py
[2024-02-21T12:12:09.133+0000] {processor.py:830} INFO - Processing file /opt/airflow/dags/terceiradag.py for tasks to queue
[2024-02-21T12:12:09.135+0000] {logging_mixin.py:188} INFO - [2024-02-21T12:12:09.135+0000] {dagbag.py:538} INFO - Filling up the DagBag from /opt/airflow/dags/terceiradag.py
[2024-02-21T12:12:09.145+0000] {processor.py:840} INFO - DAG(s) 'terceira_dag' retrieved from /opt/airflow/dags/terceiradag.py
[2024-02-21T12:12:09.178+0000] {logging_mixin.py:188} INFO - [2024-02-21T12:12:09.178+0000] {dag.py:3036} INFO - Sync 1 DAGs
[2024-02-21T12:12:09.193+0000] {logging_mixin.py:188} INFO - [2024-02-21T12:12:09.193+0000] {dag.py:3823} INFO - Setting next_dagrun for terceira_dag to None, run_after=None
[2024-02-21T12:12:09.218+0000] {processor.py:183} INFO - Processing /opt/airflow/dags/terceiradag.py took 0.089 seconds
[2024-02-21T12:12:14.624+0000] {processor.py:161} INFO - Started process (PID=298) to work on /opt/airflow/dags/terceiradag.py
[2024-02-21T12:12:14.625+0000] {processor.py:830} INFO - Processing file /opt/airflow/dags/terceiradag.py for tasks to queue
[2024-02-21T12:12:14.627+0000] {logging_mixin.py:188} INFO - [2024-02-21T12:12:14.627+0000] {dagbag.py:538} INFO - Filling up the DagBag from /opt/airflow/dags/terceiradag.py
[2024-02-21T12:12:14.635+0000] {processor.py:840} INFO - DAG(s) 'terceira_dag' retrieved from /opt/airflow/dags/terceiradag.py
[2024-02-21T12:12:14.658+0000] {logging_mixin.py:188} INFO - [2024-02-21T12:12:14.657+0000] {dag.py:3036} INFO - Sync 1 DAGs
[2024-02-21T12:12:14.668+0000] {logging_mixin.py:188} INFO - [2024-02-21T12:12:14.668+0000] {dag.py:3823} INFO - Setting next_dagrun for terceira_dag to None, run_after=None
[2024-02-21T12:12:14.684+0000] {processor.py:183} INFO - Processing /opt/airflow/dags/terceiradag.py took 0.063 seconds
[2024-02-21T12:12:20.089+0000] {processor.py:161} INFO - Started process (PID=314) to work on /opt/airflow/dags/terceiradag.py
[2024-02-21T12:12:20.090+0000] {processor.py:830} INFO - Processing file /opt/airflow/dags/terceiradag.py for tasks to queue
[2024-02-21T12:12:20.094+0000] {logging_mixin.py:188} INFO - [2024-02-21T12:12:20.093+0000] {dagbag.py:538} INFO - Filling up the DagBag from /opt/airflow/dags/terceiradag.py
[2024-02-21T12:12:20.103+0000] {processor.py:840} INFO - DAG(s) 'terceira_dag' retrieved from /opt/airflow/dags/terceiradag.py
[2024-02-21T12:12:20.130+0000] {logging_mixin.py:188} INFO - [2024-02-21T12:12:20.130+0000] {dag.py:3036} INFO - Sync 1 DAGs
[2024-02-21T12:12:20.141+0000] {logging_mixin.py:188} INFO - [2024-02-21T12:12:20.141+0000] {dag.py:3823} INFO - Setting next_dagrun for terceira_dag to None, run_after=None
[2024-02-21T12:12:20.164+0000] {processor.py:183} INFO - Processing /opt/airflow/dags/terceiradag.py took 0.078 seconds
[2024-02-21T12:12:25.546+0000] {processor.py:161} INFO - Started process (PID=322) to work on /opt/airflow/dags/terceiradag.py
[2024-02-21T12:12:25.547+0000] {processor.py:830} INFO - Processing file /opt/airflow/dags/terceiradag.py for tasks to queue
[2024-02-21T12:12:25.549+0000] {logging_mixin.py:188} INFO - [2024-02-21T12:12:25.548+0000] {dagbag.py:538} INFO - Filling up the DagBag from /opt/airflow/dags/terceiradag.py
[2024-02-21T12:12:25.557+0000] {processor.py:840} INFO - DAG(s) 'terceira_dag' retrieved from /opt/airflow/dags/terceiradag.py
[2024-02-21T12:12:25.579+0000] {logging_mixin.py:188} INFO - [2024-02-21T12:12:25.579+0000] {dag.py:3036} INFO - Sync 1 DAGs
[2024-02-21T12:12:25.589+0000] {logging_mixin.py:188} INFO - [2024-02-21T12:12:25.588+0000] {dag.py:3823} INFO - Setting next_dagrun for terceira_dag to None, run_after=None
[2024-02-21T12:12:25.603+0000] {processor.py:183} INFO - Processing /opt/airflow/dags/terceiradag.py took 0.060 seconds
[2024-02-21T12:12:30.987+0000] {processor.py:161} INFO - Started process (PID=330) to work on /opt/airflow/dags/terceiradag.py
[2024-02-21T12:12:30.988+0000] {processor.py:830} INFO - Processing file /opt/airflow/dags/terceiradag.py for tasks to queue
[2024-02-21T12:12:30.990+0000] {logging_mixin.py:188} INFO - [2024-02-21T12:12:30.989+0000] {dagbag.py:538} INFO - Filling up the DagBag from /opt/airflow/dags/terceiradag.py
[2024-02-21T12:12:30.998+0000] {processor.py:840} INFO - DAG(s) 'terceira_dag' retrieved from /opt/airflow/dags/terceiradag.py
[2024-02-21T12:12:31.021+0000] {logging_mixin.py:188} INFO - [2024-02-21T12:12:31.021+0000] {dag.py:3036} INFO - Sync 1 DAGs
[2024-02-21T12:12:31.031+0000] {logging_mixin.py:188} INFO - [2024-02-21T12:12:31.031+0000] {dag.py:3823} INFO - Setting next_dagrun for terceira_dag to None, run_after=None
[2024-02-21T12:12:31.047+0000] {processor.py:183} INFO - Processing /opt/airflow/dags/terceiradag.py took 0.063 seconds
[2024-02-21T12:12:36.427+0000] {processor.py:161} INFO - Started process (PID=346) to work on /opt/airflow/dags/terceiradag.py
[2024-02-21T12:12:36.428+0000] {processor.py:830} INFO - Processing file /opt/airflow/dags/terceiradag.py for tasks to queue
[2024-02-21T12:12:36.430+0000] {logging_mixin.py:188} INFO - [2024-02-21T12:12:36.430+0000] {dagbag.py:538} INFO - Filling up the DagBag from /opt/airflow/dags/terceiradag.py
[2024-02-21T12:12:36.438+0000] {processor.py:840} INFO - DAG(s) 'terceira_dag' retrieved from /opt/airflow/dags/terceiradag.py
[2024-02-21T12:12:36.463+0000] {logging_mixin.py:188} INFO - [2024-02-21T12:12:36.463+0000] {dag.py:3036} INFO - Sync 1 DAGs
[2024-02-21T12:12:36.473+0000] {logging_mixin.py:188} INFO - [2024-02-21T12:12:36.473+0000] {dag.py:3823} INFO - Setting next_dagrun for terceira_dag to None, run_after=None
[2024-02-21T12:12:36.490+0000] {processor.py:183} INFO - Processing /opt/airflow/dags/terceiradag.py took 0.065 seconds
[2024-02-21T12:12:41.880+0000] {processor.py:161} INFO - Started process (PID=354) to work on /opt/airflow/dags/terceiradag.py
[2024-02-21T12:12:41.881+0000] {processor.py:830} INFO - Processing file /opt/airflow/dags/terceiradag.py for tasks to queue
[2024-02-21T12:12:41.883+0000] {logging_mixin.py:188} INFO - [2024-02-21T12:12:41.883+0000] {dagbag.py:538} INFO - Filling up the DagBag from /opt/airflow/dags/terceiradag.py
[2024-02-21T12:12:41.891+0000] {processor.py:840} INFO - DAG(s) 'terceira_dag' retrieved from /opt/airflow/dags/terceiradag.py
[2024-02-21T12:12:41.915+0000] {logging_mixin.py:188} INFO - [2024-02-21T12:12:41.915+0000] {dag.py:3036} INFO - Sync 1 DAGs
[2024-02-21T12:12:41.925+0000] {logging_mixin.py:188} INFO - [2024-02-21T12:12:41.925+0000] {dag.py:3823} INFO - Setting next_dagrun for terceira_dag to None, run_after=None
[2024-02-21T12:12:41.941+0000] {processor.py:183} INFO - Processing /opt/airflow/dags/terceiradag.py took 0.064 seconds
[2024-02-21T12:12:47.327+0000] {processor.py:161} INFO - Started process (PID=370) to work on /opt/airflow/dags/terceiradag.py
[2024-02-21T12:12:47.328+0000] {processor.py:830} INFO - Processing file /opt/airflow/dags/terceiradag.py for tasks to queue
[2024-02-21T12:12:47.329+0000] {logging_mixin.py:188} INFO - [2024-02-21T12:12:47.329+0000] {dagbag.py:538} INFO - Filling up the DagBag from /opt/airflow/dags/terceiradag.py
[2024-02-21T12:12:47.338+0000] {processor.py:840} INFO - DAG(s) 'terceira_dag' retrieved from /opt/airflow/dags/terceiradag.py
[2024-02-21T12:12:47.362+0000] {logging_mixin.py:188} INFO - [2024-02-21T12:12:47.361+0000] {dag.py:3036} INFO - Sync 1 DAGs
[2024-02-21T12:12:47.372+0000] {logging_mixin.py:188} INFO - [2024-02-21T12:12:47.371+0000] {dag.py:3823} INFO - Setting next_dagrun for terceira_dag to None, run_after=None
[2024-02-21T12:12:47.388+0000] {processor.py:183} INFO - Processing /opt/airflow/dags/terceiradag.py took 0.064 seconds
[2024-02-21T12:12:52.702+0000] {processor.py:161} INFO - Started process (PID=378) to work on /opt/airflow/dags/terceiradag.py
[2024-02-21T12:12:52.703+0000] {processor.py:830} INFO - Processing file /opt/airflow/dags/terceiradag.py for tasks to queue
[2024-02-21T12:12:52.704+0000] {logging_mixin.py:188} INFO - [2024-02-21T12:12:52.704+0000] {dagbag.py:538} INFO - Filling up the DagBag from /opt/airflow/dags/terceiradag.py
[2024-02-21T12:12:52.712+0000] {processor.py:840} INFO - DAG(s) 'terceira_dag' retrieved from /opt/airflow/dags/terceiradag.py
[2024-02-21T12:12:52.735+0000] {logging_mixin.py:188} INFO - [2024-02-21T12:12:52.735+0000] {dag.py:3036} INFO - Sync 1 DAGs
[2024-02-21T12:12:52.746+0000] {logging_mixin.py:188} INFO - [2024-02-21T12:12:52.746+0000] {dag.py:3823} INFO - Setting next_dagrun for terceira_dag to None, run_after=None
[2024-02-21T12:12:52.762+0000] {processor.py:183} INFO - Processing /opt/airflow/dags/terceiradag.py took 0.063 seconds
[2024-02-21T12:12:58.177+0000] {processor.py:161} INFO - Started process (PID=394) to work on /opt/airflow/dags/terceiradag.py
[2024-02-21T12:12:58.177+0000] {processor.py:830} INFO - Processing file /opt/airflow/dags/terceiradag.py for tasks to queue
[2024-02-21T12:12:58.179+0000] {logging_mixin.py:188} INFO - [2024-02-21T12:12:58.179+0000] {dagbag.py:538} INFO - Filling up the DagBag from /opt/airflow/dags/terceiradag.py
[2024-02-21T12:12:58.188+0000] {processor.py:840} INFO - DAG(s) 'terceira_dag' retrieved from /opt/airflow/dags/terceiradag.py
[2024-02-21T12:12:58.212+0000] {logging_mixin.py:188} INFO - [2024-02-21T12:12:58.211+0000] {dag.py:3036} INFO - Sync 1 DAGs
[2024-02-21T12:12:58.223+0000] {logging_mixin.py:188} INFO - [2024-02-21T12:12:58.223+0000] {dag.py:3823} INFO - Setting next_dagrun for terceira_dag to None, run_after=None
[2024-02-21T12:12:58.240+0000] {processor.py:183} INFO - Processing /opt/airflow/dags/terceiradag.py took 0.066 seconds
[2024-02-21T12:13:03.666+0000] {processor.py:161} INFO - Started process (PID=402) to work on /opt/airflow/dags/terceiradag.py
[2024-02-21T12:13:03.667+0000] {processor.py:830} INFO - Processing file /opt/airflow/dags/terceiradag.py for tasks to queue
[2024-02-21T12:13:03.669+0000] {logging_mixin.py:188} INFO - [2024-02-21T12:13:03.669+0000] {dagbag.py:538} INFO - Filling up the DagBag from /opt/airflow/dags/terceiradag.py
[2024-02-21T12:13:03.677+0000] {processor.py:840} INFO - DAG(s) 'terceira_dag' retrieved from /opt/airflow/dags/terceiradag.py
[2024-02-21T12:13:03.701+0000] {logging_mixin.py:188} INFO - [2024-02-21T12:13:03.701+0000] {dag.py:3036} INFO - Sync 1 DAGs
[2024-02-21T12:13:03.712+0000] {logging_mixin.py:188} INFO - [2024-02-21T12:13:03.712+0000] {dag.py:3823} INFO - Setting next_dagrun for terceira_dag to None, run_after=None
[2024-02-21T12:13:03.728+0000] {processor.py:183} INFO - Processing /opt/airflow/dags/terceiradag.py took 0.065 seconds
[2024-02-21T12:13:09.173+0000] {processor.py:161} INFO - Started process (PID=421) to work on /opt/airflow/dags/terceiradag.py
[2024-02-21T12:13:09.174+0000] {processor.py:830} INFO - Processing file /opt/airflow/dags/terceiradag.py for tasks to queue
[2024-02-21T12:13:09.175+0000] {logging_mixin.py:188} INFO - [2024-02-21T12:13:09.175+0000] {dagbag.py:538} INFO - Filling up the DagBag from /opt/airflow/dags/terceiradag.py
[2024-02-21T12:13:09.185+0000] {processor.py:840} INFO - DAG(s) 'terceira_dag' retrieved from /opt/airflow/dags/terceiradag.py
[2024-02-21T12:13:09.211+0000] {logging_mixin.py:188} INFO - [2024-02-21T12:13:09.210+0000] {dag.py:3036} INFO - Sync 1 DAGs
[2024-02-21T12:13:09.221+0000] {logging_mixin.py:188} INFO - [2024-02-21T12:13:09.221+0000] {dag.py:3823} INFO - Setting next_dagrun for terceira_dag to None, run_after=None
[2024-02-21T12:13:09.240+0000] {processor.py:183} INFO - Processing /opt/airflow/dags/terceiradag.py took 0.070 seconds
[2024-02-21T12:13:14.642+0000] {processor.py:161} INFO - Started process (PID=434) to work on /opt/airflow/dags/terceiradag.py
[2024-02-21T12:13:14.643+0000] {processor.py:830} INFO - Processing file /opt/airflow/dags/terceiradag.py for tasks to queue
[2024-02-21T12:13:14.644+0000] {logging_mixin.py:188} INFO - [2024-02-21T12:13:14.644+0000] {dagbag.py:538} INFO - Filling up the DagBag from /opt/airflow/dags/terceiradag.py
[2024-02-21T12:13:14.653+0000] {processor.py:840} INFO - DAG(s) 'terceira_dag' retrieved from /opt/airflow/dags/terceiradag.py
[2024-02-21T12:13:14.677+0000] {logging_mixin.py:188} INFO - [2024-02-21T12:13:14.677+0000] {dag.py:3036} INFO - Sync 1 DAGs
[2024-02-21T12:13:14.687+0000] {logging_mixin.py:188} INFO - [2024-02-21T12:13:14.687+0000] {dag.py:3823} INFO - Setting next_dagrun for terceira_dag to None, run_after=None
[2024-02-21T12:13:14.704+0000] {processor.py:183} INFO - Processing /opt/airflow/dags/terceiradag.py took 0.065 seconds
[2024-02-21T12:13:20.108+0000] {processor.py:161} INFO - Started process (PID=442) to work on /opt/airflow/dags/terceiradag.py
[2024-02-21T12:13:20.109+0000] {processor.py:830} INFO - Processing file /opt/airflow/dags/terceiradag.py for tasks to queue
[2024-02-21T12:13:20.111+0000] {logging_mixin.py:188} INFO - [2024-02-21T12:13:20.110+0000] {dagbag.py:538} INFO - Filling up the DagBag from /opt/airflow/dags/terceiradag.py
[2024-02-21T12:13:20.120+0000] {processor.py:840} INFO - DAG(s) 'terceira_dag' retrieved from /opt/airflow/dags/terceiradag.py
[2024-02-21T12:13:20.144+0000] {logging_mixin.py:188} INFO - [2024-02-21T12:13:20.144+0000] {dag.py:3036} INFO - Sync 1 DAGs
[2024-02-21T12:13:20.155+0000] {logging_mixin.py:188} INFO - [2024-02-21T12:13:20.155+0000] {dag.py:3823} INFO - Setting next_dagrun for terceira_dag to None, run_after=None
[2024-02-21T12:13:20.174+0000] {processor.py:183} INFO - Processing /opt/airflow/dags/terceiradag.py took 0.069 seconds
[2024-02-21T12:13:25.519+0000] {processor.py:161} INFO - Started process (PID=458) to work on /opt/airflow/dags/terceiradag.py
[2024-02-21T12:13:25.520+0000] {processor.py:830} INFO - Processing file /opt/airflow/dags/terceiradag.py for tasks to queue
[2024-02-21T12:13:25.521+0000] {logging_mixin.py:188} INFO - [2024-02-21T12:13:25.521+0000] {dagbag.py:538} INFO - Filling up the DagBag from /opt/airflow/dags/terceiradag.py
[2024-02-21T12:13:25.531+0000] {processor.py:840} INFO - DAG(s) 'terceira_dag' retrieved from /opt/airflow/dags/terceiradag.py
[2024-02-21T12:13:25.558+0000] {logging_mixin.py:188} INFO - [2024-02-21T12:13:25.558+0000] {dag.py:3036} INFO - Sync 1 DAGs
[2024-02-21T12:13:25.570+0000] {logging_mixin.py:188} INFO - [2024-02-21T12:13:25.570+0000] {dag.py:3823} INFO - Setting next_dagrun for terceira_dag to None, run_after=None
[2024-02-21T12:13:25.589+0000] {processor.py:183} INFO - Processing /opt/airflow/dags/terceiradag.py took 0.073 seconds
[2024-02-21T12:13:30.923+0000] {processor.py:161} INFO - Started process (PID=466) to work on /opt/airflow/dags/terceiradag.py
[2024-02-21T12:13:30.924+0000] {processor.py:830} INFO - Processing file /opt/airflow/dags/terceiradag.py for tasks to queue
[2024-02-21T12:13:30.926+0000] {logging_mixin.py:188} INFO - [2024-02-21T12:13:30.925+0000] {dagbag.py:538} INFO - Filling up the DagBag from /opt/airflow/dags/terceiradag.py
[2024-02-21T12:13:30.934+0000] {processor.py:840} INFO - DAG(s) 'terceira_dag' retrieved from /opt/airflow/dags/terceiradag.py
[2024-02-21T12:13:30.958+0000] {logging_mixin.py:188} INFO - [2024-02-21T12:13:30.958+0000] {dag.py:3036} INFO - Sync 1 DAGs
[2024-02-21T12:13:30.969+0000] {logging_mixin.py:188} INFO - [2024-02-21T12:13:30.969+0000] {dag.py:3823} INFO - Setting next_dagrun for terceira_dag to None, run_after=None
[2024-02-21T12:13:30.985+0000] {processor.py:183} INFO - Processing /opt/airflow/dags/terceiradag.py took 0.064 seconds
[2024-02-21T12:13:36.300+0000] {processor.py:161} INFO - Started process (PID=486) to work on /opt/airflow/dags/terceiradag.py
[2024-02-21T12:13:36.301+0000] {processor.py:830} INFO - Processing file /opt/airflow/dags/terceiradag.py for tasks to queue
[2024-02-21T12:13:36.303+0000] {logging_mixin.py:188} INFO - [2024-02-21T12:13:36.302+0000] {dagbag.py:538} INFO - Filling up the DagBag from /opt/airflow/dags/terceiradag.py
[2024-02-21T12:13:36.312+0000] {processor.py:840} INFO - DAG(s) 'terceira_dag' retrieved from /opt/airflow/dags/terceiradag.py
[2024-02-21T12:13:36.336+0000] {logging_mixin.py:188} INFO - [2024-02-21T12:13:36.336+0000] {dag.py:3036} INFO - Sync 1 DAGs
[2024-02-21T12:13:36.347+0000] {logging_mixin.py:188} INFO - [2024-02-21T12:13:36.347+0000] {dag.py:3823} INFO - Setting next_dagrun for terceira_dag to None, run_after=None
[2024-02-21T12:13:36.364+0000] {processor.py:183} INFO - Processing /opt/airflow/dags/terceiradag.py took 0.066 seconds
[2024-02-21T12:13:41.771+0000] {processor.py:161} INFO - Started process (PID=494) to work on /opt/airflow/dags/terceiradag.py
[2024-02-21T12:13:41.772+0000] {processor.py:830} INFO - Processing file /opt/airflow/dags/terceiradag.py for tasks to queue
[2024-02-21T12:13:41.774+0000] {logging_mixin.py:188} INFO - [2024-02-21T12:13:41.774+0000] {dagbag.py:538} INFO - Filling up the DagBag from /opt/airflow/dags/terceiradag.py
[2024-02-21T12:13:41.783+0000] {processor.py:840} INFO - DAG(s) 'terceira_dag' retrieved from /opt/airflow/dags/terceiradag.py
[2024-02-21T12:13:41.807+0000] {logging_mixin.py:188} INFO - [2024-02-21T12:13:41.807+0000] {dag.py:3036} INFO - Sync 1 DAGs
[2024-02-21T12:13:41.817+0000] {logging_mixin.py:188} INFO - [2024-02-21T12:13:41.817+0000] {dag.py:3823} INFO - Setting next_dagrun for terceira_dag to None, run_after=None
[2024-02-21T12:13:41.833+0000] {processor.py:183} INFO - Processing /opt/airflow/dags/terceiradag.py took 0.064 seconds
[2024-02-21T12:13:47.170+0000] {processor.py:161} INFO - Started process (PID=510) to work on /opt/airflow/dags/terceiradag.py
[2024-02-21T12:13:47.171+0000] {processor.py:830} INFO - Processing file /opt/airflow/dags/terceiradag.py for tasks to queue
[2024-02-21T12:13:47.173+0000] {logging_mixin.py:188} INFO - [2024-02-21T12:13:47.172+0000] {dagbag.py:538} INFO - Filling up the DagBag from /opt/airflow/dags/terceiradag.py
[2024-02-21T12:13:47.183+0000] {processor.py:840} INFO - DAG(s) 'terceira_dag' retrieved from /opt/airflow/dags/terceiradag.py
[2024-02-21T12:13:47.210+0000] {logging_mixin.py:188} INFO - [2024-02-21T12:13:47.209+0000] {dag.py:3036} INFO - Sync 1 DAGs
[2024-02-21T12:13:47.222+0000] {logging_mixin.py:188} INFO - [2024-02-21T12:13:47.222+0000] {dag.py:3823} INFO - Setting next_dagrun for terceira_dag to None, run_after=None
[2024-02-21T12:13:47.242+0000] {processor.py:183} INFO - Processing /opt/airflow/dags/terceiradag.py took 0.075 seconds
[2024-02-21T12:13:52.628+0000] {processor.py:161} INFO - Started process (PID=518) to work on /opt/airflow/dags/terceiradag.py
[2024-02-21T12:13:52.629+0000] {processor.py:830} INFO - Processing file /opt/airflow/dags/terceiradag.py for tasks to queue
[2024-02-21T12:13:52.630+0000] {logging_mixin.py:188} INFO - [2024-02-21T12:13:52.630+0000] {dagbag.py:538} INFO - Filling up the DagBag from /opt/airflow/dags/terceiradag.py
[2024-02-21T12:13:52.639+0000] {processor.py:840} INFO - DAG(s) 'terceira_dag' retrieved from /opt/airflow/dags/terceiradag.py
[2024-02-21T12:13:52.661+0000] {logging_mixin.py:188} INFO - [2024-02-21T12:13:52.661+0000] {dag.py:3036} INFO - Sync 1 DAGs
[2024-02-21T12:13:52.672+0000] {logging_mixin.py:188} INFO - [2024-02-21T12:13:52.672+0000] {dag.py:3823} INFO - Setting next_dagrun for terceira_dag to None, run_after=None
[2024-02-21T12:13:52.688+0000] {processor.py:183} INFO - Processing /opt/airflow/dags/terceiradag.py took 0.063 seconds
[2024-02-21T12:13:57.929+0000] {processor.py:161} INFO - Started process (PID=526) to work on /opt/airflow/dags/terceiradag.py
[2024-02-21T12:13:57.930+0000] {processor.py:830} INFO - Processing file /opt/airflow/dags/terceiradag.py for tasks to queue
[2024-02-21T12:13:57.931+0000] {logging_mixin.py:188} INFO - [2024-02-21T12:13:57.931+0000] {dagbag.py:538} INFO - Filling up the DagBag from /opt/airflow/dags/terceiradag.py
[2024-02-21T12:13:57.940+0000] {processor.py:840} INFO - DAG(s) 'terceira_dag' retrieved from /opt/airflow/dags/terceiradag.py
[2024-02-21T12:13:57.964+0000] {logging_mixin.py:188} INFO - [2024-02-21T12:13:57.963+0000] {dag.py:3036} INFO - Sync 1 DAGs
[2024-02-21T12:13:57.974+0000] {logging_mixin.py:188} INFO - [2024-02-21T12:13:57.974+0000] {dag.py:3823} INFO - Setting next_dagrun for terceira_dag to None, run_after=None
[2024-02-21T12:13:57.991+0000] {processor.py:183} INFO - Processing /opt/airflow/dags/terceiradag.py took 0.065 seconds
[2024-02-21T12:14:03.384+0000] {processor.py:161} INFO - Started process (PID=542) to work on /opt/airflow/dags/terceiradag.py
[2024-02-21T12:14:03.385+0000] {processor.py:830} INFO - Processing file /opt/airflow/dags/terceiradag.py for tasks to queue
[2024-02-21T12:14:03.386+0000] {logging_mixin.py:188} INFO - [2024-02-21T12:14:03.386+0000] {dagbag.py:538} INFO - Filling up the DagBag from /opt/airflow/dags/terceiradag.py
[2024-02-21T12:14:03.395+0000] {processor.py:840} INFO - DAG(s) 'terceira_dag' retrieved from /opt/airflow/dags/terceiradag.py
[2024-02-21T12:14:03.418+0000] {logging_mixin.py:188} INFO - [2024-02-21T12:14:03.418+0000] {dag.py:3036} INFO - Sync 1 DAGs
[2024-02-21T12:14:03.428+0000] {logging_mixin.py:188} INFO - [2024-02-21T12:14:03.428+0000] {dag.py:3823} INFO - Setting next_dagrun for terceira_dag to None, run_after=None
[2024-02-21T12:14:03.445+0000] {processor.py:183} INFO - Processing /opt/airflow/dags/terceiradag.py took 0.064 seconds
[2024-02-21T12:14:08.756+0000] {processor.py:161} INFO - Started process (PID=550) to work on /opt/airflow/dags/terceiradag.py
[2024-02-21T12:14:08.756+0000] {processor.py:830} INFO - Processing file /opt/airflow/dags/terceiradag.py for tasks to queue
[2024-02-21T12:14:08.759+0000] {logging_mixin.py:188} INFO - [2024-02-21T12:14:08.758+0000] {dagbag.py:538} INFO - Filling up the DagBag from /opt/airflow/dags/terceiradag.py
[2024-02-21T12:14:08.769+0000] {processor.py:840} INFO - DAG(s) 'terceira_dag' retrieved from /opt/airflow/dags/terceiradag.py
[2024-02-21T12:14:08.794+0000] {logging_mixin.py:188} INFO - [2024-02-21T12:14:08.793+0000] {dag.py:3036} INFO - Sync 1 DAGs
[2024-02-21T12:14:08.805+0000] {logging_mixin.py:188} INFO - [2024-02-21T12:14:08.804+0000] {dag.py:3823} INFO - Setting next_dagrun for terceira_dag to None, run_after=None
[2024-02-21T12:14:08.823+0000] {processor.py:183} INFO - Processing /opt/airflow/dags/terceiradag.py took 0.071 seconds
[2024-02-21T12:14:15.751+0000] {processor.py:161} INFO - Started process (PID=566) to work on /opt/airflow/dags/terceiradag.py
[2024-02-21T12:14:15.752+0000] {processor.py:830} INFO - Processing file /opt/airflow/dags/terceiradag.py for tasks to queue
[2024-02-21T12:14:15.754+0000] {logging_mixin.py:188} INFO - [2024-02-21T12:14:15.754+0000] {dagbag.py:538} INFO - Filling up the DagBag from /opt/airflow/dags/terceiradag.py
[2024-02-21T12:14:15.772+0000] {processor.py:840} INFO - DAG(s) 'terceira_dag' retrieved from /opt/airflow/dags/terceiradag.py
[2024-02-21T12:14:15.797+0000] {logging_mixin.py:188} INFO - [2024-02-21T12:14:15.797+0000] {dag.py:3036} INFO - Sync 1 DAGs
[2024-02-21T12:14:15.810+0000] {logging_mixin.py:188} INFO - [2024-02-21T12:14:15.809+0000] {dag.py:3823} INFO - Setting next_dagrun for terceira_dag to None, run_after=None
[2024-02-21T12:14:15.828+0000] {processor.py:183} INFO - Processing /opt/airflow/dags/terceiradag.py took 0.082 seconds
[2024-02-21T12:14:21.393+0000] {processor.py:161} INFO - Started process (PID=574) to work on /opt/airflow/dags/terceiradag.py
[2024-02-21T12:14:21.394+0000] {processor.py:830} INFO - Processing file /opt/airflow/dags/terceiradag.py for tasks to queue
[2024-02-21T12:14:21.395+0000] {logging_mixin.py:188} INFO - [2024-02-21T12:14:21.395+0000] {dagbag.py:538} INFO - Filling up the DagBag from /opt/airflow/dags/terceiradag.py
[2024-02-21T12:14:21.405+0000] {processor.py:840} INFO - DAG(s) 'terceira_dag' retrieved from /opt/airflow/dags/terceiradag.py
[2024-02-21T12:14:21.429+0000] {logging_mixin.py:188} INFO - [2024-02-21T12:14:21.428+0000] {dag.py:3036} INFO - Sync 1 DAGs
[2024-02-21T12:14:21.439+0000] {logging_mixin.py:188} INFO - [2024-02-21T12:14:21.439+0000] {dag.py:3823} INFO - Setting next_dagrun for terceira_dag to None, run_after=None
[2024-02-21T12:14:21.454+0000] {processor.py:183} INFO - Processing /opt/airflow/dags/terceiradag.py took 0.064 seconds
[2024-02-21T12:14:26.898+0000] {processor.py:161} INFO - Started process (PID=590) to work on /opt/airflow/dags/terceiradag.py
[2024-02-21T12:14:26.898+0000] {processor.py:830} INFO - Processing file /opt/airflow/dags/terceiradag.py for tasks to queue
[2024-02-21T12:14:26.900+0000] {logging_mixin.py:188} INFO - [2024-02-21T12:14:26.900+0000] {dagbag.py:538} INFO - Filling up the DagBag from /opt/airflow/dags/terceiradag.py
[2024-02-21T12:14:26.913+0000] {processor.py:840} INFO - DAG(s) 'terceira_dag' retrieved from /opt/airflow/dags/terceiradag.py
[2024-02-21T12:14:26.938+0000] {logging_mixin.py:188} INFO - [2024-02-21T12:14:26.938+0000] {dag.py:3036} INFO - Sync 1 DAGs
[2024-02-21T12:14:26.949+0000] {logging_mixin.py:188} INFO - [2024-02-21T12:14:26.949+0000] {dag.py:3823} INFO - Setting next_dagrun for terceira_dag to None, run_after=None
[2024-02-21T12:14:26.965+0000] {processor.py:183} INFO - Processing /opt/airflow/dags/terceiradag.py took 0.070 seconds
[2024-02-21T12:14:32.374+0000] {processor.py:161} INFO - Started process (PID=598) to work on /opt/airflow/dags/terceiradag.py
[2024-02-21T12:14:32.375+0000] {processor.py:830} INFO - Processing file /opt/airflow/dags/terceiradag.py for tasks to queue
[2024-02-21T12:14:32.377+0000] {logging_mixin.py:188} INFO - [2024-02-21T12:14:32.377+0000] {dagbag.py:538} INFO - Filling up the DagBag from /opt/airflow/dags/terceiradag.py
[2024-02-21T12:14:32.387+0000] {processor.py:840} INFO - DAG(s) 'terceira_dag' retrieved from /opt/airflow/dags/terceiradag.py
[2024-02-21T12:14:32.411+0000] {logging_mixin.py:188} INFO - [2024-02-21T12:14:32.411+0000] {dag.py:3036} INFO - Sync 1 DAGs
[2024-02-21T12:14:32.423+0000] {logging_mixin.py:188} INFO - [2024-02-21T12:14:32.422+0000] {dag.py:3823} INFO - Setting next_dagrun for terceira_dag to None, run_after=None
[2024-02-21T12:14:32.439+0000] {processor.py:183} INFO - Processing /opt/airflow/dags/terceiradag.py took 0.068 seconds
[2024-02-21T12:14:37.869+0000] {processor.py:161} INFO - Started process (PID=614) to work on /opt/airflow/dags/terceiradag.py
[2024-02-21T12:14:37.870+0000] {processor.py:830} INFO - Processing file /opt/airflow/dags/terceiradag.py for tasks to queue
[2024-02-21T12:14:37.872+0000] {logging_mixin.py:188} INFO - [2024-02-21T12:14:37.872+0000] {dagbag.py:538} INFO - Filling up the DagBag from /opt/airflow/dags/terceiradag.py
[2024-02-21T12:14:37.883+0000] {processor.py:840} INFO - DAG(s) 'terceira_dag' retrieved from /opt/airflow/dags/terceiradag.py
[2024-02-21T12:14:37.914+0000] {logging_mixin.py:188} INFO - [2024-02-21T12:14:37.913+0000] {dag.py:3036} INFO - Sync 1 DAGs
[2024-02-21T12:14:37.927+0000] {logging_mixin.py:188} INFO - [2024-02-21T12:14:37.926+0000] {dag.py:3823} INFO - Setting next_dagrun for terceira_dag to None, run_after=None
[2024-02-21T12:14:37.949+0000] {processor.py:183} INFO - Processing /opt/airflow/dags/terceiradag.py took 0.083 seconds
[2024-02-21T12:14:43.367+0000] {processor.py:161} INFO - Started process (PID=622) to work on /opt/airflow/dags/terceiradag.py
[2024-02-21T12:14:43.368+0000] {processor.py:830} INFO - Processing file /opt/airflow/dags/terceiradag.py for tasks to queue
[2024-02-21T12:14:43.369+0000] {logging_mixin.py:188} INFO - [2024-02-21T12:14:43.369+0000] {dagbag.py:538} INFO - Filling up the DagBag from /opt/airflow/dags/terceiradag.py
[2024-02-21T12:14:43.379+0000] {processor.py:840} INFO - DAG(s) 'terceira_dag' retrieved from /opt/airflow/dags/terceiradag.py
[2024-02-21T12:14:43.403+0000] {logging_mixin.py:188} INFO - [2024-02-21T12:14:43.403+0000] {dag.py:3036} INFO - Sync 1 DAGs
[2024-02-21T12:14:43.414+0000] {logging_mixin.py:188} INFO - [2024-02-21T12:14:43.413+0000] {dag.py:3823} INFO - Setting next_dagrun for terceira_dag to None, run_after=None
[2024-02-21T12:14:43.430+0000] {processor.py:183} INFO - Processing /opt/airflow/dags/terceiradag.py took 0.066 seconds
[2024-02-21T12:14:48.878+0000] {processor.py:161} INFO - Started process (PID=638) to work on /opt/airflow/dags/terceiradag.py
[2024-02-21T12:14:48.879+0000] {processor.py:830} INFO - Processing file /opt/airflow/dags/terceiradag.py for tasks to queue
[2024-02-21T12:14:48.881+0000] {logging_mixin.py:188} INFO - [2024-02-21T12:14:48.880+0000] {dagbag.py:538} INFO - Filling up the DagBag from /opt/airflow/dags/terceiradag.py
[2024-02-21T12:14:48.890+0000] {processor.py:840} INFO - DAG(s) 'terceira_dag' retrieved from /opt/airflow/dags/terceiradag.py
[2024-02-21T12:14:48.914+0000] {logging_mixin.py:188} INFO - [2024-02-21T12:14:48.914+0000] {dag.py:3036} INFO - Sync 1 DAGs
[2024-02-21T12:14:48.924+0000] {logging_mixin.py:188} INFO - [2024-02-21T12:14:48.924+0000] {dag.py:3823} INFO - Setting next_dagrun for terceira_dag to None, run_after=None
[2024-02-21T12:14:48.941+0000] {processor.py:183} INFO - Processing /opt/airflow/dags/terceiradag.py took 0.066 seconds
[2024-02-21T12:14:54.361+0000] {processor.py:161} INFO - Started process (PID=646) to work on /opt/airflow/dags/terceiradag.py
[2024-02-21T12:14:54.361+0000] {processor.py:830} INFO - Processing file /opt/airflow/dags/terceiradag.py for tasks to queue
[2024-02-21T12:14:54.363+0000] {logging_mixin.py:188} INFO - [2024-02-21T12:14:54.363+0000] {dagbag.py:538} INFO - Filling up the DagBag from /opt/airflow/dags/terceiradag.py
[2024-02-21T12:14:54.373+0000] {processor.py:840} INFO - DAG(s) 'terceira_dag' retrieved from /opt/airflow/dags/terceiradag.py
[2024-02-21T12:14:54.397+0000] {logging_mixin.py:188} INFO - [2024-02-21T12:14:54.397+0000] {dag.py:3036} INFO - Sync 1 DAGs
[2024-02-21T12:14:54.408+0000] {logging_mixin.py:188} INFO - [2024-02-21T12:14:54.407+0000] {dag.py:3823} INFO - Setting next_dagrun for terceira_dag to None, run_after=None
[2024-02-21T12:14:54.424+0000] {processor.py:183} INFO - Processing /opt/airflow/dags/terceiradag.py took 0.066 seconds
[2024-02-21T12:14:59.836+0000] {processor.py:161} INFO - Started process (PID=654) to work on /opt/airflow/dags/terceiradag.py
[2024-02-21T12:14:59.837+0000] {processor.py:830} INFO - Processing file /opt/airflow/dags/terceiradag.py for tasks to queue
[2024-02-21T12:14:59.839+0000] {logging_mixin.py:188} INFO - [2024-02-21T12:14:59.838+0000] {dagbag.py:538} INFO - Filling up the DagBag from /opt/airflow/dags/terceiradag.py
[2024-02-21T12:14:59.848+0000] {processor.py:840} INFO - DAG(s) 'terceira_dag' retrieved from /opt/airflow/dags/terceiradag.py
[2024-02-21T12:14:59.877+0000] {logging_mixin.py:188} INFO - [2024-02-21T12:14:59.877+0000] {dag.py:3036} INFO - Sync 1 DAGs
[2024-02-21T12:14:59.889+0000] {logging_mixin.py:188} INFO - [2024-02-21T12:14:59.889+0000] {dag.py:3823} INFO - Setting next_dagrun for terceira_dag to None, run_after=None
[2024-02-21T12:14:59.906+0000] {processor.py:183} INFO - Processing /opt/airflow/dags/terceiradag.py took 0.073 seconds
[2024-02-21T12:15:05.352+0000] {processor.py:161} INFO - Started process (PID=670) to work on /opt/airflow/dags/terceiradag.py
[2024-02-21T12:15:05.353+0000] {processor.py:830} INFO - Processing file /opt/airflow/dags/terceiradag.py for tasks to queue
[2024-02-21T12:15:05.354+0000] {logging_mixin.py:188} INFO - [2024-02-21T12:15:05.354+0000] {dagbag.py:538} INFO - Filling up the DagBag from /opt/airflow/dags/terceiradag.py
[2024-02-21T12:15:05.364+0000] {processor.py:840} INFO - DAG(s) 'terceira_dag' retrieved from /opt/airflow/dags/terceiradag.py
[2024-02-21T12:15:05.392+0000] {logging_mixin.py:188} INFO - [2024-02-21T12:15:05.392+0000] {dag.py:3036} INFO - Sync 1 DAGs
[2024-02-21T12:15:05.403+0000] {logging_mixin.py:188} INFO - [2024-02-21T12:15:05.403+0000] {dag.py:3823} INFO - Setting next_dagrun for terceira_dag to None, run_after=None
[2024-02-21T12:15:05.421+0000] {processor.py:183} INFO - Processing /opt/airflow/dags/terceiradag.py took 0.072 seconds
[2024-02-21T12:15:10.807+0000] {processor.py:161} INFO - Started process (PID=678) to work on /opt/airflow/dags/terceiradag.py
[2024-02-21T12:15:10.808+0000] {processor.py:830} INFO - Processing file /opt/airflow/dags/terceiradag.py for tasks to queue
[2024-02-21T12:15:10.810+0000] {logging_mixin.py:188} INFO - [2024-02-21T12:15:10.810+0000] {dagbag.py:538} INFO - Filling up the DagBag from /opt/airflow/dags/terceiradag.py
[2024-02-21T12:15:10.826+0000] {processor.py:840} INFO - DAG(s) 'terceira_dag' retrieved from /opt/airflow/dags/terceiradag.py
[2024-02-21T12:15:10.853+0000] {logging_mixin.py:188} INFO - [2024-02-21T12:15:10.853+0000] {dag.py:3036} INFO - Sync 1 DAGs
[2024-02-21T12:15:10.866+0000] {logging_mixin.py:188} INFO - [2024-02-21T12:15:10.866+0000] {dag.py:3823} INFO - Setting next_dagrun for terceira_dag to None, run_after=None
[2024-02-21T12:15:10.888+0000] {processor.py:183} INFO - Processing /opt/airflow/dags/terceiradag.py took 0.085 seconds
[2024-02-21T12:15:16.278+0000] {processor.py:161} INFO - Started process (PID=694) to work on /opt/airflow/dags/terceiradag.py
[2024-02-21T12:15:16.279+0000] {processor.py:830} INFO - Processing file /opt/airflow/dags/terceiradag.py for tasks to queue
[2024-02-21T12:15:16.280+0000] {logging_mixin.py:188} INFO - [2024-02-21T12:15:16.280+0000] {dagbag.py:538} INFO - Filling up the DagBag from /opt/airflow/dags/terceiradag.py
[2024-02-21T12:15:16.293+0000] {processor.py:840} INFO - DAG(s) 'terceira_dag' retrieved from /opt/airflow/dags/terceiradag.py
[2024-02-21T12:15:16.317+0000] {logging_mixin.py:188} INFO - [2024-02-21T12:15:16.317+0000] {dag.py:3036} INFO - Sync 1 DAGs
[2024-02-21T12:15:16.328+0000] {logging_mixin.py:188} INFO - [2024-02-21T12:15:16.328+0000] {dag.py:3823} INFO - Setting next_dagrun for terceira_dag to None, run_after=None
[2024-02-21T12:15:16.345+0000] {processor.py:183} INFO - Processing /opt/airflow/dags/terceiradag.py took 0.071 seconds
[2024-02-21T12:15:21.759+0000] {processor.py:161} INFO - Started process (PID=702) to work on /opt/airflow/dags/terceiradag.py
[2024-02-21T12:15:21.760+0000] {processor.py:830} INFO - Processing file /opt/airflow/dags/terceiradag.py for tasks to queue
[2024-02-21T12:15:21.761+0000] {logging_mixin.py:188} INFO - [2024-02-21T12:15:21.761+0000] {dagbag.py:538} INFO - Filling up the DagBag from /opt/airflow/dags/terceiradag.py
[2024-02-21T12:15:21.771+0000] {processor.py:840} INFO - DAG(s) 'terceira_dag' retrieved from /opt/airflow/dags/terceiradag.py
[2024-02-21T12:15:21.795+0000] {logging_mixin.py:188} INFO - [2024-02-21T12:15:21.795+0000] {dag.py:3036} INFO - Sync 1 DAGs
[2024-02-21T12:15:21.806+0000] {logging_mixin.py:188} INFO - [2024-02-21T12:15:21.806+0000] {dag.py:3823} INFO - Setting next_dagrun for terceira_dag to None, run_after=None
[2024-02-21T12:15:21.824+0000] {processor.py:183} INFO - Processing /opt/airflow/dags/terceiradag.py took 0.068 seconds
[2024-02-21T12:15:27.170+0000] {processor.py:161} INFO - Started process (PID=718) to work on /opt/airflow/dags/terceiradag.py
[2024-02-21T12:15:27.171+0000] {processor.py:830} INFO - Processing file /opt/airflow/dags/terceiradag.py for tasks to queue
[2024-02-21T12:15:27.173+0000] {logging_mixin.py:188} INFO - [2024-02-21T12:15:27.173+0000] {dagbag.py:538} INFO - Filling up the DagBag from /opt/airflow/dags/terceiradag.py
[2024-02-21T12:15:27.183+0000] {processor.py:840} INFO - DAG(s) 'terceira_dag' retrieved from /opt/airflow/dags/terceiradag.py
[2024-02-21T12:15:27.208+0000] {logging_mixin.py:188} INFO - [2024-02-21T12:15:27.208+0000] {dag.py:3036} INFO - Sync 1 DAGs
[2024-02-21T12:15:27.220+0000] {logging_mixin.py:188} INFO - [2024-02-21T12:15:27.220+0000] {dag.py:3823} INFO - Setting next_dagrun for terceira_dag to None, run_after=None
[2024-02-21T12:15:27.238+0000] {processor.py:183} INFO - Processing /opt/airflow/dags/terceiradag.py took 0.070 seconds
[2024-02-21T12:15:32.658+0000] {processor.py:161} INFO - Started process (PID=726) to work on /opt/airflow/dags/terceiradag.py
[2024-02-21T12:15:32.659+0000] {processor.py:830} INFO - Processing file /opt/airflow/dags/terceiradag.py for tasks to queue
[2024-02-21T12:15:32.660+0000] {logging_mixin.py:188} INFO - [2024-02-21T12:15:32.660+0000] {dagbag.py:538} INFO - Filling up the DagBag from /opt/airflow/dags/terceiradag.py
[2024-02-21T12:15:32.670+0000] {processor.py:840} INFO - DAG(s) 'terceira_dag' retrieved from /opt/airflow/dags/terceiradag.py
[2024-02-21T12:15:32.695+0000] {logging_mixin.py:188} INFO - [2024-02-21T12:15:32.695+0000] {dag.py:3036} INFO - Sync 1 DAGs
[2024-02-21T12:15:32.707+0000] {logging_mixin.py:188} INFO - [2024-02-21T12:15:32.706+0000] {dag.py:3823} INFO - Setting next_dagrun for terceira_dag to None, run_after=None
[2024-02-21T12:15:32.724+0000] {processor.py:183} INFO - Processing /opt/airflow/dags/terceiradag.py took 0.069 seconds
[2024-02-21T12:15:38.058+0000] {processor.py:161} INFO - Started process (PID=741) to work on /opt/airflow/dags/terceiradag.py
[2024-02-21T12:15:38.059+0000] {processor.py:830} INFO - Processing file /opt/airflow/dags/terceiradag.py for tasks to queue
[2024-02-21T12:15:38.061+0000] {logging_mixin.py:188} INFO - [2024-02-21T12:15:38.061+0000] {dagbag.py:538} INFO - Filling up the DagBag from /opt/airflow/dags/terceiradag.py
[2024-02-21T12:15:38.071+0000] {processor.py:840} INFO - DAG(s) 'terceira_dag' retrieved from /opt/airflow/dags/terceiradag.py
[2024-02-21T12:15:38.095+0000] {logging_mixin.py:188} INFO - [2024-02-21T12:15:38.095+0000] {dag.py:3036} INFO - Sync 1 DAGs
[2024-02-21T12:15:38.107+0000] {logging_mixin.py:188} INFO - [2024-02-21T12:15:38.107+0000] {dag.py:3823} INFO - Setting next_dagrun for terceira_dag to None, run_after=None
[2024-02-21T12:15:38.126+0000] {processor.py:183} INFO - Processing /opt/airflow/dags/terceiradag.py took 0.071 seconds
[2024-02-21T12:15:43.554+0000] {processor.py:161} INFO - Started process (PID=750) to work on /opt/airflow/dags/terceiradag.py
[2024-02-21T12:15:43.554+0000] {processor.py:830} INFO - Processing file /opt/airflow/dags/terceiradag.py for tasks to queue
[2024-02-21T12:15:43.556+0000] {logging_mixin.py:188} INFO - [2024-02-21T12:15:43.556+0000] {dagbag.py:538} INFO - Filling up the DagBag from /opt/airflow/dags/terceiradag.py
[2024-02-21T12:15:43.566+0000] {processor.py:840} INFO - DAG(s) 'terceira_dag' retrieved from /opt/airflow/dags/terceiradag.py
[2024-02-21T12:15:43.592+0000] {logging_mixin.py:188} INFO - [2024-02-21T12:15:43.591+0000] {dag.py:3036} INFO - Sync 1 DAGs
[2024-02-21T12:15:43.605+0000] {logging_mixin.py:188} INFO - [2024-02-21T12:15:43.605+0000] {dag.py:3823} INFO - Setting next_dagrun for terceira_dag to None, run_after=None
[2024-02-21T12:15:43.622+0000] {processor.py:183} INFO - Processing /opt/airflow/dags/terceiradag.py took 0.071 seconds
[2024-02-21T12:15:48.955+0000] {processor.py:161} INFO - Started process (PID=758) to work on /opt/airflow/dags/terceiradag.py
[2024-02-21T12:15:48.955+0000] {processor.py:830} INFO - Processing file /opt/airflow/dags/terceiradag.py for tasks to queue
[2024-02-21T12:15:48.957+0000] {logging_mixin.py:188} INFO - [2024-02-21T12:15:48.957+0000] {dagbag.py:538} INFO - Filling up the DagBag from /opt/airflow/dags/terceiradag.py
[2024-02-21T12:15:48.968+0000] {processor.py:840} INFO - DAG(s) 'terceira_dag' retrieved from /opt/airflow/dags/terceiradag.py
[2024-02-21T12:15:48.991+0000] {logging_mixin.py:188} INFO - [2024-02-21T12:15:48.990+0000] {dag.py:3036} INFO - Sync 1 DAGs
[2024-02-21T12:15:49.002+0000] {logging_mixin.py:188} INFO - [2024-02-21T12:15:49.002+0000] {dag.py:3823} INFO - Setting next_dagrun for terceira_dag to None, run_after=None
[2024-02-21T12:15:49.020+0000] {processor.py:183} INFO - Processing /opt/airflow/dags/terceiradag.py took 0.068 seconds
[2024-02-21T12:15:54.349+0000] {processor.py:161} INFO - Started process (PID=774) to work on /opt/airflow/dags/terceiradag.py
[2024-02-21T12:15:54.350+0000] {processor.py:830} INFO - Processing file /opt/airflow/dags/terceiradag.py for tasks to queue
[2024-02-21T12:15:54.351+0000] {logging_mixin.py:188} INFO - [2024-02-21T12:15:54.351+0000] {dagbag.py:538} INFO - Filling up the DagBag from /opt/airflow/dags/terceiradag.py
[2024-02-21T12:15:54.361+0000] {processor.py:840} INFO - DAG(s) 'terceira_dag' retrieved from /opt/airflow/dags/terceiradag.py
[2024-02-21T12:15:54.386+0000] {logging_mixin.py:188} INFO - [2024-02-21T12:15:54.386+0000] {dag.py:3036} INFO - Sync 1 DAGs
[2024-02-21T12:15:54.397+0000] {logging_mixin.py:188} INFO - [2024-02-21T12:15:54.397+0000] {dag.py:3823} INFO - Setting next_dagrun for terceira_dag to None, run_after=None
[2024-02-21T12:15:54.414+0000] {processor.py:183} INFO - Processing /opt/airflow/dags/terceiradag.py took 0.068 seconds
[2024-02-21T12:15:59.849+0000] {processor.py:161} INFO - Started process (PID=782) to work on /opt/airflow/dags/terceiradag.py
[2024-02-21T12:15:59.850+0000] {processor.py:830} INFO - Processing file /opt/airflow/dags/terceiradag.py for tasks to queue
[2024-02-21T12:15:59.852+0000] {logging_mixin.py:188} INFO - [2024-02-21T12:15:59.852+0000] {dagbag.py:538} INFO - Filling up the DagBag from /opt/airflow/dags/terceiradag.py
[2024-02-21T12:15:59.861+0000] {processor.py:840} INFO - DAG(s) 'terceira_dag' retrieved from /opt/airflow/dags/terceiradag.py
[2024-02-21T12:15:59.886+0000] {logging_mixin.py:188} INFO - [2024-02-21T12:15:59.886+0000] {dag.py:3036} INFO - Sync 1 DAGs
[2024-02-21T12:15:59.897+0000] {logging_mixin.py:188} INFO - [2024-02-21T12:15:59.897+0000] {dag.py:3823} INFO - Setting next_dagrun for terceira_dag to None, run_after=None
[2024-02-21T12:15:59.914+0000] {processor.py:183} INFO - Processing /opt/airflow/dags/terceiradag.py took 0.068 seconds
[2024-02-21T12:16:05.360+0000] {processor.py:161} INFO - Started process (PID=798) to work on /opt/airflow/dags/terceiradag.py
[2024-02-21T12:16:05.361+0000] {processor.py:830} INFO - Processing file /opt/airflow/dags/terceiradag.py for tasks to queue
[2024-02-21T12:16:05.364+0000] {logging_mixin.py:188} INFO - [2024-02-21T12:16:05.363+0000] {dagbag.py:538} INFO - Filling up the DagBag from /opt/airflow/dags/terceiradag.py
[2024-02-21T12:16:05.374+0000] {processor.py:840} INFO - DAG(s) 'terceira_dag' retrieved from /opt/airflow/dags/terceiradag.py
[2024-02-21T12:16:05.400+0000] {logging_mixin.py:188} INFO - [2024-02-21T12:16:05.399+0000] {dag.py:3036} INFO - Sync 1 DAGs
[2024-02-21T12:16:05.412+0000] {logging_mixin.py:188} INFO - [2024-02-21T12:16:05.412+0000] {dag.py:3823} INFO - Setting next_dagrun for terceira_dag to None, run_after=None
[2024-02-21T12:16:05.431+0000] {processor.py:183} INFO - Processing /opt/airflow/dags/terceiradag.py took 0.074 seconds
[2024-02-21T12:16:10.874+0000] {processor.py:161} INFO - Started process (PID=806) to work on /opt/airflow/dags/terceiradag.py
[2024-02-21T12:16:10.875+0000] {processor.py:830} INFO - Processing file /opt/airflow/dags/terceiradag.py for tasks to queue
[2024-02-21T12:16:10.876+0000] {logging_mixin.py:188} INFO - [2024-02-21T12:16:10.876+0000] {dagbag.py:538} INFO - Filling up the DagBag from /opt/airflow/dags/terceiradag.py
[2024-02-21T12:16:10.887+0000] {processor.py:840} INFO - DAG(s) 'terceira_dag' retrieved from /opt/airflow/dags/terceiradag.py
[2024-02-21T12:16:10.914+0000] {logging_mixin.py:188} INFO - [2024-02-21T12:16:10.913+0000] {dag.py:3036} INFO - Sync 1 DAGs
[2024-02-21T12:16:10.927+0000] {logging_mixin.py:188} INFO - [2024-02-21T12:16:10.927+0000] {dag.py:3823} INFO - Setting next_dagrun for terceira_dag to None, run_after=None
[2024-02-21T12:16:10.956+0000] {processor.py:183} INFO - Processing /opt/airflow/dags/terceiradag.py took 0.085 seconds
[2024-02-21T12:16:16.389+0000] {processor.py:161} INFO - Started process (PID=822) to work on /opt/airflow/dags/terceiradag.py
[2024-02-21T12:16:16.390+0000] {processor.py:830} INFO - Processing file /opt/airflow/dags/terceiradag.py for tasks to queue
[2024-02-21T12:16:16.392+0000] {logging_mixin.py:188} INFO - [2024-02-21T12:16:16.392+0000] {dagbag.py:538} INFO - Filling up the DagBag from /opt/airflow/dags/terceiradag.py
[2024-02-21T12:16:16.405+0000] {processor.py:840} INFO - DAG(s) 'terceira_dag' retrieved from /opt/airflow/dags/terceiradag.py
[2024-02-21T12:16:16.439+0000] {logging_mixin.py:188} INFO - [2024-02-21T12:16:16.439+0000] {dag.py:3036} INFO - Sync 1 DAGs
[2024-02-21T12:16:16.454+0000] {logging_mixin.py:188} INFO - [2024-02-21T12:16:16.454+0000] {dag.py:3823} INFO - Setting next_dagrun for terceira_dag to None, run_after=None
[2024-02-21T12:16:16.478+0000] {processor.py:183} INFO - Processing /opt/airflow/dags/terceiradag.py took 0.092 seconds
[2024-02-21T12:16:21.816+0000] {processor.py:161} INFO - Started process (PID=830) to work on /opt/airflow/dags/terceiradag.py
[2024-02-21T12:16:21.816+0000] {processor.py:830} INFO - Processing file /opt/airflow/dags/terceiradag.py for tasks to queue
[2024-02-21T12:16:21.818+0000] {logging_mixin.py:188} INFO - [2024-02-21T12:16:21.818+0000] {dagbag.py:538} INFO - Filling up the DagBag from /opt/airflow/dags/terceiradag.py
[2024-02-21T12:16:21.828+0000] {processor.py:840} INFO - DAG(s) 'terceira_dag' retrieved from /opt/airflow/dags/terceiradag.py
[2024-02-21T12:16:21.852+0000] {logging_mixin.py:188} INFO - [2024-02-21T12:16:21.851+0000] {dag.py:3036} INFO - Sync 1 DAGs
[2024-02-21T12:16:21.864+0000] {logging_mixin.py:188} INFO - [2024-02-21T12:16:21.863+0000] {dag.py:3823} INFO - Setting next_dagrun for terceira_dag to None, run_after=None
[2024-02-21T12:16:21.880+0000] {processor.py:183} INFO - Processing /opt/airflow/dags/terceiradag.py took 0.067 seconds
[2024-02-21T12:16:27.275+0000] {processor.py:161} INFO - Started process (PID=838) to work on /opt/airflow/dags/terceiradag.py
[2024-02-21T12:16:27.276+0000] {processor.py:830} INFO - Processing file /opt/airflow/dags/terceiradag.py for tasks to queue
[2024-02-21T12:16:27.278+0000] {logging_mixin.py:188} INFO - [2024-02-21T12:16:27.278+0000] {dagbag.py:538} INFO - Filling up the DagBag from /opt/airflow/dags/terceiradag.py
[2024-02-21T12:16:27.287+0000] {processor.py:840} INFO - DAG(s) 'terceira_dag' retrieved from /opt/airflow/dags/terceiradag.py
[2024-02-21T12:16:27.312+0000] {logging_mixin.py:188} INFO - [2024-02-21T12:16:27.311+0000] {dag.py:3036} INFO - Sync 1 DAGs
[2024-02-21T12:16:27.327+0000] {logging_mixin.py:188} INFO - [2024-02-21T12:16:27.326+0000] {dag.py:3823} INFO - Setting next_dagrun for terceira_dag to None, run_after=None
[2024-02-21T12:16:27.344+0000] {processor.py:183} INFO - Processing /opt/airflow/dags/terceiradag.py took 0.071 seconds
[2024-02-21T12:16:32.753+0000] {processor.py:161} INFO - Started process (PID=854) to work on /opt/airflow/dags/terceiradag.py
[2024-02-21T12:16:32.754+0000] {processor.py:830} INFO - Processing file /opt/airflow/dags/terceiradag.py for tasks to queue
[2024-02-21T12:16:32.755+0000] {logging_mixin.py:188} INFO - [2024-02-21T12:16:32.755+0000] {dagbag.py:538} INFO - Filling up the DagBag from /opt/airflow/dags/terceiradag.py
[2024-02-21T12:16:32.765+0000] {processor.py:840} INFO - DAG(s) 'terceira_dag' retrieved from /opt/airflow/dags/terceiradag.py
[2024-02-21T12:16:32.789+0000] {logging_mixin.py:188} INFO - [2024-02-21T12:16:32.789+0000] {dag.py:3036} INFO - Sync 1 DAGs
[2024-02-21T12:16:32.800+0000] {logging_mixin.py:188} INFO - [2024-02-21T12:16:32.800+0000] {dag.py:3823} INFO - Setting next_dagrun for terceira_dag to None, run_after=None
[2024-02-21T12:16:32.818+0000] {processor.py:183} INFO - Processing /opt/airflow/dags/terceiradag.py took 0.068 seconds
[2024-02-21T12:16:38.229+0000] {processor.py:161} INFO - Started process (PID=862) to work on /opt/airflow/dags/terceiradag.py
[2024-02-21T12:16:38.230+0000] {processor.py:830} INFO - Processing file /opt/airflow/dags/terceiradag.py for tasks to queue
[2024-02-21T12:16:38.231+0000] {logging_mixin.py:188} INFO - [2024-02-21T12:16:38.231+0000] {dagbag.py:538} INFO - Filling up the DagBag from /opt/airflow/dags/terceiradag.py
[2024-02-21T12:16:38.241+0000] {processor.py:840} INFO - DAG(s) 'terceira_dag' retrieved from /opt/airflow/dags/terceiradag.py
[2024-02-21T12:16:38.266+0000] {logging_mixin.py:188} INFO - [2024-02-21T12:16:38.266+0000] {dag.py:3036} INFO - Sync 1 DAGs
[2024-02-21T12:16:38.277+0000] {logging_mixin.py:188} INFO - [2024-02-21T12:16:38.277+0000] {dag.py:3823} INFO - Setting next_dagrun for terceira_dag to None, run_after=None
[2024-02-21T12:16:38.294+0000] {processor.py:183} INFO - Processing /opt/airflow/dags/terceiradag.py took 0.068 seconds
[2024-02-21T12:16:43.695+0000] {processor.py:161} INFO - Started process (PID=878) to work on /opt/airflow/dags/terceiradag.py
[2024-02-21T12:16:43.696+0000] {processor.py:830} INFO - Processing file /opt/airflow/dags/terceiradag.py for tasks to queue
[2024-02-21T12:16:43.698+0000] {logging_mixin.py:188} INFO - [2024-02-21T12:16:43.698+0000] {dagbag.py:538} INFO - Filling up the DagBag from /opt/airflow/dags/terceiradag.py
[2024-02-21T12:16:43.707+0000] {processor.py:840} INFO - DAG(s) 'terceira_dag' retrieved from /opt/airflow/dags/terceiradag.py
[2024-02-21T12:16:43.731+0000] {logging_mixin.py:188} INFO - [2024-02-21T12:16:43.730+0000] {dag.py:3036} INFO - Sync 1 DAGs
[2024-02-21T12:16:43.741+0000] {logging_mixin.py:188} INFO - [2024-02-21T12:16:43.741+0000] {dag.py:3823} INFO - Setting next_dagrun for terceira_dag to None, run_after=None
[2024-02-21T12:16:43.758+0000] {processor.py:183} INFO - Processing /opt/airflow/dags/terceiradag.py took 0.066 seconds
[2024-02-21T12:16:49.178+0000] {processor.py:161} INFO - Started process (PID=886) to work on /opt/airflow/dags/terceiradag.py
[2024-02-21T12:16:49.179+0000] {processor.py:830} INFO - Processing file /opt/airflow/dags/terceiradag.py for tasks to queue
[2024-02-21T12:16:49.182+0000] {logging_mixin.py:188} INFO - [2024-02-21T12:16:49.182+0000] {dagbag.py:538} INFO - Filling up the DagBag from /opt/airflow/dags/terceiradag.py
[2024-02-21T12:16:49.193+0000] {processor.py:840} INFO - DAG(s) 'terceira_dag' retrieved from /opt/airflow/dags/terceiradag.py
[2024-02-21T12:16:49.218+0000] {logging_mixin.py:188} INFO - [2024-02-21T12:16:49.218+0000] {dag.py:3036} INFO - Sync 1 DAGs
[2024-02-21T12:16:49.229+0000] {logging_mixin.py:188} INFO - [2024-02-21T12:16:49.228+0000] {dag.py:3823} INFO - Setting next_dagrun for terceira_dag to None, run_after=None
[2024-02-21T12:16:49.246+0000] {processor.py:183} INFO - Processing /opt/airflow/dags/terceiradag.py took 0.072 seconds
[2024-02-21T12:16:54.707+0000] {processor.py:161} INFO - Started process (PID=902) to work on /opt/airflow/dags/terceiradag.py
[2024-02-21T12:16:54.708+0000] {processor.py:830} INFO - Processing file /opt/airflow/dags/terceiradag.py for tasks to queue
[2024-02-21T12:16:54.710+0000] {logging_mixin.py:188} INFO - [2024-02-21T12:16:54.710+0000] {dagbag.py:538} INFO - Filling up the DagBag from /opt/airflow/dags/terceiradag.py
[2024-02-21T12:16:54.722+0000] {processor.py:840} INFO - DAG(s) 'terceira_dag' retrieved from /opt/airflow/dags/terceiradag.py
[2024-02-21T12:16:54.757+0000] {logging_mixin.py:188} INFO - [2024-02-21T12:16:54.756+0000] {dag.py:3036} INFO - Sync 1 DAGs
[2024-02-21T12:16:54.769+0000] {logging_mixin.py:188} INFO - [2024-02-21T12:16:54.769+0000] {dag.py:3823} INFO - Setting next_dagrun for terceira_dag to None, run_after=None
[2024-02-21T12:16:54.790+0000] {processor.py:183} INFO - Processing /opt/airflow/dags/terceiradag.py took 0.087 seconds
[2024-02-21T12:17:00.138+0000] {processor.py:161} INFO - Started process (PID=910) to work on /opt/airflow/dags/terceiradag.py
[2024-02-21T12:17:00.139+0000] {processor.py:830} INFO - Processing file /opt/airflow/dags/terceiradag.py for tasks to queue
[2024-02-21T12:17:00.140+0000] {logging_mixin.py:188} INFO - [2024-02-21T12:17:00.140+0000] {dagbag.py:538} INFO - Filling up the DagBag from /opt/airflow/dags/terceiradag.py
[2024-02-21T12:17:00.151+0000] {processor.py:840} INFO - DAG(s) 'terceira_dag' retrieved from /opt/airflow/dags/terceiradag.py
[2024-02-21T12:17:00.177+0000] {logging_mixin.py:188} INFO - [2024-02-21T12:17:00.176+0000] {dag.py:3036} INFO - Sync 1 DAGs
[2024-02-21T12:17:00.190+0000] {logging_mixin.py:188} INFO - [2024-02-21T12:17:00.189+0000] {dag.py:3823} INFO - Setting next_dagrun for terceira_dag to None, run_after=None
[2024-02-21T12:17:00.211+0000] {processor.py:183} INFO - Processing /opt/airflow/dags/terceiradag.py took 0.076 seconds
[2024-02-21T12:17:05.577+0000] {processor.py:161} INFO - Started process (PID=926) to work on /opt/airflow/dags/terceiradag.py
[2024-02-21T12:17:05.578+0000] {processor.py:830} INFO - Processing file /opt/airflow/dags/terceiradag.py for tasks to queue
[2024-02-21T12:17:05.579+0000] {logging_mixin.py:188} INFO - [2024-02-21T12:17:05.579+0000] {dagbag.py:538} INFO - Filling up the DagBag from /opt/airflow/dags/terceiradag.py
[2024-02-21T12:17:05.589+0000] {processor.py:840} INFO - DAG(s) 'terceira_dag' retrieved from /opt/airflow/dags/terceiradag.py
[2024-02-21T12:17:05.613+0000] {logging_mixin.py:188} INFO - [2024-02-21T12:17:05.613+0000] {dag.py:3036} INFO - Sync 1 DAGs
[2024-02-21T12:17:05.624+0000] {logging_mixin.py:188} INFO - [2024-02-21T12:17:05.623+0000] {dag.py:3823} INFO - Setting next_dagrun for terceira_dag to None, run_after=None
[2024-02-21T12:17:05.641+0000] {processor.py:183} INFO - Processing /opt/airflow/dags/terceiradag.py took 0.067 seconds
[2024-02-21T12:17:11.064+0000] {processor.py:161} INFO - Started process (PID=934) to work on /opt/airflow/dags/terceiradag.py
[2024-02-21T12:17:11.065+0000] {processor.py:830} INFO - Processing file /opt/airflow/dags/terceiradag.py for tasks to queue
[2024-02-21T12:17:11.067+0000] {logging_mixin.py:188} INFO - [2024-02-21T12:17:11.066+0000] {dagbag.py:538} INFO - Filling up the DagBag from /opt/airflow/dags/terceiradag.py
[2024-02-21T12:17:11.076+0000] {processor.py:840} INFO - DAG(s) 'terceira_dag' retrieved from /opt/airflow/dags/terceiradag.py
[2024-02-21T12:17:11.101+0000] {logging_mixin.py:188} INFO - [2024-02-21T12:17:11.100+0000] {dag.py:3036} INFO - Sync 1 DAGs
[2024-02-21T12:17:11.112+0000] {logging_mixin.py:188} INFO - [2024-02-21T12:17:11.112+0000] {dag.py:3823} INFO - Setting next_dagrun for terceira_dag to None, run_after=None
[2024-02-21T12:17:11.130+0000] {processor.py:183} INFO - Processing /opt/airflow/dags/terceiradag.py took 0.069 seconds
[2024-02-21T12:17:16.530+0000] {processor.py:161} INFO - Started process (PID=942) to work on /opt/airflow/dags/terceiradag.py
[2024-02-21T12:17:16.531+0000] {processor.py:830} INFO - Processing file /opt/airflow/dags/terceiradag.py for tasks to queue
[2024-02-21T12:17:16.532+0000] {logging_mixin.py:188} INFO - [2024-02-21T12:17:16.532+0000] {dagbag.py:538} INFO - Filling up the DagBag from /opt/airflow/dags/terceiradag.py
[2024-02-21T12:17:16.542+0000] {processor.py:840} INFO - DAG(s) 'terceira_dag' retrieved from /opt/airflow/dags/terceiradag.py
[2024-02-21T12:17:16.567+0000] {logging_mixin.py:188} INFO - [2024-02-21T12:17:16.567+0000] {dag.py:3036} INFO - Sync 1 DAGs
[2024-02-21T12:17:16.579+0000] {logging_mixin.py:188} INFO - [2024-02-21T12:17:16.578+0000] {dag.py:3823} INFO - Setting next_dagrun for terceira_dag to None, run_after=None
[2024-02-21T12:17:16.596+0000] {processor.py:183} INFO - Processing /opt/airflow/dags/terceiradag.py took 0.068 seconds
[2024-02-21T12:17:21.996+0000] {processor.py:161} INFO - Started process (PID=958) to work on /opt/airflow/dags/terceiradag.py
[2024-02-21T12:17:21.997+0000] {processor.py:830} INFO - Processing file /opt/airflow/dags/terceiradag.py for tasks to queue
[2024-02-21T12:17:21.998+0000] {logging_mixin.py:188} INFO - [2024-02-21T12:17:21.998+0000] {dagbag.py:538} INFO - Filling up the DagBag from /opt/airflow/dags/terceiradag.py
[2024-02-21T12:17:22.007+0000] {processor.py:840} INFO - DAG(s) 'terceira_dag' retrieved from /opt/airflow/dags/terceiradag.py
[2024-02-21T12:17:22.032+0000] {logging_mixin.py:188} INFO - [2024-02-21T12:17:22.031+0000] {dag.py:3036} INFO - Sync 1 DAGs
[2024-02-21T12:17:22.043+0000] {logging_mixin.py:188} INFO - [2024-02-21T12:17:22.043+0000] {dag.py:3823} INFO - Setting next_dagrun for terceira_dag to None, run_after=None
[2024-02-21T12:17:22.060+0000] {processor.py:183} INFO - Processing /opt/airflow/dags/terceiradag.py took 0.067 seconds
[2024-02-21T12:17:27.475+0000] {processor.py:161} INFO - Started process (PID=966) to work on /opt/airflow/dags/terceiradag.py
[2024-02-21T12:17:27.476+0000] {processor.py:830} INFO - Processing file /opt/airflow/dags/terceiradag.py for tasks to queue
[2024-02-21T12:17:27.477+0000] {logging_mixin.py:188} INFO - [2024-02-21T12:17:27.477+0000] {dagbag.py:538} INFO - Filling up the DagBag from /opt/airflow/dags/terceiradag.py
[2024-02-21T12:17:27.487+0000] {processor.py:840} INFO - DAG(s) 'terceira_dag' retrieved from /opt/airflow/dags/terceiradag.py
[2024-02-21T12:17:27.511+0000] {logging_mixin.py:188} INFO - [2024-02-21T12:17:27.511+0000] {dag.py:3036} INFO - Sync 1 DAGs
[2024-02-21T12:17:27.522+0000] {logging_mixin.py:188} INFO - [2024-02-21T12:17:27.522+0000] {dag.py:3823} INFO - Setting next_dagrun for terceira_dag to None, run_after=None
[2024-02-21T12:17:27.539+0000] {processor.py:183} INFO - Processing /opt/airflow/dags/terceiradag.py took 0.067 seconds
[2024-02-21T12:17:32.937+0000] {processor.py:161} INFO - Started process (PID=982) to work on /opt/airflow/dags/terceiradag.py
[2024-02-21T12:17:32.938+0000] {processor.py:830} INFO - Processing file /opt/airflow/dags/terceiradag.py for tasks to queue
[2024-02-21T12:17:32.940+0000] {logging_mixin.py:188} INFO - [2024-02-21T12:17:32.939+0000] {dagbag.py:538} INFO - Filling up the DagBag from /opt/airflow/dags/terceiradag.py
[2024-02-21T12:17:32.949+0000] {processor.py:840} INFO - DAG(s) 'terceira_dag' retrieved from /opt/airflow/dags/terceiradag.py
[2024-02-21T12:17:32.972+0000] {logging_mixin.py:188} INFO - [2024-02-21T12:17:32.972+0000] {dag.py:3036} INFO - Sync 1 DAGs
[2024-02-21T12:17:32.983+0000] {logging_mixin.py:188} INFO - [2024-02-21T12:17:32.983+0000] {dag.py:3823} INFO - Setting next_dagrun for terceira_dag to None, run_after=None
[2024-02-21T12:17:32.999+0000] {processor.py:183} INFO - Processing /opt/airflow/dags/terceiradag.py took 0.065 seconds
[2024-02-21T12:17:38.317+0000] {processor.py:161} INFO - Started process (PID=990) to work on /opt/airflow/dags/terceiradag.py
[2024-02-21T12:17:38.317+0000] {processor.py:830} INFO - Processing file /opt/airflow/dags/terceiradag.py for tasks to queue
[2024-02-21T12:17:38.319+0000] {logging_mixin.py:188} INFO - [2024-02-21T12:17:38.319+0000] {dagbag.py:538} INFO - Filling up the DagBag from /opt/airflow/dags/terceiradag.py
[2024-02-21T12:17:38.328+0000] {processor.py:840} INFO - DAG(s) 'terceira_dag' retrieved from /opt/airflow/dags/terceiradag.py
[2024-02-21T12:17:38.353+0000] {logging_mixin.py:188} INFO - [2024-02-21T12:17:38.353+0000] {dag.py:3036} INFO - Sync 1 DAGs
[2024-02-21T12:17:38.363+0000] {logging_mixin.py:188} INFO - [2024-02-21T12:17:38.363+0000] {dag.py:3823} INFO - Setting next_dagrun for terceira_dag to None, run_after=None
[2024-02-21T12:17:38.378+0000] {processor.py:183} INFO - Processing /opt/airflow/dags/terceiradag.py took 0.065 seconds
[2024-02-21T12:17:43.818+0000] {processor.py:161} INFO - Started process (PID=1006) to work on /opt/airflow/dags/terceiradag.py
[2024-02-21T12:17:43.819+0000] {processor.py:830} INFO - Processing file /opt/airflow/dags/terceiradag.py for tasks to queue
[2024-02-21T12:17:43.821+0000] {logging_mixin.py:188} INFO - [2024-02-21T12:17:43.821+0000] {dagbag.py:538} INFO - Filling up the DagBag from /opt/airflow/dags/terceiradag.py
[2024-02-21T12:17:43.832+0000] {processor.py:840} INFO - DAG(s) 'terceira_dag' retrieved from /opt/airflow/dags/terceiradag.py
[2024-02-21T12:17:43.864+0000] {logging_mixin.py:188} INFO - [2024-02-21T12:17:43.864+0000] {dag.py:3036} INFO - Sync 1 DAGs
[2024-02-21T12:17:43.879+0000] {logging_mixin.py:188} INFO - [2024-02-21T12:17:43.879+0000] {dag.py:3823} INFO - Setting next_dagrun for terceira_dag to None, run_after=None
[2024-02-21T12:17:43.901+0000] {processor.py:183} INFO - Processing /opt/airflow/dags/terceiradag.py took 0.086 seconds
[2024-02-21T12:17:49.230+0000] {processor.py:161} INFO - Started process (PID=1014) to work on /opt/airflow/dags/terceiradag.py
[2024-02-21T12:17:49.231+0000] {processor.py:830} INFO - Processing file /opt/airflow/dags/terceiradag.py for tasks to queue
[2024-02-21T12:17:49.233+0000] {logging_mixin.py:188} INFO - [2024-02-21T12:17:49.232+0000] {dagbag.py:538} INFO - Filling up the DagBag from /opt/airflow/dags/terceiradag.py
[2024-02-21T12:17:49.244+0000] {processor.py:840} INFO - DAG(s) 'terceira_dag' retrieved from /opt/airflow/dags/terceiradag.py
[2024-02-21T12:17:49.268+0000] {logging_mixin.py:188} INFO - [2024-02-21T12:17:49.268+0000] {dag.py:3036} INFO - Sync 1 DAGs
[2024-02-21T12:17:49.279+0000] {logging_mixin.py:188} INFO - [2024-02-21T12:17:49.279+0000] {dag.py:3823} INFO - Setting next_dagrun for terceira_dag to None, run_after=None
[2024-02-21T12:17:49.296+0000] {processor.py:183} INFO - Processing /opt/airflow/dags/terceiradag.py took 0.068 seconds
