[2024-02-21T12:10:14.381+0000] {processor.py:161} INFO - Started process (PID=46) to work on /opt/airflow/dags/triggerDag3.py
[2024-02-21T12:10:14.382+0000] {processor.py:830} INFO - Processing file /opt/airflow/dags/triggerDag3.py for tasks to queue
[2024-02-21T12:10:14.384+0000] {logging_mixin.py:188} INFO - [2024-02-21T12:10:14.384+0000] {dagbag.py:538} INFO - Filling up the DagBag from /opt/airflow/dags/triggerDag3.py
[2024-02-21T12:10:14.395+0000] {processor.py:840} INFO - DAG(s) 'triggerdag3' retrieved from /opt/airflow/dags/triggerDag3.py
[2024-02-21T12:10:14.443+0000] {logging_mixin.py:188} INFO - [2024-02-21T12:10:14.443+0000] {dag.py:3036} INFO - Sync 1 DAGs
[2024-02-21T12:10:14.456+0000] {logging_mixin.py:188} INFO - [2024-02-21T12:10:14.455+0000] {dag.py:3823} INFO - Setting next_dagrun for triggerdag3 to None, run_after=None
[2024-02-21T12:10:14.477+0000] {processor.py:183} INFO - Processing /opt/airflow/dags/triggerDag3.py took 0.099 seconds
[2024-02-21T12:10:19.939+0000] {processor.py:161} INFO - Started process (PID=54) to work on /opt/airflow/dags/triggerDag3.py
[2024-02-21T12:10:19.940+0000] {processor.py:830} INFO - Processing file /opt/airflow/dags/triggerDag3.py for tasks to queue
[2024-02-21T12:10:19.941+0000] {logging_mixin.py:188} INFO - [2024-02-21T12:10:19.941+0000] {dagbag.py:538} INFO - Filling up the DagBag from /opt/airflow/dags/triggerDag3.py
[2024-02-21T12:10:19.950+0000] {processor.py:840} INFO - DAG(s) 'triggerdag3' retrieved from /opt/airflow/dags/triggerDag3.py
[2024-02-21T12:10:19.986+0000] {logging_mixin.py:188} INFO - [2024-02-21T12:10:19.986+0000] {dag.py:3036} INFO - Sync 1 DAGs
[2024-02-21T12:10:20.001+0000] {logging_mixin.py:188} INFO - [2024-02-21T12:10:20.001+0000] {dag.py:3823} INFO - Setting next_dagrun for triggerdag3 to None, run_after=None
[2024-02-21T12:10:20.022+0000] {processor.py:183} INFO - Processing /opt/airflow/dags/triggerDag3.py took 0.086 seconds
[2024-02-21T12:10:25.162+0000] {processor.py:161} INFO - Started process (PID=69) to work on /opt/airflow/dags/triggerDag3.py
[2024-02-21T12:10:25.163+0000] {processor.py:830} INFO - Processing file /opt/airflow/dags/triggerDag3.py for tasks to queue
[2024-02-21T12:10:25.164+0000] {logging_mixin.py:188} INFO - [2024-02-21T12:10:25.164+0000] {dagbag.py:538} INFO - Filling up the DagBag from /opt/airflow/dags/triggerDag3.py
[2024-02-21T12:10:25.174+0000] {processor.py:840} INFO - DAG(s) 'triggerdag3' retrieved from /opt/airflow/dags/triggerDag3.py
[2024-02-21T12:10:25.200+0000] {logging_mixin.py:188} INFO - [2024-02-21T12:10:25.200+0000] {dag.py:3036} INFO - Sync 1 DAGs
[2024-02-21T12:10:25.211+0000] {logging_mixin.py:188} INFO - [2024-02-21T12:10:25.211+0000] {dag.py:3823} INFO - Setting next_dagrun for triggerdag3 to None, run_after=None
[2024-02-21T12:10:25.230+0000] {processor.py:183} INFO - Processing /opt/airflow/dags/triggerDag3.py took 0.071 seconds
[2024-02-21T12:10:30.626+0000] {processor.py:161} INFO - Started process (PID=78) to work on /opt/airflow/dags/triggerDag3.py
[2024-02-21T12:10:30.626+0000] {processor.py:830} INFO - Processing file /opt/airflow/dags/triggerDag3.py for tasks to queue
[2024-02-21T12:10:30.628+0000] {logging_mixin.py:188} INFO - [2024-02-21T12:10:30.628+0000] {dagbag.py:538} INFO - Filling up the DagBag from /opt/airflow/dags/triggerDag3.py
[2024-02-21T12:10:30.637+0000] {processor.py:840} INFO - DAG(s) 'triggerdag3' retrieved from /opt/airflow/dags/triggerDag3.py
[2024-02-21T12:10:30.670+0000] {logging_mixin.py:188} INFO - [2024-02-21T12:10:30.670+0000] {dag.py:3036} INFO - Sync 1 DAGs
[2024-02-21T12:10:30.686+0000] {logging_mixin.py:188} INFO - [2024-02-21T12:10:30.685+0000] {dag.py:3823} INFO - Setting next_dagrun for triggerdag3 to None, run_after=None
[2024-02-21T12:10:30.707+0000] {processor.py:183} INFO - Processing /opt/airflow/dags/triggerDag3.py took 0.084 seconds
[2024-02-21T12:10:36.079+0000] {processor.py:161} INFO - Started process (PID=86) to work on /opt/airflow/dags/triggerDag3.py
[2024-02-21T12:10:36.080+0000] {processor.py:830} INFO - Processing file /opt/airflow/dags/triggerDag3.py for tasks to queue
[2024-02-21T12:10:36.081+0000] {logging_mixin.py:188} INFO - [2024-02-21T12:10:36.081+0000] {dagbag.py:538} INFO - Filling up the DagBag from /opt/airflow/dags/triggerDag3.py
[2024-02-21T12:10:36.111+0000] {processor.py:840} INFO - DAG(s) 'triggerdag3' retrieved from /opt/airflow/dags/triggerDag3.py
[2024-02-21T12:10:36.148+0000] {logging_mixin.py:188} INFO - [2024-02-21T12:10:36.148+0000] {dag.py:3036} INFO - Sync 1 DAGs
[2024-02-21T12:10:36.159+0000] {logging_mixin.py:188} INFO - [2024-02-21T12:10:36.159+0000] {dag.py:3823} INFO - Setting next_dagrun for triggerdag3 to None, run_after=None
[2024-02-21T12:10:36.179+0000] {processor.py:183} INFO - Processing /opt/airflow/dags/triggerDag3.py took 0.110 seconds
[2024-02-21T12:10:41.648+0000] {processor.py:161} INFO - Started process (PID=102) to work on /opt/airflow/dags/triggerDag3.py
[2024-02-21T12:10:41.650+0000] {processor.py:830} INFO - Processing file /opt/airflow/dags/triggerDag3.py for tasks to queue
[2024-02-21T12:10:41.652+0000] {logging_mixin.py:188} INFO - [2024-02-21T12:10:41.652+0000] {dagbag.py:538} INFO - Filling up the DagBag from /opt/airflow/dags/triggerDag3.py
[2024-02-21T12:10:41.667+0000] {processor.py:840} INFO - DAG(s) 'triggerdag3' retrieved from /opt/airflow/dags/triggerDag3.py
[2024-02-21T12:10:41.700+0000] {logging_mixin.py:188} INFO - [2024-02-21T12:10:41.700+0000] {dag.py:3036} INFO - Sync 1 DAGs
[2024-02-21T12:10:41.714+0000] {logging_mixin.py:188} INFO - [2024-02-21T12:10:41.714+0000] {dag.py:3823} INFO - Setting next_dagrun for triggerdag3 to None, run_after=None
[2024-02-21T12:10:41.736+0000] {processor.py:183} INFO - Processing /opt/airflow/dags/triggerDag3.py took 0.091 seconds
[2024-02-21T12:10:47.126+0000] {processor.py:161} INFO - Started process (PID=110) to work on /opt/airflow/dags/triggerDag3.py
[2024-02-21T12:10:47.127+0000] {processor.py:830} INFO - Processing file /opt/airflow/dags/triggerDag3.py for tasks to queue
[2024-02-21T12:10:47.128+0000] {logging_mixin.py:188} INFO - [2024-02-21T12:10:47.128+0000] {dagbag.py:538} INFO - Filling up the DagBag from /opt/airflow/dags/triggerDag3.py
[2024-02-21T12:10:47.138+0000] {processor.py:840} INFO - DAG(s) 'triggerdag3' retrieved from /opt/airflow/dags/triggerDag3.py
[2024-02-21T12:10:47.162+0000] {logging_mixin.py:188} INFO - [2024-02-21T12:10:47.162+0000] {dag.py:3036} INFO - Sync 1 DAGs
[2024-02-21T12:10:47.173+0000] {logging_mixin.py:188} INFO - [2024-02-21T12:10:47.173+0000] {dag.py:3823} INFO - Setting next_dagrun for triggerdag3 to None, run_after=None
[2024-02-21T12:10:47.189+0000] {processor.py:183} INFO - Processing /opt/airflow/dags/triggerDag3.py took 0.066 seconds
[2024-02-21T12:10:52.623+0000] {processor.py:161} INFO - Started process (PID=126) to work on /opt/airflow/dags/triggerDag3.py
[2024-02-21T12:10:52.624+0000] {processor.py:830} INFO - Processing file /opt/airflow/dags/triggerDag3.py for tasks to queue
[2024-02-21T12:10:52.626+0000] {logging_mixin.py:188} INFO - [2024-02-21T12:10:52.625+0000] {dagbag.py:538} INFO - Filling up the DagBag from /opt/airflow/dags/triggerDag3.py
[2024-02-21T12:10:52.636+0000] {processor.py:840} INFO - DAG(s) 'triggerdag3' retrieved from /opt/airflow/dags/triggerDag3.py
[2024-02-21T12:10:52.661+0000] {logging_mixin.py:188} INFO - [2024-02-21T12:10:52.661+0000] {dag.py:3036} INFO - Sync 1 DAGs
[2024-02-21T12:10:52.673+0000] {logging_mixin.py:188} INFO - [2024-02-21T12:10:52.672+0000] {dag.py:3823} INFO - Setting next_dagrun for triggerdag3 to None, run_after=None
[2024-02-21T12:10:52.692+0000] {processor.py:183} INFO - Processing /opt/airflow/dags/triggerDag3.py took 0.072 seconds
[2024-02-21T12:10:58.033+0000] {processor.py:161} INFO - Started process (PID=134) to work on /opt/airflow/dags/triggerDag3.py
[2024-02-21T12:10:58.034+0000] {processor.py:830} INFO - Processing file /opt/airflow/dags/triggerDag3.py for tasks to queue
[2024-02-21T12:10:58.035+0000] {logging_mixin.py:188} INFO - [2024-02-21T12:10:58.035+0000] {dagbag.py:538} INFO - Filling up the DagBag from /opt/airflow/dags/triggerDag3.py
[2024-02-21T12:10:58.045+0000] {processor.py:840} INFO - DAG(s) 'triggerdag3' retrieved from /opt/airflow/dags/triggerDag3.py
[2024-02-21T12:10:58.067+0000] {logging_mixin.py:188} INFO - [2024-02-21T12:10:58.066+0000] {dag.py:3036} INFO - Sync 1 DAGs
[2024-02-21T12:10:58.078+0000] {logging_mixin.py:188} INFO - [2024-02-21T12:10:58.077+0000] {dag.py:3823} INFO - Setting next_dagrun for triggerdag3 to None, run_after=None
[2024-02-21T12:10:58.093+0000] {processor.py:183} INFO - Processing /opt/airflow/dags/triggerDag3.py took 0.062 seconds
[2024-02-21T12:11:03.472+0000] {processor.py:161} INFO - Started process (PID=142) to work on /opt/airflow/dags/triggerDag3.py
[2024-02-21T12:11:03.473+0000] {processor.py:830} INFO - Processing file /opt/airflow/dags/triggerDag3.py for tasks to queue
[2024-02-21T12:11:03.474+0000] {logging_mixin.py:188} INFO - [2024-02-21T12:11:03.474+0000] {dagbag.py:538} INFO - Filling up the DagBag from /opt/airflow/dags/triggerDag3.py
[2024-02-21T12:11:03.483+0000] {processor.py:840} INFO - DAG(s) 'triggerdag3' retrieved from /opt/airflow/dags/triggerDag3.py
[2024-02-21T12:11:03.506+0000] {logging_mixin.py:188} INFO - [2024-02-21T12:11:03.506+0000] {dag.py:3036} INFO - Sync 1 DAGs
[2024-02-21T12:11:03.516+0000] {logging_mixin.py:188} INFO - [2024-02-21T12:11:03.516+0000] {dag.py:3823} INFO - Setting next_dagrun for triggerdag3 to None, run_after=None
[2024-02-21T12:11:03.536+0000] {processor.py:183} INFO - Processing /opt/airflow/dags/triggerDag3.py took 0.067 seconds
[2024-02-21T12:11:08.935+0000] {processor.py:161} INFO - Started process (PID=158) to work on /opt/airflow/dags/triggerDag3.py
[2024-02-21T12:11:08.936+0000] {processor.py:830} INFO - Processing file /opt/airflow/dags/triggerDag3.py for tasks to queue
[2024-02-21T12:11:08.937+0000] {logging_mixin.py:188} INFO - [2024-02-21T12:11:08.937+0000] {dagbag.py:538} INFO - Filling up the DagBag from /opt/airflow/dags/triggerDag3.py
[2024-02-21T12:11:08.946+0000] {processor.py:840} INFO - DAG(s) 'triggerdag3' retrieved from /opt/airflow/dags/triggerDag3.py
[2024-02-21T12:11:08.970+0000] {logging_mixin.py:188} INFO - [2024-02-21T12:11:08.969+0000] {dag.py:3036} INFO - Sync 1 DAGs
[2024-02-21T12:11:08.979+0000] {logging_mixin.py:188} INFO - [2024-02-21T12:11:08.979+0000] {dag.py:3823} INFO - Setting next_dagrun for triggerdag3 to None, run_after=None
[2024-02-21T12:11:08.996+0000] {processor.py:183} INFO - Processing /opt/airflow/dags/triggerDag3.py took 0.064 seconds
[2024-02-21T12:11:14.383+0000] {processor.py:161} INFO - Started process (PID=166) to work on /opt/airflow/dags/triggerDag3.py
[2024-02-21T12:11:14.384+0000] {processor.py:830} INFO - Processing file /opt/airflow/dags/triggerDag3.py for tasks to queue
[2024-02-21T12:11:14.385+0000] {logging_mixin.py:188} INFO - [2024-02-21T12:11:14.385+0000] {dagbag.py:538} INFO - Filling up the DagBag from /opt/airflow/dags/triggerDag3.py
[2024-02-21T12:11:14.394+0000] {processor.py:840} INFO - DAG(s) 'triggerdag3' retrieved from /opt/airflow/dags/triggerDag3.py
[2024-02-21T12:11:14.418+0000] {logging_mixin.py:188} INFO - [2024-02-21T12:11:14.417+0000] {dag.py:3036} INFO - Sync 1 DAGs
[2024-02-21T12:11:14.428+0000] {logging_mixin.py:188} INFO - [2024-02-21T12:11:14.428+0000] {dag.py:3823} INFO - Setting next_dagrun for triggerdag3 to None, run_after=None
[2024-02-21T12:11:14.445+0000] {processor.py:183} INFO - Processing /opt/airflow/dags/triggerDag3.py took 0.065 seconds
[2024-02-21T12:11:19.851+0000] {processor.py:161} INFO - Started process (PID=182) to work on /opt/airflow/dags/triggerDag3.py
[2024-02-21T12:11:19.852+0000] {processor.py:830} INFO - Processing file /opt/airflow/dags/triggerDag3.py for tasks to queue
[2024-02-21T12:11:19.854+0000] {logging_mixin.py:188} INFO - [2024-02-21T12:11:19.853+0000] {dagbag.py:538} INFO - Filling up the DagBag from /opt/airflow/dags/triggerDag3.py
[2024-02-21T12:11:19.863+0000] {processor.py:840} INFO - DAG(s) 'triggerdag3' retrieved from /opt/airflow/dags/triggerDag3.py
[2024-02-21T12:11:19.885+0000] {logging_mixin.py:188} INFO - [2024-02-21T12:11:19.885+0000] {dag.py:3036} INFO - Sync 1 DAGs
[2024-02-21T12:11:19.895+0000] {logging_mixin.py:188} INFO - [2024-02-21T12:11:19.895+0000] {dag.py:3823} INFO - Setting next_dagrun for triggerdag3 to None, run_after=None
[2024-02-21T12:11:19.909+0000] {processor.py:183} INFO - Processing /opt/airflow/dags/triggerDag3.py took 0.061 seconds
[2024-02-21T12:11:25.296+0000] {processor.py:161} INFO - Started process (PID=190) to work on /opt/airflow/dags/triggerDag3.py
[2024-02-21T12:11:25.297+0000] {processor.py:830} INFO - Processing file /opt/airflow/dags/triggerDag3.py for tasks to queue
[2024-02-21T12:11:25.299+0000] {logging_mixin.py:188} INFO - [2024-02-21T12:11:25.299+0000] {dagbag.py:538} INFO - Filling up the DagBag from /opt/airflow/dags/triggerDag3.py
[2024-02-21T12:11:25.308+0000] {processor.py:840} INFO - DAG(s) 'triggerdag3' retrieved from /opt/airflow/dags/triggerDag3.py
[2024-02-21T12:11:25.332+0000] {logging_mixin.py:188} INFO - [2024-02-21T12:11:25.332+0000] {dag.py:3036} INFO - Sync 1 DAGs
[2024-02-21T12:11:25.343+0000] {logging_mixin.py:188} INFO - [2024-02-21T12:11:25.343+0000] {dag.py:3823} INFO - Setting next_dagrun for triggerdag3 to None, run_after=None
[2024-02-21T12:11:25.360+0000] {processor.py:183} INFO - Processing /opt/airflow/dags/triggerDag3.py took 0.066 seconds
[2024-02-21T12:11:30.663+0000] {processor.py:161} INFO - Started process (PID=206) to work on /opt/airflow/dags/triggerDag3.py
[2024-02-21T12:11:30.664+0000] {processor.py:830} INFO - Processing file /opt/airflow/dags/triggerDag3.py for tasks to queue
[2024-02-21T12:11:30.666+0000] {logging_mixin.py:188} INFO - [2024-02-21T12:11:30.665+0000] {dagbag.py:538} INFO - Filling up the DagBag from /opt/airflow/dags/triggerDag3.py
[2024-02-21T12:11:30.675+0000] {processor.py:840} INFO - DAG(s) 'triggerdag3' retrieved from /opt/airflow/dags/triggerDag3.py
[2024-02-21T12:11:30.701+0000] {logging_mixin.py:188} INFO - [2024-02-21T12:11:30.701+0000] {dag.py:3036} INFO - Sync 1 DAGs
[2024-02-21T12:11:30.717+0000] {logging_mixin.py:188} INFO - [2024-02-21T12:11:30.717+0000] {dag.py:3823} INFO - Setting next_dagrun for triggerdag3 to None, run_after=None
[2024-02-21T12:11:30.740+0000] {processor.py:183} INFO - Processing /opt/airflow/dags/triggerDag3.py took 0.079 seconds
[2024-02-21T12:11:36.206+0000] {processor.py:161} INFO - Started process (PID=214) to work on /opt/airflow/dags/triggerDag3.py
[2024-02-21T12:11:36.206+0000] {processor.py:830} INFO - Processing file /opt/airflow/dags/triggerDag3.py for tasks to queue
[2024-02-21T12:11:36.208+0000] {logging_mixin.py:188} INFO - [2024-02-21T12:11:36.208+0000] {dagbag.py:538} INFO - Filling up the DagBag from /opt/airflow/dags/triggerDag3.py
[2024-02-21T12:11:36.217+0000] {processor.py:840} INFO - DAG(s) 'triggerdag3' retrieved from /opt/airflow/dags/triggerDag3.py
[2024-02-21T12:11:36.239+0000] {logging_mixin.py:188} INFO - [2024-02-21T12:11:36.239+0000] {dag.py:3036} INFO - Sync 1 DAGs
[2024-02-21T12:11:36.250+0000] {logging_mixin.py:188} INFO - [2024-02-21T12:11:36.250+0000] {dag.py:3823} INFO - Setting next_dagrun for triggerdag3 to None, run_after=None
[2024-02-21T12:11:36.267+0000] {processor.py:183} INFO - Processing /opt/airflow/dags/triggerDag3.py took 0.064 seconds
[2024-02-21T12:11:41.665+0000] {processor.py:161} INFO - Started process (PID=222) to work on /opt/airflow/dags/triggerDag3.py
[2024-02-21T12:11:41.666+0000] {processor.py:830} INFO - Processing file /opt/airflow/dags/triggerDag3.py for tasks to queue
[2024-02-21T12:11:41.668+0000] {logging_mixin.py:188} INFO - [2024-02-21T12:11:41.668+0000] {dagbag.py:538} INFO - Filling up the DagBag from /opt/airflow/dags/triggerDag3.py
[2024-02-21T12:11:41.683+0000] {processor.py:840} INFO - DAG(s) 'triggerdag3' retrieved from /opt/airflow/dags/triggerDag3.py
[2024-02-21T12:11:41.716+0000] {logging_mixin.py:188} INFO - [2024-02-21T12:11:41.715+0000] {dag.py:3036} INFO - Sync 1 DAGs
[2024-02-21T12:11:41.728+0000] {logging_mixin.py:188} INFO - [2024-02-21T12:11:41.727+0000] {dag.py:3823} INFO - Setting next_dagrun for triggerdag3 to None, run_after=None
[2024-02-21T12:11:41.751+0000] {processor.py:183} INFO - Processing /opt/airflow/dags/triggerDag3.py took 0.091 seconds
[2024-02-21T12:11:47.200+0000] {processor.py:161} INFO - Started process (PID=238) to work on /opt/airflow/dags/triggerDag3.py
[2024-02-21T12:11:47.201+0000] {processor.py:830} INFO - Processing file /opt/airflow/dags/triggerDag3.py for tasks to queue
[2024-02-21T12:11:47.203+0000] {logging_mixin.py:188} INFO - [2024-02-21T12:11:47.202+0000] {dagbag.py:538} INFO - Filling up the DagBag from /opt/airflow/dags/triggerDag3.py
[2024-02-21T12:11:47.211+0000] {processor.py:840} INFO - DAG(s) 'triggerdag3' retrieved from /opt/airflow/dags/triggerDag3.py
[2024-02-21T12:11:47.234+0000] {logging_mixin.py:188} INFO - [2024-02-21T12:11:47.234+0000] {dag.py:3036} INFO - Sync 1 DAGs
[2024-02-21T12:11:47.244+0000] {logging_mixin.py:188} INFO - [2024-02-21T12:11:47.244+0000] {dag.py:3823} INFO - Setting next_dagrun for triggerdag3 to None, run_after=None
[2024-02-21T12:11:47.260+0000] {processor.py:183} INFO - Processing /opt/airflow/dags/triggerDag3.py took 0.062 seconds
[2024-02-21T12:11:52.656+0000] {processor.py:161} INFO - Started process (PID=246) to work on /opt/airflow/dags/triggerDag3.py
[2024-02-21T12:11:52.657+0000] {processor.py:830} INFO - Processing file /opt/airflow/dags/triggerDag3.py for tasks to queue
[2024-02-21T12:11:52.659+0000] {logging_mixin.py:188} INFO - [2024-02-21T12:11:52.658+0000] {dagbag.py:538} INFO - Filling up the DagBag from /opt/airflow/dags/triggerDag3.py
[2024-02-21T12:11:52.668+0000] {processor.py:840} INFO - DAG(s) 'triggerdag3' retrieved from /opt/airflow/dags/triggerDag3.py
[2024-02-21T12:11:52.691+0000] {logging_mixin.py:188} INFO - [2024-02-21T12:11:52.691+0000] {dag.py:3036} INFO - Sync 1 DAGs
[2024-02-21T12:11:52.701+0000] {logging_mixin.py:188} INFO - [2024-02-21T12:11:52.701+0000] {dag.py:3823} INFO - Setting next_dagrun for triggerdag3 to None, run_after=None
[2024-02-21T12:11:52.723+0000] {processor.py:183} INFO - Processing /opt/airflow/dags/triggerDag3.py took 0.070 seconds
[2024-02-21T12:11:58.074+0000] {processor.py:161} INFO - Started process (PID=262) to work on /opt/airflow/dags/triggerDag3.py
[2024-02-21T12:11:58.075+0000] {processor.py:830} INFO - Processing file /opt/airflow/dags/triggerDag3.py for tasks to queue
[2024-02-21T12:11:58.087+0000] {logging_mixin.py:188} INFO - [2024-02-21T12:11:58.086+0000] {dagbag.py:538} INFO - Filling up the DagBag from /opt/airflow/dags/triggerDag3.py
[2024-02-21T12:11:58.096+0000] {processor.py:840} INFO - DAG(s) 'triggerdag3' retrieved from /opt/airflow/dags/triggerDag3.py
[2024-02-21T12:11:58.135+0000] {logging_mixin.py:188} INFO - [2024-02-21T12:11:58.135+0000] {dag.py:3036} INFO - Sync 1 DAGs
[2024-02-21T12:11:58.149+0000] {logging_mixin.py:188} INFO - [2024-02-21T12:11:58.149+0000] {dag.py:3823} INFO - Setting next_dagrun for triggerdag3 to None, run_after=None
[2024-02-21T12:11:58.168+0000] {processor.py:183} INFO - Processing /opt/airflow/dags/triggerDag3.py took 0.096 seconds
[2024-02-21T12:12:03.475+0000] {processor.py:161} INFO - Started process (PID=270) to work on /opt/airflow/dags/triggerDag3.py
[2024-02-21T12:12:03.476+0000] {processor.py:830} INFO - Processing file /opt/airflow/dags/triggerDag3.py for tasks to queue
[2024-02-21T12:12:03.478+0000] {logging_mixin.py:188} INFO - [2024-02-21T12:12:03.477+0000] {dagbag.py:538} INFO - Filling up the DagBag from /opt/airflow/dags/triggerDag3.py
[2024-02-21T12:12:03.487+0000] {processor.py:840} INFO - DAG(s) 'triggerdag3' retrieved from /opt/airflow/dags/triggerDag3.py
[2024-02-21T12:12:03.510+0000] {logging_mixin.py:188} INFO - [2024-02-21T12:12:03.510+0000] {dag.py:3036} INFO - Sync 1 DAGs
[2024-02-21T12:12:03.521+0000] {logging_mixin.py:188} INFO - [2024-02-21T12:12:03.520+0000] {dag.py:3823} INFO - Setting next_dagrun for triggerdag3 to None, run_after=None
[2024-02-21T12:12:03.538+0000] {processor.py:183} INFO - Processing /opt/airflow/dags/triggerDag3.py took 0.065 seconds
[2024-02-21T12:12:08.923+0000] {processor.py:161} INFO - Started process (PID=286) to work on /opt/airflow/dags/triggerDag3.py
[2024-02-21T12:12:08.923+0000] {processor.py:830} INFO - Processing file /opt/airflow/dags/triggerDag3.py for tasks to queue
[2024-02-21T12:12:08.925+0000] {logging_mixin.py:188} INFO - [2024-02-21T12:12:08.925+0000] {dagbag.py:538} INFO - Filling up the DagBag from /opt/airflow/dags/triggerDag3.py
[2024-02-21T12:12:08.935+0000] {processor.py:840} INFO - DAG(s) 'triggerdag3' retrieved from /opt/airflow/dags/triggerDag3.py
[2024-02-21T12:12:08.965+0000] {logging_mixin.py:188} INFO - [2024-02-21T12:12:08.965+0000] {dag.py:3036} INFO - Sync 1 DAGs
[2024-02-21T12:12:08.980+0000] {logging_mixin.py:188} INFO - [2024-02-21T12:12:08.979+0000] {dag.py:3823} INFO - Setting next_dagrun for triggerdag3 to None, run_after=None
[2024-02-21T12:12:09.001+0000] {processor.py:183} INFO - Processing /opt/airflow/dags/triggerDag3.py took 0.081 seconds
[2024-02-21T12:12:14.370+0000] {processor.py:161} INFO - Started process (PID=294) to work on /opt/airflow/dags/triggerDag3.py
[2024-02-21T12:12:14.371+0000] {processor.py:830} INFO - Processing file /opt/airflow/dags/triggerDag3.py for tasks to queue
[2024-02-21T12:12:14.373+0000] {logging_mixin.py:188} INFO - [2024-02-21T12:12:14.372+0000] {dagbag.py:538} INFO - Filling up the DagBag from /opt/airflow/dags/triggerDag3.py
[2024-02-21T12:12:14.381+0000] {processor.py:840} INFO - DAG(s) 'triggerdag3' retrieved from /opt/airflow/dags/triggerDag3.py
[2024-02-21T12:12:14.404+0000] {logging_mixin.py:188} INFO - [2024-02-21T12:12:14.403+0000] {dag.py:3036} INFO - Sync 1 DAGs
[2024-02-21T12:12:14.415+0000] {logging_mixin.py:188} INFO - [2024-02-21T12:12:14.415+0000] {dag.py:3823} INFO - Setting next_dagrun for triggerdag3 to None, run_after=None
[2024-02-21T12:12:14.431+0000] {processor.py:183} INFO - Processing /opt/airflow/dags/triggerDag3.py took 0.063 seconds
[2024-02-21T12:12:19.841+0000] {processor.py:161} INFO - Started process (PID=309) to work on /opt/airflow/dags/triggerDag3.py
[2024-02-21T12:12:19.842+0000] {processor.py:830} INFO - Processing file /opt/airflow/dags/triggerDag3.py for tasks to queue
[2024-02-21T12:12:19.844+0000] {logging_mixin.py:188} INFO - [2024-02-21T12:12:19.844+0000] {dagbag.py:538} INFO - Filling up the DagBag from /opt/airflow/dags/triggerDag3.py
[2024-02-21T12:12:19.857+0000] {processor.py:840} INFO - DAG(s) 'triggerdag3' retrieved from /opt/airflow/dags/triggerDag3.py
[2024-02-21T12:12:19.896+0000] {logging_mixin.py:188} INFO - [2024-02-21T12:12:19.896+0000] {dag.py:3036} INFO - Sync 1 DAGs
[2024-02-21T12:12:19.911+0000] {logging_mixin.py:188} INFO - [2024-02-21T12:12:19.911+0000] {dag.py:3823} INFO - Setting next_dagrun for triggerdag3 to None, run_after=None
[2024-02-21T12:12:19.939+0000] {processor.py:183} INFO - Processing /opt/airflow/dags/triggerDag3.py took 0.102 seconds
[2024-02-21T12:12:25.308+0000] {processor.py:161} INFO - Started process (PID=318) to work on /opt/airflow/dags/triggerDag3.py
[2024-02-21T12:12:25.309+0000] {processor.py:830} INFO - Processing file /opt/airflow/dags/triggerDag3.py for tasks to queue
[2024-02-21T12:12:25.310+0000] {logging_mixin.py:188} INFO - [2024-02-21T12:12:25.310+0000] {dagbag.py:538} INFO - Filling up the DagBag from /opt/airflow/dags/triggerDag3.py
[2024-02-21T12:12:25.318+0000] {processor.py:840} INFO - DAG(s) 'triggerdag3' retrieved from /opt/airflow/dags/triggerDag3.py
[2024-02-21T12:12:25.342+0000] {logging_mixin.py:188} INFO - [2024-02-21T12:12:25.341+0000] {dag.py:3036} INFO - Sync 1 DAGs
[2024-02-21T12:12:25.352+0000] {logging_mixin.py:188} INFO - [2024-02-21T12:12:25.352+0000] {dag.py:3823} INFO - Setting next_dagrun for triggerdag3 to None, run_after=None
[2024-02-21T12:12:25.368+0000] {processor.py:183} INFO - Processing /opt/airflow/dags/triggerDag3.py took 0.062 seconds
[2024-02-21T12:12:30.742+0000] {processor.py:161} INFO - Started process (PID=326) to work on /opt/airflow/dags/triggerDag3.py
[2024-02-21T12:12:30.743+0000] {processor.py:830} INFO - Processing file /opt/airflow/dags/triggerDag3.py for tasks to queue
[2024-02-21T12:12:30.744+0000] {logging_mixin.py:188} INFO - [2024-02-21T12:12:30.744+0000] {dagbag.py:538} INFO - Filling up the DagBag from /opt/airflow/dags/triggerDag3.py
[2024-02-21T12:12:30.753+0000] {processor.py:840} INFO - DAG(s) 'triggerdag3' retrieved from /opt/airflow/dags/triggerDag3.py
[2024-02-21T12:12:30.774+0000] {logging_mixin.py:188} INFO - [2024-02-21T12:12:30.774+0000] {dag.py:3036} INFO - Sync 1 DAGs
[2024-02-21T12:12:30.785+0000] {logging_mixin.py:188} INFO - [2024-02-21T12:12:30.784+0000] {dag.py:3823} INFO - Setting next_dagrun for triggerdag3 to None, run_after=None
[2024-02-21T12:12:30.800+0000] {processor.py:183} INFO - Processing /opt/airflow/dags/triggerDag3.py took 0.060 seconds
[2024-02-21T12:12:36.185+0000] {processor.py:161} INFO - Started process (PID=342) to work on /opt/airflow/dags/triggerDag3.py
[2024-02-21T12:12:36.186+0000] {processor.py:830} INFO - Processing file /opt/airflow/dags/triggerDag3.py for tasks to queue
[2024-02-21T12:12:36.187+0000] {logging_mixin.py:188} INFO - [2024-02-21T12:12:36.187+0000] {dagbag.py:538} INFO - Filling up the DagBag from /opt/airflow/dags/triggerDag3.py
[2024-02-21T12:12:36.195+0000] {processor.py:840} INFO - DAG(s) 'triggerdag3' retrieved from /opt/airflow/dags/triggerDag3.py
[2024-02-21T12:12:36.217+0000] {logging_mixin.py:188} INFO - [2024-02-21T12:12:36.217+0000] {dag.py:3036} INFO - Sync 1 DAGs
[2024-02-21T12:12:36.227+0000] {logging_mixin.py:188} INFO - [2024-02-21T12:12:36.227+0000] {dag.py:3823} INFO - Setting next_dagrun for triggerdag3 to None, run_after=None
[2024-02-21T12:12:36.243+0000] {processor.py:183} INFO - Processing /opt/airflow/dags/triggerDag3.py took 0.061 seconds
[2024-02-21T12:12:41.635+0000] {processor.py:161} INFO - Started process (PID=350) to work on /opt/airflow/dags/triggerDag3.py
[2024-02-21T12:12:41.636+0000] {processor.py:830} INFO - Processing file /opt/airflow/dags/triggerDag3.py for tasks to queue
[2024-02-21T12:12:41.638+0000] {logging_mixin.py:188} INFO - [2024-02-21T12:12:41.637+0000] {dagbag.py:538} INFO - Filling up the DagBag from /opt/airflow/dags/triggerDag3.py
[2024-02-21T12:12:41.646+0000] {processor.py:840} INFO - DAG(s) 'triggerdag3' retrieved from /opt/airflow/dags/triggerDag3.py
[2024-02-21T12:12:41.669+0000] {logging_mixin.py:188} INFO - [2024-02-21T12:12:41.669+0000] {dag.py:3036} INFO - Sync 1 DAGs
[2024-02-21T12:12:41.680+0000] {logging_mixin.py:188} INFO - [2024-02-21T12:12:41.679+0000] {dag.py:3823} INFO - Setting next_dagrun for triggerdag3 to None, run_after=None
[2024-02-21T12:12:41.696+0000] {processor.py:183} INFO - Processing /opt/airflow/dags/triggerDag3.py took 0.063 seconds
[2024-02-21T12:12:47.076+0000] {processor.py:161} INFO - Started process (PID=366) to work on /opt/airflow/dags/triggerDag3.py
[2024-02-21T12:12:47.077+0000] {processor.py:830} INFO - Processing file /opt/airflow/dags/triggerDag3.py for tasks to queue
[2024-02-21T12:12:47.078+0000] {logging_mixin.py:188} INFO - [2024-02-21T12:12:47.078+0000] {dagbag.py:538} INFO - Filling up the DagBag from /opt/airflow/dags/triggerDag3.py
[2024-02-21T12:12:47.087+0000] {processor.py:840} INFO - DAG(s) 'triggerdag3' retrieved from /opt/airflow/dags/triggerDag3.py
[2024-02-21T12:12:47.108+0000] {logging_mixin.py:188} INFO - [2024-02-21T12:12:47.108+0000] {dag.py:3036} INFO - Sync 1 DAGs
[2024-02-21T12:12:47.119+0000] {logging_mixin.py:188} INFO - [2024-02-21T12:12:47.118+0000] {dag.py:3823} INFO - Setting next_dagrun for triggerdag3 to None, run_after=None
[2024-02-21T12:12:47.136+0000] {processor.py:183} INFO - Processing /opt/airflow/dags/triggerDag3.py took 0.062 seconds
[2024-02-21T12:12:52.455+0000] {processor.py:161} INFO - Started process (PID=374) to work on /opt/airflow/dags/triggerDag3.py
[2024-02-21T12:12:52.455+0000] {processor.py:830} INFO - Processing file /opt/airflow/dags/triggerDag3.py for tasks to queue
[2024-02-21T12:12:52.457+0000] {logging_mixin.py:188} INFO - [2024-02-21T12:12:52.457+0000] {dagbag.py:538} INFO - Filling up the DagBag from /opt/airflow/dags/triggerDag3.py
[2024-02-21T12:12:52.466+0000] {processor.py:840} INFO - DAG(s) 'triggerdag3' retrieved from /opt/airflow/dags/triggerDag3.py
[2024-02-21T12:12:52.492+0000] {logging_mixin.py:188} INFO - [2024-02-21T12:12:52.492+0000] {dag.py:3036} INFO - Sync 1 DAGs
[2024-02-21T12:12:52.503+0000] {logging_mixin.py:188} INFO - [2024-02-21T12:12:52.503+0000] {dag.py:3823} INFO - Setting next_dagrun for triggerdag3 to None, run_after=None
[2024-02-21T12:12:52.522+0000] {processor.py:183} INFO - Processing /opt/airflow/dags/triggerDag3.py took 0.070 seconds
[2024-02-21T12:12:57.906+0000] {processor.py:161} INFO - Started process (PID=390) to work on /opt/airflow/dags/triggerDag3.py
[2024-02-21T12:12:57.907+0000] {processor.py:830} INFO - Processing file /opt/airflow/dags/triggerDag3.py for tasks to queue
[2024-02-21T12:12:57.909+0000] {logging_mixin.py:188} INFO - [2024-02-21T12:12:57.909+0000] {dagbag.py:538} INFO - Filling up the DagBag from /opt/airflow/dags/triggerDag3.py
[2024-02-21T12:12:57.921+0000] {processor.py:840} INFO - DAG(s) 'triggerdag3' retrieved from /opt/airflow/dags/triggerDag3.py
[2024-02-21T12:12:57.945+0000] {logging_mixin.py:188} INFO - [2024-02-21T12:12:57.944+0000] {dag.py:3036} INFO - Sync 1 DAGs
[2024-02-21T12:12:57.956+0000] {logging_mixin.py:188} INFO - [2024-02-21T12:12:57.956+0000] {dag.py:3823} INFO - Setting next_dagrun for triggerdag3 to None, run_after=None
[2024-02-21T12:12:57.974+0000] {processor.py:183} INFO - Processing /opt/airflow/dags/triggerDag3.py took 0.072 seconds
[2024-02-21T12:13:03.410+0000] {processor.py:161} INFO - Started process (PID=398) to work on /opt/airflow/dags/triggerDag3.py
[2024-02-21T12:13:03.411+0000] {processor.py:830} INFO - Processing file /opt/airflow/dags/triggerDag3.py for tasks to queue
[2024-02-21T12:13:03.412+0000] {logging_mixin.py:188} INFO - [2024-02-21T12:13:03.412+0000] {dagbag.py:538} INFO - Filling up the DagBag from /opt/airflow/dags/triggerDag3.py
[2024-02-21T12:13:03.421+0000] {processor.py:840} INFO - DAG(s) 'triggerdag3' retrieved from /opt/airflow/dags/triggerDag3.py
[2024-02-21T12:13:03.443+0000] {logging_mixin.py:188} INFO - [2024-02-21T12:13:03.443+0000] {dag.py:3036} INFO - Sync 1 DAGs
[2024-02-21T12:13:03.454+0000] {logging_mixin.py:188} INFO - [2024-02-21T12:13:03.454+0000] {dag.py:3823} INFO - Setting next_dagrun for triggerdag3 to None, run_after=None
[2024-02-21T12:13:03.471+0000] {processor.py:183} INFO - Processing /opt/airflow/dags/triggerDag3.py took 0.064 seconds
[2024-02-21T12:13:08.870+0000] {processor.py:161} INFO - Started process (PID=417) to work on /opt/airflow/dags/triggerDag3.py
[2024-02-21T12:13:08.871+0000] {processor.py:830} INFO - Processing file /opt/airflow/dags/triggerDag3.py for tasks to queue
[2024-02-21T12:13:08.873+0000] {logging_mixin.py:188} INFO - [2024-02-21T12:13:08.873+0000] {dagbag.py:538} INFO - Filling up the DagBag from /opt/airflow/dags/triggerDag3.py
[2024-02-21T12:13:08.883+0000] {processor.py:840} INFO - DAG(s) 'triggerdag3' retrieved from /opt/airflow/dags/triggerDag3.py
[2024-02-21T12:13:08.908+0000] {logging_mixin.py:188} INFO - [2024-02-21T12:13:08.908+0000] {dag.py:3036} INFO - Sync 1 DAGs
[2024-02-21T12:13:08.918+0000] {logging_mixin.py:188} INFO - [2024-02-21T12:13:08.918+0000] {dag.py:3823} INFO - Setting next_dagrun for triggerdag3 to None, run_after=None
[2024-02-21T12:13:08.945+0000] {processor.py:183} INFO - Processing /opt/airflow/dags/triggerDag3.py took 0.078 seconds
[2024-02-21T12:13:14.388+0000] {processor.py:161} INFO - Started process (PID=430) to work on /opt/airflow/dags/triggerDag3.py
[2024-02-21T12:13:14.389+0000] {processor.py:830} INFO - Processing file /opt/airflow/dags/triggerDag3.py for tasks to queue
[2024-02-21T12:13:14.390+0000] {logging_mixin.py:188} INFO - [2024-02-21T12:13:14.390+0000] {dagbag.py:538} INFO - Filling up the DagBag from /opt/airflow/dags/triggerDag3.py
[2024-02-21T12:13:14.400+0000] {processor.py:840} INFO - DAG(s) 'triggerdag3' retrieved from /opt/airflow/dags/triggerDag3.py
[2024-02-21T12:13:14.424+0000] {logging_mixin.py:188} INFO - [2024-02-21T12:13:14.424+0000] {dag.py:3036} INFO - Sync 1 DAGs
[2024-02-21T12:13:14.435+0000] {logging_mixin.py:188} INFO - [2024-02-21T12:13:14.435+0000] {dag.py:3823} INFO - Setting next_dagrun for triggerdag3 to None, run_after=None
[2024-02-21T12:13:14.452+0000] {processor.py:183} INFO - Processing /opt/airflow/dags/triggerDag3.py took 0.067 seconds
[2024-02-21T12:13:19.854+0000] {processor.py:161} INFO - Started process (PID=438) to work on /opt/airflow/dags/triggerDag3.py
[2024-02-21T12:13:19.855+0000] {processor.py:830} INFO - Processing file /opt/airflow/dags/triggerDag3.py for tasks to queue
[2024-02-21T12:13:19.857+0000] {logging_mixin.py:188} INFO - [2024-02-21T12:13:19.856+0000] {dagbag.py:538} INFO - Filling up the DagBag from /opt/airflow/dags/triggerDag3.py
[2024-02-21T12:13:19.866+0000] {processor.py:840} INFO - DAG(s) 'triggerdag3' retrieved from /opt/airflow/dags/triggerDag3.py
[2024-02-21T12:13:19.891+0000] {logging_mixin.py:188} INFO - [2024-02-21T12:13:19.890+0000] {dag.py:3036} INFO - Sync 1 DAGs
[2024-02-21T12:13:19.901+0000] {logging_mixin.py:188} INFO - [2024-02-21T12:13:19.900+0000] {dag.py:3823} INFO - Setting next_dagrun for triggerdag3 to None, run_after=None
[2024-02-21T12:13:19.917+0000] {processor.py:183} INFO - Processing /opt/airflow/dags/triggerDag3.py took 0.066 seconds
[2024-02-21T12:13:25.245+0000] {processor.py:161} INFO - Started process (PID=454) to work on /opt/airflow/dags/triggerDag3.py
[2024-02-21T12:13:25.247+0000] {processor.py:830} INFO - Processing file /opt/airflow/dags/triggerDag3.py for tasks to queue
[2024-02-21T12:13:25.249+0000] {logging_mixin.py:188} INFO - [2024-02-21T12:13:25.249+0000] {dagbag.py:538} INFO - Filling up the DagBag from /opt/airflow/dags/triggerDag3.py
[2024-02-21T12:13:25.259+0000] {processor.py:840} INFO - DAG(s) 'triggerdag3' retrieved from /opt/airflow/dags/triggerDag3.py
[2024-02-21T12:13:25.285+0000] {logging_mixin.py:188} INFO - [2024-02-21T12:13:25.284+0000] {dag.py:3036} INFO - Sync 1 DAGs
[2024-02-21T12:13:25.297+0000] {logging_mixin.py:188} INFO - [2024-02-21T12:13:25.296+0000] {dag.py:3823} INFO - Setting next_dagrun for triggerdag3 to None, run_after=None
[2024-02-21T12:13:25.317+0000] {processor.py:183} INFO - Processing /opt/airflow/dags/triggerDag3.py took 0.075 seconds
[2024-02-21T12:13:30.659+0000] {processor.py:161} INFO - Started process (PID=462) to work on /opt/airflow/dags/triggerDag3.py
[2024-02-21T12:13:30.660+0000] {processor.py:830} INFO - Processing file /opt/airflow/dags/triggerDag3.py for tasks to queue
[2024-02-21T12:13:30.662+0000] {logging_mixin.py:188} INFO - [2024-02-21T12:13:30.662+0000] {dagbag.py:538} INFO - Filling up the DagBag from /opt/airflow/dags/triggerDag3.py
[2024-02-21T12:13:30.676+0000] {processor.py:840} INFO - DAG(s) 'triggerdag3' retrieved from /opt/airflow/dags/triggerDag3.py
[2024-02-21T12:13:30.701+0000] {logging_mixin.py:188} INFO - [2024-02-21T12:13:30.701+0000] {dag.py:3036} INFO - Sync 1 DAGs
[2024-02-21T12:13:30.713+0000] {logging_mixin.py:188} INFO - [2024-02-21T12:13:30.713+0000] {dag.py:3823} INFO - Setting next_dagrun for triggerdag3 to None, run_after=None
[2024-02-21T12:13:30.731+0000] {processor.py:183} INFO - Processing /opt/airflow/dags/triggerDag3.py took 0.077 seconds
[2024-02-21T12:13:36.051+0000] {processor.py:161} INFO - Started process (PID=482) to work on /opt/airflow/dags/triggerDag3.py
[2024-02-21T12:13:36.052+0000] {processor.py:830} INFO - Processing file /opt/airflow/dags/triggerDag3.py for tasks to queue
[2024-02-21T12:13:36.053+0000] {logging_mixin.py:188} INFO - [2024-02-21T12:13:36.053+0000] {dagbag.py:538} INFO - Filling up the DagBag from /opt/airflow/dags/triggerDag3.py
[2024-02-21T12:13:36.062+0000] {processor.py:840} INFO - DAG(s) 'triggerdag3' retrieved from /opt/airflow/dags/triggerDag3.py
[2024-02-21T12:13:36.086+0000] {logging_mixin.py:188} INFO - [2024-02-21T12:13:36.085+0000] {dag.py:3036} INFO - Sync 1 DAGs
[2024-02-21T12:13:36.096+0000] {logging_mixin.py:188} INFO - [2024-02-21T12:13:36.096+0000] {dag.py:3823} INFO - Setting next_dagrun for triggerdag3 to None, run_after=None
[2024-02-21T12:13:36.112+0000] {processor.py:183} INFO - Processing /opt/airflow/dags/triggerDag3.py took 0.064 seconds
[2024-02-21T12:13:41.523+0000] {processor.py:161} INFO - Started process (PID=490) to work on /opt/airflow/dags/triggerDag3.py
[2024-02-21T12:13:41.524+0000] {processor.py:830} INFO - Processing file /opt/airflow/dags/triggerDag3.py for tasks to queue
[2024-02-21T12:13:41.526+0000] {logging_mixin.py:188} INFO - [2024-02-21T12:13:41.525+0000] {dagbag.py:538} INFO - Filling up the DagBag from /opt/airflow/dags/triggerDag3.py
[2024-02-21T12:13:41.534+0000] {processor.py:840} INFO - DAG(s) 'triggerdag3' retrieved from /opt/airflow/dags/triggerDag3.py
[2024-02-21T12:13:41.557+0000] {logging_mixin.py:188} INFO - [2024-02-21T12:13:41.557+0000] {dag.py:3036} INFO - Sync 1 DAGs
[2024-02-21T12:13:41.566+0000] {logging_mixin.py:188} INFO - [2024-02-21T12:13:41.566+0000] {dag.py:3823} INFO - Setting next_dagrun for triggerdag3 to None, run_after=None
[2024-02-21T12:13:41.582+0000] {processor.py:183} INFO - Processing /opt/airflow/dags/triggerDag3.py took 0.062 seconds
[2024-02-21T12:13:46.970+0000] {processor.py:161} INFO - Started process (PID=506) to work on /opt/airflow/dags/triggerDag3.py
[2024-02-21T12:13:46.970+0000] {processor.py:830} INFO - Processing file /opt/airflow/dags/triggerDag3.py for tasks to queue
[2024-02-21T12:13:46.972+0000] {logging_mixin.py:188} INFO - [2024-02-21T12:13:46.972+0000] {dagbag.py:538} INFO - Filling up the DagBag from /opt/airflow/dags/triggerDag3.py
[2024-02-21T12:13:46.982+0000] {processor.py:840} INFO - DAG(s) 'triggerdag3' retrieved from /opt/airflow/dags/triggerDag3.py
[2024-02-21T12:13:47.013+0000] {logging_mixin.py:188} INFO - [2024-02-21T12:13:47.012+0000] {dag.py:3036} INFO - Sync 1 DAGs
[2024-02-21T12:13:47.026+0000] {logging_mixin.py:188} INFO - [2024-02-21T12:13:47.026+0000] {dag.py:3823} INFO - Setting next_dagrun for triggerdag3 to None, run_after=None
[2024-02-21T12:13:47.046+0000] {processor.py:183} INFO - Processing /opt/airflow/dags/triggerDag3.py took 0.079 seconds
[2024-02-21T12:13:52.380+0000] {processor.py:161} INFO - Started process (PID=514) to work on /opt/airflow/dags/triggerDag3.py
[2024-02-21T12:13:52.380+0000] {processor.py:830} INFO - Processing file /opt/airflow/dags/triggerDag3.py for tasks to queue
[2024-02-21T12:13:52.382+0000] {logging_mixin.py:188} INFO - [2024-02-21T12:13:52.382+0000] {dagbag.py:538} INFO - Filling up the DagBag from /opt/airflow/dags/triggerDag3.py
[2024-02-21T12:13:52.391+0000] {processor.py:840} INFO - DAG(s) 'triggerdag3' retrieved from /opt/airflow/dags/triggerDag3.py
[2024-02-21T12:13:52.414+0000] {logging_mixin.py:188} INFO - [2024-02-21T12:13:52.414+0000] {dag.py:3036} INFO - Sync 1 DAGs
[2024-02-21T12:13:52.425+0000] {logging_mixin.py:188} INFO - [2024-02-21T12:13:52.425+0000] {dag.py:3823} INFO - Setting next_dagrun for triggerdag3 to None, run_after=None
[2024-02-21T12:13:52.440+0000] {processor.py:183} INFO - Processing /opt/airflow/dags/triggerDag3.py took 0.063 seconds
[2024-02-21T12:13:57.749+0000] {processor.py:161} INFO - Started process (PID=522) to work on /opt/airflow/dags/triggerDag3.py
[2024-02-21T12:13:57.750+0000] {processor.py:830} INFO - Processing file /opt/airflow/dags/triggerDag3.py for tasks to queue
[2024-02-21T12:13:57.751+0000] {logging_mixin.py:188} INFO - [2024-02-21T12:13:57.751+0000] {dagbag.py:538} INFO - Filling up the DagBag from /opt/airflow/dags/triggerDag3.py
[2024-02-21T12:13:57.761+0000] {processor.py:840} INFO - DAG(s) 'triggerdag3' retrieved from /opt/airflow/dags/triggerDag3.py
[2024-02-21T12:13:57.787+0000] {logging_mixin.py:188} INFO - [2024-02-21T12:13:57.787+0000] {dag.py:3036} INFO - Sync 1 DAGs
[2024-02-21T12:13:57.798+0000] {logging_mixin.py:188} INFO - [2024-02-21T12:13:57.798+0000] {dag.py:3823} INFO - Setting next_dagrun for triggerdag3 to None, run_after=None
[2024-02-21T12:13:57.817+0000] {processor.py:183} INFO - Processing /opt/airflow/dags/triggerDag3.py took 0.071 seconds
[2024-02-21T12:14:03.119+0000] {processor.py:161} INFO - Started process (PID=538) to work on /opt/airflow/dags/triggerDag3.py
[2024-02-21T12:14:03.120+0000] {processor.py:830} INFO - Processing file /opt/airflow/dags/triggerDag3.py for tasks to queue
[2024-02-21T12:14:03.121+0000] {logging_mixin.py:188} INFO - [2024-02-21T12:14:03.121+0000] {dagbag.py:538} INFO - Filling up the DagBag from /opt/airflow/dags/triggerDag3.py
[2024-02-21T12:14:03.130+0000] {processor.py:840} INFO - DAG(s) 'triggerdag3' retrieved from /opt/airflow/dags/triggerDag3.py
[2024-02-21T12:14:03.152+0000] {logging_mixin.py:188} INFO - [2024-02-21T12:14:03.152+0000] {dag.py:3036} INFO - Sync 1 DAGs
[2024-02-21T12:14:03.163+0000] {logging_mixin.py:188} INFO - [2024-02-21T12:14:03.162+0000] {dag.py:3823} INFO - Setting next_dagrun for triggerdag3 to None, run_after=None
[2024-02-21T12:14:03.179+0000] {processor.py:183} INFO - Processing /opt/airflow/dags/triggerDag3.py took 0.062 seconds
[2024-02-21T12:14:08.577+0000] {processor.py:161} INFO - Started process (PID=546) to work on /opt/airflow/dags/triggerDag3.py
[2024-02-21T12:14:08.578+0000] {processor.py:830} INFO - Processing file /opt/airflow/dags/triggerDag3.py for tasks to queue
[2024-02-21T12:14:08.579+0000] {logging_mixin.py:188} INFO - [2024-02-21T12:14:08.579+0000] {dagbag.py:538} INFO - Filling up the DagBag from /opt/airflow/dags/triggerDag3.py
[2024-02-21T12:14:08.588+0000] {processor.py:840} INFO - DAG(s) 'triggerdag3' retrieved from /opt/airflow/dags/triggerDag3.py
[2024-02-21T12:14:08.612+0000] {logging_mixin.py:188} INFO - [2024-02-21T12:14:08.612+0000] {dag.py:3036} INFO - Sync 1 DAGs
[2024-02-21T12:14:08.623+0000] {logging_mixin.py:188} INFO - [2024-02-21T12:14:08.622+0000] {dag.py:3823} INFO - Setting next_dagrun for triggerdag3 to None, run_after=None
[2024-02-21T12:14:08.640+0000] {processor.py:183} INFO - Processing /opt/airflow/dags/triggerDag3.py took 0.066 seconds
[2024-02-21T12:14:13.956+0000] {processor.py:161} INFO - Started process (PID=562) to work on /opt/airflow/dags/triggerDag3.py
[2024-02-21T12:14:13.957+0000] {processor.py:830} INFO - Processing file /opt/airflow/dags/triggerDag3.py for tasks to queue
[2024-02-21T12:14:13.962+0000] {logging_mixin.py:188} INFO - [2024-02-21T12:14:13.960+0000] {dagbag.py:538} INFO - Filling up the DagBag from /opt/airflow/dags/triggerDag3.py
[2024-02-21T12:14:14.012+0000] {processor.py:840} INFO - DAG(s) 'triggerdag3' retrieved from /opt/airflow/dags/triggerDag3.py
[2024-02-21T12:14:14.136+0000] {logging_mixin.py:188} INFO - [2024-02-21T12:14:14.136+0000] {dag.py:3036} INFO - Sync 1 DAGs
[2024-02-21T12:14:15.476+0000] {logging_mixin.py:188} INFO - [2024-02-21T12:14:15.476+0000] {dag.py:3823} INFO - Setting next_dagrun for triggerdag3 to None, run_after=None
[2024-02-21T12:14:15.507+0000] {processor.py:183} INFO - Processing /opt/airflow/dags/triggerDag3.py took 1.561 seconds
[2024-02-21T12:14:20.996+0000] {processor.py:161} INFO - Started process (PID=570) to work on /opt/airflow/dags/triggerDag3.py
[2024-02-21T12:14:20.997+0000] {processor.py:830} INFO - Processing file /opt/airflow/dags/triggerDag3.py for tasks to queue
[2024-02-21T12:14:20.998+0000] {logging_mixin.py:188} INFO - [2024-02-21T12:14:20.998+0000] {dagbag.py:538} INFO - Filling up the DagBag from /opt/airflow/dags/triggerDag3.py
[2024-02-21T12:14:21.037+0000] {processor.py:840} INFO - DAG(s) 'triggerdag3' retrieved from /opt/airflow/dags/triggerDag3.py
[2024-02-21T12:14:21.079+0000] {logging_mixin.py:188} INFO - [2024-02-21T12:14:21.079+0000] {dag.py:3036} INFO - Sync 1 DAGs
[2024-02-21T12:14:21.105+0000] {logging_mixin.py:188} INFO - [2024-02-21T12:14:21.105+0000] {dag.py:3823} INFO - Setting next_dagrun for triggerdag3 to None, run_after=None
[2024-02-21T12:14:21.137+0000] {processor.py:183} INFO - Processing /opt/airflow/dags/triggerDag3.py took 0.144 seconds
[2024-02-21T12:14:26.596+0000] {processor.py:161} INFO - Started process (PID=586) to work on /opt/airflow/dags/triggerDag3.py
[2024-02-21T12:14:26.597+0000] {processor.py:830} INFO - Processing file /opt/airflow/dags/triggerDag3.py for tasks to queue
[2024-02-21T12:14:26.598+0000] {logging_mixin.py:188} INFO - [2024-02-21T12:14:26.598+0000] {dagbag.py:538} INFO - Filling up the DagBag from /opt/airflow/dags/triggerDag3.py
[2024-02-21T12:14:26.608+0000] {processor.py:840} INFO - DAG(s) 'triggerdag3' retrieved from /opt/airflow/dags/triggerDag3.py
[2024-02-21T12:14:26.646+0000] {logging_mixin.py:188} INFO - [2024-02-21T12:14:26.646+0000] {dag.py:3036} INFO - Sync 1 DAGs
[2024-02-21T12:14:26.659+0000] {logging_mixin.py:188} INFO - [2024-02-21T12:14:26.659+0000] {dag.py:3823} INFO - Setting next_dagrun for triggerdag3 to None, run_after=None
[2024-02-21T12:14:26.688+0000] {processor.py:183} INFO - Processing /opt/airflow/dags/triggerDag3.py took 0.095 seconds
[2024-02-21T12:14:32.108+0000] {processor.py:161} INFO - Started process (PID=594) to work on /opt/airflow/dags/triggerDag3.py
[2024-02-21T12:14:32.109+0000] {processor.py:830} INFO - Processing file /opt/airflow/dags/triggerDag3.py for tasks to queue
[2024-02-21T12:14:32.110+0000] {logging_mixin.py:188} INFO - [2024-02-21T12:14:32.110+0000] {dagbag.py:538} INFO - Filling up the DagBag from /opt/airflow/dags/triggerDag3.py
[2024-02-21T12:14:32.120+0000] {processor.py:840} INFO - DAG(s) 'triggerdag3' retrieved from /opt/airflow/dags/triggerDag3.py
[2024-02-21T12:14:32.147+0000] {logging_mixin.py:188} INFO - [2024-02-21T12:14:32.146+0000] {dag.py:3036} INFO - Sync 1 DAGs
[2024-02-21T12:14:32.159+0000] {logging_mixin.py:188} INFO - [2024-02-21T12:14:32.159+0000] {dag.py:3823} INFO - Setting next_dagrun for triggerdag3 to None, run_after=None
[2024-02-21T12:14:32.180+0000] {processor.py:183} INFO - Processing /opt/airflow/dags/triggerDag3.py took 0.075 seconds
[2024-02-21T12:14:37.580+0000] {processor.py:161} INFO - Started process (PID=610) to work on /opt/airflow/dags/triggerDag3.py
[2024-02-21T12:14:37.581+0000] {processor.py:830} INFO - Processing file /opt/airflow/dags/triggerDag3.py for tasks to queue
[2024-02-21T12:14:37.583+0000] {logging_mixin.py:188} INFO - [2024-02-21T12:14:37.583+0000] {dagbag.py:538} INFO - Filling up the DagBag from /opt/airflow/dags/triggerDag3.py
[2024-02-21T12:14:37.594+0000] {processor.py:840} INFO - DAG(s) 'triggerdag3' retrieved from /opt/airflow/dags/triggerDag3.py
[2024-02-21T12:14:37.620+0000] {logging_mixin.py:188} INFO - [2024-02-21T12:14:37.620+0000] {dag.py:3036} INFO - Sync 1 DAGs
[2024-02-21T12:14:37.632+0000] {logging_mixin.py:188} INFO - [2024-02-21T12:14:37.631+0000] {dag.py:3823} INFO - Setting next_dagrun for triggerdag3 to None, run_after=None
[2024-02-21T12:14:37.654+0000] {processor.py:183} INFO - Processing /opt/airflow/dags/triggerDag3.py took 0.077 seconds
[2024-02-21T12:14:43.116+0000] {processor.py:161} INFO - Started process (PID=618) to work on /opt/airflow/dags/triggerDag3.py
[2024-02-21T12:14:43.117+0000] {processor.py:830} INFO - Processing file /opt/airflow/dags/triggerDag3.py for tasks to queue
[2024-02-21T12:14:43.119+0000] {logging_mixin.py:188} INFO - [2024-02-21T12:14:43.119+0000] {dagbag.py:538} INFO - Filling up the DagBag from /opt/airflow/dags/triggerDag3.py
[2024-02-21T12:14:43.130+0000] {processor.py:840} INFO - DAG(s) 'triggerdag3' retrieved from /opt/airflow/dags/triggerDag3.py
[2024-02-21T12:14:43.153+0000] {logging_mixin.py:188} INFO - [2024-02-21T12:14:43.153+0000] {dag.py:3036} INFO - Sync 1 DAGs
[2024-02-21T12:14:43.164+0000] {logging_mixin.py:188} INFO - [2024-02-21T12:14:43.164+0000] {dag.py:3823} INFO - Setting next_dagrun for triggerdag3 to None, run_after=None
[2024-02-21T12:14:43.184+0000] {processor.py:183} INFO - Processing /opt/airflow/dags/triggerDag3.py took 0.071 seconds
[2024-02-21T12:14:48.572+0000] {processor.py:161} INFO - Started process (PID=633) to work on /opt/airflow/dags/triggerDag3.py
[2024-02-21T12:14:48.573+0000] {processor.py:830} INFO - Processing file /opt/airflow/dags/triggerDag3.py for tasks to queue
[2024-02-21T12:14:48.575+0000] {logging_mixin.py:188} INFO - [2024-02-21T12:14:48.575+0000] {dagbag.py:538} INFO - Filling up the DagBag from /opt/airflow/dags/triggerDag3.py
[2024-02-21T12:14:48.587+0000] {processor.py:840} INFO - DAG(s) 'triggerdag3' retrieved from /opt/airflow/dags/triggerDag3.py
[2024-02-21T12:14:48.619+0000] {logging_mixin.py:188} INFO - [2024-02-21T12:14:48.619+0000] {dag.py:3036} INFO - Sync 1 DAGs
[2024-02-21T12:14:48.632+0000] {logging_mixin.py:188} INFO - [2024-02-21T12:14:48.632+0000] {dag.py:3823} INFO - Setting next_dagrun for triggerdag3 to None, run_after=None
[2024-02-21T12:14:48.654+0000] {processor.py:183} INFO - Processing /opt/airflow/dags/triggerDag3.py took 0.085 seconds
[2024-02-21T12:14:54.096+0000] {processor.py:161} INFO - Started process (PID=642) to work on /opt/airflow/dags/triggerDag3.py
[2024-02-21T12:14:54.097+0000] {processor.py:830} INFO - Processing file /opt/airflow/dags/triggerDag3.py for tasks to queue
[2024-02-21T12:14:54.099+0000] {logging_mixin.py:188} INFO - [2024-02-21T12:14:54.099+0000] {dagbag.py:538} INFO - Filling up the DagBag from /opt/airflow/dags/triggerDag3.py
[2024-02-21T12:14:54.109+0000] {processor.py:840} INFO - DAG(s) 'triggerdag3' retrieved from /opt/airflow/dags/triggerDag3.py
[2024-02-21T12:14:54.134+0000] {logging_mixin.py:188} INFO - [2024-02-21T12:14:54.134+0000] {dag.py:3036} INFO - Sync 1 DAGs
[2024-02-21T12:14:54.146+0000] {logging_mixin.py:188} INFO - [2024-02-21T12:14:54.146+0000] {dag.py:3823} INFO - Setting next_dagrun for triggerdag3 to None, run_after=None
[2024-02-21T12:14:54.166+0000] {processor.py:183} INFO - Processing /opt/airflow/dags/triggerDag3.py took 0.073 seconds
[2024-02-21T12:14:59.569+0000] {processor.py:161} INFO - Started process (PID=650) to work on /opt/airflow/dags/triggerDag3.py
[2024-02-21T12:14:59.570+0000] {processor.py:830} INFO - Processing file /opt/airflow/dags/triggerDag3.py for tasks to queue
[2024-02-21T12:14:59.571+0000] {logging_mixin.py:188} INFO - [2024-02-21T12:14:59.571+0000] {dagbag.py:538} INFO - Filling up the DagBag from /opt/airflow/dags/triggerDag3.py
[2024-02-21T12:14:59.582+0000] {processor.py:840} INFO - DAG(s) 'triggerdag3' retrieved from /opt/airflow/dags/triggerDag3.py
[2024-02-21T12:14:59.607+0000] {logging_mixin.py:188} INFO - [2024-02-21T12:14:59.607+0000] {dag.py:3036} INFO - Sync 1 DAGs
[2024-02-21T12:14:59.619+0000] {logging_mixin.py:188} INFO - [2024-02-21T12:14:59.618+0000] {dag.py:3823} INFO - Setting next_dagrun for triggerdag3 to None, run_after=None
[2024-02-21T12:14:59.637+0000] {processor.py:183} INFO - Processing /opt/airflow/dags/triggerDag3.py took 0.070 seconds
[2024-02-21T12:15:05.076+0000] {processor.py:161} INFO - Started process (PID=666) to work on /opt/airflow/dags/triggerDag3.py
[2024-02-21T12:15:05.077+0000] {processor.py:830} INFO - Processing file /opt/airflow/dags/triggerDag3.py for tasks to queue
[2024-02-21T12:15:05.079+0000] {logging_mixin.py:188} INFO - [2024-02-21T12:15:05.078+0000] {dagbag.py:538} INFO - Filling up the DagBag from /opt/airflow/dags/triggerDag3.py
[2024-02-21T12:15:05.090+0000] {processor.py:840} INFO - DAG(s) 'triggerdag3' retrieved from /opt/airflow/dags/triggerDag3.py
[2024-02-21T12:15:05.120+0000] {logging_mixin.py:188} INFO - [2024-02-21T12:15:05.120+0000] {dag.py:3036} INFO - Sync 1 DAGs
[2024-02-21T12:15:05.131+0000] {logging_mixin.py:188} INFO - [2024-02-21T12:15:05.130+0000] {dag.py:3823} INFO - Setting next_dagrun for triggerdag3 to None, run_after=None
[2024-02-21T12:15:05.148+0000] {processor.py:183} INFO - Processing /opt/airflow/dags/triggerDag3.py took 0.074 seconds
[2024-02-21T12:15:10.578+0000] {processor.py:161} INFO - Started process (PID=674) to work on /opt/airflow/dags/triggerDag3.py
[2024-02-21T12:15:10.579+0000] {processor.py:830} INFO - Processing file /opt/airflow/dags/triggerDag3.py for tasks to queue
[2024-02-21T12:15:10.581+0000] {logging_mixin.py:188} INFO - [2024-02-21T12:15:10.580+0000] {dagbag.py:538} INFO - Filling up the DagBag from /opt/airflow/dags/triggerDag3.py
[2024-02-21T12:15:10.594+0000] {processor.py:840} INFO - DAG(s) 'triggerdag3' retrieved from /opt/airflow/dags/triggerDag3.py
[2024-02-21T12:15:10.633+0000] {logging_mixin.py:188} INFO - [2024-02-21T12:15:10.633+0000] {dag.py:3036} INFO - Sync 1 DAGs
[2024-02-21T12:15:10.646+0000] {logging_mixin.py:188} INFO - [2024-02-21T12:15:10.646+0000] {dag.py:3823} INFO - Setting next_dagrun for triggerdag3 to None, run_after=None
[2024-02-21T12:15:10.670+0000] {processor.py:183} INFO - Processing /opt/airflow/dags/triggerDag3.py took 0.095 seconds
[2024-02-21T12:15:16.012+0000] {processor.py:161} INFO - Started process (PID=690) to work on /opt/airflow/dags/triggerDag3.py
[2024-02-21T12:15:16.013+0000] {processor.py:830} INFO - Processing file /opt/airflow/dags/triggerDag3.py for tasks to queue
[2024-02-21T12:15:16.015+0000] {logging_mixin.py:188} INFO - [2024-02-21T12:15:16.015+0000] {dagbag.py:538} INFO - Filling up the DagBag from /opt/airflow/dags/triggerDag3.py
[2024-02-21T12:15:16.028+0000] {processor.py:840} INFO - DAG(s) 'triggerdag3' retrieved from /opt/airflow/dags/triggerDag3.py
[2024-02-21T12:15:16.054+0000] {logging_mixin.py:188} INFO - [2024-02-21T12:15:16.054+0000] {dag.py:3036} INFO - Sync 1 DAGs
[2024-02-21T12:15:16.065+0000] {logging_mixin.py:188} INFO - [2024-02-21T12:15:16.065+0000] {dag.py:3823} INFO - Setting next_dagrun for triggerdag3 to None, run_after=None
[2024-02-21T12:15:16.083+0000] {processor.py:183} INFO - Processing /opt/airflow/dags/triggerDag3.py took 0.073 seconds
[2024-02-21T12:15:21.496+0000] {processor.py:161} INFO - Started process (PID=698) to work on /opt/airflow/dags/triggerDag3.py
[2024-02-21T12:15:21.497+0000] {processor.py:830} INFO - Processing file /opt/airflow/dags/triggerDag3.py for tasks to queue
[2024-02-21T12:15:21.499+0000] {logging_mixin.py:188} INFO - [2024-02-21T12:15:21.498+0000] {dagbag.py:538} INFO - Filling up the DagBag from /opt/airflow/dags/triggerDag3.py
[2024-02-21T12:15:21.508+0000] {processor.py:840} INFO - DAG(s) 'triggerdag3' retrieved from /opt/airflow/dags/triggerDag3.py
[2024-02-21T12:15:21.533+0000] {logging_mixin.py:188} INFO - [2024-02-21T12:15:21.532+0000] {dag.py:3036} INFO - Sync 1 DAGs
[2024-02-21T12:15:21.544+0000] {logging_mixin.py:188} INFO - [2024-02-21T12:15:21.544+0000] {dag.py:3823} INFO - Setting next_dagrun for triggerdag3 to None, run_after=None
[2024-02-21T12:15:21.563+0000] {processor.py:183} INFO - Processing /opt/airflow/dags/triggerDag3.py took 0.070 seconds
[2024-02-21T12:15:26.901+0000] {processor.py:161} INFO - Started process (PID=714) to work on /opt/airflow/dags/triggerDag3.py
[2024-02-21T12:15:26.901+0000] {processor.py:830} INFO - Processing file /opt/airflow/dags/triggerDag3.py for tasks to queue
[2024-02-21T12:15:26.903+0000] {logging_mixin.py:188} INFO - [2024-02-21T12:15:26.903+0000] {dagbag.py:538} INFO - Filling up the DagBag from /opt/airflow/dags/triggerDag3.py
[2024-02-21T12:15:26.914+0000] {processor.py:840} INFO - DAG(s) 'triggerdag3' retrieved from /opt/airflow/dags/triggerDag3.py
[2024-02-21T12:15:26.942+0000] {logging_mixin.py:188} INFO - [2024-02-21T12:15:26.942+0000] {dag.py:3036} INFO - Sync 1 DAGs
[2024-02-21T12:15:26.955+0000] {logging_mixin.py:188} INFO - [2024-02-21T12:15:26.955+0000] {dag.py:3823} INFO - Setting next_dagrun for triggerdag3 to None, run_after=None
[2024-02-21T12:15:26.976+0000] {processor.py:183} INFO - Processing /opt/airflow/dags/triggerDag3.py took 0.078 seconds
[2024-02-21T12:15:32.403+0000] {processor.py:161} INFO - Started process (PID=722) to work on /opt/airflow/dags/triggerDag3.py
[2024-02-21T12:15:32.404+0000] {processor.py:830} INFO - Processing file /opt/airflow/dags/triggerDag3.py for tasks to queue
[2024-02-21T12:15:32.405+0000] {logging_mixin.py:188} INFO - [2024-02-21T12:15:32.405+0000] {dagbag.py:538} INFO - Filling up the DagBag from /opt/airflow/dags/triggerDag3.py
[2024-02-21T12:15:32.414+0000] {processor.py:840} INFO - DAG(s) 'triggerdag3' retrieved from /opt/airflow/dags/triggerDag3.py
[2024-02-21T12:15:32.438+0000] {logging_mixin.py:188} INFO - [2024-02-21T12:15:32.438+0000] {dag.py:3036} INFO - Sync 1 DAGs
[2024-02-21T12:15:32.448+0000] {logging_mixin.py:188} INFO - [2024-02-21T12:15:32.447+0000] {dag.py:3823} INFO - Setting next_dagrun for triggerdag3 to None, run_after=None
[2024-02-21T12:15:32.463+0000] {processor.py:183} INFO - Processing /opt/airflow/dags/triggerDag3.py took 0.063 seconds
[2024-02-21T12:15:37.864+0000] {processor.py:161} INFO - Started process (PID=737) to work on /opt/airflow/dags/triggerDag3.py
[2024-02-21T12:15:37.865+0000] {processor.py:830} INFO - Processing file /opt/airflow/dags/triggerDag3.py for tasks to queue
[2024-02-21T12:15:37.866+0000] {logging_mixin.py:188} INFO - [2024-02-21T12:15:37.866+0000] {dagbag.py:538} INFO - Filling up the DagBag from /opt/airflow/dags/triggerDag3.py
[2024-02-21T12:15:37.876+0000] {processor.py:840} INFO - DAG(s) 'triggerdag3' retrieved from /opt/airflow/dags/triggerDag3.py
[2024-02-21T12:15:37.902+0000] {logging_mixin.py:188} INFO - [2024-02-21T12:15:37.901+0000] {dag.py:3036} INFO - Sync 1 DAGs
[2024-02-21T12:15:37.913+0000] {logging_mixin.py:188} INFO - [2024-02-21T12:15:37.913+0000] {dag.py:3823} INFO - Setting next_dagrun for triggerdag3 to None, run_after=None
[2024-02-21T12:15:37.933+0000] {processor.py:183} INFO - Processing /opt/airflow/dags/triggerDag3.py took 0.072 seconds
[2024-02-21T12:15:43.277+0000] {processor.py:161} INFO - Started process (PID=746) to work on /opt/airflow/dags/triggerDag3.py
[2024-02-21T12:15:43.278+0000] {processor.py:830} INFO - Processing file /opt/airflow/dags/triggerDag3.py for tasks to queue
[2024-02-21T12:15:43.279+0000] {logging_mixin.py:188} INFO - [2024-02-21T12:15:43.279+0000] {dagbag.py:538} INFO - Filling up the DagBag from /opt/airflow/dags/triggerDag3.py
[2024-02-21T12:15:43.289+0000] {processor.py:840} INFO - DAG(s) 'triggerdag3' retrieved from /opt/airflow/dags/triggerDag3.py
[2024-02-21T12:15:43.313+0000] {logging_mixin.py:188} INFO - [2024-02-21T12:15:43.313+0000] {dag.py:3036} INFO - Sync 1 DAGs
[2024-02-21T12:15:43.326+0000] {logging_mixin.py:188} INFO - [2024-02-21T12:15:43.325+0000] {dag.py:3823} INFO - Setting next_dagrun for triggerdag3 to None, run_after=None
[2024-02-21T12:15:43.346+0000] {processor.py:183} INFO - Processing /opt/airflow/dags/triggerDag3.py took 0.072 seconds
[2024-02-21T12:15:48.695+0000] {processor.py:161} INFO - Started process (PID=754) to work on /opt/airflow/dags/triggerDag3.py
[2024-02-21T12:15:48.696+0000] {processor.py:830} INFO - Processing file /opt/airflow/dags/triggerDag3.py for tasks to queue
[2024-02-21T12:15:48.698+0000] {logging_mixin.py:188} INFO - [2024-02-21T12:15:48.697+0000] {dagbag.py:538} INFO - Filling up the DagBag from /opt/airflow/dags/triggerDag3.py
[2024-02-21T12:15:48.707+0000] {processor.py:840} INFO - DAG(s) 'triggerdag3' retrieved from /opt/airflow/dags/triggerDag3.py
[2024-02-21T12:15:48.732+0000] {logging_mixin.py:188} INFO - [2024-02-21T12:15:48.732+0000] {dag.py:3036} INFO - Sync 1 DAGs
[2024-02-21T12:15:48.744+0000] {logging_mixin.py:188} INFO - [2024-02-21T12:15:48.744+0000] {dag.py:3823} INFO - Setting next_dagrun for triggerdag3 to None, run_after=None
[2024-02-21T12:15:48.762+0000] {processor.py:183} INFO - Processing /opt/airflow/dags/triggerDag3.py took 0.071 seconds
[2024-02-21T12:15:54.089+0000] {processor.py:161} INFO - Started process (PID=770) to work on /opt/airflow/dags/triggerDag3.py
[2024-02-21T12:15:54.090+0000] {processor.py:830} INFO - Processing file /opt/airflow/dags/triggerDag3.py for tasks to queue
[2024-02-21T12:15:54.092+0000] {logging_mixin.py:188} INFO - [2024-02-21T12:15:54.091+0000] {dagbag.py:538} INFO - Filling up the DagBag from /opt/airflow/dags/triggerDag3.py
[2024-02-21T12:15:54.102+0000] {processor.py:840} INFO - DAG(s) 'triggerdag3' retrieved from /opt/airflow/dags/triggerDag3.py
[2024-02-21T12:15:54.128+0000] {logging_mixin.py:188} INFO - [2024-02-21T12:15:54.128+0000] {dag.py:3036} INFO - Sync 1 DAGs
[2024-02-21T12:15:54.140+0000] {logging_mixin.py:188} INFO - [2024-02-21T12:15:54.139+0000] {dag.py:3823} INFO - Setting next_dagrun for triggerdag3 to None, run_after=None
[2024-02-21T12:15:54.158+0000] {processor.py:183} INFO - Processing /opt/airflow/dags/triggerDag3.py took 0.071 seconds
[2024-02-21T12:15:59.564+0000] {processor.py:161} INFO - Started process (PID=778) to work on /opt/airflow/dags/triggerDag3.py
[2024-02-21T12:15:59.565+0000] {processor.py:830} INFO - Processing file /opt/airflow/dags/triggerDag3.py for tasks to queue
[2024-02-21T12:15:59.567+0000] {logging_mixin.py:188} INFO - [2024-02-21T12:15:59.567+0000] {dagbag.py:538} INFO - Filling up the DagBag from /opt/airflow/dags/triggerDag3.py
[2024-02-21T12:15:59.580+0000] {processor.py:840} INFO - DAG(s) 'triggerdag3' retrieved from /opt/airflow/dags/triggerDag3.py
[2024-02-21T12:15:59.606+0000] {logging_mixin.py:188} INFO - [2024-02-21T12:15:59.606+0000] {dag.py:3036} INFO - Sync 1 DAGs
[2024-02-21T12:15:59.620+0000] {logging_mixin.py:188} INFO - [2024-02-21T12:15:59.620+0000] {dag.py:3823} INFO - Setting next_dagrun for triggerdag3 to None, run_after=None
[2024-02-21T12:15:59.639+0000] {processor.py:183} INFO - Processing /opt/airflow/dags/triggerDag3.py took 0.078 seconds
[2024-02-21T12:16:05.067+0000] {processor.py:161} INFO - Started process (PID=794) to work on /opt/airflow/dags/triggerDag3.py
[2024-02-21T12:16:05.068+0000] {processor.py:830} INFO - Processing file /opt/airflow/dags/triggerDag3.py for tasks to queue
[2024-02-21T12:16:05.070+0000] {logging_mixin.py:188} INFO - [2024-02-21T12:16:05.069+0000] {dagbag.py:538} INFO - Filling up the DagBag from /opt/airflow/dags/triggerDag3.py
[2024-02-21T12:16:05.080+0000] {processor.py:840} INFO - DAG(s) 'triggerdag3' retrieved from /opt/airflow/dags/triggerDag3.py
[2024-02-21T12:16:05.106+0000] {logging_mixin.py:188} INFO - [2024-02-21T12:16:05.106+0000] {dag.py:3036} INFO - Sync 1 DAGs
[2024-02-21T12:16:05.119+0000] {logging_mixin.py:188} INFO - [2024-02-21T12:16:05.119+0000] {dag.py:3823} INFO - Setting next_dagrun for triggerdag3 to None, run_after=None
[2024-02-21T12:16:05.135+0000] {processor.py:183} INFO - Processing /opt/airflow/dags/triggerDag3.py took 0.070 seconds
[2024-02-21T12:16:10.582+0000] {processor.py:161} INFO - Started process (PID=802) to work on /opt/airflow/dags/triggerDag3.py
[2024-02-21T12:16:10.583+0000] {processor.py:830} INFO - Processing file /opt/airflow/dags/triggerDag3.py for tasks to queue
[2024-02-21T12:16:10.585+0000] {logging_mixin.py:188} INFO - [2024-02-21T12:16:10.585+0000] {dagbag.py:538} INFO - Filling up the DagBag from /opt/airflow/dags/triggerDag3.py
[2024-02-21T12:16:10.596+0000] {processor.py:840} INFO - DAG(s) 'triggerdag3' retrieved from /opt/airflow/dags/triggerDag3.py
[2024-02-21T12:16:10.621+0000] {logging_mixin.py:188} INFO - [2024-02-21T12:16:10.621+0000] {dag.py:3036} INFO - Sync 1 DAGs
[2024-02-21T12:16:10.632+0000] {logging_mixin.py:188} INFO - [2024-02-21T12:16:10.632+0000] {dag.py:3823} INFO - Setting next_dagrun for triggerdag3 to None, run_after=None
[2024-02-21T12:16:10.655+0000] {processor.py:183} INFO - Processing /opt/airflow/dags/triggerDag3.py took 0.076 seconds
[2024-02-21T12:16:16.110+0000] {processor.py:161} INFO - Started process (PID=818) to work on /opt/airflow/dags/triggerDag3.py
[2024-02-21T12:16:16.111+0000] {processor.py:830} INFO - Processing file /opt/airflow/dags/triggerDag3.py for tasks to queue
[2024-02-21T12:16:16.113+0000] {logging_mixin.py:188} INFO - [2024-02-21T12:16:16.112+0000] {dagbag.py:538} INFO - Filling up the DagBag from /opt/airflow/dags/triggerDag3.py
[2024-02-21T12:16:16.124+0000] {processor.py:840} INFO - DAG(s) 'triggerdag3' retrieved from /opt/airflow/dags/triggerDag3.py
[2024-02-21T12:16:16.152+0000] {logging_mixin.py:188} INFO - [2024-02-21T12:16:16.152+0000] {dag.py:3036} INFO - Sync 1 DAGs
[2024-02-21T12:16:16.164+0000] {logging_mixin.py:188} INFO - [2024-02-21T12:16:16.164+0000] {dag.py:3823} INFO - Setting next_dagrun for triggerdag3 to None, run_after=None
[2024-02-21T12:16:16.183+0000] {processor.py:183} INFO - Processing /opt/airflow/dags/triggerDag3.py took 0.077 seconds
[2024-02-21T12:16:21.551+0000] {processor.py:161} INFO - Started process (PID=826) to work on /opt/airflow/dags/triggerDag3.py
[2024-02-21T12:16:21.552+0000] {processor.py:830} INFO - Processing file /opt/airflow/dags/triggerDag3.py for tasks to queue
[2024-02-21T12:16:21.554+0000] {logging_mixin.py:188} INFO - [2024-02-21T12:16:21.554+0000] {dagbag.py:538} INFO - Filling up the DagBag from /opt/airflow/dags/triggerDag3.py
[2024-02-21T12:16:21.564+0000] {processor.py:840} INFO - DAG(s) 'triggerdag3' retrieved from /opt/airflow/dags/triggerDag3.py
[2024-02-21T12:16:21.590+0000] {logging_mixin.py:188} INFO - [2024-02-21T12:16:21.590+0000] {dag.py:3036} INFO - Sync 1 DAGs
[2024-02-21T12:16:21.602+0000] {logging_mixin.py:188} INFO - [2024-02-21T12:16:21.601+0000] {dag.py:3823} INFO - Setting next_dagrun for triggerdag3 to None, run_after=None
[2024-02-21T12:16:21.622+0000] {processor.py:183} INFO - Processing /opt/airflow/dags/triggerDag3.py took 0.074 seconds
[2024-02-21T12:16:27.025+0000] {processor.py:161} INFO - Started process (PID=834) to work on /opt/airflow/dags/triggerDag3.py
[2024-02-21T12:16:27.025+0000] {processor.py:830} INFO - Processing file /opt/airflow/dags/triggerDag3.py for tasks to queue
[2024-02-21T12:16:27.027+0000] {logging_mixin.py:188} INFO - [2024-02-21T12:16:27.027+0000] {dagbag.py:538} INFO - Filling up the DagBag from /opt/airflow/dags/triggerDag3.py
[2024-02-21T12:16:27.037+0000] {processor.py:840} INFO - DAG(s) 'triggerdag3' retrieved from /opt/airflow/dags/triggerDag3.py
[2024-02-21T12:16:27.060+0000] {logging_mixin.py:188} INFO - [2024-02-21T12:16:27.060+0000] {dag.py:3036} INFO - Sync 1 DAGs
[2024-02-21T12:16:27.070+0000] {logging_mixin.py:188} INFO - [2024-02-21T12:16:27.070+0000] {dag.py:3823} INFO - Setting next_dagrun for triggerdag3 to None, run_after=None
[2024-02-21T12:16:27.086+0000] {processor.py:183} INFO - Processing /opt/airflow/dags/triggerDag3.py took 0.065 seconds
[2024-02-21T12:16:32.489+0000] {processor.py:161} INFO - Started process (PID=850) to work on /opt/airflow/dags/triggerDag3.py
[2024-02-21T12:16:32.490+0000] {processor.py:830} INFO - Processing file /opt/airflow/dags/triggerDag3.py for tasks to queue
[2024-02-21T12:16:32.492+0000] {logging_mixin.py:188} INFO - [2024-02-21T12:16:32.491+0000] {dagbag.py:538} INFO - Filling up the DagBag from /opt/airflow/dags/triggerDag3.py
[2024-02-21T12:16:32.502+0000] {processor.py:840} INFO - DAG(s) 'triggerdag3' retrieved from /opt/airflow/dags/triggerDag3.py
[2024-02-21T12:16:32.530+0000] {logging_mixin.py:188} INFO - [2024-02-21T12:16:32.530+0000] {dag.py:3036} INFO - Sync 1 DAGs
[2024-02-21T12:16:32.541+0000] {logging_mixin.py:188} INFO - [2024-02-21T12:16:32.541+0000] {dag.py:3823} INFO - Setting next_dagrun for triggerdag3 to None, run_after=None
[2024-02-21T12:16:32.557+0000] {processor.py:183} INFO - Processing /opt/airflow/dags/triggerDag3.py took 0.071 seconds
[2024-02-21T12:16:37.965+0000] {processor.py:161} INFO - Started process (PID=858) to work on /opt/airflow/dags/triggerDag3.py
[2024-02-21T12:16:37.966+0000] {processor.py:830} INFO - Processing file /opt/airflow/dags/triggerDag3.py for tasks to queue
[2024-02-21T12:16:37.967+0000] {logging_mixin.py:188} INFO - [2024-02-21T12:16:37.967+0000] {dagbag.py:538} INFO - Filling up the DagBag from /opt/airflow/dags/triggerDag3.py
[2024-02-21T12:16:37.977+0000] {processor.py:840} INFO - DAG(s) 'triggerdag3' retrieved from /opt/airflow/dags/triggerDag3.py
[2024-02-21T12:16:38.001+0000] {logging_mixin.py:188} INFO - [2024-02-21T12:16:38.001+0000] {dag.py:3036} INFO - Sync 1 DAGs
[2024-02-21T12:16:38.012+0000] {logging_mixin.py:188} INFO - [2024-02-21T12:16:38.011+0000] {dag.py:3823} INFO - Setting next_dagrun for triggerdag3 to None, run_after=None
[2024-02-21T12:16:38.027+0000] {processor.py:183} INFO - Processing /opt/airflow/dags/triggerDag3.py took 0.066 seconds
[2024-02-21T12:16:43.440+0000] {processor.py:161} INFO - Started process (PID=874) to work on /opt/airflow/dags/triggerDag3.py
[2024-02-21T12:16:43.441+0000] {processor.py:830} INFO - Processing file /opt/airflow/dags/triggerDag3.py for tasks to queue
[2024-02-21T12:16:43.442+0000] {logging_mixin.py:188} INFO - [2024-02-21T12:16:43.442+0000] {dagbag.py:538} INFO - Filling up the DagBag from /opt/airflow/dags/triggerDag3.py
[2024-02-21T12:16:43.453+0000] {processor.py:840} INFO - DAG(s) 'triggerdag3' retrieved from /opt/airflow/dags/triggerDag3.py
[2024-02-21T12:16:43.479+0000] {logging_mixin.py:188} INFO - [2024-02-21T12:16:43.479+0000] {dag.py:3036} INFO - Sync 1 DAGs
[2024-02-21T12:16:43.490+0000] {logging_mixin.py:188} INFO - [2024-02-21T12:16:43.489+0000] {dag.py:3823} INFO - Setting next_dagrun for triggerdag3 to None, run_after=None
[2024-02-21T12:16:43.507+0000] {processor.py:183} INFO - Processing /opt/airflow/dags/triggerDag3.py took 0.070 seconds
[2024-02-21T12:16:48.921+0000] {processor.py:161} INFO - Started process (PID=882) to work on /opt/airflow/dags/triggerDag3.py
[2024-02-21T12:16:48.922+0000] {processor.py:830} INFO - Processing file /opt/airflow/dags/triggerDag3.py for tasks to queue
[2024-02-21T12:16:48.924+0000] {logging_mixin.py:188} INFO - [2024-02-21T12:16:48.923+0000] {dagbag.py:538} INFO - Filling up the DagBag from /opt/airflow/dags/triggerDag3.py
[2024-02-21T12:16:48.934+0000] {processor.py:840} INFO - DAG(s) 'triggerdag3' retrieved from /opt/airflow/dags/triggerDag3.py
[2024-02-21T12:16:48.958+0000] {logging_mixin.py:188} INFO - [2024-02-21T12:16:48.958+0000] {dag.py:3036} INFO - Sync 1 DAGs
[2024-02-21T12:16:48.970+0000] {logging_mixin.py:188} INFO - [2024-02-21T12:16:48.969+0000] {dag.py:3823} INFO - Setting next_dagrun for triggerdag3 to None, run_after=None
[2024-02-21T12:16:48.985+0000] {processor.py:183} INFO - Processing /opt/airflow/dags/triggerDag3.py took 0.067 seconds
[2024-02-21T12:16:54.390+0000] {processor.py:161} INFO - Started process (PID=898) to work on /opt/airflow/dags/triggerDag3.py
[2024-02-21T12:16:54.391+0000] {processor.py:830} INFO - Processing file /opt/airflow/dags/triggerDag3.py for tasks to queue
[2024-02-21T12:16:54.393+0000] {logging_mixin.py:188} INFO - [2024-02-21T12:16:54.393+0000] {dagbag.py:538} INFO - Filling up the DagBag from /opt/airflow/dags/triggerDag3.py
[2024-02-21T12:16:54.405+0000] {processor.py:840} INFO - DAG(s) 'triggerdag3' retrieved from /opt/airflow/dags/triggerDag3.py
[2024-02-21T12:16:54.435+0000] {logging_mixin.py:188} INFO - [2024-02-21T12:16:54.434+0000] {dag.py:3036} INFO - Sync 1 DAGs
[2024-02-21T12:16:54.448+0000] {logging_mixin.py:188} INFO - [2024-02-21T12:16:54.448+0000] {dag.py:3823} INFO - Setting next_dagrun for triggerdag3 to None, run_after=None
[2024-02-21T12:16:54.473+0000] {processor.py:183} INFO - Processing /opt/airflow/dags/triggerDag3.py took 0.086 seconds
[2024-02-21T12:16:59.866+0000] {processor.py:161} INFO - Started process (PID=906) to work on /opt/airflow/dags/triggerDag3.py
[2024-02-21T12:16:59.867+0000] {processor.py:830} INFO - Processing file /opt/airflow/dags/triggerDag3.py for tasks to queue
[2024-02-21T12:16:59.869+0000] {logging_mixin.py:188} INFO - [2024-02-21T12:16:59.868+0000] {dagbag.py:538} INFO - Filling up the DagBag from /opt/airflow/dags/triggerDag3.py
[2024-02-21T12:16:59.879+0000] {processor.py:840} INFO - DAG(s) 'triggerdag3' retrieved from /opt/airflow/dags/triggerDag3.py
[2024-02-21T12:16:59.905+0000] {logging_mixin.py:188} INFO - [2024-02-21T12:16:59.905+0000] {dag.py:3036} INFO - Sync 1 DAGs
[2024-02-21T12:16:59.916+0000] {logging_mixin.py:188} INFO - [2024-02-21T12:16:59.916+0000] {dag.py:3823} INFO - Setting next_dagrun for triggerdag3 to None, run_after=None
[2024-02-21T12:16:59.938+0000] {processor.py:183} INFO - Processing /opt/airflow/dags/triggerDag3.py took 0.075 seconds
[2024-02-21T12:17:05.303+0000] {processor.py:161} INFO - Started process (PID=922) to work on /opt/airflow/dags/triggerDag3.py
[2024-02-21T12:17:05.304+0000] {processor.py:830} INFO - Processing file /opt/airflow/dags/triggerDag3.py for tasks to queue
[2024-02-21T12:17:05.306+0000] {logging_mixin.py:188} INFO - [2024-02-21T12:17:05.306+0000] {dagbag.py:538} INFO - Filling up the DagBag from /opt/airflow/dags/triggerDag3.py
[2024-02-21T12:17:05.317+0000] {processor.py:840} INFO - DAG(s) 'triggerdag3' retrieved from /opt/airflow/dags/triggerDag3.py
[2024-02-21T12:17:05.342+0000] {logging_mixin.py:188} INFO - [2024-02-21T12:17:05.342+0000] {dag.py:3036} INFO - Sync 1 DAGs
[2024-02-21T12:17:05.354+0000] {logging_mixin.py:188} INFO - [2024-02-21T12:17:05.354+0000] {dag.py:3823} INFO - Setting next_dagrun for triggerdag3 to None, run_after=None
[2024-02-21T12:17:05.373+0000] {processor.py:183} INFO - Processing /opt/airflow/dags/triggerDag3.py took 0.073 seconds
[2024-02-21T12:17:10.790+0000] {processor.py:161} INFO - Started process (PID=930) to work on /opt/airflow/dags/triggerDag3.py
[2024-02-21T12:17:10.791+0000] {processor.py:830} INFO - Processing file /opt/airflow/dags/triggerDag3.py for tasks to queue
[2024-02-21T12:17:10.793+0000] {logging_mixin.py:188} INFO - [2024-02-21T12:17:10.793+0000] {dagbag.py:538} INFO - Filling up the DagBag from /opt/airflow/dags/triggerDag3.py
[2024-02-21T12:17:10.803+0000] {processor.py:840} INFO - DAG(s) 'triggerdag3' retrieved from /opt/airflow/dags/triggerDag3.py
[2024-02-21T12:17:10.829+0000] {logging_mixin.py:188} INFO - [2024-02-21T12:17:10.828+0000] {dag.py:3036} INFO - Sync 1 DAGs
[2024-02-21T12:17:10.841+0000] {logging_mixin.py:188} INFO - [2024-02-21T12:17:10.841+0000] {dag.py:3823} INFO - Setting next_dagrun for triggerdag3 to None, run_after=None
[2024-02-21T12:17:10.859+0000] {processor.py:183} INFO - Processing /opt/airflow/dags/triggerDag3.py took 0.072 seconds
[2024-02-21T12:17:16.277+0000] {processor.py:161} INFO - Started process (PID=938) to work on /opt/airflow/dags/triggerDag3.py
[2024-02-21T12:17:16.278+0000] {processor.py:830} INFO - Processing file /opt/airflow/dags/triggerDag3.py for tasks to queue
[2024-02-21T12:17:16.280+0000] {logging_mixin.py:188} INFO - [2024-02-21T12:17:16.279+0000] {dagbag.py:538} INFO - Filling up the DagBag from /opt/airflow/dags/triggerDag3.py
[2024-02-21T12:17:16.289+0000] {processor.py:840} INFO - DAG(s) 'triggerdag3' retrieved from /opt/airflow/dags/triggerDag3.py
[2024-02-21T12:17:16.313+0000] {logging_mixin.py:188} INFO - [2024-02-21T12:17:16.312+0000] {dag.py:3036} INFO - Sync 1 DAGs
[2024-02-21T12:17:16.323+0000] {logging_mixin.py:188} INFO - [2024-02-21T12:17:16.323+0000] {dag.py:3823} INFO - Setting next_dagrun for triggerdag3 to None, run_after=None
[2024-02-21T12:17:16.339+0000] {processor.py:183} INFO - Processing /opt/airflow/dags/triggerDag3.py took 0.065 seconds
[2024-02-21T12:17:21.742+0000] {processor.py:161} INFO - Started process (PID=954) to work on /opt/airflow/dags/triggerDag3.py
[2024-02-21T12:17:21.743+0000] {processor.py:830} INFO - Processing file /opt/airflow/dags/triggerDag3.py for tasks to queue
[2024-02-21T12:17:21.744+0000] {logging_mixin.py:188} INFO - [2024-02-21T12:17:21.744+0000] {dagbag.py:538} INFO - Filling up the DagBag from /opt/airflow/dags/triggerDag3.py
[2024-02-21T12:17:21.754+0000] {processor.py:840} INFO - DAG(s) 'triggerdag3' retrieved from /opt/airflow/dags/triggerDag3.py
[2024-02-21T12:17:21.779+0000] {logging_mixin.py:188} INFO - [2024-02-21T12:17:21.779+0000] {dag.py:3036} INFO - Sync 1 DAGs
[2024-02-21T12:17:21.791+0000] {logging_mixin.py:188} INFO - [2024-02-21T12:17:21.790+0000] {dag.py:3823} INFO - Setting next_dagrun for triggerdag3 to None, run_after=None
[2024-02-21T12:17:21.807+0000] {processor.py:183} INFO - Processing /opt/airflow/dags/triggerDag3.py took 0.068 seconds
[2024-02-21T12:17:27.218+0000] {processor.py:161} INFO - Started process (PID=962) to work on /opt/airflow/dags/triggerDag3.py
[2024-02-21T12:17:27.219+0000] {processor.py:830} INFO - Processing file /opt/airflow/dags/triggerDag3.py for tasks to queue
[2024-02-21T12:17:27.220+0000] {logging_mixin.py:188} INFO - [2024-02-21T12:17:27.220+0000] {dagbag.py:538} INFO - Filling up the DagBag from /opt/airflow/dags/triggerDag3.py
[2024-02-21T12:17:27.229+0000] {processor.py:840} INFO - DAG(s) 'triggerdag3' retrieved from /opt/airflow/dags/triggerDag3.py
[2024-02-21T12:17:27.254+0000] {logging_mixin.py:188} INFO - [2024-02-21T12:17:27.254+0000] {dag.py:3036} INFO - Sync 1 DAGs
[2024-02-21T12:17:27.265+0000] {logging_mixin.py:188} INFO - [2024-02-21T12:17:27.265+0000] {dag.py:3823} INFO - Setting next_dagrun for triggerdag3 to None, run_after=None
[2024-02-21T12:17:27.283+0000] {processor.py:183} INFO - Processing /opt/airflow/dags/triggerDag3.py took 0.068 seconds
[2024-02-21T12:17:32.682+0000] {processor.py:161} INFO - Started process (PID=978) to work on /opt/airflow/dags/triggerDag3.py
[2024-02-21T12:17:32.683+0000] {processor.py:830} INFO - Processing file /opt/airflow/dags/triggerDag3.py for tasks to queue
[2024-02-21T12:17:32.685+0000] {logging_mixin.py:188} INFO - [2024-02-21T12:17:32.684+0000] {dagbag.py:538} INFO - Filling up the DagBag from /opt/airflow/dags/triggerDag3.py
[2024-02-21T12:17:32.694+0000] {processor.py:840} INFO - DAG(s) 'triggerdag3' retrieved from /opt/airflow/dags/triggerDag3.py
[2024-02-21T12:17:32.717+0000] {logging_mixin.py:188} INFO - [2024-02-21T12:17:32.717+0000] {dag.py:3036} INFO - Sync 1 DAGs
[2024-02-21T12:17:32.727+0000] {logging_mixin.py:188} INFO - [2024-02-21T12:17:32.727+0000] {dag.py:3823} INFO - Setting next_dagrun for triggerdag3 to None, run_after=None
[2024-02-21T12:17:32.742+0000] {processor.py:183} INFO - Processing /opt/airflow/dags/triggerDag3.py took 0.063 seconds
[2024-02-21T12:17:38.069+0000] {processor.py:161} INFO - Started process (PID=986) to work on /opt/airflow/dags/triggerDag3.py
[2024-02-21T12:17:38.070+0000] {processor.py:830} INFO - Processing file /opt/airflow/dags/triggerDag3.py for tasks to queue
[2024-02-21T12:17:38.071+0000] {logging_mixin.py:188} INFO - [2024-02-21T12:17:38.071+0000] {dagbag.py:538} INFO - Filling up the DagBag from /opt/airflow/dags/triggerDag3.py
[2024-02-21T12:17:38.081+0000] {processor.py:840} INFO - DAG(s) 'triggerdag3' retrieved from /opt/airflow/dags/triggerDag3.py
[2024-02-21T12:17:38.104+0000] {logging_mixin.py:188} INFO - [2024-02-21T12:17:38.104+0000] {dag.py:3036} INFO - Sync 1 DAGs
[2024-02-21T12:17:38.115+0000] {logging_mixin.py:188} INFO - [2024-02-21T12:17:38.114+0000] {dag.py:3823} INFO - Setting next_dagrun for triggerdag3 to None, run_after=None
[2024-02-21T12:17:38.129+0000] {processor.py:183} INFO - Processing /opt/airflow/dags/triggerDag3.py took 0.063 seconds
[2024-02-21T12:17:43.522+0000] {processor.py:161} INFO - Started process (PID=1002) to work on /opt/airflow/dags/triggerDag3.py
[2024-02-21T12:17:43.523+0000] {processor.py:830} INFO - Processing file /opt/airflow/dags/triggerDag3.py for tasks to queue
[2024-02-21T12:17:43.525+0000] {logging_mixin.py:188} INFO - [2024-02-21T12:17:43.525+0000] {dagbag.py:538} INFO - Filling up the DagBag from /opt/airflow/dags/triggerDag3.py
[2024-02-21T12:17:43.536+0000] {processor.py:840} INFO - DAG(s) 'triggerdag3' retrieved from /opt/airflow/dags/triggerDag3.py
[2024-02-21T12:17:43.564+0000] {logging_mixin.py:188} INFO - [2024-02-21T12:17:43.564+0000] {dag.py:3036} INFO - Sync 1 DAGs
[2024-02-21T12:17:43.577+0000] {logging_mixin.py:188} INFO - [2024-02-21T12:17:43.577+0000] {dag.py:3823} INFO - Setting next_dagrun for triggerdag3 to None, run_after=None
[2024-02-21T12:17:43.598+0000] {processor.py:183} INFO - Processing /opt/airflow/dags/triggerDag3.py took 0.079 seconds
[2024-02-21T12:17:48.970+0000] {processor.py:161} INFO - Started process (PID=1010) to work on /opt/airflow/dags/triggerDag3.py
[2024-02-21T12:17:48.970+0000] {processor.py:830} INFO - Processing file /opt/airflow/dags/triggerDag3.py for tasks to queue
[2024-02-21T12:17:48.972+0000] {logging_mixin.py:188} INFO - [2024-02-21T12:17:48.972+0000] {dagbag.py:538} INFO - Filling up the DagBag from /opt/airflow/dags/triggerDag3.py
[2024-02-21T12:17:48.981+0000] {processor.py:840} INFO - DAG(s) 'triggerdag3' retrieved from /opt/airflow/dags/triggerDag3.py
[2024-02-21T12:17:49.006+0000] {logging_mixin.py:188} INFO - [2024-02-21T12:17:49.005+0000] {dag.py:3036} INFO - Sync 1 DAGs
[2024-02-21T12:17:49.017+0000] {logging_mixin.py:188} INFO - [2024-02-21T12:17:49.016+0000] {dag.py:3823} INFO - Setting next_dagrun for triggerdag3 to None, run_after=None
[2024-02-21T12:17:49.033+0000] {processor.py:183} INFO - Processing /opt/airflow/dags/triggerDag3.py took 0.066 seconds
