[2024-02-21T12:10:14.600+0000] {processor.py:161} INFO - Started process (PID=48) to work on /opt/airflow/dags/triggerDag1.py
[2024-02-21T12:10:14.601+0000] {processor.py:830} INFO - Processing file /opt/airflow/dags/triggerDag1.py for tasks to queue
[2024-02-21T12:10:14.603+0000] {logging_mixin.py:188} INFO - [2024-02-21T12:10:14.603+0000] {dagbag.py:538} INFO - Filling up the DagBag from /opt/airflow/dags/triggerDag1.py
[2024-02-21T12:10:14.615+0000] {processor.py:840} INFO - DAG(s) 'triggerdag1' retrieved from /opt/airflow/dags/triggerDag1.py
[2024-02-21T12:10:14.647+0000] {logging_mixin.py:188} INFO - [2024-02-21T12:10:14.646+0000] {dag.py:3036} INFO - Sync 1 DAGs
[2024-02-21T12:10:14.659+0000] {logging_mixin.py:188} INFO - [2024-02-21T12:10:14.659+0000] {dag.py:3823} INFO - Setting next_dagrun for triggerdag1 to None, run_after=None
[2024-02-21T12:10:14.682+0000] {processor.py:183} INFO - Processing /opt/airflow/dags/triggerDag1.py took 0.085 seconds
[2024-02-21T12:10:20.053+0000] {processor.py:161} INFO - Started process (PID=56) to work on /opt/airflow/dags/triggerDag1.py
[2024-02-21T12:10:20.055+0000] {processor.py:830} INFO - Processing file /opt/airflow/dags/triggerDag1.py for tasks to queue
[2024-02-21T12:10:20.056+0000] {logging_mixin.py:188} INFO - [2024-02-21T12:10:20.056+0000] {dagbag.py:538} INFO - Filling up the DagBag from /opt/airflow/dags/triggerDag1.py
[2024-02-21T12:10:20.066+0000] {processor.py:840} INFO - DAG(s) 'triggerdag1' retrieved from /opt/airflow/dags/triggerDag1.py
[2024-02-21T12:10:20.092+0000] {logging_mixin.py:188} INFO - [2024-02-21T12:10:20.091+0000] {dag.py:3036} INFO - Sync 1 DAGs
[2024-02-21T12:10:20.102+0000] {logging_mixin.py:188} INFO - [2024-02-21T12:10:20.102+0000] {dag.py:3823} INFO - Setting next_dagrun for triggerdag1 to None, run_after=None
[2024-02-21T12:10:20.117+0000] {processor.py:183} INFO - Processing /opt/airflow/dags/triggerDag1.py took 0.067 seconds
[2024-02-21T12:10:25.333+0000] {processor.py:161} INFO - Started process (PID=72) to work on /opt/airflow/dags/triggerDag1.py
[2024-02-21T12:10:25.334+0000] {processor.py:830} INFO - Processing file /opt/airflow/dags/triggerDag1.py for tasks to queue
[2024-02-21T12:10:25.335+0000] {logging_mixin.py:188} INFO - [2024-02-21T12:10:25.335+0000] {dagbag.py:538} INFO - Filling up the DagBag from /opt/airflow/dags/triggerDag1.py
[2024-02-21T12:10:25.343+0000] {processor.py:840} INFO - DAG(s) 'triggerdag1' retrieved from /opt/airflow/dags/triggerDag1.py
[2024-02-21T12:10:25.368+0000] {logging_mixin.py:188} INFO - [2024-02-21T12:10:25.367+0000] {dag.py:3036} INFO - Sync 1 DAGs
[2024-02-21T12:10:25.378+0000] {logging_mixin.py:188} INFO - [2024-02-21T12:10:25.378+0000] {dag.py:3823} INFO - Setting next_dagrun for triggerdag1 to None, run_after=None
[2024-02-21T12:10:25.394+0000] {processor.py:183} INFO - Processing /opt/airflow/dags/triggerDag1.py took 0.063 seconds
[2024-02-21T12:10:30.736+0000] {processor.py:161} INFO - Started process (PID=80) to work on /opt/airflow/dags/triggerDag1.py
[2024-02-21T12:10:30.737+0000] {processor.py:830} INFO - Processing file /opt/airflow/dags/triggerDag1.py for tasks to queue
[2024-02-21T12:10:30.739+0000] {logging_mixin.py:188} INFO - [2024-02-21T12:10:30.738+0000] {dagbag.py:538} INFO - Filling up the DagBag from /opt/airflow/dags/triggerDag1.py
[2024-02-21T12:10:30.750+0000] {processor.py:840} INFO - DAG(s) 'triggerdag1' retrieved from /opt/airflow/dags/triggerDag1.py
[2024-02-21T12:10:30.772+0000] {logging_mixin.py:188} INFO - [2024-02-21T12:10:30.771+0000] {dag.py:3036} INFO - Sync 1 DAGs
[2024-02-21T12:10:30.781+0000] {logging_mixin.py:188} INFO - [2024-02-21T12:10:30.781+0000] {dag.py:3823} INFO - Setting next_dagrun for triggerdag1 to None, run_after=None
[2024-02-21T12:10:30.797+0000] {processor.py:183} INFO - Processing /opt/airflow/dags/triggerDag1.py took 0.063 seconds
[2024-02-21T12:10:36.302+0000] {processor.py:161} INFO - Started process (PID=88) to work on /opt/airflow/dags/triggerDag1.py
[2024-02-21T12:10:36.303+0000] {processor.py:830} INFO - Processing file /opt/airflow/dags/triggerDag1.py for tasks to queue
[2024-02-21T12:10:36.306+0000] {logging_mixin.py:188} INFO - [2024-02-21T12:10:36.306+0000] {dagbag.py:538} INFO - Filling up the DagBag from /opt/airflow/dags/triggerDag1.py
[2024-02-21T12:10:36.319+0000] {processor.py:840} INFO - DAG(s) 'triggerdag1' retrieved from /opt/airflow/dags/triggerDag1.py
[2024-02-21T12:10:36.352+0000] {logging_mixin.py:188} INFO - [2024-02-21T12:10:36.351+0000] {dag.py:3036} INFO - Sync 1 DAGs
[2024-02-21T12:10:36.367+0000] {logging_mixin.py:188} INFO - [2024-02-21T12:10:36.366+0000] {dag.py:3823} INFO - Setting next_dagrun for triggerdag1 to None, run_after=None
[2024-02-21T12:10:36.393+0000] {processor.py:183} INFO - Processing /opt/airflow/dags/triggerDag1.py took 0.095 seconds
[2024-02-21T12:10:41.777+0000] {processor.py:161} INFO - Started process (PID=104) to work on /opt/airflow/dags/triggerDag1.py
[2024-02-21T12:10:41.778+0000] {processor.py:830} INFO - Processing file /opt/airflow/dags/triggerDag1.py for tasks to queue
[2024-02-21T12:10:41.779+0000] {logging_mixin.py:188} INFO - [2024-02-21T12:10:41.779+0000] {dagbag.py:538} INFO - Filling up the DagBag from /opt/airflow/dags/triggerDag1.py
[2024-02-21T12:10:41.791+0000] {processor.py:840} INFO - DAG(s) 'triggerdag1' retrieved from /opt/airflow/dags/triggerDag1.py
[2024-02-21T12:10:41.824+0000] {logging_mixin.py:188} INFO - [2024-02-21T12:10:41.824+0000] {dag.py:3036} INFO - Sync 1 DAGs
[2024-02-21T12:10:41.838+0000] {logging_mixin.py:188} INFO - [2024-02-21T12:10:41.838+0000] {dag.py:3823} INFO - Setting next_dagrun for triggerdag1 to None, run_after=None
[2024-02-21T12:10:41.861+0000] {processor.py:183} INFO - Processing /opt/airflow/dags/triggerDag1.py took 0.088 seconds
[2024-02-21T12:10:47.289+0000] {processor.py:161} INFO - Started process (PID=112) to work on /opt/airflow/dags/triggerDag1.py
[2024-02-21T12:10:47.290+0000] {processor.py:830} INFO - Processing file /opt/airflow/dags/triggerDag1.py for tasks to queue
[2024-02-21T12:10:47.292+0000] {logging_mixin.py:188} INFO - [2024-02-21T12:10:47.292+0000] {dagbag.py:538} INFO - Filling up the DagBag from /opt/airflow/dags/triggerDag1.py
[2024-02-21T12:10:47.300+0000] {processor.py:840} INFO - DAG(s) 'triggerdag1' retrieved from /opt/airflow/dags/triggerDag1.py
[2024-02-21T12:10:47.326+0000] {logging_mixin.py:188} INFO - [2024-02-21T12:10:47.326+0000] {dag.py:3036} INFO - Sync 1 DAGs
[2024-02-21T12:10:47.343+0000] {logging_mixin.py:188} INFO - [2024-02-21T12:10:47.343+0000] {dag.py:3823} INFO - Setting next_dagrun for triggerdag1 to None, run_after=None
[2024-02-21T12:10:47.372+0000] {processor.py:183} INFO - Processing /opt/airflow/dags/triggerDag1.py took 0.085 seconds
[2024-02-21T12:10:52.732+0000] {processor.py:161} INFO - Started process (PID=128) to work on /opt/airflow/dags/triggerDag1.py
[2024-02-21T12:10:52.733+0000] {processor.py:830} INFO - Processing file /opt/airflow/dags/triggerDag1.py for tasks to queue
[2024-02-21T12:10:52.735+0000] {logging_mixin.py:188} INFO - [2024-02-21T12:10:52.734+0000] {dagbag.py:538} INFO - Filling up the DagBag from /opt/airflow/dags/triggerDag1.py
[2024-02-21T12:10:52.744+0000] {processor.py:840} INFO - DAG(s) 'triggerdag1' retrieved from /opt/airflow/dags/triggerDag1.py
[2024-02-21T12:10:52.770+0000] {logging_mixin.py:188} INFO - [2024-02-21T12:10:52.769+0000] {dag.py:3036} INFO - Sync 1 DAGs
[2024-02-21T12:10:52.780+0000] {logging_mixin.py:188} INFO - [2024-02-21T12:10:52.780+0000] {dag.py:3823} INFO - Setting next_dagrun for triggerdag1 to None, run_after=None
[2024-02-21T12:10:52.799+0000] {processor.py:183} INFO - Processing /opt/airflow/dags/triggerDag1.py took 0.071 seconds
[2024-02-21T12:10:58.192+0000] {processor.py:161} INFO - Started process (PID=136) to work on /opt/airflow/dags/triggerDag1.py
[2024-02-21T12:10:58.192+0000] {processor.py:830} INFO - Processing file /opt/airflow/dags/triggerDag1.py for tasks to queue
[2024-02-21T12:10:58.194+0000] {logging_mixin.py:188} INFO - [2024-02-21T12:10:58.194+0000] {dagbag.py:538} INFO - Filling up the DagBag from /opt/airflow/dags/triggerDag1.py
[2024-02-21T12:10:58.204+0000] {processor.py:840} INFO - DAG(s) 'triggerdag1' retrieved from /opt/airflow/dags/triggerDag1.py
[2024-02-21T12:10:58.227+0000] {logging_mixin.py:188} INFO - [2024-02-21T12:10:58.227+0000] {dag.py:3036} INFO - Sync 1 DAGs
[2024-02-21T12:10:58.237+0000] {logging_mixin.py:188} INFO - [2024-02-21T12:10:58.237+0000] {dag.py:3823} INFO - Setting next_dagrun for triggerdag1 to None, run_after=None
[2024-02-21T12:10:58.252+0000] {processor.py:183} INFO - Processing /opt/airflow/dags/triggerDag1.py took 0.063 seconds
[2024-02-21T12:11:03.637+0000] {processor.py:161} INFO - Started process (PID=144) to work on /opt/airflow/dags/triggerDag1.py
[2024-02-21T12:11:03.638+0000] {processor.py:830} INFO - Processing file /opt/airflow/dags/triggerDag1.py for tasks to queue
[2024-02-21T12:11:03.640+0000] {logging_mixin.py:188} INFO - [2024-02-21T12:11:03.639+0000] {dagbag.py:538} INFO - Filling up the DagBag from /opt/airflow/dags/triggerDag1.py
[2024-02-21T12:11:03.649+0000] {processor.py:840} INFO - DAG(s) 'triggerdag1' retrieved from /opt/airflow/dags/triggerDag1.py
[2024-02-21T12:11:03.676+0000] {logging_mixin.py:188} INFO - [2024-02-21T12:11:03.675+0000] {dag.py:3036} INFO - Sync 1 DAGs
[2024-02-21T12:11:03.690+0000] {logging_mixin.py:188} INFO - [2024-02-21T12:11:03.690+0000] {dag.py:3823} INFO - Setting next_dagrun for triggerdag1 to None, run_after=None
[2024-02-21T12:11:03.710+0000] {processor.py:183} INFO - Processing /opt/airflow/dags/triggerDag1.py took 0.076 seconds
[2024-02-21T12:11:09.098+0000] {processor.py:161} INFO - Started process (PID=160) to work on /opt/airflow/dags/triggerDag1.py
[2024-02-21T12:11:09.099+0000] {processor.py:830} INFO - Processing file /opt/airflow/dags/triggerDag1.py for tasks to queue
[2024-02-21T12:11:09.101+0000] {logging_mixin.py:188} INFO - [2024-02-21T12:11:09.101+0000] {dagbag.py:538} INFO - Filling up the DagBag from /opt/airflow/dags/triggerDag1.py
[2024-02-21T12:11:09.109+0000] {processor.py:840} INFO - DAG(s) 'triggerdag1' retrieved from /opt/airflow/dags/triggerDag1.py
[2024-02-21T12:11:09.133+0000] {logging_mixin.py:188} INFO - [2024-02-21T12:11:09.133+0000] {dag.py:3036} INFO - Sync 1 DAGs
[2024-02-21T12:11:09.143+0000] {logging_mixin.py:188} INFO - [2024-02-21T12:11:09.143+0000] {dag.py:3823} INFO - Setting next_dagrun for triggerdag1 to None, run_after=None
[2024-02-21T12:11:09.160+0000] {processor.py:183} INFO - Processing /opt/airflow/dags/triggerDag1.py took 0.064 seconds
[2024-02-21T12:11:14.548+0000] {processor.py:161} INFO - Started process (PID=168) to work on /opt/airflow/dags/triggerDag1.py
[2024-02-21T12:11:14.549+0000] {processor.py:830} INFO - Processing file /opt/airflow/dags/triggerDag1.py for tasks to queue
[2024-02-21T12:11:14.550+0000] {logging_mixin.py:188} INFO - [2024-02-21T12:11:14.550+0000] {dagbag.py:538} INFO - Filling up the DagBag from /opt/airflow/dags/triggerDag1.py
[2024-02-21T12:11:14.559+0000] {processor.py:840} INFO - DAG(s) 'triggerdag1' retrieved from /opt/airflow/dags/triggerDag1.py
[2024-02-21T12:11:14.584+0000] {logging_mixin.py:188} INFO - [2024-02-21T12:11:14.583+0000] {dag.py:3036} INFO - Sync 1 DAGs
[2024-02-21T12:11:14.594+0000] {logging_mixin.py:188} INFO - [2024-02-21T12:11:14.594+0000] {dag.py:3823} INFO - Setting next_dagrun for triggerdag1 to None, run_after=None
[2024-02-21T12:11:14.610+0000] {processor.py:183} INFO - Processing /opt/airflow/dags/triggerDag1.py took 0.065 seconds
[2024-02-21T12:11:20.010+0000] {processor.py:161} INFO - Started process (PID=184) to work on /opt/airflow/dags/triggerDag1.py
[2024-02-21T12:11:20.011+0000] {processor.py:830} INFO - Processing file /opt/airflow/dags/triggerDag1.py for tasks to queue
[2024-02-21T12:11:20.013+0000] {logging_mixin.py:188} INFO - [2024-02-21T12:11:20.012+0000] {dagbag.py:538} INFO - Filling up the DagBag from /opt/airflow/dags/triggerDag1.py
[2024-02-21T12:11:20.022+0000] {processor.py:840} INFO - DAG(s) 'triggerdag1' retrieved from /opt/airflow/dags/triggerDag1.py
[2024-02-21T12:11:20.045+0000] {logging_mixin.py:188} INFO - [2024-02-21T12:11:20.045+0000] {dag.py:3036} INFO - Sync 1 DAGs
[2024-02-21T12:11:20.056+0000] {logging_mixin.py:188} INFO - [2024-02-21T12:11:20.056+0000] {dag.py:3823} INFO - Setting next_dagrun for triggerdag1 to None, run_after=None
[2024-02-21T12:11:20.071+0000] {processor.py:183} INFO - Processing /opt/airflow/dags/triggerDag1.py took 0.064 seconds
[2024-02-21T12:11:25.388+0000] {processor.py:161} INFO - Started process (PID=192) to work on /opt/airflow/dags/triggerDag1.py
[2024-02-21T12:11:25.389+0000] {processor.py:830} INFO - Processing file /opt/airflow/dags/triggerDag1.py for tasks to queue
[2024-02-21T12:11:25.390+0000] {logging_mixin.py:188} INFO - [2024-02-21T12:11:25.390+0000] {dagbag.py:538} INFO - Filling up the DagBag from /opt/airflow/dags/triggerDag1.py
[2024-02-21T12:11:25.399+0000] {processor.py:840} INFO - DAG(s) 'triggerdag1' retrieved from /opt/airflow/dags/triggerDag1.py
[2024-02-21T12:11:25.423+0000] {logging_mixin.py:188} INFO - [2024-02-21T12:11:25.422+0000] {dag.py:3036} INFO - Sync 1 DAGs
[2024-02-21T12:11:25.434+0000] {logging_mixin.py:188} INFO - [2024-02-21T12:11:25.434+0000] {dag.py:3823} INFO - Setting next_dagrun for triggerdag1 to None, run_after=None
[2024-02-21T12:11:25.450+0000] {processor.py:183} INFO - Processing /opt/airflow/dags/triggerDag1.py took 0.065 seconds
[2024-02-21T12:11:30.864+0000] {processor.py:161} INFO - Started process (PID=208) to work on /opt/airflow/dags/triggerDag1.py
[2024-02-21T12:11:30.864+0000] {processor.py:830} INFO - Processing file /opt/airflow/dags/triggerDag1.py for tasks to queue
[2024-02-21T12:11:30.867+0000] {logging_mixin.py:188} INFO - [2024-02-21T12:11:30.866+0000] {dagbag.py:538} INFO - Filling up the DagBag from /opt/airflow/dags/triggerDag1.py
[2024-02-21T12:11:30.876+0000] {processor.py:840} INFO - DAG(s) 'triggerdag1' retrieved from /opt/airflow/dags/triggerDag1.py
[2024-02-21T12:11:30.903+0000] {logging_mixin.py:188} INFO - [2024-02-21T12:11:30.903+0000] {dag.py:3036} INFO - Sync 1 DAGs
[2024-02-21T12:11:30.920+0000] {logging_mixin.py:188} INFO - [2024-02-21T12:11:30.920+0000] {dag.py:3823} INFO - Setting next_dagrun for triggerdag1 to None, run_after=None
[2024-02-21T12:11:30.939+0000] {processor.py:183} INFO - Processing /opt/airflow/dags/triggerDag1.py took 0.079 seconds
[2024-02-21T12:11:36.372+0000] {processor.py:161} INFO - Started process (PID=216) to work on /opt/airflow/dags/triggerDag1.py
[2024-02-21T12:11:36.373+0000] {processor.py:830} INFO - Processing file /opt/airflow/dags/triggerDag1.py for tasks to queue
[2024-02-21T12:11:36.375+0000] {logging_mixin.py:188} INFO - [2024-02-21T12:11:36.374+0000] {dagbag.py:538} INFO - Filling up the DagBag from /opt/airflow/dags/triggerDag1.py
[2024-02-21T12:11:36.383+0000] {processor.py:840} INFO - DAG(s) 'triggerdag1' retrieved from /opt/airflow/dags/triggerDag1.py
[2024-02-21T12:11:36.408+0000] {logging_mixin.py:188} INFO - [2024-02-21T12:11:36.407+0000] {dag.py:3036} INFO - Sync 1 DAGs
[2024-02-21T12:11:36.419+0000] {logging_mixin.py:188} INFO - [2024-02-21T12:11:36.419+0000] {dag.py:3823} INFO - Setting next_dagrun for triggerdag1 to None, run_after=None
[2024-02-21T12:11:36.437+0000] {processor.py:183} INFO - Processing /opt/airflow/dags/triggerDag1.py took 0.067 seconds
[2024-02-21T12:11:41.888+0000] {processor.py:161} INFO - Started process (PID=231) to work on /opt/airflow/dags/triggerDag1.py
[2024-02-21T12:11:41.889+0000] {processor.py:830} INFO - Processing file /opt/airflow/dags/triggerDag1.py for tasks to queue
[2024-02-21T12:11:41.891+0000] {logging_mixin.py:188} INFO - [2024-02-21T12:11:41.891+0000] {dagbag.py:538} INFO - Filling up the DagBag from /opt/airflow/dags/triggerDag1.py
[2024-02-21T12:11:41.903+0000] {processor.py:840} INFO - DAG(s) 'triggerdag1' retrieved from /opt/airflow/dags/triggerDag1.py
[2024-02-21T12:11:41.939+0000] {logging_mixin.py:188} INFO - [2024-02-21T12:11:41.938+0000] {dag.py:3036} INFO - Sync 1 DAGs
[2024-02-21T12:11:41.954+0000] {logging_mixin.py:188} INFO - [2024-02-21T12:11:41.954+0000] {dag.py:3823} INFO - Setting next_dagrun for triggerdag1 to None, run_after=None
[2024-02-21T12:11:41.976+0000] {processor.py:183} INFO - Processing /opt/airflow/dags/triggerDag1.py took 0.091 seconds
[2024-02-21T12:11:47.368+0000] {processor.py:161} INFO - Started process (PID=240) to work on /opt/airflow/dags/triggerDag1.py
[2024-02-21T12:11:47.369+0000] {processor.py:830} INFO - Processing file /opt/airflow/dags/triggerDag1.py for tasks to queue
[2024-02-21T12:11:47.370+0000] {logging_mixin.py:188} INFO - [2024-02-21T12:11:47.370+0000] {dagbag.py:538} INFO - Filling up the DagBag from /opt/airflow/dags/triggerDag1.py
[2024-02-21T12:11:47.381+0000] {processor.py:840} INFO - DAG(s) 'triggerdag1' retrieved from /opt/airflow/dags/triggerDag1.py
[2024-02-21T12:11:47.405+0000] {logging_mixin.py:188} INFO - [2024-02-21T12:11:47.404+0000] {dag.py:3036} INFO - Sync 1 DAGs
[2024-02-21T12:11:47.416+0000] {logging_mixin.py:188} INFO - [2024-02-21T12:11:47.415+0000] {dag.py:3823} INFO - Setting next_dagrun for triggerdag1 to None, run_after=None
[2024-02-21T12:11:47.431+0000] {processor.py:183} INFO - Processing /opt/airflow/dags/triggerDag1.py took 0.067 seconds
[2024-02-21T12:11:52.753+0000] {processor.py:161} INFO - Started process (PID=248) to work on /opt/airflow/dags/triggerDag1.py
[2024-02-21T12:11:52.754+0000] {processor.py:830} INFO - Processing file /opt/airflow/dags/triggerDag1.py for tasks to queue
[2024-02-21T12:11:52.756+0000] {logging_mixin.py:188} INFO - [2024-02-21T12:11:52.755+0000] {dagbag.py:538} INFO - Filling up the DagBag from /opt/airflow/dags/triggerDag1.py
[2024-02-21T12:11:52.765+0000] {processor.py:840} INFO - DAG(s) 'triggerdag1' retrieved from /opt/airflow/dags/triggerDag1.py
[2024-02-21T12:11:52.790+0000] {logging_mixin.py:188} INFO - [2024-02-21T12:11:52.789+0000] {dag.py:3036} INFO - Sync 1 DAGs
[2024-02-21T12:11:52.801+0000] {logging_mixin.py:188} INFO - [2024-02-21T12:11:52.801+0000] {dag.py:3823} INFO - Setting next_dagrun for triggerdag1 to None, run_after=None
[2024-02-21T12:11:52.817+0000] {processor.py:183} INFO - Processing /opt/airflow/dags/triggerDag1.py took 0.067 seconds
[2024-02-21T12:11:58.202+0000] {processor.py:161} INFO - Started process (PID=264) to work on /opt/airflow/dags/triggerDag1.py
[2024-02-21T12:11:58.202+0000] {processor.py:830} INFO - Processing file /opt/airflow/dags/triggerDag1.py for tasks to queue
[2024-02-21T12:11:58.204+0000] {logging_mixin.py:188} INFO - [2024-02-21T12:11:58.204+0000] {dagbag.py:538} INFO - Filling up the DagBag from /opt/airflow/dags/triggerDag1.py
[2024-02-21T12:11:58.213+0000] {processor.py:840} INFO - DAG(s) 'triggerdag1' retrieved from /opt/airflow/dags/triggerDag1.py
[2024-02-21T12:11:58.237+0000] {logging_mixin.py:188} INFO - [2024-02-21T12:11:58.236+0000] {dag.py:3036} INFO - Sync 1 DAGs
[2024-02-21T12:11:58.248+0000] {logging_mixin.py:188} INFO - [2024-02-21T12:11:58.247+0000] {dag.py:3823} INFO - Setting next_dagrun for triggerdag1 to None, run_after=None
[2024-02-21T12:11:58.265+0000] {processor.py:183} INFO - Processing /opt/airflow/dags/triggerDag1.py took 0.066 seconds
[2024-02-21T12:12:03.640+0000] {processor.py:161} INFO - Started process (PID=272) to work on /opt/airflow/dags/triggerDag1.py
[2024-02-21T12:12:03.641+0000] {processor.py:830} INFO - Processing file /opt/airflow/dags/triggerDag1.py for tasks to queue
[2024-02-21T12:12:03.643+0000] {logging_mixin.py:188} INFO - [2024-02-21T12:12:03.643+0000] {dagbag.py:538} INFO - Filling up the DagBag from /opt/airflow/dags/triggerDag1.py
[2024-02-21T12:12:03.652+0000] {processor.py:840} INFO - DAG(s) 'triggerdag1' retrieved from /opt/airflow/dags/triggerDag1.py
[2024-02-21T12:12:03.676+0000] {logging_mixin.py:188} INFO - [2024-02-21T12:12:03.676+0000] {dag.py:3036} INFO - Sync 1 DAGs
[2024-02-21T12:12:03.686+0000] {logging_mixin.py:188} INFO - [2024-02-21T12:12:03.686+0000] {dag.py:3823} INFO - Setting next_dagrun for triggerdag1 to None, run_after=None
[2024-02-21T12:12:03.702+0000] {processor.py:183} INFO - Processing /opt/airflow/dags/triggerDag1.py took 0.064 seconds
[2024-02-21T12:12:09.030+0000] {processor.py:161} INFO - Started process (PID=288) to work on /opt/airflow/dags/triggerDag1.py
[2024-02-21T12:12:09.031+0000] {processor.py:830} INFO - Processing file /opt/airflow/dags/triggerDag1.py for tasks to queue
[2024-02-21T12:12:09.032+0000] {logging_mixin.py:188} INFO - [2024-02-21T12:12:09.032+0000] {dagbag.py:538} INFO - Filling up the DagBag from /opt/airflow/dags/triggerDag1.py
[2024-02-21T12:12:09.042+0000] {processor.py:840} INFO - DAG(s) 'triggerdag1' retrieved from /opt/airflow/dags/triggerDag1.py
[2024-02-21T12:12:09.070+0000] {logging_mixin.py:188} INFO - [2024-02-21T12:12:09.070+0000] {dag.py:3036} INFO - Sync 1 DAGs
[2024-02-21T12:12:09.083+0000] {logging_mixin.py:188} INFO - [2024-02-21T12:12:09.082+0000] {dag.py:3823} INFO - Setting next_dagrun for triggerdag1 to None, run_after=None
[2024-02-21T12:12:09.105+0000] {processor.py:183} INFO - Processing /opt/airflow/dags/triggerDag1.py took 0.078 seconds
[2024-02-21T12:12:14.536+0000] {processor.py:161} INFO - Started process (PID=296) to work on /opt/airflow/dags/triggerDag1.py
[2024-02-21T12:12:14.537+0000] {processor.py:830} INFO - Processing file /opt/airflow/dags/triggerDag1.py for tasks to queue
[2024-02-21T12:12:14.539+0000] {logging_mixin.py:188} INFO - [2024-02-21T12:12:14.539+0000] {dagbag.py:538} INFO - Filling up the DagBag from /opt/airflow/dags/triggerDag1.py
[2024-02-21T12:12:14.550+0000] {processor.py:840} INFO - DAG(s) 'triggerdag1' retrieved from /opt/airflow/dags/triggerDag1.py
[2024-02-21T12:12:14.575+0000] {logging_mixin.py:188} INFO - [2024-02-21T12:12:14.575+0000] {dag.py:3036} INFO - Sync 1 DAGs
[2024-02-21T12:12:14.586+0000] {logging_mixin.py:188} INFO - [2024-02-21T12:12:14.585+0000] {dag.py:3823} INFO - Setting next_dagrun for triggerdag1 to None, run_after=None
[2024-02-21T12:12:14.602+0000] {processor.py:183} INFO - Processing /opt/airflow/dags/triggerDag1.py took 0.069 seconds
[2024-02-21T12:12:19.973+0000] {processor.py:161} INFO - Started process (PID=312) to work on /opt/airflow/dags/triggerDag1.py
[2024-02-21T12:12:19.975+0000] {processor.py:830} INFO - Processing file /opt/airflow/dags/triggerDag1.py for tasks to queue
[2024-02-21T12:12:19.977+0000] {logging_mixin.py:188} INFO - [2024-02-21T12:12:19.977+0000] {dagbag.py:538} INFO - Filling up the DagBag from /opt/airflow/dags/triggerDag1.py
[2024-02-21T12:12:19.990+0000] {processor.py:840} INFO - DAG(s) 'triggerdag1' retrieved from /opt/airflow/dags/triggerDag1.py
[2024-02-21T12:12:20.024+0000] {logging_mixin.py:188} INFO - [2024-02-21T12:12:20.023+0000] {dag.py:3036} INFO - Sync 1 DAGs
[2024-02-21T12:12:20.037+0000] {logging_mixin.py:188} INFO - [2024-02-21T12:12:20.037+0000] {dag.py:3823} INFO - Setting next_dagrun for triggerdag1 to None, run_after=None
[2024-02-21T12:12:20.059+0000] {processor.py:183} INFO - Processing /opt/airflow/dags/triggerDag1.py took 0.089 seconds
[2024-02-21T12:12:25.463+0000] {processor.py:161} INFO - Started process (PID=320) to work on /opt/airflow/dags/triggerDag1.py
[2024-02-21T12:12:25.464+0000] {processor.py:830} INFO - Processing file /opt/airflow/dags/triggerDag1.py for tasks to queue
[2024-02-21T12:12:25.465+0000] {logging_mixin.py:188} INFO - [2024-02-21T12:12:25.465+0000] {dagbag.py:538} INFO - Filling up the DagBag from /opt/airflow/dags/triggerDag1.py
[2024-02-21T12:12:25.474+0000] {processor.py:840} INFO - DAG(s) 'triggerdag1' retrieved from /opt/airflow/dags/triggerDag1.py
[2024-02-21T12:12:25.497+0000] {logging_mixin.py:188} INFO - [2024-02-21T12:12:25.497+0000] {dag.py:3036} INFO - Sync 1 DAGs
[2024-02-21T12:12:25.507+0000] {logging_mixin.py:188} INFO - [2024-02-21T12:12:25.507+0000] {dag.py:3823} INFO - Setting next_dagrun for triggerdag1 to None, run_after=None
[2024-02-21T12:12:25.525+0000] {processor.py:183} INFO - Processing /opt/airflow/dags/triggerDag1.py took 0.064 seconds
[2024-02-21T12:12:30.903+0000] {processor.py:161} INFO - Started process (PID=328) to work on /opt/airflow/dags/triggerDag1.py
[2024-02-21T12:12:30.904+0000] {processor.py:830} INFO - Processing file /opt/airflow/dags/triggerDag1.py for tasks to queue
[2024-02-21T12:12:30.905+0000] {logging_mixin.py:188} INFO - [2024-02-21T12:12:30.905+0000] {dagbag.py:538} INFO - Filling up the DagBag from /opt/airflow/dags/triggerDag1.py
[2024-02-21T12:12:30.915+0000] {processor.py:840} INFO - DAG(s) 'triggerdag1' retrieved from /opt/airflow/dags/triggerDag1.py
[2024-02-21T12:12:30.939+0000] {logging_mixin.py:188} INFO - [2024-02-21T12:12:30.939+0000] {dag.py:3036} INFO - Sync 1 DAGs
[2024-02-21T12:12:30.949+0000] {logging_mixin.py:188} INFO - [2024-02-21T12:12:30.949+0000] {dag.py:3823} INFO - Setting next_dagrun for triggerdag1 to None, run_after=None
[2024-02-21T12:12:30.966+0000] {processor.py:183} INFO - Processing /opt/airflow/dags/triggerDag1.py took 0.066 seconds
[2024-02-21T12:12:36.345+0000] {processor.py:161} INFO - Started process (PID=344) to work on /opt/airflow/dags/triggerDag1.py
[2024-02-21T12:12:36.346+0000] {processor.py:830} INFO - Processing file /opt/airflow/dags/triggerDag1.py for tasks to queue
[2024-02-21T12:12:36.348+0000] {logging_mixin.py:188} INFO - [2024-02-21T12:12:36.347+0000] {dagbag.py:538} INFO - Filling up the DagBag from /opt/airflow/dags/triggerDag1.py
[2024-02-21T12:12:36.356+0000] {processor.py:840} INFO - DAG(s) 'triggerdag1' retrieved from /opt/airflow/dags/triggerDag1.py
[2024-02-21T12:12:36.380+0000] {logging_mixin.py:188} INFO - [2024-02-21T12:12:36.379+0000] {dag.py:3036} INFO - Sync 1 DAGs
[2024-02-21T12:12:36.390+0000] {logging_mixin.py:188} INFO - [2024-02-21T12:12:36.389+0000] {dag.py:3823} INFO - Setting next_dagrun for triggerdag1 to None, run_after=None
[2024-02-21T12:12:36.406+0000] {processor.py:183} INFO - Processing /opt/airflow/dags/triggerDag1.py took 0.063 seconds
[2024-02-21T12:12:41.796+0000] {processor.py:161} INFO - Started process (PID=352) to work on /opt/airflow/dags/triggerDag1.py
[2024-02-21T12:12:41.797+0000] {processor.py:830} INFO - Processing file /opt/airflow/dags/triggerDag1.py for tasks to queue
[2024-02-21T12:12:41.799+0000] {logging_mixin.py:188} INFO - [2024-02-21T12:12:41.799+0000] {dagbag.py:538} INFO - Filling up the DagBag from /opt/airflow/dags/triggerDag1.py
[2024-02-21T12:12:41.807+0000] {processor.py:840} INFO - DAG(s) 'triggerdag1' retrieved from /opt/airflow/dags/triggerDag1.py
[2024-02-21T12:12:41.831+0000] {logging_mixin.py:188} INFO - [2024-02-21T12:12:41.831+0000] {dag.py:3036} INFO - Sync 1 DAGs
[2024-02-21T12:12:41.843+0000] {logging_mixin.py:188} INFO - [2024-02-21T12:12:41.842+0000] {dag.py:3823} INFO - Setting next_dagrun for triggerdag1 to None, run_after=None
[2024-02-21T12:12:41.859+0000] {processor.py:183} INFO - Processing /opt/airflow/dags/triggerDag1.py took 0.066 seconds
[2024-02-21T12:12:47.163+0000] {processor.py:161} INFO - Started process (PID=368) to work on /opt/airflow/dags/triggerDag1.py
[2024-02-21T12:12:47.164+0000] {processor.py:830} INFO - Processing file /opt/airflow/dags/triggerDag1.py for tasks to queue
[2024-02-21T12:12:47.166+0000] {logging_mixin.py:188} INFO - [2024-02-21T12:12:47.165+0000] {dagbag.py:538} INFO - Filling up the DagBag from /opt/airflow/dags/triggerDag1.py
[2024-02-21T12:12:47.174+0000] {processor.py:840} INFO - DAG(s) 'triggerdag1' retrieved from /opt/airflow/dags/triggerDag1.py
[2024-02-21T12:12:47.197+0000] {logging_mixin.py:188} INFO - [2024-02-21T12:12:47.197+0000] {dag.py:3036} INFO - Sync 1 DAGs
[2024-02-21T12:12:47.207+0000] {logging_mixin.py:188} INFO - [2024-02-21T12:12:47.207+0000] {dag.py:3823} INFO - Setting next_dagrun for triggerdag1 to None, run_after=None
[2024-02-21T12:12:47.224+0000] {processor.py:183} INFO - Processing /opt/airflow/dags/triggerDag1.py took 0.063 seconds
[2024-02-21T12:12:52.619+0000] {processor.py:161} INFO - Started process (PID=376) to work on /opt/airflow/dags/triggerDag1.py
[2024-02-21T12:12:52.620+0000] {processor.py:830} INFO - Processing file /opt/airflow/dags/triggerDag1.py for tasks to queue
[2024-02-21T12:12:52.622+0000] {logging_mixin.py:188} INFO - [2024-02-21T12:12:52.621+0000] {dagbag.py:538} INFO - Filling up the DagBag from /opt/airflow/dags/triggerDag1.py
[2024-02-21T12:12:52.630+0000] {processor.py:840} INFO - DAG(s) 'triggerdag1' retrieved from /opt/airflow/dags/triggerDag1.py
[2024-02-21T12:12:52.653+0000] {logging_mixin.py:188} INFO - [2024-02-21T12:12:52.653+0000] {dag.py:3036} INFO - Sync 1 DAGs
[2024-02-21T12:12:52.664+0000] {logging_mixin.py:188} INFO - [2024-02-21T12:12:52.664+0000] {dag.py:3823} INFO - Setting next_dagrun for triggerdag1 to None, run_after=None
[2024-02-21T12:12:52.680+0000] {processor.py:183} INFO - Processing /opt/airflow/dags/triggerDag1.py took 0.064 seconds
[2024-02-21T12:12:58.088+0000] {processor.py:161} INFO - Started process (PID=392) to work on /opt/airflow/dags/triggerDag1.py
[2024-02-21T12:12:58.089+0000] {processor.py:830} INFO - Processing file /opt/airflow/dags/triggerDag1.py for tasks to queue
[2024-02-21T12:12:58.092+0000] {logging_mixin.py:188} INFO - [2024-02-21T12:12:58.091+0000] {dagbag.py:538} INFO - Filling up the DagBag from /opt/airflow/dags/triggerDag1.py
[2024-02-21T12:12:58.101+0000] {processor.py:840} INFO - DAG(s) 'triggerdag1' retrieved from /opt/airflow/dags/triggerDag1.py
[2024-02-21T12:12:58.126+0000] {logging_mixin.py:188} INFO - [2024-02-21T12:12:58.126+0000] {dag.py:3036} INFO - Sync 1 DAGs
[2024-02-21T12:12:58.137+0000] {logging_mixin.py:188} INFO - [2024-02-21T12:12:58.137+0000] {dag.py:3823} INFO - Setting next_dagrun for triggerdag1 to None, run_after=None
[2024-02-21T12:12:58.155+0000] {processor.py:183} INFO - Processing /opt/airflow/dags/triggerDag1.py took 0.070 seconds
[2024-02-21T12:13:03.579+0000] {processor.py:161} INFO - Started process (PID=400) to work on /opt/airflow/dags/triggerDag1.py
[2024-02-21T12:13:03.580+0000] {processor.py:830} INFO - Processing file /opt/airflow/dags/triggerDag1.py for tasks to queue
[2024-02-21T12:13:03.582+0000] {logging_mixin.py:188} INFO - [2024-02-21T12:13:03.582+0000] {dagbag.py:538} INFO - Filling up the DagBag from /opt/airflow/dags/triggerDag1.py
[2024-02-21T12:13:03.591+0000] {processor.py:840} INFO - DAG(s) 'triggerdag1' retrieved from /opt/airflow/dags/triggerDag1.py
[2024-02-21T12:13:03.614+0000] {logging_mixin.py:188} INFO - [2024-02-21T12:13:03.614+0000] {dag.py:3036} INFO - Sync 1 DAGs
[2024-02-21T12:13:03.626+0000] {logging_mixin.py:188} INFO - [2024-02-21T12:13:03.626+0000] {dag.py:3823} INFO - Setting next_dagrun for triggerdag1 to None, run_after=None
[2024-02-21T12:13:03.643+0000] {processor.py:183} INFO - Processing /opt/airflow/dags/triggerDag1.py took 0.067 seconds
[2024-02-21T12:13:09.066+0000] {processor.py:161} INFO - Started process (PID=419) to work on /opt/airflow/dags/triggerDag1.py
[2024-02-21T12:13:09.067+0000] {processor.py:830} INFO - Processing file /opt/airflow/dags/triggerDag1.py for tasks to queue
[2024-02-21T12:13:09.070+0000] {logging_mixin.py:188} INFO - [2024-02-21T12:13:09.069+0000] {dagbag.py:538} INFO - Filling up the DagBag from /opt/airflow/dags/triggerDag1.py
[2024-02-21T12:13:09.081+0000] {processor.py:840} INFO - DAG(s) 'triggerdag1' retrieved from /opt/airflow/dags/triggerDag1.py
[2024-02-21T12:13:09.111+0000] {logging_mixin.py:188} INFO - [2024-02-21T12:13:09.111+0000] {dag.py:3036} INFO - Sync 1 DAGs
[2024-02-21T12:13:09.124+0000] {logging_mixin.py:188} INFO - [2024-02-21T12:13:09.123+0000] {dag.py:3823} INFO - Setting next_dagrun for triggerdag1 to None, run_after=None
[2024-02-21T12:13:09.146+0000] {processor.py:183} INFO - Processing /opt/airflow/dags/triggerDag1.py took 0.083 seconds
[2024-02-21T12:13:14.554+0000] {processor.py:161} INFO - Started process (PID=432) to work on /opt/airflow/dags/triggerDag1.py
[2024-02-21T12:13:14.555+0000] {processor.py:830} INFO - Processing file /opt/airflow/dags/triggerDag1.py for tasks to queue
[2024-02-21T12:13:14.557+0000] {logging_mixin.py:188} INFO - [2024-02-21T12:13:14.556+0000] {dagbag.py:538} INFO - Filling up the DagBag from /opt/airflow/dags/triggerDag1.py
[2024-02-21T12:13:14.566+0000] {processor.py:840} INFO - DAG(s) 'triggerdag1' retrieved from /opt/airflow/dags/triggerDag1.py
[2024-02-21T12:13:14.591+0000] {logging_mixin.py:188} INFO - [2024-02-21T12:13:14.591+0000] {dag.py:3036} INFO - Sync 1 DAGs
[2024-02-21T12:13:14.603+0000] {logging_mixin.py:188} INFO - [2024-02-21T12:13:14.602+0000] {dag.py:3823} INFO - Setting next_dagrun for triggerdag1 to None, run_after=None
[2024-02-21T12:13:14.619+0000] {processor.py:183} INFO - Processing /opt/airflow/dags/triggerDag1.py took 0.069 seconds
[2024-02-21T12:13:20.022+0000] {processor.py:161} INFO - Started process (PID=440) to work on /opt/airflow/dags/triggerDag1.py
[2024-02-21T12:13:20.023+0000] {processor.py:830} INFO - Processing file /opt/airflow/dags/triggerDag1.py for tasks to queue
[2024-02-21T12:13:20.024+0000] {logging_mixin.py:188} INFO - [2024-02-21T12:13:20.024+0000] {dagbag.py:538} INFO - Filling up the DagBag from /opt/airflow/dags/triggerDag1.py
[2024-02-21T12:13:20.033+0000] {processor.py:840} INFO - DAG(s) 'triggerdag1' retrieved from /opt/airflow/dags/triggerDag1.py
[2024-02-21T12:13:20.057+0000] {logging_mixin.py:188} INFO - [2024-02-21T12:13:20.057+0000] {dag.py:3036} INFO - Sync 1 DAGs
[2024-02-21T12:13:20.069+0000] {logging_mixin.py:188} INFO - [2024-02-21T12:13:20.069+0000] {dag.py:3823} INFO - Setting next_dagrun for triggerdag1 to None, run_after=None
[2024-02-21T12:13:20.085+0000] {processor.py:183} INFO - Processing /opt/airflow/dags/triggerDag1.py took 0.066 seconds
[2024-02-21T12:13:25.425+0000] {processor.py:161} INFO - Started process (PID=456) to work on /opt/airflow/dags/triggerDag1.py
[2024-02-21T12:13:25.425+0000] {processor.py:830} INFO - Processing file /opt/airflow/dags/triggerDag1.py for tasks to queue
[2024-02-21T12:13:25.428+0000] {logging_mixin.py:188} INFO - [2024-02-21T12:13:25.428+0000] {dagbag.py:538} INFO - Filling up the DagBag from /opt/airflow/dags/triggerDag1.py
[2024-02-21T12:13:25.437+0000] {processor.py:840} INFO - DAG(s) 'triggerdag1' retrieved from /opt/airflow/dags/triggerDag1.py
[2024-02-21T12:13:25.463+0000] {logging_mixin.py:188} INFO - [2024-02-21T12:13:25.463+0000] {dag.py:3036} INFO - Sync 1 DAGs
[2024-02-21T12:13:25.474+0000] {logging_mixin.py:188} INFO - [2024-02-21T12:13:25.474+0000] {dag.py:3823} INFO - Setting next_dagrun for triggerdag1 to None, run_after=None
[2024-02-21T12:13:25.494+0000] {processor.py:183} INFO - Processing /opt/airflow/dags/triggerDag1.py took 0.072 seconds
[2024-02-21T12:13:30.839+0000] {processor.py:161} INFO - Started process (PID=464) to work on /opt/airflow/dags/triggerDag1.py
[2024-02-21T12:13:30.840+0000] {processor.py:830} INFO - Processing file /opt/airflow/dags/triggerDag1.py for tasks to queue
[2024-02-21T12:13:30.841+0000] {logging_mixin.py:188} INFO - [2024-02-21T12:13:30.841+0000] {dagbag.py:538} INFO - Filling up the DagBag from /opt/airflow/dags/triggerDag1.py
[2024-02-21T12:13:30.850+0000] {processor.py:840} INFO - DAG(s) 'triggerdag1' retrieved from /opt/airflow/dags/triggerDag1.py
[2024-02-21T12:13:30.874+0000] {logging_mixin.py:188} INFO - [2024-02-21T12:13:30.874+0000] {dag.py:3036} INFO - Sync 1 DAGs
[2024-02-21T12:13:30.885+0000] {logging_mixin.py:188} INFO - [2024-02-21T12:13:30.884+0000] {dag.py:3823} INFO - Setting next_dagrun for triggerdag1 to None, run_after=None
[2024-02-21T12:13:30.901+0000] {processor.py:183} INFO - Processing /opt/airflow/dags/triggerDag1.py took 0.065 seconds
[2024-02-21T12:13:36.213+0000] {processor.py:161} INFO - Started process (PID=484) to work on /opt/airflow/dags/triggerDag1.py
[2024-02-21T12:13:36.214+0000] {processor.py:830} INFO - Processing file /opt/airflow/dags/triggerDag1.py for tasks to queue
[2024-02-21T12:13:36.216+0000] {logging_mixin.py:188} INFO - [2024-02-21T12:13:36.216+0000] {dagbag.py:538} INFO - Filling up the DagBag from /opt/airflow/dags/triggerDag1.py
[2024-02-21T12:13:36.226+0000] {processor.py:840} INFO - DAG(s) 'triggerdag1' retrieved from /opt/airflow/dags/triggerDag1.py
[2024-02-21T12:13:36.250+0000] {logging_mixin.py:188} INFO - [2024-02-21T12:13:36.250+0000] {dag.py:3036} INFO - Sync 1 DAGs
[2024-02-21T12:13:36.261+0000] {logging_mixin.py:188} INFO - [2024-02-21T12:13:36.261+0000] {dag.py:3823} INFO - Setting next_dagrun for triggerdag1 to None, run_after=None
[2024-02-21T12:13:36.278+0000] {processor.py:183} INFO - Processing /opt/airflow/dags/triggerDag1.py took 0.068 seconds
[2024-02-21T12:13:41.688+0000] {processor.py:161} INFO - Started process (PID=492) to work on /opt/airflow/dags/triggerDag1.py
[2024-02-21T12:13:41.689+0000] {processor.py:830} INFO - Processing file /opt/airflow/dags/triggerDag1.py for tasks to queue
[2024-02-21T12:13:41.691+0000] {logging_mixin.py:188} INFO - [2024-02-21T12:13:41.690+0000] {dagbag.py:538} INFO - Filling up the DagBag from /opt/airflow/dags/triggerDag1.py
[2024-02-21T12:13:41.699+0000] {processor.py:840} INFO - DAG(s) 'triggerdag1' retrieved from /opt/airflow/dags/triggerDag1.py
[2024-02-21T12:13:41.723+0000] {logging_mixin.py:188} INFO - [2024-02-21T12:13:41.722+0000] {dag.py:3036} INFO - Sync 1 DAGs
[2024-02-21T12:13:41.733+0000] {logging_mixin.py:188} INFO - [2024-02-21T12:13:41.733+0000] {dag.py:3823} INFO - Setting next_dagrun for triggerdag1 to None, run_after=None
[2024-02-21T12:13:41.749+0000] {processor.py:183} INFO - Processing /opt/airflow/dags/triggerDag1.py took 0.064 seconds
[2024-02-21T12:13:47.074+0000] {processor.py:161} INFO - Started process (PID=508) to work on /opt/airflow/dags/triggerDag1.py
[2024-02-21T12:13:47.076+0000] {processor.py:830} INFO - Processing file /opt/airflow/dags/triggerDag1.py for tasks to queue
[2024-02-21T12:13:47.078+0000] {logging_mixin.py:188} INFO - [2024-02-21T12:13:47.078+0000] {dagbag.py:538} INFO - Filling up the DagBag from /opt/airflow/dags/triggerDag1.py
[2024-02-21T12:13:47.087+0000] {processor.py:840} INFO - DAG(s) 'triggerdag1' retrieved from /opt/airflow/dags/triggerDag1.py
[2024-02-21T12:13:47.114+0000] {logging_mixin.py:188} INFO - [2024-02-21T12:13:47.113+0000] {dag.py:3036} INFO - Sync 1 DAGs
[2024-02-21T12:13:47.125+0000] {logging_mixin.py:188} INFO - [2024-02-21T12:13:47.125+0000] {dag.py:3823} INFO - Setting next_dagrun for triggerdag1 to None, run_after=None
[2024-02-21T12:13:47.144+0000] {processor.py:183} INFO - Processing /opt/airflow/dags/triggerDag1.py took 0.073 seconds
[2024-02-21T12:13:52.543+0000] {processor.py:161} INFO - Started process (PID=516) to work on /opt/airflow/dags/triggerDag1.py
[2024-02-21T12:13:52.543+0000] {processor.py:830} INFO - Processing file /opt/airflow/dags/triggerDag1.py for tasks to queue
[2024-02-21T12:13:52.545+0000] {logging_mixin.py:188} INFO - [2024-02-21T12:13:52.545+0000] {dagbag.py:538} INFO - Filling up the DagBag from /opt/airflow/dags/triggerDag1.py
[2024-02-21T12:13:52.554+0000] {processor.py:840} INFO - DAG(s) 'triggerdag1' retrieved from /opt/airflow/dags/triggerDag1.py
[2024-02-21T12:13:52.578+0000] {logging_mixin.py:188} INFO - [2024-02-21T12:13:52.578+0000] {dag.py:3036} INFO - Sync 1 DAGs
[2024-02-21T12:13:52.588+0000] {logging_mixin.py:188} INFO - [2024-02-21T12:13:52.588+0000] {dag.py:3823} INFO - Setting next_dagrun for triggerdag1 to None, run_after=None
[2024-02-21T12:13:52.606+0000] {processor.py:183} INFO - Processing /opt/airflow/dags/triggerDag1.py took 0.066 seconds
[2024-02-21T12:13:57.842+0000] {processor.py:161} INFO - Started process (PID=524) to work on /opt/airflow/dags/triggerDag1.py
[2024-02-21T12:13:57.843+0000] {processor.py:830} INFO - Processing file /opt/airflow/dags/triggerDag1.py for tasks to queue
[2024-02-21T12:13:57.845+0000] {logging_mixin.py:188} INFO - [2024-02-21T12:13:57.844+0000] {dagbag.py:538} INFO - Filling up the DagBag from /opt/airflow/dags/triggerDag1.py
[2024-02-21T12:13:57.854+0000] {processor.py:840} INFO - DAG(s) 'triggerdag1' retrieved from /opt/airflow/dags/triggerDag1.py
[2024-02-21T12:13:57.878+0000] {logging_mixin.py:188} INFO - [2024-02-21T12:13:57.878+0000] {dag.py:3036} INFO - Sync 1 DAGs
[2024-02-21T12:13:57.889+0000] {logging_mixin.py:188} INFO - [2024-02-21T12:13:57.889+0000] {dag.py:3823} INFO - Setting next_dagrun for triggerdag1 to None, run_after=None
[2024-02-21T12:13:57.905+0000] {processor.py:183} INFO - Processing /opt/airflow/dags/triggerDag1.py took 0.065 seconds
[2024-02-21T12:14:03.283+0000] {processor.py:161} INFO - Started process (PID=540) to work on /opt/airflow/dags/triggerDag1.py
[2024-02-21T12:14:03.284+0000] {processor.py:830} INFO - Processing file /opt/airflow/dags/triggerDag1.py for tasks to queue
[2024-02-21T12:14:03.286+0000] {logging_mixin.py:188} INFO - [2024-02-21T12:14:03.286+0000] {dagbag.py:538} INFO - Filling up the DagBag from /opt/airflow/dags/triggerDag1.py
[2024-02-21T12:14:03.295+0000] {processor.py:840} INFO - DAG(s) 'triggerdag1' retrieved from /opt/airflow/dags/triggerDag1.py
[2024-02-21T12:14:03.324+0000] {logging_mixin.py:188} INFO - [2024-02-21T12:14:03.324+0000] {dag.py:3036} INFO - Sync 1 DAGs
[2024-02-21T12:14:03.338+0000] {logging_mixin.py:188} INFO - [2024-02-21T12:14:03.338+0000] {dag.py:3823} INFO - Setting next_dagrun for triggerdag1 to None, run_after=None
[2024-02-21T12:14:03.360+0000] {processor.py:183} INFO - Processing /opt/airflow/dags/triggerDag1.py took 0.079 seconds
[2024-02-21T12:14:08.666+0000] {processor.py:161} INFO - Started process (PID=548) to work on /opt/airflow/dags/triggerDag1.py
[2024-02-21T12:14:08.667+0000] {processor.py:830} INFO - Processing file /opt/airflow/dags/triggerDag1.py for tasks to queue
[2024-02-21T12:14:08.669+0000] {logging_mixin.py:188} INFO - [2024-02-21T12:14:08.669+0000] {dagbag.py:538} INFO - Filling up the DagBag from /opt/airflow/dags/triggerDag1.py
[2024-02-21T12:14:08.678+0000] {processor.py:840} INFO - DAG(s) 'triggerdag1' retrieved from /opt/airflow/dags/triggerDag1.py
[2024-02-21T12:14:08.702+0000] {logging_mixin.py:188} INFO - [2024-02-21T12:14:08.702+0000] {dag.py:3036} INFO - Sync 1 DAGs
[2024-02-21T12:14:08.714+0000] {logging_mixin.py:188} INFO - [2024-02-21T12:14:08.714+0000] {dag.py:3823} INFO - Setting next_dagrun for triggerdag1 to None, run_after=None
[2024-02-21T12:14:08.732+0000] {processor.py:183} INFO - Processing /opt/airflow/dags/triggerDag1.py took 0.068 seconds
[2024-02-21T12:14:15.626+0000] {processor.py:161} INFO - Started process (PID=564) to work on /opt/airflow/dags/triggerDag1.py
[2024-02-21T12:14:15.627+0000] {processor.py:830} INFO - Processing file /opt/airflow/dags/triggerDag1.py for tasks to queue
[2024-02-21T12:14:15.630+0000] {logging_mixin.py:188} INFO - [2024-02-21T12:14:15.629+0000] {dagbag.py:538} INFO - Filling up the DagBag from /opt/airflow/dags/triggerDag1.py
[2024-02-21T12:14:15.644+0000] {processor.py:840} INFO - DAG(s) 'triggerdag1' retrieved from /opt/airflow/dags/triggerDag1.py
[2024-02-21T12:14:15.675+0000] {logging_mixin.py:188} INFO - [2024-02-21T12:14:15.675+0000] {dag.py:3036} INFO - Sync 1 DAGs
[2024-02-21T12:14:15.693+0000] {logging_mixin.py:188} INFO - [2024-02-21T12:14:15.693+0000] {dag.py:3823} INFO - Setting next_dagrun for triggerdag1 to None, run_after=None
[2024-02-21T12:14:15.717+0000] {processor.py:183} INFO - Processing /opt/airflow/dags/triggerDag1.py took 0.096 seconds
[2024-02-21T12:14:21.269+0000] {processor.py:161} INFO - Started process (PID=572) to work on /opt/airflow/dags/triggerDag1.py
[2024-02-21T12:14:21.270+0000] {processor.py:830} INFO - Processing file /opt/airflow/dags/triggerDag1.py for tasks to queue
[2024-02-21T12:14:21.271+0000] {logging_mixin.py:188} INFO - [2024-02-21T12:14:21.271+0000] {dagbag.py:538} INFO - Filling up the DagBag from /opt/airflow/dags/triggerDag1.py
[2024-02-21T12:14:21.305+0000] {processor.py:840} INFO - DAG(s) 'triggerdag1' retrieved from /opt/airflow/dags/triggerDag1.py
[2024-02-21T12:14:21.341+0000] {logging_mixin.py:188} INFO - [2024-02-21T12:14:21.341+0000] {dag.py:3036} INFO - Sync 1 DAGs
[2024-02-21T12:14:21.354+0000] {logging_mixin.py:188} INFO - [2024-02-21T12:14:21.353+0000] {dag.py:3823} INFO - Setting next_dagrun for triggerdag1 to None, run_after=None
[2024-02-21T12:14:21.374+0000] {processor.py:183} INFO - Processing /opt/airflow/dags/triggerDag1.py took 0.108 seconds
[2024-02-21T12:14:26.791+0000] {processor.py:161} INFO - Started process (PID=588) to work on /opt/airflow/dags/triggerDag1.py
[2024-02-21T12:14:26.792+0000] {processor.py:830} INFO - Processing file /opt/airflow/dags/triggerDag1.py for tasks to queue
[2024-02-21T12:14:26.794+0000] {logging_mixin.py:188} INFO - [2024-02-21T12:14:26.794+0000] {dagbag.py:538} INFO - Filling up the DagBag from /opt/airflow/dags/triggerDag1.py
[2024-02-21T12:14:26.806+0000] {processor.py:840} INFO - DAG(s) 'triggerdag1' retrieved from /opt/airflow/dags/triggerDag1.py
[2024-02-21T12:14:26.836+0000] {logging_mixin.py:188} INFO - [2024-02-21T12:14:26.836+0000] {dag.py:3036} INFO - Sync 1 DAGs
[2024-02-21T12:14:26.852+0000] {logging_mixin.py:188} INFO - [2024-02-21T12:14:26.852+0000] {dag.py:3823} INFO - Setting next_dagrun for triggerdag1 to None, run_after=None
[2024-02-21T12:14:26.872+0000] {processor.py:183} INFO - Processing /opt/airflow/dags/triggerDag1.py took 0.084 seconds
[2024-02-21T12:14:32.286+0000] {processor.py:161} INFO - Started process (PID=596) to work on /opt/airflow/dags/triggerDag1.py
[2024-02-21T12:14:32.287+0000] {processor.py:830} INFO - Processing file /opt/airflow/dags/triggerDag1.py for tasks to queue
[2024-02-21T12:14:32.289+0000] {logging_mixin.py:188} INFO - [2024-02-21T12:14:32.288+0000] {dagbag.py:538} INFO - Filling up the DagBag from /opt/airflow/dags/triggerDag1.py
[2024-02-21T12:14:32.298+0000] {processor.py:840} INFO - DAG(s) 'triggerdag1' retrieved from /opt/airflow/dags/triggerDag1.py
[2024-02-21T12:14:32.323+0000] {logging_mixin.py:188} INFO - [2024-02-21T12:14:32.323+0000] {dag.py:3036} INFO - Sync 1 DAGs
[2024-02-21T12:14:32.334+0000] {logging_mixin.py:188} INFO - [2024-02-21T12:14:32.334+0000] {dag.py:3823} INFO - Setting next_dagrun for triggerdag1 to None, run_after=None
[2024-02-21T12:14:32.350+0000] {processor.py:183} INFO - Processing /opt/airflow/dags/triggerDag1.py took 0.067 seconds
[2024-02-21T12:14:37.763+0000] {processor.py:161} INFO - Started process (PID=612) to work on /opt/airflow/dags/triggerDag1.py
[2024-02-21T12:14:37.764+0000] {processor.py:830} INFO - Processing file /opt/airflow/dags/triggerDag1.py for tasks to queue
[2024-02-21T12:14:37.766+0000] {logging_mixin.py:188} INFO - [2024-02-21T12:14:37.766+0000] {dagbag.py:538} INFO - Filling up the DagBag from /opt/airflow/dags/triggerDag1.py
[2024-02-21T12:14:37.778+0000] {processor.py:840} INFO - DAG(s) 'triggerdag1' retrieved from /opt/airflow/dags/triggerDag1.py
[2024-02-21T12:14:37.809+0000] {logging_mixin.py:188} INFO - [2024-02-21T12:14:37.808+0000] {dag.py:3036} INFO - Sync 1 DAGs
[2024-02-21T12:14:37.822+0000] {logging_mixin.py:188} INFO - [2024-02-21T12:14:37.821+0000] {dag.py:3823} INFO - Setting next_dagrun for triggerdag1 to None, run_after=None
[2024-02-21T12:14:37.844+0000] {processor.py:183} INFO - Processing /opt/airflow/dags/triggerDag1.py took 0.084 seconds
[2024-02-21T12:14:43.282+0000] {processor.py:161} INFO - Started process (PID=620) to work on /opt/airflow/dags/triggerDag1.py
[2024-02-21T12:14:43.283+0000] {processor.py:830} INFO - Processing file /opt/airflow/dags/triggerDag1.py for tasks to queue
[2024-02-21T12:14:43.285+0000] {logging_mixin.py:188} INFO - [2024-02-21T12:14:43.284+0000] {dagbag.py:538} INFO - Filling up the DagBag from /opt/airflow/dags/triggerDag1.py
[2024-02-21T12:14:43.294+0000] {processor.py:840} INFO - DAG(s) 'triggerdag1' retrieved from /opt/airflow/dags/triggerDag1.py
[2024-02-21T12:14:43.318+0000] {logging_mixin.py:188} INFO - [2024-02-21T12:14:43.318+0000] {dag.py:3036} INFO - Sync 1 DAGs
[2024-02-21T12:14:43.329+0000] {logging_mixin.py:188} INFO - [2024-02-21T12:14:43.329+0000] {dag.py:3823} INFO - Setting next_dagrun for triggerdag1 to None, run_after=None
[2024-02-21T12:14:43.345+0000] {processor.py:183} INFO - Processing /opt/airflow/dags/triggerDag1.py took 0.065 seconds
[2024-02-21T12:14:48.780+0000] {processor.py:161} INFO - Started process (PID=636) to work on /opt/airflow/dags/triggerDag1.py
[2024-02-21T12:14:48.782+0000] {processor.py:830} INFO - Processing file /opt/airflow/dags/triggerDag1.py for tasks to queue
[2024-02-21T12:14:48.784+0000] {logging_mixin.py:188} INFO - [2024-02-21T12:14:48.784+0000] {dagbag.py:538} INFO - Filling up the DagBag from /opt/airflow/dags/triggerDag1.py
[2024-02-21T12:14:48.796+0000] {processor.py:840} INFO - DAG(s) 'triggerdag1' retrieved from /opt/airflow/dags/triggerDag1.py
[2024-02-21T12:14:48.824+0000] {logging_mixin.py:188} INFO - [2024-02-21T12:14:48.824+0000] {dag.py:3036} INFO - Sync 1 DAGs
[2024-02-21T12:14:48.835+0000] {logging_mixin.py:188} INFO - [2024-02-21T12:14:48.835+0000] {dag.py:3823} INFO - Setting next_dagrun for triggerdag1 to None, run_after=None
[2024-02-21T12:14:48.855+0000] {processor.py:183} INFO - Processing /opt/airflow/dags/triggerDag1.py took 0.078 seconds
[2024-02-21T12:14:54.274+0000] {processor.py:161} INFO - Started process (PID=644) to work on /opt/airflow/dags/triggerDag1.py
[2024-02-21T12:14:54.275+0000] {processor.py:830} INFO - Processing file /opt/airflow/dags/triggerDag1.py for tasks to queue
[2024-02-21T12:14:54.277+0000] {logging_mixin.py:188} INFO - [2024-02-21T12:14:54.277+0000] {dagbag.py:538} INFO - Filling up the DagBag from /opt/airflow/dags/triggerDag1.py
[2024-02-21T12:14:54.287+0000] {processor.py:840} INFO - DAG(s) 'triggerdag1' retrieved from /opt/airflow/dags/triggerDag1.py
[2024-02-21T12:14:54.311+0000] {logging_mixin.py:188} INFO - [2024-02-21T12:14:54.311+0000] {dag.py:3036} INFO - Sync 1 DAGs
[2024-02-21T12:14:54.322+0000] {logging_mixin.py:188} INFO - [2024-02-21T12:14:54.322+0000] {dag.py:3823} INFO - Setting next_dagrun for triggerdag1 to None, run_after=None
[2024-02-21T12:14:54.338+0000] {processor.py:183} INFO - Processing /opt/airflow/dags/triggerDag1.py took 0.067 seconds
[2024-02-21T12:14:59.740+0000] {processor.py:161} INFO - Started process (PID=652) to work on /opt/airflow/dags/triggerDag1.py
[2024-02-21T12:14:59.741+0000] {processor.py:830} INFO - Processing file /opt/airflow/dags/triggerDag1.py for tasks to queue
[2024-02-21T12:14:59.743+0000] {logging_mixin.py:188} INFO - [2024-02-21T12:14:59.743+0000] {dagbag.py:538} INFO - Filling up the DagBag from /opt/airflow/dags/triggerDag1.py
[2024-02-21T12:14:59.754+0000] {processor.py:840} INFO - DAG(s) 'triggerdag1' retrieved from /opt/airflow/dags/triggerDag1.py
[2024-02-21T12:14:59.781+0000] {logging_mixin.py:188} INFO - [2024-02-21T12:14:59.781+0000] {dag.py:3036} INFO - Sync 1 DAGs
[2024-02-21T12:14:59.793+0000] {logging_mixin.py:188} INFO - [2024-02-21T12:14:59.793+0000] {dag.py:3823} INFO - Setting next_dagrun for triggerdag1 to None, run_after=None
[2024-02-21T12:14:59.811+0000] {processor.py:183} INFO - Processing /opt/airflow/dags/triggerDag1.py took 0.074 seconds
[2024-02-21T12:15:05.257+0000] {processor.py:161} INFO - Started process (PID=668) to work on /opt/airflow/dags/triggerDag1.py
[2024-02-21T12:15:05.258+0000] {processor.py:830} INFO - Processing file /opt/airflow/dags/triggerDag1.py for tasks to queue
[2024-02-21T12:15:05.260+0000] {logging_mixin.py:188} INFO - [2024-02-21T12:15:05.259+0000] {dagbag.py:538} INFO - Filling up the DagBag from /opt/airflow/dags/triggerDag1.py
[2024-02-21T12:15:05.270+0000] {processor.py:840} INFO - DAG(s) 'triggerdag1' retrieved from /opt/airflow/dags/triggerDag1.py
[2024-02-21T12:15:05.300+0000] {logging_mixin.py:188} INFO - [2024-02-21T12:15:05.300+0000] {dag.py:3036} INFO - Sync 1 DAGs
[2024-02-21T12:15:05.312+0000] {logging_mixin.py:188} INFO - [2024-02-21T12:15:05.312+0000] {dag.py:3823} INFO - Setting next_dagrun for triggerdag1 to None, run_after=None
[2024-02-21T12:15:05.329+0000] {processor.py:183} INFO - Processing /opt/airflow/dags/triggerDag1.py took 0.075 seconds
[2024-02-21T12:15:10.695+0000] {processor.py:161} INFO - Started process (PID=676) to work on /opt/airflow/dags/triggerDag1.py
[2024-02-21T12:15:10.696+0000] {processor.py:830} INFO - Processing file /opt/airflow/dags/triggerDag1.py for tasks to queue
[2024-02-21T12:15:10.698+0000] {logging_mixin.py:188} INFO - [2024-02-21T12:15:10.698+0000] {dagbag.py:538} INFO - Filling up the DagBag from /opt/airflow/dags/triggerDag1.py
[2024-02-21T12:15:10.709+0000] {processor.py:840} INFO - DAG(s) 'triggerdag1' retrieved from /opt/airflow/dags/triggerDag1.py
[2024-02-21T12:15:10.740+0000] {logging_mixin.py:188} INFO - [2024-02-21T12:15:10.740+0000] {dag.py:3036} INFO - Sync 1 DAGs
[2024-02-21T12:15:10.752+0000] {logging_mixin.py:188} INFO - [2024-02-21T12:15:10.752+0000] {dag.py:3823} INFO - Setting next_dagrun for triggerdag1 to None, run_after=None
[2024-02-21T12:15:10.776+0000] {processor.py:183} INFO - Processing /opt/airflow/dags/triggerDag1.py took 0.084 seconds
[2024-02-21T12:15:16.188+0000] {processor.py:161} INFO - Started process (PID=692) to work on /opt/airflow/dags/triggerDag1.py
[2024-02-21T12:15:16.188+0000] {processor.py:830} INFO - Processing file /opt/airflow/dags/triggerDag1.py for tasks to queue
[2024-02-21T12:15:16.191+0000] {logging_mixin.py:188} INFO - [2024-02-21T12:15:16.190+0000] {dagbag.py:538} INFO - Filling up the DagBag from /opt/airflow/dags/triggerDag1.py
[2024-02-21T12:15:16.204+0000] {processor.py:840} INFO - DAG(s) 'triggerdag1' retrieved from /opt/airflow/dags/triggerDag1.py
[2024-02-21T12:15:16.228+0000] {logging_mixin.py:188} INFO - [2024-02-21T12:15:16.228+0000] {dag.py:3036} INFO - Sync 1 DAGs
[2024-02-21T12:15:16.239+0000] {logging_mixin.py:188} INFO - [2024-02-21T12:15:16.239+0000] {dag.py:3823} INFO - Setting next_dagrun for triggerdag1 to None, run_after=None
[2024-02-21T12:15:16.255+0000] {processor.py:183} INFO - Processing /opt/airflow/dags/triggerDag1.py took 0.070 seconds
[2024-02-21T12:15:21.670+0000] {processor.py:161} INFO - Started process (PID=700) to work on /opt/airflow/dags/triggerDag1.py
[2024-02-21T12:15:21.671+0000] {processor.py:830} INFO - Processing file /opt/airflow/dags/triggerDag1.py for tasks to queue
[2024-02-21T12:15:21.673+0000] {logging_mixin.py:188} INFO - [2024-02-21T12:15:21.673+0000] {dagbag.py:538} INFO - Filling up the DagBag from /opt/airflow/dags/triggerDag1.py
[2024-02-21T12:15:21.683+0000] {processor.py:840} INFO - DAG(s) 'triggerdag1' retrieved from /opt/airflow/dags/triggerDag1.py
[2024-02-21T12:15:21.708+0000] {logging_mixin.py:188} INFO - [2024-02-21T12:15:21.708+0000] {dag.py:3036} INFO - Sync 1 DAGs
[2024-02-21T12:15:21.719+0000] {logging_mixin.py:188} INFO - [2024-02-21T12:15:21.718+0000] {dag.py:3823} INFO - Setting next_dagrun for triggerdag1 to None, run_after=None
[2024-02-21T12:15:21.735+0000] {processor.py:183} INFO - Processing /opt/airflow/dags/triggerDag1.py took 0.068 seconds
[2024-02-21T12:15:27.082+0000] {processor.py:161} INFO - Started process (PID=716) to work on /opt/airflow/dags/triggerDag1.py
[2024-02-21T12:15:27.083+0000] {processor.py:830} INFO - Processing file /opt/airflow/dags/triggerDag1.py for tasks to queue
[2024-02-21T12:15:27.084+0000] {logging_mixin.py:188} INFO - [2024-02-21T12:15:27.084+0000] {dagbag.py:538} INFO - Filling up the DagBag from /opt/airflow/dags/triggerDag1.py
[2024-02-21T12:15:27.095+0000] {processor.py:840} INFO - DAG(s) 'triggerdag1' retrieved from /opt/airflow/dags/triggerDag1.py
[2024-02-21T12:15:27.120+0000] {logging_mixin.py:188} INFO - [2024-02-21T12:15:27.120+0000] {dag.py:3036} INFO - Sync 1 DAGs
[2024-02-21T12:15:27.130+0000] {logging_mixin.py:188} INFO - [2024-02-21T12:15:27.130+0000] {dag.py:3823} INFO - Setting next_dagrun for triggerdag1 to None, run_after=None
[2024-02-21T12:15:27.147+0000] {processor.py:183} INFO - Processing /opt/airflow/dags/triggerDag1.py took 0.069 seconds
[2024-02-21T12:15:32.569+0000] {processor.py:161} INFO - Started process (PID=724) to work on /opt/airflow/dags/triggerDag1.py
[2024-02-21T12:15:32.570+0000] {processor.py:830} INFO - Processing file /opt/airflow/dags/triggerDag1.py for tasks to queue
[2024-02-21T12:15:32.572+0000] {logging_mixin.py:188} INFO - [2024-02-21T12:15:32.571+0000] {dagbag.py:538} INFO - Filling up the DagBag from /opt/airflow/dags/triggerDag1.py
[2024-02-21T12:15:32.581+0000] {processor.py:840} INFO - DAG(s) 'triggerdag1' retrieved from /opt/airflow/dags/triggerDag1.py
[2024-02-21T12:15:32.606+0000] {logging_mixin.py:188} INFO - [2024-02-21T12:15:32.605+0000] {dag.py:3036} INFO - Sync 1 DAGs
[2024-02-21T12:15:32.617+0000] {logging_mixin.py:188} INFO - [2024-02-21T12:15:32.616+0000] {dag.py:3823} INFO - Setting next_dagrun for triggerdag1 to None, run_after=None
[2024-02-21T12:15:32.635+0000] {processor.py:183} INFO - Processing /opt/airflow/dags/triggerDag1.py took 0.069 seconds
[2024-02-21T12:15:37.959+0000] {processor.py:161} INFO - Started process (PID=739) to work on /opt/airflow/dags/triggerDag1.py
[2024-02-21T12:15:37.960+0000] {processor.py:830} INFO - Processing file /opt/airflow/dags/triggerDag1.py for tasks to queue
[2024-02-21T12:15:37.962+0000] {logging_mixin.py:188} INFO - [2024-02-21T12:15:37.962+0000] {dagbag.py:538} INFO - Filling up the DagBag from /opt/airflow/dags/triggerDag1.py
[2024-02-21T12:15:37.973+0000] {processor.py:840} INFO - DAG(s) 'triggerdag1' retrieved from /opt/airflow/dags/triggerDag1.py
[2024-02-21T12:15:38.001+0000] {logging_mixin.py:188} INFO - [2024-02-21T12:15:38.001+0000] {dag.py:3036} INFO - Sync 1 DAGs
[2024-02-21T12:15:38.014+0000] {logging_mixin.py:188} INFO - [2024-02-21T12:15:38.014+0000] {dag.py:3823} INFO - Setting next_dagrun for triggerdag1 to None, run_after=None
[2024-02-21T12:15:38.033+0000] {processor.py:183} INFO - Processing /opt/airflow/dags/triggerDag1.py took 0.078 seconds
[2024-02-21T12:15:43.458+0000] {processor.py:161} INFO - Started process (PID=748) to work on /opt/airflow/dags/triggerDag1.py
[2024-02-21T12:15:43.459+0000] {processor.py:830} INFO - Processing file /opt/airflow/dags/triggerDag1.py for tasks to queue
[2024-02-21T12:15:43.462+0000] {logging_mixin.py:188} INFO - [2024-02-21T12:15:43.462+0000] {dagbag.py:538} INFO - Filling up the DagBag from /opt/airflow/dags/triggerDag1.py
[2024-02-21T12:15:43.472+0000] {processor.py:840} INFO - DAG(s) 'triggerdag1' retrieved from /opt/airflow/dags/triggerDag1.py
[2024-02-21T12:15:43.498+0000] {logging_mixin.py:188} INFO - [2024-02-21T12:15:43.497+0000] {dag.py:3036} INFO - Sync 1 DAGs
[2024-02-21T12:15:43.511+0000] {logging_mixin.py:188} INFO - [2024-02-21T12:15:43.511+0000] {dag.py:3823} INFO - Setting next_dagrun for triggerdag1 to None, run_after=None
[2024-02-21T12:15:43.531+0000] {processor.py:183} INFO - Processing /opt/airflow/dags/triggerDag1.py took 0.076 seconds
[2024-02-21T12:15:48.867+0000] {processor.py:161} INFO - Started process (PID=756) to work on /opt/airflow/dags/triggerDag1.py
[2024-02-21T12:15:48.867+0000] {processor.py:830} INFO - Processing file /opt/airflow/dags/triggerDag1.py for tasks to queue
[2024-02-21T12:15:48.869+0000] {logging_mixin.py:188} INFO - [2024-02-21T12:15:48.869+0000] {dagbag.py:538} INFO - Filling up the DagBag from /opt/airflow/dags/triggerDag1.py
[2024-02-21T12:15:48.880+0000] {processor.py:840} INFO - DAG(s) 'triggerdag1' retrieved from /opt/airflow/dags/triggerDag1.py
[2024-02-21T12:15:48.904+0000] {logging_mixin.py:188} INFO - [2024-02-21T12:15:48.904+0000] {dag.py:3036} INFO - Sync 1 DAGs
[2024-02-21T12:15:48.915+0000] {logging_mixin.py:188} INFO - [2024-02-21T12:15:48.915+0000] {dag.py:3823} INFO - Setting next_dagrun for triggerdag1 to None, run_after=None
[2024-02-21T12:15:48.931+0000] {processor.py:183} INFO - Processing /opt/airflow/dags/triggerDag1.py took 0.068 seconds
[2024-02-21T12:15:54.261+0000] {processor.py:161} INFO - Started process (PID=772) to work on /opt/airflow/dags/triggerDag1.py
[2024-02-21T12:15:54.262+0000] {processor.py:830} INFO - Processing file /opt/airflow/dags/triggerDag1.py for tasks to queue
[2024-02-21T12:15:54.263+0000] {logging_mixin.py:188} INFO - [2024-02-21T12:15:54.263+0000] {dagbag.py:538} INFO - Filling up the DagBag from /opt/airflow/dags/triggerDag1.py
[2024-02-21T12:15:54.273+0000] {processor.py:840} INFO - DAG(s) 'triggerdag1' retrieved from /opt/airflow/dags/triggerDag1.py
[2024-02-21T12:15:54.297+0000] {logging_mixin.py:188} INFO - [2024-02-21T12:15:54.297+0000] {dag.py:3036} INFO - Sync 1 DAGs
[2024-02-21T12:15:54.309+0000] {logging_mixin.py:188} INFO - [2024-02-21T12:15:54.309+0000] {dag.py:3823} INFO - Setting next_dagrun for triggerdag1 to None, run_after=None
[2024-02-21T12:15:54.327+0000] {processor.py:183} INFO - Processing /opt/airflow/dags/triggerDag1.py took 0.070 seconds
[2024-02-21T12:15:59.751+0000] {processor.py:161} INFO - Started process (PID=780) to work on /opt/airflow/dags/triggerDag1.py
[2024-02-21T12:15:59.752+0000] {processor.py:830} INFO - Processing file /opt/airflow/dags/triggerDag1.py for tasks to queue
[2024-02-21T12:15:59.754+0000] {logging_mixin.py:188} INFO - [2024-02-21T12:15:59.754+0000] {dagbag.py:538} INFO - Filling up the DagBag from /opt/airflow/dags/triggerDag1.py
[2024-02-21T12:15:59.766+0000] {processor.py:840} INFO - DAG(s) 'triggerdag1' retrieved from /opt/airflow/dags/triggerDag1.py
[2024-02-21T12:15:59.793+0000] {logging_mixin.py:188} INFO - [2024-02-21T12:15:59.793+0000] {dag.py:3036} INFO - Sync 1 DAGs
[2024-02-21T12:15:59.806+0000] {logging_mixin.py:188} INFO - [2024-02-21T12:15:59.806+0000] {dag.py:3823} INFO - Setting next_dagrun for triggerdag1 to None, run_after=None
[2024-02-21T12:15:59.825+0000] {processor.py:183} INFO - Processing /opt/airflow/dags/triggerDag1.py took 0.077 seconds
[2024-02-21T12:16:05.238+0000] {processor.py:161} INFO - Started process (PID=796) to work on /opt/airflow/dags/triggerDag1.py
[2024-02-21T12:16:05.239+0000] {processor.py:830} INFO - Processing file /opt/airflow/dags/triggerDag1.py for tasks to queue
[2024-02-21T12:16:05.242+0000] {logging_mixin.py:188} INFO - [2024-02-21T12:16:05.241+0000] {dagbag.py:538} INFO - Filling up the DagBag from /opt/airflow/dags/triggerDag1.py
[2024-02-21T12:16:05.258+0000] {processor.py:840} INFO - DAG(s) 'triggerdag1' retrieved from /opt/airflow/dags/triggerDag1.py
[2024-02-21T12:16:05.290+0000] {logging_mixin.py:188} INFO - [2024-02-21T12:16:05.289+0000] {dag.py:3036} INFO - Sync 1 DAGs
[2024-02-21T12:16:05.305+0000] {logging_mixin.py:188} INFO - [2024-02-21T12:16:05.304+0000] {dag.py:3823} INFO - Setting next_dagrun for triggerdag1 to None, run_after=None
[2024-02-21T12:16:05.334+0000] {processor.py:183} INFO - Processing /opt/airflow/dags/triggerDag1.py took 0.100 seconds
[2024-02-21T12:16:10.768+0000] {processor.py:161} INFO - Started process (PID=804) to work on /opt/airflow/dags/triggerDag1.py
[2024-02-21T12:16:10.769+0000] {processor.py:830} INFO - Processing file /opt/airflow/dags/triggerDag1.py for tasks to queue
[2024-02-21T12:16:10.770+0000] {logging_mixin.py:188} INFO - [2024-02-21T12:16:10.770+0000] {dagbag.py:538} INFO - Filling up the DagBag from /opt/airflow/dags/triggerDag1.py
[2024-02-21T12:16:10.781+0000] {processor.py:840} INFO - DAG(s) 'triggerdag1' retrieved from /opt/airflow/dags/triggerDag1.py
[2024-02-21T12:16:10.813+0000] {logging_mixin.py:188} INFO - [2024-02-21T12:16:10.812+0000] {dag.py:3036} INFO - Sync 1 DAGs
[2024-02-21T12:16:10.827+0000] {logging_mixin.py:188} INFO - [2024-02-21T12:16:10.827+0000] {dag.py:3823} INFO - Setting next_dagrun for triggerdag1 to None, run_after=None
[2024-02-21T12:16:10.849+0000] {processor.py:183} INFO - Processing /opt/airflow/dags/triggerDag1.py took 0.084 seconds
[2024-02-21T12:16:16.293+0000] {processor.py:161} INFO - Started process (PID=820) to work on /opt/airflow/dags/triggerDag1.py
[2024-02-21T12:16:16.294+0000] {processor.py:830} INFO - Processing file /opt/airflow/dags/triggerDag1.py for tasks to queue
[2024-02-21T12:16:16.296+0000] {logging_mixin.py:188} INFO - [2024-02-21T12:16:16.296+0000] {dagbag.py:538} INFO - Filling up the DagBag from /opt/airflow/dags/triggerDag1.py
[2024-02-21T12:16:16.306+0000] {processor.py:840} INFO - DAG(s) 'triggerdag1' retrieved from /opt/airflow/dags/triggerDag1.py
[2024-02-21T12:16:16.333+0000] {logging_mixin.py:188} INFO - [2024-02-21T12:16:16.332+0000] {dag.py:3036} INFO - Sync 1 DAGs
[2024-02-21T12:16:16.344+0000] {logging_mixin.py:188} INFO - [2024-02-21T12:16:16.344+0000] {dag.py:3823} INFO - Setting next_dagrun for triggerdag1 to None, run_after=None
[2024-02-21T12:16:16.363+0000] {processor.py:183} INFO - Processing /opt/airflow/dags/triggerDag1.py took 0.073 seconds
[2024-02-21T12:16:21.722+0000] {processor.py:161} INFO - Started process (PID=828) to work on /opt/airflow/dags/triggerDag1.py
[2024-02-21T12:16:21.723+0000] {processor.py:830} INFO - Processing file /opt/airflow/dags/triggerDag1.py for tasks to queue
[2024-02-21T12:16:21.725+0000] {logging_mixin.py:188} INFO - [2024-02-21T12:16:21.724+0000] {dagbag.py:538} INFO - Filling up the DagBag from /opt/airflow/dags/triggerDag1.py
[2024-02-21T12:16:21.735+0000] {processor.py:840} INFO - DAG(s) 'triggerdag1' retrieved from /opt/airflow/dags/triggerDag1.py
[2024-02-21T12:16:21.763+0000] {logging_mixin.py:188} INFO - [2024-02-21T12:16:21.763+0000] {dag.py:3036} INFO - Sync 1 DAGs
[2024-02-21T12:16:21.775+0000] {logging_mixin.py:188} INFO - [2024-02-21T12:16:21.774+0000] {dag.py:3823} INFO - Setting next_dagrun for triggerdag1 to None, run_after=None
[2024-02-21T12:16:21.793+0000] {processor.py:183} INFO - Processing /opt/airflow/dags/triggerDag1.py took 0.074 seconds
[2024-02-21T12:16:27.190+0000] {processor.py:161} INFO - Started process (PID=836) to work on /opt/airflow/dags/triggerDag1.py
[2024-02-21T12:16:27.190+0000] {processor.py:830} INFO - Processing file /opt/airflow/dags/triggerDag1.py for tasks to queue
[2024-02-21T12:16:27.193+0000] {logging_mixin.py:188} INFO - [2024-02-21T12:16:27.192+0000] {dagbag.py:538} INFO - Filling up the DagBag from /opt/airflow/dags/triggerDag1.py
[2024-02-21T12:16:27.202+0000] {processor.py:840} INFO - DAG(s) 'triggerdag1' retrieved from /opt/airflow/dags/triggerDag1.py
[2024-02-21T12:16:27.226+0000] {logging_mixin.py:188} INFO - [2024-02-21T12:16:27.225+0000] {dag.py:3036} INFO - Sync 1 DAGs
[2024-02-21T12:16:27.236+0000] {logging_mixin.py:188} INFO - [2024-02-21T12:16:27.236+0000] {dag.py:3823} INFO - Setting next_dagrun for triggerdag1 to None, run_after=None
[2024-02-21T12:16:27.253+0000] {processor.py:183} INFO - Processing /opt/airflow/dags/triggerDag1.py took 0.066 seconds
[2024-02-21T12:16:32.664+0000] {processor.py:161} INFO - Started process (PID=852) to work on /opt/airflow/dags/triggerDag1.py
[2024-02-21T12:16:32.665+0000] {processor.py:830} INFO - Processing file /opt/airflow/dags/triggerDag1.py for tasks to queue
[2024-02-21T12:16:32.666+0000] {logging_mixin.py:188} INFO - [2024-02-21T12:16:32.666+0000] {dagbag.py:538} INFO - Filling up the DagBag from /opt/airflow/dags/triggerDag1.py
[2024-02-21T12:16:32.676+0000] {processor.py:840} INFO - DAG(s) 'triggerdag1' retrieved from /opt/airflow/dags/triggerDag1.py
[2024-02-21T12:16:32.701+0000] {logging_mixin.py:188} INFO - [2024-02-21T12:16:32.701+0000] {dag.py:3036} INFO - Sync 1 DAGs
[2024-02-21T12:16:32.713+0000] {logging_mixin.py:188} INFO - [2024-02-21T12:16:32.712+0000] {dag.py:3823} INFO - Setting next_dagrun for triggerdag1 to None, run_after=None
[2024-02-21T12:16:32.730+0000] {processor.py:183} INFO - Processing /opt/airflow/dags/triggerDag1.py took 0.069 seconds
[2024-02-21T12:16:38.142+0000] {processor.py:161} INFO - Started process (PID=860) to work on /opt/airflow/dags/triggerDag1.py
[2024-02-21T12:16:38.143+0000] {processor.py:830} INFO - Processing file /opt/airflow/dags/triggerDag1.py for tasks to queue
[2024-02-21T12:16:38.144+0000] {logging_mixin.py:188} INFO - [2024-02-21T12:16:38.144+0000] {dagbag.py:538} INFO - Filling up the DagBag from /opt/airflow/dags/triggerDag1.py
[2024-02-21T12:16:38.155+0000] {processor.py:840} INFO - DAG(s) 'triggerdag1' retrieved from /opt/airflow/dags/triggerDag1.py
[2024-02-21T12:16:38.180+0000] {logging_mixin.py:188} INFO - [2024-02-21T12:16:38.180+0000] {dag.py:3036} INFO - Sync 1 DAGs
[2024-02-21T12:16:38.190+0000] {logging_mixin.py:188} INFO - [2024-02-21T12:16:38.190+0000] {dag.py:3823} INFO - Setting next_dagrun for triggerdag1 to None, run_after=None
[2024-02-21T12:16:38.206+0000] {processor.py:183} INFO - Processing /opt/airflow/dags/triggerDag1.py took 0.068 seconds
[2024-02-21T12:16:43.607+0000] {processor.py:161} INFO - Started process (PID=876) to work on /opt/airflow/dags/triggerDag1.py
[2024-02-21T12:16:43.608+0000] {processor.py:830} INFO - Processing file /opt/airflow/dags/triggerDag1.py for tasks to queue
[2024-02-21T12:16:43.610+0000] {logging_mixin.py:188} INFO - [2024-02-21T12:16:43.610+0000] {dagbag.py:538} INFO - Filling up the DagBag from /opt/airflow/dags/triggerDag1.py
[2024-02-21T12:16:43.620+0000] {processor.py:840} INFO - DAG(s) 'triggerdag1' retrieved from /opt/airflow/dags/triggerDag1.py
[2024-02-21T12:16:43.645+0000] {logging_mixin.py:188} INFO - [2024-02-21T12:16:43.645+0000] {dag.py:3036} INFO - Sync 1 DAGs
[2024-02-21T12:16:43.656+0000] {logging_mixin.py:188} INFO - [2024-02-21T12:16:43.656+0000] {dag.py:3823} INFO - Setting next_dagrun for triggerdag1 to None, run_after=None
[2024-02-21T12:16:43.673+0000] {processor.py:183} INFO - Processing /opt/airflow/dags/triggerDag1.py took 0.068 seconds
[2024-02-21T12:16:49.089+0000] {processor.py:161} INFO - Started process (PID=884) to work on /opt/airflow/dags/triggerDag1.py
[2024-02-21T12:16:49.090+0000] {processor.py:830} INFO - Processing file /opt/airflow/dags/triggerDag1.py for tasks to queue
[2024-02-21T12:16:49.092+0000] {logging_mixin.py:188} INFO - [2024-02-21T12:16:49.092+0000] {dagbag.py:538} INFO - Filling up the DagBag from /opt/airflow/dags/triggerDag1.py
[2024-02-21T12:16:49.102+0000] {processor.py:840} INFO - DAG(s) 'triggerdag1' retrieved from /opt/airflow/dags/triggerDag1.py
[2024-02-21T12:16:49.127+0000] {logging_mixin.py:188} INFO - [2024-02-21T12:16:49.127+0000] {dag.py:3036} INFO - Sync 1 DAGs
[2024-02-21T12:16:49.138+0000] {logging_mixin.py:188} INFO - [2024-02-21T12:16:49.137+0000] {dag.py:3823} INFO - Setting next_dagrun for triggerdag1 to None, run_after=None
[2024-02-21T12:16:49.155+0000] {processor.py:183} INFO - Processing /opt/airflow/dags/triggerDag1.py took 0.068 seconds
[2024-02-21T12:16:54.596+0000] {processor.py:161} INFO - Started process (PID=900) to work on /opt/airflow/dags/triggerDag1.py
[2024-02-21T12:16:54.597+0000] {processor.py:830} INFO - Processing file /opt/airflow/dags/triggerDag1.py for tasks to queue
[2024-02-21T12:16:54.600+0000] {logging_mixin.py:188} INFO - [2024-02-21T12:16:54.599+0000] {dagbag.py:538} INFO - Filling up the DagBag from /opt/airflow/dags/triggerDag1.py
[2024-02-21T12:16:54.614+0000] {processor.py:840} INFO - DAG(s) 'triggerdag1' retrieved from /opt/airflow/dags/triggerDag1.py
[2024-02-21T12:16:54.642+0000] {logging_mixin.py:188} INFO - [2024-02-21T12:16:54.641+0000] {dag.py:3036} INFO - Sync 1 DAGs
[2024-02-21T12:16:54.654+0000] {logging_mixin.py:188} INFO - [2024-02-21T12:16:54.653+0000] {dag.py:3823} INFO - Setting next_dagrun for triggerdag1 to None, run_after=None
[2024-02-21T12:16:54.678+0000] {processor.py:183} INFO - Processing /opt/airflow/dags/triggerDag1.py took 0.086 seconds
[2024-02-21T12:17:00.043+0000] {processor.py:161} INFO - Started process (PID=908) to work on /opt/airflow/dags/triggerDag1.py
[2024-02-21T12:17:00.044+0000] {processor.py:830} INFO - Processing file /opt/airflow/dags/triggerDag1.py for tasks to queue
[2024-02-21T12:17:00.046+0000] {logging_mixin.py:188} INFO - [2024-02-21T12:17:00.046+0000] {dagbag.py:538} INFO - Filling up the DagBag from /opt/airflow/dags/triggerDag1.py
[2024-02-21T12:17:00.056+0000] {processor.py:840} INFO - DAG(s) 'triggerdag1' retrieved from /opt/airflow/dags/triggerDag1.py
[2024-02-21T12:17:00.081+0000] {logging_mixin.py:188} INFO - [2024-02-21T12:17:00.081+0000] {dag.py:3036} INFO - Sync 1 DAGs
[2024-02-21T12:17:00.093+0000] {logging_mixin.py:188} INFO - [2024-02-21T12:17:00.093+0000] {dag.py:3823} INFO - Setting next_dagrun for triggerdag1 to None, run_after=None
[2024-02-21T12:17:00.115+0000] {processor.py:183} INFO - Processing /opt/airflow/dags/triggerDag1.py took 0.074 seconds
[2024-02-21T12:17:05.476+0000] {processor.py:161} INFO - Started process (PID=924) to work on /opt/airflow/dags/triggerDag1.py
[2024-02-21T12:17:05.476+0000] {processor.py:830} INFO - Processing file /opt/airflow/dags/triggerDag1.py for tasks to queue
[2024-02-21T12:17:05.478+0000] {logging_mixin.py:188} INFO - [2024-02-21T12:17:05.478+0000] {dagbag.py:538} INFO - Filling up the DagBag from /opt/airflow/dags/triggerDag1.py
[2024-02-21T12:17:05.489+0000] {processor.py:840} INFO - DAG(s) 'triggerdag1' retrieved from /opt/airflow/dags/triggerDag1.py
[2024-02-21T12:17:05.520+0000] {logging_mixin.py:188} INFO - [2024-02-21T12:17:05.520+0000] {dag.py:3036} INFO - Sync 1 DAGs
[2024-02-21T12:17:05.534+0000] {logging_mixin.py:188} INFO - [2024-02-21T12:17:05.534+0000] {dag.py:3823} INFO - Setting next_dagrun for triggerdag1 to None, run_after=None
[2024-02-21T12:17:05.554+0000] {processor.py:183} INFO - Processing /opt/airflow/dags/triggerDag1.py took 0.082 seconds
[2024-02-21T12:17:10.971+0000] {processor.py:161} INFO - Started process (PID=932) to work on /opt/airflow/dags/triggerDag1.py
[2024-02-21T12:17:10.972+0000] {processor.py:830} INFO - Processing file /opt/airflow/dags/triggerDag1.py for tasks to queue
[2024-02-21T12:17:10.974+0000] {logging_mixin.py:188} INFO - [2024-02-21T12:17:10.973+0000] {dagbag.py:538} INFO - Filling up the DagBag from /opt/airflow/dags/triggerDag1.py
[2024-02-21T12:17:10.984+0000] {processor.py:840} INFO - DAG(s) 'triggerdag1' retrieved from /opt/airflow/dags/triggerDag1.py
[2024-02-21T12:17:11.010+0000] {logging_mixin.py:188} INFO - [2024-02-21T12:17:11.010+0000] {dag.py:3036} INFO - Sync 1 DAGs
[2024-02-21T12:17:11.022+0000] {logging_mixin.py:188} INFO - [2024-02-21T12:17:11.022+0000] {dag.py:3823} INFO - Setting next_dagrun for triggerdag1 to None, run_after=None
[2024-02-21T12:17:11.040+0000] {processor.py:183} INFO - Processing /opt/airflow/dags/triggerDag1.py took 0.073 seconds
[2024-02-21T12:17:16.443+0000] {processor.py:161} INFO - Started process (PID=940) to work on /opt/airflow/dags/triggerDag1.py
[2024-02-21T12:17:16.444+0000] {processor.py:830} INFO - Processing file /opt/airflow/dags/triggerDag1.py for tasks to queue
[2024-02-21T12:17:16.446+0000] {logging_mixin.py:188} INFO - [2024-02-21T12:17:16.445+0000] {dagbag.py:538} INFO - Filling up the DagBag from /opt/airflow/dags/triggerDag1.py
[2024-02-21T12:17:16.455+0000] {processor.py:840} INFO - DAG(s) 'triggerdag1' retrieved from /opt/airflow/dags/triggerDag1.py
[2024-02-21T12:17:16.480+0000] {logging_mixin.py:188} INFO - [2024-02-21T12:17:16.479+0000] {dag.py:3036} INFO - Sync 1 DAGs
[2024-02-21T12:17:16.491+0000] {logging_mixin.py:188} INFO - [2024-02-21T12:17:16.491+0000] {dag.py:3823} INFO - Setting next_dagrun for triggerdag1 to None, run_after=None
[2024-02-21T12:17:16.508+0000] {processor.py:183} INFO - Processing /opt/airflow/dags/triggerDag1.py took 0.067 seconds
[2024-02-21T12:17:21.910+0000] {processor.py:161} INFO - Started process (PID=956) to work on /opt/airflow/dags/triggerDag1.py
[2024-02-21T12:17:21.911+0000] {processor.py:830} INFO - Processing file /opt/airflow/dags/triggerDag1.py for tasks to queue
[2024-02-21T12:17:21.912+0000] {logging_mixin.py:188} INFO - [2024-02-21T12:17:21.912+0000] {dagbag.py:538} INFO - Filling up the DagBag from /opt/airflow/dags/triggerDag1.py
[2024-02-21T12:17:21.922+0000] {processor.py:840} INFO - DAG(s) 'triggerdag1' retrieved from /opt/airflow/dags/triggerDag1.py
[2024-02-21T12:17:21.946+0000] {logging_mixin.py:188} INFO - [2024-02-21T12:17:21.946+0000] {dag.py:3036} INFO - Sync 1 DAGs
[2024-02-21T12:17:21.958+0000] {logging_mixin.py:188} INFO - [2024-02-21T12:17:21.957+0000] {dag.py:3823} INFO - Setting next_dagrun for triggerdag1 to None, run_after=None
[2024-02-21T12:17:21.974+0000] {processor.py:183} INFO - Processing /opt/airflow/dags/triggerDag1.py took 0.067 seconds
[2024-02-21T12:17:27.387+0000] {processor.py:161} INFO - Started process (PID=964) to work on /opt/airflow/dags/triggerDag1.py
[2024-02-21T12:17:27.388+0000] {processor.py:830} INFO - Processing file /opt/airflow/dags/triggerDag1.py for tasks to queue
[2024-02-21T12:17:27.390+0000] {logging_mixin.py:188} INFO - [2024-02-21T12:17:27.389+0000] {dagbag.py:538} INFO - Filling up the DagBag from /opt/airflow/dags/triggerDag1.py
[2024-02-21T12:17:27.400+0000] {processor.py:840} INFO - DAG(s) 'triggerdag1' retrieved from /opt/airflow/dags/triggerDag1.py
[2024-02-21T12:17:27.426+0000] {logging_mixin.py:188} INFO - [2024-02-21T12:17:27.426+0000] {dag.py:3036} INFO - Sync 1 DAGs
[2024-02-21T12:17:27.437+0000] {logging_mixin.py:188} INFO - [2024-02-21T12:17:27.437+0000] {dag.py:3823} INFO - Setting next_dagrun for triggerdag1 to None, run_after=None
[2024-02-21T12:17:27.453+0000] {processor.py:183} INFO - Processing /opt/airflow/dags/triggerDag1.py took 0.069 seconds
[2024-02-21T12:17:32.850+0000] {processor.py:161} INFO - Started process (PID=980) to work on /opt/airflow/dags/triggerDag1.py
[2024-02-21T12:17:32.851+0000] {processor.py:830} INFO - Processing file /opt/airflow/dags/triggerDag1.py for tasks to queue
[2024-02-21T12:17:32.853+0000] {logging_mixin.py:188} INFO - [2024-02-21T12:17:32.853+0000] {dagbag.py:538} INFO - Filling up the DagBag from /opt/airflow/dags/triggerDag1.py
[2024-02-21T12:17:32.862+0000] {processor.py:840} INFO - DAG(s) 'triggerdag1' retrieved from /opt/airflow/dags/triggerDag1.py
[2024-02-21T12:17:32.886+0000] {logging_mixin.py:188} INFO - [2024-02-21T12:17:32.886+0000] {dag.py:3036} INFO - Sync 1 DAGs
[2024-02-21T12:17:32.898+0000] {logging_mixin.py:188} INFO - [2024-02-21T12:17:32.898+0000] {dag.py:3823} INFO - Setting next_dagrun for triggerdag1 to None, run_after=None
[2024-02-21T12:17:32.914+0000] {processor.py:183} INFO - Processing /opt/airflow/dags/triggerDag1.py took 0.066 seconds
[2024-02-21T12:17:38.233+0000] {processor.py:161} INFO - Started process (PID=988) to work on /opt/airflow/dags/triggerDag1.py
[2024-02-21T12:17:38.234+0000] {processor.py:830} INFO - Processing file /opt/airflow/dags/triggerDag1.py for tasks to queue
[2024-02-21T12:17:38.236+0000] {logging_mixin.py:188} INFO - [2024-02-21T12:17:38.235+0000] {dagbag.py:538} INFO - Filling up the DagBag from /opt/airflow/dags/triggerDag1.py
[2024-02-21T12:17:38.245+0000] {processor.py:840} INFO - DAG(s) 'triggerdag1' retrieved from /opt/airflow/dags/triggerDag1.py
[2024-02-21T12:17:38.270+0000] {logging_mixin.py:188} INFO - [2024-02-21T12:17:38.269+0000] {dag.py:3036} INFO - Sync 1 DAGs
[2024-02-21T12:17:38.280+0000] {logging_mixin.py:188} INFO - [2024-02-21T12:17:38.279+0000] {dag.py:3823} INFO - Setting next_dagrun for triggerdag1 to None, run_after=None
[2024-02-21T12:17:38.294+0000] {processor.py:183} INFO - Processing /opt/airflow/dags/triggerDag1.py took 0.064 seconds
[2024-02-21T12:17:43.719+0000] {processor.py:161} INFO - Started process (PID=1004) to work on /opt/airflow/dags/triggerDag1.py
[2024-02-21T12:17:43.720+0000] {processor.py:830} INFO - Processing file /opt/airflow/dags/triggerDag1.py for tasks to queue
[2024-02-21T12:17:43.722+0000] {logging_mixin.py:188} INFO - [2024-02-21T12:17:43.722+0000] {dagbag.py:538} INFO - Filling up the DagBag from /opt/airflow/dags/triggerDag1.py
[2024-02-21T12:17:43.733+0000] {processor.py:840} INFO - DAG(s) 'triggerdag1' retrieved from /opt/airflow/dags/triggerDag1.py
[2024-02-21T12:17:43.760+0000] {logging_mixin.py:188} INFO - [2024-02-21T12:17:43.759+0000] {dag.py:3036} INFO - Sync 1 DAGs
[2024-02-21T12:17:43.772+0000] {logging_mixin.py:188} INFO - [2024-02-21T12:17:43.772+0000] {dag.py:3823} INFO - Setting next_dagrun for triggerdag1 to None, run_after=None
[2024-02-21T12:17:43.792+0000] {processor.py:183} INFO - Processing /opt/airflow/dags/triggerDag1.py took 0.076 seconds
[2024-02-21T12:17:49.139+0000] {processor.py:161} INFO - Started process (PID=1012) to work on /opt/airflow/dags/triggerDag1.py
[2024-02-21T12:17:49.140+0000] {processor.py:830} INFO - Processing file /opt/airflow/dags/triggerDag1.py for tasks to queue
[2024-02-21T12:17:49.141+0000] {logging_mixin.py:188} INFO - [2024-02-21T12:17:49.141+0000] {dagbag.py:538} INFO - Filling up the DagBag from /opt/airflow/dags/triggerDag1.py
[2024-02-21T12:17:49.152+0000] {processor.py:840} INFO - DAG(s) 'triggerdag1' retrieved from /opt/airflow/dags/triggerDag1.py
[2024-02-21T12:17:49.178+0000] {logging_mixin.py:188} INFO - [2024-02-21T12:17:49.178+0000] {dag.py:3036} INFO - Sync 1 DAGs
[2024-02-21T12:17:49.190+0000] {logging_mixin.py:188} INFO - [2024-02-21T12:17:49.190+0000] {dag.py:3823} INFO - Setting next_dagrun for triggerdag1 to None, run_after=None
[2024-02-21T12:17:49.207+0000] {processor.py:183} INFO - Processing /opt/airflow/dags/triggerDag1.py took 0.072 seconds
